Clock: sclk
Sources: sclk 
Generated: no
Virtual: yes
Propagated: no
Period: 10.000000

===========================================================================
report_clock_properties
============================================================================
Clock                   Period          Waveform
----------------------------------------------------
sclk                 10.000000    0.000000  5.000000

===========================================================================
report_clock_latency
============================================================================
Clock sclk
rise -> rise
    min     max
0.000000 0.000000 source latency
0.084775         network latency _245_/CLK
        0.085053 network latency _243_/CLK
---------------
0.084775 0.085053 latency
        0.000278 skew

fall -> fall
    min     max
0.000000 0.000000 source latency
0.090770         network latency _245_/CLK
        0.091018 network latency _243_/CLK
---------------
0.090770 0.091018 latency
        0.000249 skew



===========================================================================
report_clock_min_period
============================================================================
sclk period_min = 0.30 fmax = 3367.93
Clock: freq_in
Sources: freq_in 
Generated: no
Virtual: yes
Propagated: no
Period: 0.333000

===========================================================================
report_clock_properties
============================================================================
Clock                   Period          Waveform
----------------------------------------------------
freq_in               0.333000    0.000000  0.166500

===========================================================================
report_clock_latency
============================================================================
Clock freq_in
rise -> rise
    min     max
0.000000 0.000000 source latency
0.000235         network latency _267_/CLK
        0.112820 network latency _268_/CLK
---------------
0.000235 0.112820 latency
        0.112585 skew

rise -> fall
    min     max
0.000000 0.000000 source latency
0.110507         network latency _268_/CLK
        0.110507 network latency _268_/CLK
---------------
0.110507 0.110507 latency
        0.000000 skew

fall -> fall
    min     max
0.000000 0.000000 source latency
0.000212         network latency _267_/CLK
        0.000212 network latency _267_/CLK
---------------
0.000212 0.000212 latency
        0.000000 skew



===========================================================================
report_clock_min_period
============================================================================
freq_in period_min = 0.21 fmax = 4829.82
