
===========================================================================
report_checks -path_delay max (Setup)
============================================================================
======================= nom_fast_1p32V_m40C Corner ===================================

Startpoint: _267_ (rising edge-triggered flip-flop clocked by freq_in)
Endpoint: _267_ (rising edge-triggered flip-flop clocked by freq_in)
Path Group: freq_in
Path Type: max

Fanout         Cap        Slew       Delay        Time   Description
---------------------------------------------------------------------------------------------
                                  0.000000    0.000000   clock freq_in (rise edge)
                                  0.000000    0.000000   clock source latency
     1    0.005693    0.000000    0.000000    0.000000 ^ freq_in (in)
                                                         freq_in (net)
                      0.000469    0.000235    0.000235 ^ _267_/CLK (sg13g2_dfrbpq_1)
     2    0.007559    0.022123    0.109851    0.110085 v _267_/Q (sg13g2_dfrbpq_1)
                                                         uut.div4.dff1.q (net)
                      0.022151    0.000481    0.110567 v _214_/A (sg13g2_inv_1)
     1    0.003053    0.015152    0.019560    0.130127 ^ _214_/Y (sg13g2_inv_1)
                                                         uut.div4.dff1.d (net)
                      0.015152    0.000171    0.130298 ^ _267_/D (sg13g2_dfrbpq_1)
                                              0.130298   data arrival time

                                  0.333000    0.333000   clock freq_in (rise edge)
                                  0.000000    0.333000   clock source latency
     1    0.005693    0.000000    0.000000    0.333000 ^ freq_in (in)
                                                         freq_in (net)
                      0.000469    0.000235    0.333235 ^ _267_/CLK (sg13g2_dfrbpq_1)
                                  0.000000    0.333235   clock reconvergence pessimism
                                 -0.076984    0.256251   library setup time
                                              0.256251   data required time
---------------------------------------------------------------------------------------------
                                              0.256251   data required time
                                             -0.130298   data arrival time
---------------------------------------------------------------------------------------------
                                              0.125953   slack (MET)


Startpoint: _243_ (rising edge-triggered flip-flop clocked by sclk)
Endpoint: _243_ (rising edge-triggered flip-flop clocked by sclk)
Path Group: sclk
Path Type: max

Fanout         Cap        Slew       Delay        Time   Description
---------------------------------------------------------------------------------------------
                                  0.000000    0.000000   clock sclk (rise edge)
                                  0.000000    0.000000   clock source latency
     1    0.020594    0.000000    0.000000    0.000000 ^ sclk (in)
                                                         sclk (net)
                      0.002496    0.001248    0.001248 ^ clkbuf_0_sclk/A (sg13g2_buf_16)
     2    0.040772    0.015564    0.040004    0.041252 ^ clkbuf_0_sclk/X (sg13g2_buf_16)
                                                         clknet_0_sclk (net)
                      0.015584    0.000976    0.042228 ^ clkbuf_1_0__f_sclk/A (sg13g2_buf_16)
     5    0.019358    0.013046    0.042301    0.084529 ^ clkbuf_1_0__f_sclk/X (sg13g2_buf_16)
                                                         clknet_1_0__leaf_sclk (net)
                      0.013051    0.000524    0.085053 ^ _243_/CLK (sg13g2_dfrbpq_1)
     4    0.024620    0.067914    0.147538    0.232591 ^ _243_/Q (sg13g2_dfrbpq_1)
                                                         data_word[1] (net)
                      0.067925    0.000879    0.233470 ^ _124_/A0 (sg13g2_mux2_1)
     1    0.002438    0.021581    0.071184    0.304654 ^ _124_/X (sg13g2_mux2_1)
                                                         _037_ (net)
                      0.021581    0.000170    0.304824 ^ _243_/D (sg13g2_dfrbpq_1)
                                              0.304824   data arrival time

                                 10.000000   10.000000   clock sclk (rise edge)
                                  0.000000   10.000000   clock source latency
     1    0.020594    0.000000    0.000000   10.000000 ^ sclk (in)
                                                         sclk (net)
                      0.002496    0.001248   10.001248 ^ clkbuf_0_sclk/A (sg13g2_buf_16)
     2    0.040772    0.015564    0.040004   10.041252 ^ clkbuf_0_sclk/X (sg13g2_buf_16)
                                                         clknet_0_sclk (net)
                      0.015584    0.000976   10.042228 ^ clkbuf_1_0__f_sclk/A (sg13g2_buf_16)
     5    0.019358    0.013046    0.042301   10.084529 ^ clkbuf_1_0__f_sclk/X (sg13g2_buf_16)
                                                         clknet_1_0__leaf_sclk (net)
                      0.013051    0.000524   10.085053 ^ _243_/CLK (sg13g2_dfrbpq_1)
                                  0.000000   10.085053   clock reconvergence pessimism
                                 -0.077147   10.007906   library setup time
                                             10.007906   data required time
---------------------------------------------------------------------------------------------
                                             10.007906   data required time
                                             -0.304824   data arrival time
---------------------------------------------------------------------------------------------
                                              9.703082   slack (MET)


Startpoint: _243_ (rising edge-triggered flip-flop clocked by sclk)
Endpoint: _244_ (rising edge-triggered flip-flop clocked by sclk)
Path Group: sclk
Path Type: max

Fanout         Cap        Slew       Delay        Time   Description
---------------------------------------------------------------------------------------------
                                  0.000000    0.000000   clock sclk (rise edge)
                                  0.000000    0.000000   clock source latency
     1    0.020594    0.000000    0.000000    0.000000 ^ sclk (in)
                                                         sclk (net)
                      0.002496    0.001248    0.001248 ^ clkbuf_0_sclk/A (sg13g2_buf_16)
     2    0.040772    0.015564    0.040004    0.041252 ^ clkbuf_0_sclk/X (sg13g2_buf_16)
                                                         clknet_0_sclk (net)
                      0.015584    0.000976    0.042228 ^ clkbuf_1_0__f_sclk/A (sg13g2_buf_16)
     5    0.019358    0.013046    0.042301    0.084529 ^ clkbuf_1_0__f_sclk/X (sg13g2_buf_16)
                                                         clknet_1_0__leaf_sclk (net)
                      0.013051    0.000524    0.085053 ^ _243_/CLK (sg13g2_dfrbpq_1)
     4    0.024620    0.067914    0.147538    0.232591 ^ _243_/Q (sg13g2_dfrbpq_1)
                                                         data_word[1] (net)
                      0.067926    0.000904    0.233495 ^ _123_/A1 (sg13g2_mux2_1)
     1    0.001993    0.021119    0.070545    0.304039 ^ _123_/X (sg13g2_mux2_1)
                                                         _038_ (net)
                      0.021119    0.000074    0.304113 ^ _244_/D (sg13g2_dfrbpq_1)
                                              0.304113   data arrival time

                                 10.000000   10.000000   clock sclk (rise edge)
                                  0.000000   10.000000   clock source latency
     1    0.020594    0.000000    0.000000   10.000000 ^ sclk (in)
                                                         sclk (net)
                      0.002496    0.001248   10.001248 ^ clkbuf_0_sclk/A (sg13g2_buf_16)
     2    0.040772    0.015564    0.040004   10.041252 ^ clkbuf_0_sclk/X (sg13g2_buf_16)
                                                         clknet_0_sclk (net)
                      0.015584    0.000976   10.042228 ^ clkbuf_1_0__f_sclk/A (sg13g2_buf_16)
     5    0.019358    0.013046    0.042301   10.084529 ^ clkbuf_1_0__f_sclk/X (sg13g2_buf_16)
                                                         clknet_1_0__leaf_sclk (net)
                      0.013048    0.000337   10.084866 ^ _244_/CLK (sg13g2_dfrbpq_1)
                                  0.000000   10.084866   clock reconvergence pessimism
                                 -0.077035   10.007832   library setup time
                                             10.007832   data required time
---------------------------------------------------------------------------------------------
                                             10.007832   data required time
                                             -0.304113   data arrival time
---------------------------------------------------------------------------------------------
                                              9.703718   slack (MET)


Startpoint: _244_ (rising edge-triggered flip-flop clocked by sclk)
Endpoint: _245_ (rising edge-triggered flip-flop clocked by sclk)
Path Group: sclk
Path Type: max

Fanout         Cap        Slew       Delay        Time   Description
---------------------------------------------------------------------------------------------
                                  0.000000    0.000000   clock sclk (rise edge)
                                  0.000000    0.000000   clock source latency
     1    0.020594    0.000000    0.000000    0.000000 ^ sclk (in)
                                                         sclk (net)
                      0.002496    0.001248    0.001248 ^ clkbuf_0_sclk/A (sg13g2_buf_16)
     2    0.040772    0.015564    0.040004    0.041252 ^ clkbuf_0_sclk/X (sg13g2_buf_16)
                                                         clknet_0_sclk (net)
                      0.015584    0.000976    0.042228 ^ clkbuf_1_0__f_sclk/A (sg13g2_buf_16)
     5    0.019358    0.013046    0.042301    0.084529 ^ clkbuf_1_0__f_sclk/X (sg13g2_buf_16)
                                                         clknet_1_0__leaf_sclk (net)
                      0.013048    0.000337    0.084866 ^ _244_/CLK (sg13g2_dfrbpq_1)
     4    0.022565    0.063367    0.143781    0.228647 ^ _244_/Q (sg13g2_dfrbpq_1)
                                                         data_word[2] (net)
                      0.063388    0.001087    0.229733 ^ _122_/A1 (sg13g2_mux2_1)
     1    0.001884    0.020675    0.068805    0.298539 ^ _122_/X (sg13g2_mux2_1)
                                                         _039_ (net)
                      0.020675    0.000071    0.298609 ^ _245_/D (sg13g2_dfrbpq_1)
                                              0.298609   data arrival time

                                 10.000000   10.000000   clock sclk (rise edge)
                                  0.000000   10.000000   clock source latency
     1    0.020594    0.000000    0.000000   10.000000 ^ sclk (in)
                                                         sclk (net)
                      0.002496    0.001248   10.001248 ^ clkbuf_0_sclk/A (sg13g2_buf_16)
     2    0.040772    0.015564    0.040004   10.041252 ^ clkbuf_0_sclk/X (sg13g2_buf_16)
                                                         clknet_0_sclk (net)
                      0.015584    0.000976   10.042228 ^ clkbuf_1_0__f_sclk/A (sg13g2_buf_16)
     5    0.019358    0.013046    0.042301   10.084529 ^ clkbuf_1_0__f_sclk/X (sg13g2_buf_16)
                                                         clknet_1_0__leaf_sclk (net)
                      0.013047    0.000246   10.084775 ^ _245_/CLK (sg13g2_dfrbpq_1)
                                  0.000000   10.084775   clock reconvergence pessimism
                                 -0.076926   10.007849   library setup time
                                             10.007849   data required time
---------------------------------------------------------------------------------------------
                                             10.007849   data required time
                                             -0.298609   data arrival time
---------------------------------------------------------------------------------------------
                                              9.709240   slack (MET)


Startpoint: _245_ (rising edge-triggered flip-flop clocked by sclk)
Endpoint: _246_ (rising edge-triggered flip-flop clocked by sclk)
Path Group: sclk
Path Type: max

Fanout         Cap        Slew       Delay        Time   Description
---------------------------------------------------------------------------------------------
                                  0.000000    0.000000   clock sclk (rise edge)
                                  0.000000    0.000000   clock source latency
     1    0.020594    0.000000    0.000000    0.000000 ^ sclk (in)
                                                         sclk (net)
                      0.002496    0.001248    0.001248 ^ clkbuf_0_sclk/A (sg13g2_buf_16)
     2    0.040772    0.015564    0.040004    0.041252 ^ clkbuf_0_sclk/X (sg13g2_buf_16)
                                                         clknet_0_sclk (net)
                      0.015584    0.000976    0.042228 ^ clkbuf_1_0__f_sclk/A (sg13g2_buf_16)
     5    0.019358    0.013046    0.042301    0.084529 ^ clkbuf_1_0__f_sclk/X (sg13g2_buf_16)
                                                         clknet_1_0__leaf_sclk (net)
                      0.013047    0.000246    0.084775 ^ _245_/CLK (sg13g2_dfrbpq_1)
     4    0.021198    0.060103    0.141089    0.225863 ^ _245_/Q (sg13g2_dfrbpq_1)
                                                         data_word[3] (net)
                      0.060132    0.001221    0.227084 ^ _121_/A1 (sg13g2_mux2_1)
     1    0.001869    0.020492    0.067698    0.294782 ^ _121_/X (sg13g2_mux2_1)
                                                         _040_ (net)
                      0.020492    0.000071    0.294853 ^ _246_/D (sg13g2_dfrbpq_1)
                                              0.294853   data arrival time

                                 10.000000   10.000000   clock sclk (rise edge)
                                  0.000000   10.000000   clock source latency
     1    0.020594    0.000000    0.000000   10.000000 ^ sclk (in)
                                                         sclk (net)
                      0.002496    0.001248   10.001248 ^ clkbuf_0_sclk/A (sg13g2_buf_16)
     2    0.040772    0.015564    0.040004   10.041252 ^ clkbuf_0_sclk/X (sg13g2_buf_16)
                                                         clknet_0_sclk (net)
                      0.015584    0.000976   10.042228 ^ clkbuf_1_0__f_sclk/A (sg13g2_buf_16)
     5    0.019358    0.013046    0.042301   10.084529 ^ clkbuf_1_0__f_sclk/X (sg13g2_buf_16)
                                                         clknet_1_0__leaf_sclk (net)
                      0.013047    0.000256   10.084785 ^ _246_/CLK (sg13g2_dfrbpq_1)
                                  0.000000   10.084785   clock reconvergence pessimism
                                 -0.076882   10.007903   library setup time
                                             10.007903   data required time
---------------------------------------------------------------------------------------------
                                             10.007903   data required time
                                             -0.294853   data arrival time
---------------------------------------------------------------------------------------------
                                              9.713051   slack (MET)


Startpoint: _248_ (rising edge-triggered flip-flop clocked by sclk)
Endpoint: _249_ (rising edge-triggered flip-flop clocked by sclk)
Path Group: sclk
Path Type: max

Fanout         Cap        Slew       Delay        Time   Description
---------------------------------------------------------------------------------------------
                                  0.000000    0.000000   clock sclk (rise edge)
                                  0.000000    0.000000   clock source latency
     1    0.020594    0.000000    0.000000    0.000000 ^ sclk (in)
                                                         sclk (net)
                      0.002496    0.001248    0.001248 ^ clkbuf_0_sclk/A (sg13g2_buf_16)
     2    0.040772    0.015564    0.040004    0.041252 ^ clkbuf_0_sclk/X (sg13g2_buf_16)
                                                         clknet_0_sclk (net)
                      0.015583    0.000951    0.042203 ^ clkbuf_1_1__f_sclk/A (sg13g2_buf_16)
     5    0.018288    0.012883    0.042145    0.084348 ^ clkbuf_1_1__f_sclk/X (sg13g2_buf_16)
                                                         clknet_1_1__leaf_sclk (net)
                      0.012887    0.000464    0.084812 ^ _248_/CLK (sg13g2_dfrbpq_1)
     4    0.019785    0.056595    0.138420    0.223232 ^ _248_/Q (sg13g2_dfrbpq_1)
                                                         data_word[6] (net)
                      0.056619    0.001074    0.224306 ^ _118_/A1 (sg13g2_mux2_1)
     1    0.002344    0.021353    0.067584    0.291889 ^ _118_/X (sg13g2_mux2_1)
                                                         _043_ (net)
                      0.021353    0.000083    0.291972 ^ _249_/D (sg13g2_dfrbpq_1)
                                              0.291972   data arrival time

                                 10.000000   10.000000   clock sclk (rise edge)
                                  0.000000   10.000000   clock source latency
     1    0.020594    0.000000    0.000000   10.000000 ^ sclk (in)
                                                         sclk (net)
                      0.002496    0.001248   10.001248 ^ clkbuf_0_sclk/A (sg13g2_buf_16)
     2    0.040772    0.015564    0.040004   10.041252 ^ clkbuf_0_sclk/X (sg13g2_buf_16)
                                                         clknet_0_sclk (net)
                      0.015583    0.000952   10.042204 ^ clkbuf_1_1__f_sclk/A (sg13g2_buf_16)
     5    0.018288    0.012883    0.042144   10.084348 ^ clkbuf_1_1__f_sclk/X (sg13g2_buf_16)
                                                         clknet_1_1__leaf_sclk (net)
                      0.012888    0.000493   10.084841 ^ _249_/CLK (sg13g2_dfrbpq_1)
                                  0.000000   10.084841   clock reconvergence pessimism
                                 -0.077109   10.007731   library setup time
                                             10.007731   data required time
---------------------------------------------------------------------------------------------
                                             10.007731   data required time
                                             -0.291972   data arrival time
---------------------------------------------------------------------------------------------
                                              9.715760   slack (MET)


Startpoint: _242_ (rising edge-triggered flip-flop clocked by sclk)
Endpoint: _242_ (rising edge-triggered flip-flop clocked by sclk)
Path Group: sclk
Path Type: max

Fanout         Cap        Slew       Delay        Time   Description
---------------------------------------------------------------------------------------------
                                  0.000000    0.000000   clock sclk (rise edge)
                                  0.000000    0.000000   clock source latency
     1    0.020594    0.000000    0.000000    0.000000 ^ sclk (in)
                                                         sclk (net)
                      0.002496    0.001248    0.001248 ^ clkbuf_0_sclk/A (sg13g2_buf_16)
     2    0.040772    0.015564    0.040004    0.041252 ^ clkbuf_0_sclk/X (sg13g2_buf_16)
                                                         clknet_0_sclk (net)
                      0.015584    0.000976    0.042228 ^ clkbuf_1_0__f_sclk/A (sg13g2_buf_16)
     5    0.019358    0.013046    0.042301    0.084529 ^ clkbuf_1_0__f_sclk/X (sg13g2_buf_16)
                                                         clknet_1_0__leaf_sclk (net)
                      0.013048    0.000354    0.084883 ^ _242_/CLK (sg13g2_dfrbpq_1)
     4    0.019969    0.057199    0.139146    0.224028 ^ _242_/Q (sg13g2_dfrbpq_1)
                                                         data_word[0] (net)
                      0.057204    0.000574    0.224602 ^ _125_/A0 (sg13g2_mux2_1)
     1    0.002058    0.020241    0.066822    0.291425 ^ _125_/X (sg13g2_mux2_1)
                                                         _036_ (net)
                      0.020242    0.000078    0.291503 ^ _242_/D (sg13g2_dfrbpq_1)
                                              0.291503   data arrival time

                                 10.000000   10.000000   clock sclk (rise edge)
                                  0.000000   10.000000   clock source latency
     1    0.020594    0.000000    0.000000   10.000000 ^ sclk (in)
                                                         sclk (net)
                      0.002496    0.001248   10.001248 ^ clkbuf_0_sclk/A (sg13g2_buf_16)
     2    0.040772    0.015564    0.040004   10.041252 ^ clkbuf_0_sclk/X (sg13g2_buf_16)
                                                         clknet_0_sclk (net)
                      0.015584    0.000976   10.042228 ^ clkbuf_1_0__f_sclk/A (sg13g2_buf_16)
     5    0.019358    0.013046    0.042301   10.084529 ^ clkbuf_1_0__f_sclk/X (sg13g2_buf_16)
                                                         clknet_1_0__leaf_sclk (net)
                      0.013048    0.000354   10.084884 ^ _242_/CLK (sg13g2_dfrbpq_1)
                                  0.000000   10.084884   clock reconvergence pessimism
                                 -0.076821   10.008063   library setup time
                                             10.008063   data required time
---------------------------------------------------------------------------------------------
                                             10.008063   data required time
                                             -0.291503   data arrival time
---------------------------------------------------------------------------------------------
                                              9.716560   slack (MET)


Startpoint: _248_ (rising edge-triggered flip-flop clocked by sclk)
Endpoint: _248_ (rising edge-triggered flip-flop clocked by sclk)
Path Group: sclk
Path Type: max

Fanout         Cap        Slew       Delay        Time   Description
---------------------------------------------------------------------------------------------
                                  0.000000    0.000000   clock sclk (rise edge)
                                  0.000000    0.000000   clock source latency
     1    0.020594    0.000000    0.000000    0.000000 ^ sclk (in)
                                                         sclk (net)
                      0.002496    0.001248    0.001248 ^ clkbuf_0_sclk/A (sg13g2_buf_16)
     2    0.040772    0.015564    0.040004    0.041252 ^ clkbuf_0_sclk/X (sg13g2_buf_16)
                                                         clknet_0_sclk (net)
                      0.015583    0.000951    0.042203 ^ clkbuf_1_1__f_sclk/A (sg13g2_buf_16)
     5    0.018288    0.012883    0.042145    0.084348 ^ clkbuf_1_1__f_sclk/X (sg13g2_buf_16)
                                                         clknet_1_1__leaf_sclk (net)
                      0.012887    0.000464    0.084812 ^ _248_/CLK (sg13g2_dfrbpq_1)
     4    0.019785    0.056595    0.138420    0.223232 ^ _248_/Q (sg13g2_dfrbpq_1)
                                                         data_word[6] (net)
                      0.056617    0.001050    0.224281 ^ _119_/A0 (sg13g2_mux2_1)
     1    0.001952    0.020369    0.066399    0.290681 ^ _119_/X (sg13g2_mux2_1)
                                                         _042_ (net)
                      0.020369    0.000074    0.290754 ^ _248_/D (sg13g2_dfrbpq_1)
                                              0.290754   data arrival time

                                 10.000000   10.000000   clock sclk (rise edge)
                                  0.000000   10.000000   clock source latency
     1    0.020594    0.000000    0.000000   10.000000 ^ sclk (in)
                                                         sclk (net)
                      0.002496    0.001248   10.001248 ^ clkbuf_0_sclk/A (sg13g2_buf_16)
     2    0.040772    0.015564    0.040004   10.041252 ^ clkbuf_0_sclk/X (sg13g2_buf_16)
                                                         clknet_0_sclk (net)
                      0.015583    0.000952   10.042204 ^ clkbuf_1_1__f_sclk/A (sg13g2_buf_16)
     5    0.018288    0.012883    0.042144   10.084348 ^ clkbuf_1_1__f_sclk/X (sg13g2_buf_16)
                                                         clknet_1_1__leaf_sclk (net)
                      0.012887    0.000465   10.084812 ^ _248_/CLK (sg13g2_dfrbpq_1)
                                  0.000000   10.084812   clock reconvergence pessimism
                                 -0.076870   10.007942   library setup time
                                             10.007942   data required time
---------------------------------------------------------------------------------------------
                                             10.007942   data required time
                                             -0.290754   data arrival time
---------------------------------------------------------------------------------------------
                                              9.717188   slack (MET)


Startpoint: _249_ (rising edge-triggered flip-flop clocked by sclk)
Endpoint: _250_ (rising edge-triggered flip-flop clocked by sclk)
Path Group: sclk
Path Type: max

Fanout         Cap        Slew       Delay        Time   Description
---------------------------------------------------------------------------------------------
                                  0.000000    0.000000   clock sclk (rise edge)
                                  0.000000    0.000000   clock source latency
     1    0.020594    0.000000    0.000000    0.000000 ^ sclk (in)
                                                         sclk (net)
                      0.002496    0.001248    0.001248 ^ clkbuf_0_sclk/A (sg13g2_buf_16)
     2    0.040772    0.015564    0.040004    0.041252 ^ clkbuf_0_sclk/X (sg13g2_buf_16)
                                                         clknet_0_sclk (net)
                      0.015583    0.000951    0.042203 ^ clkbuf_1_1__f_sclk/A (sg13g2_buf_16)
     5    0.018288    0.012883    0.042145    0.084348 ^ clkbuf_1_1__f_sclk/X (sg13g2_buf_16)
                                                         clknet_1_1__leaf_sclk (net)
                      0.012888    0.000493    0.084841 ^ _249_/CLK (sg13g2_dfrbpq_1)
     4    0.019010    0.054673    0.136991    0.221832 ^ _249_/Q (sg13g2_dfrbpq_1)
                                                         data_word[7] (net)
                      0.054696    0.001052    0.222884 ^ _117_/A1 (sg13g2_mux2_1)
     1    0.002259    0.021081    0.066759    0.289643 ^ _117_/X (sg13g2_mux2_1)
                                                         _044_ (net)
                      0.021081    0.000082    0.289725 ^ _250_/D (sg13g2_dfrbpq_1)
                                              0.289725   data arrival time

                                 10.000000   10.000000   clock sclk (rise edge)
                                  0.000000   10.000000   clock source latency
     1    0.020594    0.000000    0.000000   10.000000 ^ sclk (in)
                                                         sclk (net)
                      0.002496    0.001248   10.001248 ^ clkbuf_0_sclk/A (sg13g2_buf_16)
     2    0.040772    0.015564    0.040004   10.041252 ^ clkbuf_0_sclk/X (sg13g2_buf_16)
                                                         clknet_0_sclk (net)
                      0.015583    0.000952   10.042204 ^ clkbuf_1_1__f_sclk/A (sg13g2_buf_16)
     5    0.018288    0.012883    0.042144   10.084348 ^ clkbuf_1_1__f_sclk/X (sg13g2_buf_16)
                                                         clknet_1_1__leaf_sclk (net)
                      0.012888    0.000483   10.084831 ^ _250_/CLK (sg13g2_dfrbpq_1)
                                  0.000000   10.084831   clock reconvergence pessimism
                                 -0.077043   10.007788   library setup time
                                             10.007788   data required time
---------------------------------------------------------------------------------------------
                                             10.007788   data required time
                                             -0.289725   data arrival time
---------------------------------------------------------------------------------------------
                                              9.718063   slack (MET)


Startpoint: _246_ (rising edge-triggered flip-flop clocked by sclk)
Endpoint: _247_ (rising edge-triggered flip-flop clocked by sclk)
Path Group: sclk
Path Type: max

Fanout         Cap        Slew       Delay        Time   Description
---------------------------------------------------------------------------------------------
                                  0.000000    0.000000   clock sclk (rise edge)
                                  0.000000    0.000000   clock source latency
     1    0.020594    0.000000    0.000000    0.000000 ^ sclk (in)
                                                         sclk (net)
                      0.002496    0.001248    0.001248 ^ clkbuf_0_sclk/A (sg13g2_buf_16)
     2    0.040772    0.015564    0.040004    0.041252 ^ clkbuf_0_sclk/X (sg13g2_buf_16)
                                                         clknet_0_sclk (net)
                      0.015584    0.000976    0.042228 ^ clkbuf_1_0__f_sclk/A (sg13g2_buf_16)
     5    0.019358    0.013046    0.042301    0.084529 ^ clkbuf_1_0__f_sclk/X (sg13g2_buf_16)
                                                         clknet_1_0__leaf_sclk (net)
                      0.013047    0.000255    0.084784 ^ _246_/CLK (sg13g2_dfrbpq_1)
     4    0.018753    0.054036    0.136579    0.221364 ^ _246_/Q (sg13g2_dfrbpq_1)
                                                         data_word[4] (net)
                      0.054059    0.001043    0.222407 ^ _120_/A1 (sg13g2_mux2_1)
     1    0.001963    0.020415    0.065899    0.288306 ^ _120_/X (sg13g2_mux2_1)
                                                         _041_ (net)
                      0.020415    0.000073    0.288380 ^ _247_/D (sg13g2_dfrbpq_1)
                                              0.288380   data arrival time

                                 10.000000   10.000000   clock sclk (rise edge)
                                  0.000000   10.000000   clock source latency
     1    0.020594    0.000000    0.000000   10.000000 ^ sclk (in)
                                                         sclk (net)
                      0.002496    0.001248   10.001248 ^ clkbuf_0_sclk/A (sg13g2_buf_16)
     2    0.040772    0.015564    0.040004   10.041252 ^ clkbuf_0_sclk/X (sg13g2_buf_16)
                                                         clknet_0_sclk (net)
                      0.015583    0.000952   10.042204 ^ clkbuf_1_1__f_sclk/A (sg13g2_buf_16)
     5    0.018288    0.012883    0.042144   10.084348 ^ clkbuf_1_1__f_sclk/X (sg13g2_buf_16)
                                                         clknet_1_1__leaf_sclk (net)
                      0.012888    0.000479   10.084826 ^ _247_/CLK (sg13g2_dfrbpq_1)
                                  0.000000   10.084826   clock reconvergence pessimism
                                 -0.076881   10.007946   library setup time
                                             10.007946   data required time
---------------------------------------------------------------------------------------------
                                             10.007946   data required time
                                             -0.288380   data arrival time
---------------------------------------------------------------------------------------------
                                              9.719566   slack (MET)



