Reading timing models for corner nom_typ_1p20V_25C…
Reading timing library for the 'nom_typ_1p20V_25C' corner at '/home/hansa/.ciel/ciel/ihp-sg13g2/versions/c4b8b4e5e7a05f375cca3815d51b3a37721fbf5c/ihp-sg13g2/libs.ref/sg13g2_stdcell/lib/sg13g2_stdcell_typ_1p20V_25C.lib'…
Reading timing library for the 'nom_typ_1p20V_25C' corner at '/home/hansa/.ciel/ciel/ihp-sg13g2/versions/c4b8b4e5e7a05f375cca3815d51b3a37721fbf5c/ihp-sg13g2/libs.ref/sg13g2_io/lib/sg13g2_io_typ_1p2V_3p3V_25C.lib'…
Reading OpenROAD database at '/home/hansa/projects/frac-n-pll-vco-smacd_2026/schematic/blocks/dsm/src/runs/RUN_2026-03-04_15-08-00/25-openroad-ioplacement/dsm_and_freq_divider.odb'…
Reading design constraints file at '/home/hansa/projects/frac-n-pll-vco-smacd_2026/schematic/blocks/dsm/src/my_constraints.sdc'…
[INFO] No information on clock propagation in input SDC file-- propagating all clocks.
[INFO] Setting signal min routing layer to: Metal2 and clock min routing layer to Metal2. 
[INFO] Setting signal max routing layer to: Metal5 and clock max routing layer to Metal5. 
+ global_placement -density 0.45 -routability_driven -pad_right 0 -pad_left 0 -init_wirelength_coef 0.25
[INFO GPL-0001] ---- Initialize GPL Main Data Structures
[INFO GPL-0002] DBU: 1000
[INFO GPL-0003] SiteSize: (  0.480  3.780 ) um
[INFO GPL-0004] CoreBBox: (  5.760 15.120 ) ( 85.920 94.500 ) um
[INFO GPL-0036] Movable instances area:       2572.819 um^2
[INFO GPL-0037] Total instances area:         2572.819 um^2
[INFO GPL-0035] Pin density area adjust:       152.228 um^2
[INFO GPL-0032] ---- Initialize Region: Top-level
[INFO GPL-0006] Number of instances:               152
[INFO GPL-0007] Movable instances:                 152
[INFO GPL-0008] Fixed instances:                     0
[INFO GPL-0009] Dummy instances:                     0
[INFO GPL-0010] Number of nets:                    157
[INFO GPL-0011] Number of pins:                    497
[INFO GPL-0012] Die BBox:  (  0.000  0.000 ) ( 91.720 110.440 ) um
[INFO GPL-0013] Core BBox: (  5.760 15.120 ) ( 85.920 94.500 ) um
[INFO GPL-0016] Core area:                    6363.101 um^2
[INFO GPL-0014] Region name: top-level.
[INFO GPL-0015] Region area:                  6363.101 um^2
[INFO GPL-0017] Fixed instances area:            0.000 um^2
[INFO GPL-0018] Movable instances area:       2725.048 um^2
[INFO GPL-0019] Utilization:                    42.826 %
[INFO GPL-0020] Standard cells area:          2725.048 um^2
[INFO GPL-0021] Large instances area:            0.000 um^2
[INFO GPL-0005] ---- Execute Conjugate Gradient Initial Placement.
[INFO GPL-0051] Source of initial instance position counters:
	Odb location = 152	Core center = 0	Region center = 0
[InitialPlace]  Iter: 1 conjugate gradient residual: 0.00000020 HPWL: 3562771
[InitialPlace]  Iter: 2 conjugate gradient residual: 0.00000009 HPWL: 2576012
[InitialPlace]  Iter: 3 conjugate gradient residual: 0.00000009 HPWL: 2408025
[InitialPlace]  Iter: 4 conjugate gradient residual: 0.00000010 HPWL: 2340881
[InitialPlace]  Iter: 5 conjugate gradient residual: 0.00000006 HPWL: 2303393
[INFO GPL-0033] ---- Initialize Nesterov Region: Top-level
[INFO GPL-0023] Placement target density:       0.4500
[INFO GPL-0024] Movable insts average area:     17.928 um^2
[INFO GPL-0025] Ideal bin area:                 39.840 um^2
[INFO GPL-0026] Ideal bin count:                   159
[INFO GPL-0027] Total bin area:               6363.101 um^2
[INFO GPL-0028] Bin count (X, Y):           8 ,      8
[INFO GPL-0029] Bin size (W * H):      10.020 *  9.922 um
[INFO GPL-0030] Number of bins:                     64
[INFO GPL-0007] ---- Execute Nesterov Global Placement.
[INFO GPL-0031] HPWL: Half-Perimeter Wirelength
Iteration | Overflow |     HPWL (um) |  HPWL(%) |   Penalty | Group
---------------------------------------------------------------
        0 |   0.8120 |  8.580270e+02 |   +0.00% |  2.49e-14 |      
       10 |   0.8203 |  8.461410e+02 |   -1.39% |  4.06e-14 |      
       20 |   0.8308 |  8.488100e+02 |   +0.32% |  6.61e-14 |      
       30 |   0.8291 |  8.537130e+02 |   +0.58% |  1.08e-13 |      
       40 |   0.8188 |  8.578670e+02 |   +0.49% |  1.75e-13 |      
       50 |   0.8173 |  8.588660e+02 |   +0.12% |  2.86e-13 |      
       60 |   0.8205 |  8.605450e+02 |   +0.20% |  4.65e-13 |      
       70 |   0.8203 |  8.622890e+02 |   +0.20% |  7.58e-13 |      
       80 |   0.8203 |  8.632660e+02 |   +0.11% |  1.23e-12 |      
       90 |   0.8186 |  8.632660e+02 |   +0.00% |  2.01e-12 |      
      100 |   0.8182 |  8.629620e+02 |   -0.04% |  3.27e-12 |      
      110 |   0.8184 |  8.634690e+02 |   +0.06% |  5.33e-12 |      
      120 |   0.8175 |  8.659200e+02 |   +0.28% |  8.69e-12 |      
      130 |   0.8187 |  8.713480e+02 |   +0.63% |  1.42e-11 |      
      140 |   0.8122 |  8.801990e+02 |   +1.02% |  2.31e-11 |      
      150 |   0.7868 |  8.916910e+02 |   +1.31% |  3.75e-11 |      
      160 |   0.7801 |  9.100480e+02 |   +2.06% |  6.12e-11 |      
      170 |   0.7343 |  9.331640e+02 |   +2.54% |  9.96e-11 |      
      180 |   0.7136 |  9.664480e+02 |   +3.57% |  1.62e-10 |      
      190 |   0.6937 |  1.033704e+03 |   +6.96% |  2.64e-10 |      
      200 |   0.6813 |  1.122837e+03 |   +8.62% |  4.31e-10 |      
      210 |   0.6313 |  1.188350e+03 |   +5.83% |  7.01e-10 |      
[INFO GPL-0038] Routability snapshot saved at iter = 218
      217 |   0.5946 |  1.223144e+03 |          |           |      
      220 |   0.5782 |  1.238297e+03 |   +4.20% |  1.14e-09 |      
      230 |   0.5366 |  1.293040e+03 |   +4.42% |  1.86e-09 |      
      240 |   0.4956 |  1.372498e+03 |   +6.15% |  3.03e-09 |      
      250 |   0.4607 |  1.459741e+03 |   +6.36% |  4.94e-09 |      
      260 |   0.4132 |  1.506328e+03 |   +3.19% |  8.04e-09 |      
      270 |   0.3708 |  1.560993e+03 |   +3.63% |  1.31e-08 |      
      280 |   0.3333 |  1.633022e+03 |   +4.61% |  2.07e-08 |      
      290 |   0.3052 |  1.690235e+03 |   +3.50% |  3.05e-08 |      
[INFO GPL-0040] Routability iteration: 1
[INFO GPL-0041] Total routing overflow: 0.0000
[INFO GPL-0042] Number of overflowed tiles: 0 (0.00%)
[INFO GPL-0043] Average top 0.5% routing congestion: 0.5518
[INFO GPL-0044] Average top 1.0% routing congestion: 0.5383
[INFO GPL-0045] Average top 2.0% routing congestion: 0.5288
[INFO GPL-0046] Average top 5.0% routing congestion: 0.5205
[INFO GPL-0047] Routability iteration weighted routing congestion: 0.5451
[INFO GPL-0050] Weighted routing congestion is lower than target routing congestion(1.0100), end routability optimization.
[INFO GPL-0090] Routability finished. Target routing congestion achieved succesfully.
Iteration | Overflow |     HPWL (um) |  HPWL(%) |   Penalty | Group
---------------------------------------------------------------
      300 |   0.2740 |  1.741438e+03 |   +3.03% |  4.49e-08 |      
      310 |   0.2478 |  1.783376e+03 |   +2.41% |  6.62e-08 |      
      320 |   0.2224 |  1.817028e+03 |   +1.89% |  9.75e-08 |      
      330 |   0.1846 |  1.820667e+03 |   +0.20% |  1.44e-07 |      
      340 |   0.1481 |  1.829690e+03 |   +0.50% |  2.12e-07 |      
      350 |   0.1208 |  1.842076e+03 |   +0.68% |  3.12e-07 |      
      357 |   0.0992 |  1.849005e+03 |          |  4.25e-07 |      
---------------------------------------------------------------
[INFO GPL-1001] Global placement finished at iteration 357
[INFO GPL-1003] Routability mode iteration count: 74
[INFO GPL-1005] Routability final weighted congestion: 0.5211
[INFO GPL-1002] Placed Cell Area             2725.0477
[INFO GPL-1003] Available Free Area          6363.1008
[INFO GPL-1004] Minimum Feasible Density        0.4300 (cell_area / free_area)
[INFO GPL-1006]   Suggested Target Densities:
[INFO GPL-1007]     - For 90% usage of free space: 0.4758
[INFO GPL-1008]     - For 80% usage of free space: 0.5353
[INFO GPL-1009]     - For 50% usage of free space: 0.8565
[INFO GPL-1011] Original area (um^2): 2725.05
[INFO GPL-1012] Total routability artificial inflation: 0.00 (+0.00%)
[INFO GPL-1014] Final placement area: 2725.05 (+0.00%)
Setting global connections for newly added cells…
[INFO] Setting global connections...
[INFO ODB-0403] 0 connections made, 0 conflicts skipped.
Updating metrics…
Cell type report:                       Count       Area
  Inverter                                 32     174.18
  Sequential cell                          27    1322.70
  Multi-Input combinational cell           93    1075.94
  Total                                   152    2572.82
Writing OpenROAD database to '/home/hansa/projects/frac-n-pll-vco-smacd_2026/schematic/blocks/dsm/src/runs/RUN_2026-03-04_15-08-00/28-openroad-globalplacement/dsm_and_freq_divider.odb'…
Writing netlist to '/home/hansa/projects/frac-n-pll-vco-smacd_2026/schematic/blocks/dsm/src/runs/RUN_2026-03-04_15-08-00/28-openroad-globalplacement/dsm_and_freq_divider.nl.v'…
Writing powered netlist to '/home/hansa/projects/frac-n-pll-vco-smacd_2026/schematic/blocks/dsm/src/runs/RUN_2026-03-04_15-08-00/28-openroad-globalplacement/dsm_and_freq_divider.pnl.v'…
Writing layout to '/home/hansa/projects/frac-n-pll-vco-smacd_2026/schematic/blocks/dsm/src/runs/RUN_2026-03-04_15-08-00/28-openroad-globalplacement/dsm_and_freq_divider.def'…
Writing timing constraints to '/home/hansa/projects/frac-n-pll-vco-smacd_2026/schematic/blocks/dsm/src/runs/RUN_2026-03-04_15-08-00/28-openroad-globalplacement/dsm_and_freq_divider.sdc'…
