
===========================================================================
report_checks -unconstrained
===========================================================================
======================= nom_fast_1p32V_m40C Corner ===================================

Startpoint: _267_ (rising edge-triggered flip-flop clocked by freq_in)
Endpoint: _267_ (rising edge-triggered flip-flop clocked by freq_in)
Path Group: freq_in
Path Type: max

Fanout         Cap        Slew       Delay        Time   Description
---------------------------------------------------------------------------------------------
                      0.000000    0.000000    0.000000   clock freq_in (rise edge)
                                  0.000000    0.000000   clock network delay (ideal)
                      0.000000    0.000000    0.000000 ^ _267_/CLK (sg13g2_dfrbpq_1)
     2    0.005778    0.019424    0.106968    0.106968 v _267_/Q (sg13g2_dfrbpq_1)
                                                         uut.div4.dff1.q (net)
                      0.019424    0.000000    0.106968 v _214_/A (sg13g2_inv_1)
     1    0.001496    0.011238    0.016146    0.123113 ^ _214_/Y (sg13g2_inv_1)
                                                         uut.div4.dff1.d (net)
                      0.011238    0.000000    0.123113 ^ _267_/D (sg13g2_dfrbpq_1)
                                              0.123113   data arrival time

                      0.000000    0.333000    0.333000   clock freq_in (rise edge)
                                  0.000000    0.333000   clock network delay (ideal)
                                  0.000000    0.333000   clock reconvergence pessimism
                                              0.333000 ^ _267_/CLK (sg13g2_dfrbpq_1)
                                 -0.076080    0.256920   library setup time
                                              0.256920   data required time
---------------------------------------------------------------------------------------------
                                              0.256920   data required time
                                             -0.123113   data arrival time
---------------------------------------------------------------------------------------------
                                              0.133806   slack (MET)


Startpoint: _245_ (rising edge-triggered flip-flop clocked by sclk)
Endpoint: _245_ (rising edge-triggered flip-flop clocked by sclk)
Path Group: sclk
Path Type: max

Fanout         Cap        Slew       Delay        Time   Description
---------------------------------------------------------------------------------------------
                      0.000000    0.000000    0.000000   clock sclk (rise edge)
                                  0.000000    0.000000   clock network delay (ideal)
                      0.000000    0.000000    0.000000 ^ _245_/CLK (sg13g2_dfrbpq_1)
     4    0.015275    0.038040    0.122665    0.122665 v _245_/Q (sg13g2_dfrbpq_1)
                                                         data_word[3] (net)
                      0.038040    0.000000    0.122665 v _122_/A0 (sg13g2_mux2_1)
     1    0.001523    0.020833    0.072277    0.194942 v _122_/X (sg13g2_mux2_1)
                                                         _039_ (net)
                      0.020833    0.000000    0.194942 v _245_/D (sg13g2_dfrbpq_1)
                                              0.194942   data arrival time

                      0.000000   10.000000   10.000000   clock sclk (rise edge)
                                  0.000000   10.000000   clock network delay (ideal)
                                  0.000000   10.000000   clock reconvergence pessimism
                                             10.000000 ^ _245_/CLK (sg13g2_dfrbpq_1)
                                 -0.072546    9.927455   library setup time
                                              9.927455   data required time
---------------------------------------------------------------------------------------------
                                              9.927455   data required time
                                             -0.194942   data arrival time
---------------------------------------------------------------------------------------------
                                              9.732512   slack (MET)




===========================================================================
report_checks --slack_max -0.01
============================================================================
======================= nom_fast_1p32V_m40C Corner ===================================

No paths found.


===========================================================================
 report_check_types -max_slew -max_cap -max_fanout -violators
============================================================================
======================= nom_fast_1p32V_m40C Corner ===================================

max fanout

Pin                                   Limit Fanout  Slack
---------------------------------------------------------
_259_/Q                                   8     17     -9 (VIOLATED)
_260_/Q                                   8     10     -2 (VIOLATED)



===========================================================================
report_parasitic_annotation -report_unannotated
============================================================================
Found 157 unannotated drivers.
 en
 freq_in
 rst
 sclk
 sdata
 _117_/X
 _118_/X
 _119_/X
 _120_/X
 _121_/X
 _122_/X
 _123_/X
 _124_/X
 _125_/X
 _126_/Y
 _127_/Y
 _128_/Y
 _129_/Y
 _130_/Y
 _131_/Y
 _132_/Y
 _133_/Y
 _134_/Y
 _135_/X
 _136_/X
 _137_/Y
 _138_/Y
 _139_/X
 _140_/Y
 _141_/X
 _142_/Y
 _143_/Y
 _144_/Y
 _145_/X
 _146_/X
 _147_/Y
 _148_/X
 _149_/Y
 _150_/X
 _151_/X
 _152_/X
 _153_/Y
 _154_/X
 _155_/Y
 _156_/X
 _157_/Y
 _158_/Y
 _159_/Y
 _160_/X
 _161_/Y
 _162_/Y
 _163_/X
 _164_/Y
 _165_/Y
 _166_/Y
 _167_/X
 _168_/Y
 _169_/Y
 _170_/Y
 _171_/Y
 _172_/Y
 _173_/Y
 _174_/Y
 _175_/X
 _176_/Y
 _177_/X
 _178_/Y
 _179_/Y
 _180_/X
 _181_/Y
 _182_/Y
 _183_/Y
 _184_/Y
 _185_/Y
 _186_/Y
 _187_/Y
 _188_/Y
 _189_/X
 _190_/Y
 _191_/Y
 _192_/Y
 _193_/Y
 _194_/X
 _195_/Y
 _196_/Y
 _197_/Y
 _198_/Y
 _199_/Y
 _200_/Y
 _201_/Y
 _202_/Y
 _203_/Y
 _204_/X
 _205_/Y
 _206_/Y
 _207_/Y
 _208_/X
 _209_/Y
 _210_/Y
 _211_/Y
 _212_/Y
 _213_/Y
 _214_/Y
 _215_/Y
 _216_/Y
 _217_/Y
 _218_/Y
 _219_/Y
 _220_/Y
 _221_/Y
 _222_/Y
 _223_/Y
 _224_/Y
 _225_/Y
 _226_/Y
 _227_/Y
 _228_/Y
 _229_/Y
 _230_/Y
 _231_/Y
 _232_/Y
 _233_/Y
 _234_/Y
 _235_/Y
 _236_/Y
 _237_/Y
 _238_/Y
 _239_/Y
 _240_/Y
 _241_/Y
 _242_/Q
 _243_/Q
 _244_/Q
 _245_/Q
 _246_/Q
 _247_/Q
 _248_/Q
 _249_/Q
 _250_/Q
 _251_/Q
 _252_/Q
 _253_/Q
 _254_/Q
 _255_/Q
 _256_/Q
 _257_/Q
 _258_/Q
 _259_/Q
 _260_/Q
 _261_/Q
 _262_/Q
 _263_/Q
 _264_/Q
 _265_/Q
 _266_/Q
 _267_/Q
 _268_/Q
Found 0 partially unannotated drivers.

===========================================================================
max slew violation count 0
max fanout violation count 2
max cap violation count 0
============================================================================

===========================================================================
check_setup -verbose -unconstrained_endpoints -multiple_clock -no_clock -no_input_delay -loops -generated_clocks
===========================================================================
Warning: There are 3 input ports missing set_input_delay.
  en
  rst
  sdata
Warning: There are 17 unclocked register/latch pins.
  _251_/CLK
  _252_/CLK
  _253_/CLK
  _254_/CLK
  _255_/CLK
  _256_/CLK
  _257_/CLK
  _258_/CLK
  _259_/CLK
  _260_/CLK
  _261_/CLK
  _262_/CLK
  _263_/CLK
  _264_/CLK
  _265_/CLK
  _266_/CLK
  _268_/CLK
Warning: There are 18 unconstrained endpoints.
  freq_out
  _251_/D
  _252_/D
  _253_/D
  _254_/D
  _255_/D
  _256_/D
  _257_/D
  _258_/D
  _259_/D
  _260_/D
  _261_/D
  _262_/D
  _263_/D
  _264_/D
  _265_/D
  _266_/D
  _268_/D
