Clock: sclk
Sources: sclk 
Generated: no
Virtual: no
Propagated: no
Period: 10.000000

===========================================================================
report_clock_properties
============================================================================
Clock                   Period          Waveform
----------------------------------------------------
sclk                 10.000000    0.000000  5.000000

===========================================================================
report_clock_latency
============================================================================
Clock sclk
rise -> rise
    min     max
0.000000 0.000000 source latency
0.000000         network latency _242_/CLK
        0.000000 network latency _242_/CLK
---------------
0.000000 0.000000 latency
        0.000000 skew

fall -> fall
    min     max
0.000000 0.000000 source latency
0.000000         network latency _242_/CLK
        0.000000 network latency _242_/CLK
---------------
0.000000 0.000000 latency
        0.000000 skew



===========================================================================
report_clock_min_period
============================================================================
sclk period_min = 0.27 fmax = 3738.41
Clock: freq_in
Sources: freq_in 
Generated: no
Virtual: no
Propagated: no
Period: 0.333000

===========================================================================
report_clock_properties
============================================================================
Clock                   Period          Waveform
----------------------------------------------------
freq_in               0.333000    0.000000  0.166500

===========================================================================
report_clock_latency
============================================================================
Clock freq_in
rise -> rise
    min     max
0.000000 0.000000 source latency
0.000000         network latency _267_/CLK
        0.108825 network latency _268_/CLK
---------------
0.000000 0.108825 latency
        0.108825 skew

rise -> fall
    min     max
0.000000 0.000000 source latency
0.106968         network latency _268_/CLK
        0.106968 network latency _268_/CLK
---------------
0.106968 0.106968 latency
        0.000000 skew

fall -> fall
    min     max
0.000000 0.000000 source latency
0.000000         network latency _267_/CLK
        0.000000 network latency _267_/CLK
---------------
0.000000 0.000000 latency
        0.000000 skew



===========================================================================
report_clock_min_period
============================================================================
freq_in period_min = 0.20 fmax = 5020.24
