                                                                        Cells by Master                                                                         
┏━━━━━━━━━━━━━━━━━━━━━━━━━━━━━━━━━━━━━━━━━━━━━━━━━━━━━━━━━━━━━━━━━━━━━━━━━━━━━━━━━━━━━━━━━━━━━━━━━━━━━━━━━━━━━━━━┳━━━━━━━━━━━━━━━━━━━━━━━━━━━━━━━━━━━━━━━━━━━━━┓
┃ Cell                                                                                                           ┃ Count                                       ┃
┡━━━━━━━━━━━━━━━━━━━━━━━━━━━━━━━━━━━━━━━━━━━━━━━━━━━━━━━━━━━━━━━━━━━━━━━━━━━━━━━━━━━━━━━━━━━━━━━━━━━━━━━━━━━━━━━━╇━━━━━━━━━━━━━━━━━━━━━━━━━━━━━━━━━━━━━━━━━━━━━┩
│ sg13g2_a21o_1                                                                                                  │ 1                                           │
│ sg13g2_a21o_2                                                                                                  │ 2                                           │
│ sg13g2_a21oi_1                                                                                                 │ 15                                          │
│ sg13g2_a21oi_2                                                                                                 │ 1                                           │
│ sg13g2_a221oi_1                                                                                                │ 1                                           │
│ sg13g2_and2_1                                                                                                  │ 5                                           │
│ sg13g2_and3_1                                                                                                  │ 1                                           │
│ sg13g2_buf_1                                                                                                   │ 11                                          │
│ sg13g2_buf_16                                                                                                  │ 3                                           │
│ sg13g2_decap_4                                                                                                 │ 43                                          │
│ sg13g2_decap_8                                                                                                 │ 237                                         │
│ sg13g2_dfrbpq_1                                                                                                │ 27                                          │
│ sg13g2_fill_1                                                                                                  │ 54                                          │
│ sg13g2_fill_2                                                                                                  │ 41                                          │
│ sg13g2_inv_1                                                                                                   │ 33                                          │
│ sg13g2_mux2_1                                                                                                  │ 9                                           │
│ sg13g2_nand2_1                                                                                                 │ 11                                          │
│ sg13g2_nand2b_1                                                                                                │ 1                                           │
│ sg13g2_nand3_1                                                                                                 │ 4                                           │
│ sg13g2_nor2_1                                                                                                  │ 6                                           │
│ sg13g2_nor2b_1                                                                                                 │ 4                                           │
│ sg13g2_nor3_1                                                                                                  │ 1                                           │
│ sg13g2_o21ai_1                                                                                                 │ 3                                           │
│ sg13g2_xnor2_1                                                                                                 │ 15                                          │
│ sg13g2_xor2_1                                                                                                  │ 13                                          │
└────────────────────────────────────────────────────────────────────────────────────────────────────────────────┴─────────────────────────────────────────────┘
