
===========================================================================
report_checks -path_delay max (Setup)
============================================================================
======================= nom_typ_1p20V_25C Corner ===================================

Startpoint: _267_ (rising edge-triggered flip-flop clocked by freq_in)
Endpoint: _267_ (rising edge-triggered flip-flop clocked by freq_in)
Path Group: freq_in
Path Type: max

Fanout         Cap        Slew       Delay        Time   Description
---------------------------------------------------------------------------------------------
                      0.000000    0.000000    0.000000   clock freq_in (rise edge)
                                  0.000000    0.000000   clock network delay (ideal)
                      0.000000    0.000000    0.000000 ^ _267_/CLK (sg13g2_dfrbpq_1)
     2    0.005889    0.035920    0.161562    0.161562 ^ _267_/Q (sg13g2_dfrbpq_1)
                                                         uut.div4.dff1.q (net)
                      0.035920    0.000000    0.161562 ^ _214_/A (sg13g2_inv_1)
     1    0.001430    0.014877    0.025394    0.186955 v _214_/Y (sg13g2_inv_1)
                                                         uut.div4.dff1.d (net)
                      0.014877    0.000000    0.186955 v _267_/D (sg13g2_dfrbpq_1)
                                              0.186955   data arrival time

                      0.000000    0.333000    0.333000   clock freq_in (rise edge)
                                  0.000000    0.333000   clock network delay (ideal)
                                  0.000000    0.333000   clock reconvergence pessimism
                                              0.333000 ^ _267_/CLK (sg13g2_dfrbpq_1)
                                 -0.115892    0.217108   library setup time
                                              0.217108   data required time
---------------------------------------------------------------------------------------------
                                              0.217108   data required time
                                             -0.186955   data arrival time
---------------------------------------------------------------------------------------------
                                              0.030153   slack (MET)


Startpoint: _245_ (rising edge-triggered flip-flop clocked by sclk)
Endpoint: _245_ (rising edge-triggered flip-flop clocked by sclk)
Path Group: sclk
Path Type: max

Fanout         Cap        Slew       Delay        Time   Description
---------------------------------------------------------------------------------------------
                      0.000000    0.000000    0.000000   clock sclk (rise edge)
                                  0.000000    0.000000   clock network delay (ideal)
                      0.000000    0.000000    0.000000 ^ _245_/CLK (sg13g2_dfrbpq_1)
     4    0.014101    0.052052    0.177370    0.177370 v _245_/Q (sg13g2_dfrbpq_1)
                                                         data_word[3] (net)
                      0.052052    0.000000    0.177370 v _122_/A0 (sg13g2_mux2_1)
     1    0.001430    0.031555    0.112174    0.289544 v _122_/X (sg13g2_mux2_1)
                                                         _039_ (net)
                      0.031555    0.000000    0.289544 v _245_/D (sg13g2_dfrbpq_1)
                                              0.289544   data arrival time

                      0.000000   10.000000   10.000000   clock sclk (rise edge)
                                  0.000000   10.000000   clock network delay (ideal)
                                  0.000000   10.000000   clock reconvergence pessimism
                                             10.000000 ^ _245_/CLK (sg13g2_dfrbpq_1)
                                 -0.121895    9.878105   library setup time
                                              9.878105   data required time
---------------------------------------------------------------------------------------------
                                              9.878105   data required time
                                             -0.289544   data arrival time
---------------------------------------------------------------------------------------------
                                              9.588561   slack (MET)


Startpoint: _246_ (rising edge-triggered flip-flop clocked by sclk)
Endpoint: _246_ (rising edge-triggered flip-flop clocked by sclk)
Path Group: sclk
Path Type: max

Fanout         Cap        Slew       Delay        Time   Description
---------------------------------------------------------------------------------------------
                      0.000000    0.000000    0.000000   clock sclk (rise edge)
                                  0.000000    0.000000   clock network delay (ideal)
                      0.000000    0.000000    0.000000 ^ _246_/CLK (sg13g2_dfrbpq_1)
     4    0.014101    0.052052    0.177370    0.177370 v _246_/Q (sg13g2_dfrbpq_1)
                                                         data_word[4] (net)
                      0.052052    0.000000    0.177370 v _121_/A0 (sg13g2_mux2_1)
     1    0.001430    0.031575    0.112174    0.289544 v _121_/X (sg13g2_mux2_1)
                                                         _040_ (net)
                      0.031575    0.000000    0.289544 v _246_/D (sg13g2_dfrbpq_1)
                                              0.289544   data arrival time

                      0.000000   10.000000   10.000000   clock sclk (rise edge)
                                  0.000000   10.000000   clock network delay (ideal)
                                  0.000000   10.000000   clock reconvergence pessimism
                                             10.000000 ^ _246_/CLK (sg13g2_dfrbpq_1)
                                 -0.121903    9.878098   library setup time
                                              9.878098   data required time
---------------------------------------------------------------------------------------------
                                              9.878098   data required time
                                             -0.289544   data arrival time
---------------------------------------------------------------------------------------------
                                              9.588554   slack (MET)


Startpoint: _247_ (rising edge-triggered flip-flop clocked by sclk)
Endpoint: _247_ (rising edge-triggered flip-flop clocked by sclk)
Path Group: sclk
Path Type: max

Fanout         Cap        Slew       Delay        Time   Description
---------------------------------------------------------------------------------------------
                      0.000000    0.000000    0.000000   clock sclk (rise edge)
                                  0.000000    0.000000   clock network delay (ideal)
                      0.000000    0.000000    0.000000 ^ _247_/CLK (sg13g2_dfrbpq_1)
     4    0.014101    0.052052    0.177370    0.177370 v _247_/Q (sg13g2_dfrbpq_1)
                                                         data_word[5] (net)
                      0.052052    0.000000    0.177370 v _120_/A0 (sg13g2_mux2_1)
     1    0.001430    0.031575    0.112174    0.289544 v _120_/X (sg13g2_mux2_1)
                                                         _041_ (net)
                      0.031575    0.000000    0.289544 v _247_/D (sg13g2_dfrbpq_1)
                                              0.289544   data arrival time

                      0.000000   10.000000   10.000000   clock sclk (rise edge)
                                  0.000000   10.000000   clock network delay (ideal)
                                  0.000000   10.000000   clock reconvergence pessimism
                                             10.000000 ^ _247_/CLK (sg13g2_dfrbpq_1)
                                 -0.121903    9.878098   library setup time
                                              9.878098   data required time
---------------------------------------------------------------------------------------------
                                              9.878098   data required time
                                             -0.289544   data arrival time
---------------------------------------------------------------------------------------------
                                              9.588554   slack (MET)


Startpoint: _248_ (rising edge-triggered flip-flop clocked by sclk)
Endpoint: _248_ (rising edge-triggered flip-flop clocked by sclk)
Path Group: sclk
Path Type: max

Fanout         Cap        Slew       Delay        Time   Description
---------------------------------------------------------------------------------------------
                      0.000000    0.000000    0.000000   clock sclk (rise edge)
                                  0.000000    0.000000   clock network delay (ideal)
                      0.000000    0.000000    0.000000 ^ _248_/CLK (sg13g2_dfrbpq_1)
     4    0.014101    0.052052    0.177370    0.177370 v _248_/Q (sg13g2_dfrbpq_1)
                                                         data_word[6] (net)
                      0.052052    0.000000    0.177370 v _119_/A0 (sg13g2_mux2_1)
     1    0.001430    0.031575    0.112174    0.289544 v _119_/X (sg13g2_mux2_1)
                                                         _042_ (net)
                      0.031575    0.000000    0.289544 v _248_/D (sg13g2_dfrbpq_1)
                                              0.289544   data arrival time

                      0.000000   10.000000   10.000000   clock sclk (rise edge)
                                  0.000000   10.000000   clock network delay (ideal)
                                  0.000000   10.000000   clock reconvergence pessimism
                                             10.000000 ^ _248_/CLK (sg13g2_dfrbpq_1)
                                 -0.121903    9.878098   library setup time
                                              9.878098   data required time
---------------------------------------------------------------------------------------------
                                              9.878098   data required time
                                             -0.289544   data arrival time
---------------------------------------------------------------------------------------------
                                              9.588554   slack (MET)


Startpoint: _242_ (rising edge-triggered flip-flop clocked by sclk)
Endpoint: _242_ (rising edge-triggered flip-flop clocked by sclk)
Path Group: sclk
Path Type: max

Fanout         Cap        Slew       Delay        Time   Description
---------------------------------------------------------------------------------------------
                      0.000000    0.000000    0.000000   clock sclk (rise edge)
                                  0.000000    0.000000   clock network delay (ideal)
                      0.000000    0.000000    0.000000 ^ _242_/CLK (sg13g2_dfrbpq_1)
     4    0.014076    0.051979    0.177308    0.177308 v _242_/Q (sg13g2_dfrbpq_1)
                                                         data_word[0] (net)
                      0.051979    0.000000    0.177308 v _125_/A0 (sg13g2_mux2_1)
     1    0.001430    0.031421    0.112144    0.289452 v _125_/X (sg13g2_mux2_1)
                                                         _036_ (net)
                      0.031421    0.000000    0.289452 v _242_/D (sg13g2_dfrbpq_1)
                                              0.289452   data arrival time

                      0.000000   10.000000   10.000000   clock sclk (rise edge)
                                  0.000000   10.000000   clock network delay (ideal)
                                  0.000000   10.000000   clock reconvergence pessimism
                                             10.000000 ^ _242_/CLK (sg13g2_dfrbpq_1)
                                 -0.121847    9.878153   library setup time
                                              9.878153   data required time
---------------------------------------------------------------------------------------------
                                              9.878153   data required time
                                             -0.289452   data arrival time
---------------------------------------------------------------------------------------------
                                              9.588701   slack (MET)


Startpoint: _248_ (rising edge-triggered flip-flop clocked by sclk)
Endpoint: _249_ (rising edge-triggered flip-flop clocked by sclk)
Path Group: sclk
Path Type: max

Fanout         Cap        Slew       Delay        Time   Description
---------------------------------------------------------------------------------------------
                      0.000000    0.000000    0.000000   clock sclk (rise edge)
                                  0.000000    0.000000   clock network delay (ideal)
                      0.000000    0.000000    0.000000 ^ _248_/CLK (sg13g2_dfrbpq_1)
     4    0.014101    0.052052    0.177370    0.177370 v _248_/Q (sg13g2_dfrbpq_1)
                                                         data_word[6] (net)
                      0.052052    0.000000    0.177370 v _118_/A1 (sg13g2_mux2_1)
     1    0.001430    0.031575    0.112023    0.289394 v _118_/X (sg13g2_mux2_1)
                                                         _043_ (net)
                      0.031575    0.000000    0.289394 v _249_/D (sg13g2_dfrbpq_1)
                                              0.289394   data arrival time

                      0.000000   10.000000   10.000000   clock sclk (rise edge)
                                  0.000000   10.000000   clock network delay (ideal)
                                  0.000000   10.000000   clock reconvergence pessimism
                                             10.000000 ^ _249_/CLK (sg13g2_dfrbpq_1)
                                 -0.121903    9.878098   library setup time
                                              9.878098   data required time
---------------------------------------------------------------------------------------------
                                              9.878098   data required time
                                             -0.289394   data arrival time
---------------------------------------------------------------------------------------------
                                              9.588704   slack (MET)


Startpoint: _242_ (rising edge-triggered flip-flop clocked by sclk)
Endpoint: _243_ (rising edge-triggered flip-flop clocked by sclk)
Path Group: sclk
Path Type: max

Fanout         Cap        Slew       Delay        Time   Description
---------------------------------------------------------------------------------------------
                      0.000000    0.000000    0.000000   clock sclk (rise edge)
                                  0.000000    0.000000   clock network delay (ideal)
                      0.000000    0.000000    0.000000 ^ _242_/CLK (sg13g2_dfrbpq_1)
     4    0.014076    0.051979    0.177308    0.177308 v _242_/Q (sg13g2_dfrbpq_1)
                                                         data_word[0] (net)
                      0.051979    0.000000    0.177308 v _124_/A1 (sg13g2_mux2_1)
     1    0.001430    0.031574    0.111994    0.289302 v _124_/X (sg13g2_mux2_1)
                                                         _037_ (net)
                      0.031574    0.000000    0.289302 v _243_/D (sg13g2_dfrbpq_1)
                                              0.289302   data arrival time

                      0.000000   10.000000   10.000000   clock sclk (rise edge)
                                  0.000000   10.000000   clock network delay (ideal)
                                  0.000000   10.000000   clock reconvergence pessimism
                                             10.000000 ^ _243_/CLK (sg13g2_dfrbpq_1)
                                 -0.121902    9.878098   library setup time
                                              9.878098   data required time
---------------------------------------------------------------------------------------------
                                              9.878098   data required time
                                             -0.289302   data arrival time
---------------------------------------------------------------------------------------------
                                              9.588797   slack (MET)


Startpoint: _244_ (rising edge-triggered flip-flop clocked by sclk)
Endpoint: _244_ (rising edge-triggered flip-flop clocked by sclk)
Path Group: sclk
Path Type: max

Fanout         Cap        Slew       Delay        Time   Description
---------------------------------------------------------------------------------------------
                      0.000000    0.000000    0.000000   clock sclk (rise edge)
                                  0.000000    0.000000   clock network delay (ideal)
                      0.000000    0.000000    0.000000 ^ _244_/CLK (sg13g2_dfrbpq_1)
     4    0.013798    0.051182    0.176628    0.176628 v _244_/Q (sg13g2_dfrbpq_1)
                                                         data_word[2] (net)
                      0.051182    0.000000    0.176628 v _123_/A0 (sg13g2_mux2_1)
     1    0.001430    0.031555    0.111821    0.288449 v _123_/X (sg13g2_mux2_1)
                                                         _038_ (net)
                      0.031555    0.000000    0.288449 v _244_/D (sg13g2_dfrbpq_1)
                                              0.288449   data arrival time

                      0.000000   10.000000   10.000000   clock sclk (rise edge)
                                  0.000000   10.000000   clock network delay (ideal)
                                  0.000000   10.000000   clock reconvergence pessimism
                                             10.000000 ^ _244_/CLK (sg13g2_dfrbpq_1)
                                 -0.121895    9.878105   library setup time
                                              9.878105   data required time
---------------------------------------------------------------------------------------------
                                              9.878105   data required time
                                             -0.288449   data arrival time
---------------------------------------------------------------------------------------------
                                              9.589657   slack (MET)


Startpoint: _249_ (rising edge-triggered flip-flop clocked by sclk)
Endpoint: _250_ (rising edge-triggered flip-flop clocked by sclk)
Path Group: sclk
Path Type: max

Fanout         Cap        Slew       Delay        Time   Description
---------------------------------------------------------------------------------------------
                      0.000000    0.000000    0.000000   clock sclk (rise edge)
                                  0.000000    0.000000   clock network delay (ideal)
                      0.000000    0.000000    0.000000 ^ _249_/CLK (sg13g2_dfrbpq_1)
     4    0.013405    0.050055    0.175666    0.175666 v _249_/Q (sg13g2_dfrbpq_1)
                                                         data_word[7] (net)
                      0.050055    0.000000    0.175666 v _117_/A1 (sg13g2_mux2_1)
     1    0.001430    0.031529    0.111212    0.286877 v _117_/X (sg13g2_mux2_1)
                                                         _044_ (net)
                      0.031529    0.000000    0.286877 v _250_/D (sg13g2_dfrbpq_1)
                                              0.286877   data arrival time

                      0.000000   10.000000   10.000000   clock sclk (rise edge)
                                  0.000000   10.000000   clock network delay (ideal)
                                  0.000000   10.000000   clock reconvergence pessimism
                                             10.000000 ^ _250_/CLK (sg13g2_dfrbpq_1)
                                 -0.121886    9.878115   library setup time
                                              9.878115   data required time
---------------------------------------------------------------------------------------------
                                              9.878115   data required time
                                             -0.286877   data arrival time
---------------------------------------------------------------------------------------------
                                              9.591237   slack (MET)



