
===========================================================================
report_checks -path_delay min (Hold)
============================================================================
======================= nom_typ_1p20V_25C Corner ===================================

Startpoint: _267_ (rising edge-triggered flip-flop clocked by freq_in)
Endpoint: _267_ (rising edge-triggered flip-flop clocked by freq_in)
Path Group: freq_in
Path Type: min

Fanout         Cap        Slew       Delay        Time   Description
---------------------------------------------------------------------------------------------
                      0.000000    0.000000    0.000000   clock freq_in (rise edge)
                                  0.000000    0.000000   clock network delay (ideal)
                      0.000000    0.000000    0.000000 ^ _267_/CLK (sg13g2_dfrbpq_1)
     2    0.005889    0.035920    0.161562    0.161562 ^ _267_/Q (sg13g2_dfrbpq_1)
                                                         uut.div4.dff1.q (net)
                      0.035920    0.000000    0.161562 ^ _214_/A (sg13g2_inv_1)
     1    0.001430    0.014877    0.025394    0.186955 v _214_/Y (sg13g2_inv_1)
                                                         uut.div4.dff1.d (net)
                      0.014877    0.000000    0.186955 v _267_/D (sg13g2_dfrbpq_1)
                                              0.186955   data arrival time

                      0.000000    0.000000    0.000000   clock freq_in (rise edge)
                                  0.000000    0.000000   clock network delay (ideal)
                                  0.000000    0.000000   clock reconvergence pessimism
                                              0.000000 ^ _267_/CLK (sg13g2_dfrbpq_1)
                                 -0.036936   -0.036936   library hold time
                                             -0.036936   data required time
---------------------------------------------------------------------------------------------
                                             -0.036936   data required time
                                             -0.186955   data arrival time
---------------------------------------------------------------------------------------------
                                              0.223891   slack (MET)


Startpoint: _250_ (rising edge-triggered flip-flop clocked by sclk)
Endpoint: _250_ (rising edge-triggered flip-flop clocked by sclk)
Path Group: sclk
Path Type: min

Fanout         Cap        Slew       Delay        Time   Description
---------------------------------------------------------------------------------------------
                      0.000000    0.000000    0.000000   clock sclk (rise edge)
                                  0.000000    0.000000   clock network delay (ideal)
                      0.000000    0.000000    0.000000 ^ _250_/CLK (sg13g2_dfrbpq_1)
     2    0.008415    0.035754    0.163458    0.163458 v _250_/Q (sg13g2_dfrbpq_1)
                                                         data_word[8] (net)
                      0.035754    0.000000    0.163458 v _117_/A0 (sg13g2_mux2_1)
     1    0.001430    0.024804    0.105567    0.269025 v _117_/X (sg13g2_mux2_1)
                                                         _044_ (net)
                      0.024804    0.000000    0.269025 v _250_/D (sg13g2_dfrbpq_1)
                                              0.269025   data arrival time

                      0.000000    0.000000    0.000000   clock sclk (rise edge)
                                  0.000000    0.000000   clock network delay (ideal)
                                  0.000000    0.000000   clock reconvergence pessimism
                                              0.000000 ^ _250_/CLK (sg13g2_dfrbpq_1)
                                 -0.040077   -0.040077   library hold time
                                             -0.040077   data required time
---------------------------------------------------------------------------------------------
                                             -0.040077   data required time
                                             -0.269025   data arrival time
---------------------------------------------------------------------------------------------
                                              0.309101   slack (MET)


Startpoint: _249_ (rising edge-triggered flip-flop clocked by sclk)
Endpoint: _249_ (rising edge-triggered flip-flop clocked by sclk)
Path Group: sclk
Path Type: min

Fanout         Cap        Slew       Delay        Time   Description
---------------------------------------------------------------------------------------------
                      0.000000    0.000000    0.000000   clock sclk (rise edge)
                                  0.000000    0.000000   clock network delay (ideal)
                      0.000000    0.000000    0.000000 ^ _249_/CLK (sg13g2_dfrbpq_1)
     4    0.013405    0.050055    0.175666    0.175666 v _249_/Q (sg13g2_dfrbpq_1)
                                                         data_word[7] (net)
                      0.050055    0.000000    0.175666 v _118_/A0 (sg13g2_mux2_1)
     1    0.001430    0.024804    0.111364    0.287030 v _118_/X (sg13g2_mux2_1)
                                                         _043_ (net)
                      0.024804    0.000000    0.287030 v _249_/D (sg13g2_dfrbpq_1)
                                              0.287030   data arrival time

                      0.000000    0.000000    0.000000   clock sclk (rise edge)
                                  0.000000    0.000000   clock network delay (ideal)
                                  0.000000    0.000000   clock reconvergence pessimism
                                              0.000000 ^ _249_/CLK (sg13g2_dfrbpq_1)
                                 -0.040077   -0.040077   library hold time
                                             -0.040077   data required time
---------------------------------------------------------------------------------------------
                                             -0.040077   data required time
                                             -0.287030   data arrival time
---------------------------------------------------------------------------------------------
                                              0.327106   slack (MET)


Startpoint: _243_ (rising edge-triggered flip-flop clocked by sclk)
Endpoint: _244_ (rising edge-triggered flip-flop clocked by sclk)
Path Group: sclk
Path Type: min

Fanout         Cap        Slew       Delay        Time   Description
---------------------------------------------------------------------------------------------
                      0.000000    0.000000    0.000000   clock sclk (rise edge)
                                  0.000000    0.000000   clock network delay (ideal)
                      0.000000    0.000000    0.000000 ^ _243_/CLK (sg13g2_dfrbpq_1)
     4    0.013798    0.051182    0.176628    0.176628 v _243_/Q (sg13g2_dfrbpq_1)
                                                         data_word[1] (net)
                      0.051182    0.000000    0.176628 v _123_/A1 (sg13g2_mux2_1)
     1    0.001430    0.024804    0.111670    0.288298 v _123_/X (sg13g2_mux2_1)
                                                         _038_ (net)
                      0.024804    0.000000    0.288298 v _244_/D (sg13g2_dfrbpq_1)
                                              0.288298   data arrival time

                      0.000000    0.000000    0.000000   clock sclk (rise edge)
                                  0.000000    0.000000   clock network delay (ideal)
                                  0.000000    0.000000   clock reconvergence pessimism
                                              0.000000 ^ _244_/CLK (sg13g2_dfrbpq_1)
                                 -0.040077   -0.040077   library hold time
                                             -0.040077   data required time
---------------------------------------------------------------------------------------------
                                             -0.040077   data required time
                                             -0.288298   data arrival time
---------------------------------------------------------------------------------------------
                                              0.328374   slack (MET)


Startpoint: _244_ (rising edge-triggered flip-flop clocked by sclk)
Endpoint: _245_ (rising edge-triggered flip-flop clocked by sclk)
Path Group: sclk
Path Type: min

Fanout         Cap        Slew       Delay        Time   Description
---------------------------------------------------------------------------------------------
                      0.000000    0.000000    0.000000   clock sclk (rise edge)
                                  0.000000    0.000000   clock network delay (ideal)
                      0.000000    0.000000    0.000000 ^ _244_/CLK (sg13g2_dfrbpq_1)
     4    0.013798    0.051182    0.176628    0.176628 v _244_/Q (sg13g2_dfrbpq_1)
                                                         data_word[2] (net)
                      0.051182    0.000000    0.176628 v _122_/A1 (sg13g2_mux2_1)
     1    0.001430    0.024804    0.111670    0.288298 v _122_/X (sg13g2_mux2_1)
                                                         _039_ (net)
                      0.024804    0.000000    0.288298 v _245_/D (sg13g2_dfrbpq_1)
                                              0.288298   data arrival time

                      0.000000    0.000000    0.000000   clock sclk (rise edge)
                                  0.000000    0.000000   clock network delay (ideal)
                                  0.000000    0.000000   clock reconvergence pessimism
                                              0.000000 ^ _245_/CLK (sg13g2_dfrbpq_1)
                                 -0.040077   -0.040077   library hold time
                                             -0.040077   data required time
---------------------------------------------------------------------------------------------
                                             -0.040077   data required time
                                             -0.288298   data arrival time
---------------------------------------------------------------------------------------------
                                              0.328374   slack (MET)


Startpoint: _243_ (rising edge-triggered flip-flop clocked by sclk)
Endpoint: _243_ (rising edge-triggered flip-flop clocked by sclk)
Path Group: sclk
Path Type: min

Fanout         Cap        Slew       Delay        Time   Description
---------------------------------------------------------------------------------------------
                      0.000000    0.000000    0.000000   clock sclk (rise edge)
                                  0.000000    0.000000   clock network delay (ideal)
                      0.000000    0.000000    0.000000 ^ _243_/CLK (sg13g2_dfrbpq_1)
     4    0.013798    0.051182    0.176628    0.176628 v _243_/Q (sg13g2_dfrbpq_1)
                                                         data_word[1] (net)
                      0.051182    0.000000    0.176628 v _124_/A0 (sg13g2_mux2_1)
     1    0.001430    0.024804    0.111821    0.288449 v _124_/X (sg13g2_mux2_1)
                                                         _037_ (net)
                      0.024804    0.000000    0.288449 v _243_/D (sg13g2_dfrbpq_1)
                                              0.288449   data arrival time

                      0.000000    0.000000    0.000000   clock sclk (rise edge)
                                  0.000000    0.000000   clock network delay (ideal)
                                  0.000000    0.000000   clock reconvergence pessimism
                                              0.000000 ^ _243_/CLK (sg13g2_dfrbpq_1)
                                 -0.040077   -0.040077   library hold time
                                             -0.040077   data required time
---------------------------------------------------------------------------------------------
                                             -0.040077   data required time
                                             -0.288449   data arrival time
---------------------------------------------------------------------------------------------
                                              0.328525   slack (MET)


Startpoint: _245_ (rising edge-triggered flip-flop clocked by sclk)
Endpoint: _246_ (rising edge-triggered flip-flop clocked by sclk)
Path Group: sclk
Path Type: min

Fanout         Cap        Slew       Delay        Time   Description
---------------------------------------------------------------------------------------------
                      0.000000    0.000000    0.000000   clock sclk (rise edge)
                                  0.000000    0.000000   clock network delay (ideal)
                      0.000000    0.000000    0.000000 ^ _245_/CLK (sg13g2_dfrbpq_1)
     4    0.014101    0.052052    0.177370    0.177370 v _245_/Q (sg13g2_dfrbpq_1)
                                                         data_word[3] (net)
                      0.052052    0.000000    0.177370 v _121_/A1 (sg13g2_mux2_1)
     1    0.001430    0.024804    0.112023    0.289394 v _121_/X (sg13g2_mux2_1)
                                                         _040_ (net)
                      0.024804    0.000000    0.289394 v _246_/D (sg13g2_dfrbpq_1)
                                              0.289394   data arrival time

                      0.000000    0.000000    0.000000   clock sclk (rise edge)
                                  0.000000    0.000000   clock network delay (ideal)
                                  0.000000    0.000000   clock reconvergence pessimism
                                              0.000000 ^ _246_/CLK (sg13g2_dfrbpq_1)
                                 -0.040077   -0.040077   library hold time
                                             -0.040077   data required time
---------------------------------------------------------------------------------------------
                                             -0.040077   data required time
                                             -0.289394   data arrival time
---------------------------------------------------------------------------------------------
                                              0.329470   slack (MET)


Startpoint: _246_ (rising edge-triggered flip-flop clocked by sclk)
Endpoint: _247_ (rising edge-triggered flip-flop clocked by sclk)
Path Group: sclk
Path Type: min

Fanout         Cap        Slew       Delay        Time   Description
---------------------------------------------------------------------------------------------
                      0.000000    0.000000    0.000000   clock sclk (rise edge)
                                  0.000000    0.000000   clock network delay (ideal)
                      0.000000    0.000000    0.000000 ^ _246_/CLK (sg13g2_dfrbpq_1)
     4    0.014101    0.052052    0.177370    0.177370 v _246_/Q (sg13g2_dfrbpq_1)
                                                         data_word[4] (net)
                      0.052052    0.000000    0.177370 v _120_/A1 (sg13g2_mux2_1)
     1    0.001430    0.024804    0.112023    0.289394 v _120_/X (sg13g2_mux2_1)
                                                         _041_ (net)
                      0.024804    0.000000    0.289394 v _247_/D (sg13g2_dfrbpq_1)
                                              0.289394   data arrival time

                      0.000000    0.000000    0.000000   clock sclk (rise edge)
                                  0.000000    0.000000   clock network delay (ideal)
                                  0.000000    0.000000   clock reconvergence pessimism
                                              0.000000 ^ _247_/CLK (sg13g2_dfrbpq_1)
                                 -0.040077   -0.040077   library hold time
                                             -0.040077   data required time
---------------------------------------------------------------------------------------------
                                             -0.040077   data required time
                                             -0.289394   data arrival time
---------------------------------------------------------------------------------------------
                                              0.329470   slack (MET)


Startpoint: _247_ (rising edge-triggered flip-flop clocked by sclk)
Endpoint: _248_ (rising edge-triggered flip-flop clocked by sclk)
Path Group: sclk
Path Type: min

Fanout         Cap        Slew       Delay        Time   Description
---------------------------------------------------------------------------------------------
                      0.000000    0.000000    0.000000   clock sclk (rise edge)
                                  0.000000    0.000000   clock network delay (ideal)
                      0.000000    0.000000    0.000000 ^ _247_/CLK (sg13g2_dfrbpq_1)
     4    0.014101    0.052052    0.177370    0.177370 v _247_/Q (sg13g2_dfrbpq_1)
                                                         data_word[5] (net)
                      0.052052    0.000000    0.177370 v _119_/A1 (sg13g2_mux2_1)
     1    0.001430    0.024804    0.112023    0.289394 v _119_/X (sg13g2_mux2_1)
                                                         _042_ (net)
                      0.024804    0.000000    0.289394 v _248_/D (sg13g2_dfrbpq_1)
                                              0.289394   data arrival time

                      0.000000    0.000000    0.000000   clock sclk (rise edge)
                                  0.000000    0.000000   clock network delay (ideal)
                                  0.000000    0.000000   clock reconvergence pessimism
                                              0.000000 ^ _248_/CLK (sg13g2_dfrbpq_1)
                                 -0.040077   -0.040077   library hold time
                                             -0.040077   data required time
---------------------------------------------------------------------------------------------
                                             -0.040077   data required time
                                             -0.289394   data arrival time
---------------------------------------------------------------------------------------------
                                              0.329470   slack (MET)


Startpoint: _242_ (rising edge-triggered flip-flop clocked by sclk)
Endpoint: _242_ (rising edge-triggered flip-flop clocked by sclk)
Path Group: sclk
Path Type: min

Fanout         Cap        Slew       Delay        Time   Description
---------------------------------------------------------------------------------------------
                      0.000000    0.000000    0.000000   clock sclk (rise edge)
                                  0.000000    0.000000   clock network delay (ideal)
                      0.000000    0.000000    0.000000 ^ _242_/CLK (sg13g2_dfrbpq_1)
     4    0.014076    0.051979    0.177308    0.177308 v _242_/Q (sg13g2_dfrbpq_1)
                                                         data_word[0] (net)
                      0.051979    0.000000    0.177308 v _125_/A0 (sg13g2_mux2_1)
     1    0.001430    0.024804    0.112144    0.289452 v _125_/X (sg13g2_mux2_1)
                                                         _036_ (net)
                      0.024804    0.000000    0.289452 v _242_/D (sg13g2_dfrbpq_1)
                                              0.289452   data arrival time

                      0.000000    0.000000    0.000000   clock sclk (rise edge)
                                  0.000000    0.000000   clock network delay (ideal)
                                  0.000000    0.000000   clock reconvergence pessimism
                                              0.000000 ^ _242_/CLK (sg13g2_dfrbpq_1)
                                 -0.040077   -0.040077   library hold time
                                             -0.040077   data required time
---------------------------------------------------------------------------------------------
                                             -0.040077   data required time
                                             -0.289452   data arrival time
---------------------------------------------------------------------------------------------
                                              0.329529   slack (MET)



