2026-03-04 15:09:57 +0530: Memory Usage (423112K) : Starting running IHP-SG13G2 KLayout DRC runset on /home/hansa/projects/frac-n-pll-vco-smacd_2026/schematic/blocks/dsm/src/runs/RUN_2026-03-04_15-08-00/57-magic-streamout/dsm_and_freq_divider.gds
2026-03-04 15:09:57 +0530: Memory Usage (423112K) : Ruby Version for klayout: 3.3.10
2026-03-04 15:09:57 +0530: Memory Usage (424264K) : Loading database to memory is complete.
2026-03-04 15:09:57 +0530: Memory Usage (424264K) : IHP-SG13G2 KLayout DRC runset output at: /home/hansa/projects/frac-n-pll-vco-smacd_2026/schematic/blocks/dsm/src/runs/RUN_2026-03-04_15-08-00/65-klayout-drc/reports/drc.klayout.lyrdb
2026-03-04 15:09:57 +0530: Memory Usage (424392K) : Evaluate switches.
2026-03-04 15:09:57 +0530: Memory Usage (424392K) : tables selected: main
2026-03-04 15:09:57 +0530: Memory Usage (424392K) : KLayout will use 14 thread(s) in tiling mode.
2026-03-04 15:09:57 +0530: Memory Usage (424392K) : deep mode is enabled.
2026-03-04 15:09:57 +0530: Memory Usage (424392K) : FEOL enabled: true
2026-03-04 15:09:57 +0530: Memory Usage (424392K) : BEOL enabled: true
2026-03-04 15:09:57 +0530: Memory Usage (424392K) : OFFGRID enabled: true
2026-03-04 15:09:57 +0530: Memory Usage (424392K) : PIN enabled: true
2026-03-04 15:09:57 +0530: Memory Usage (424392K) : FORBIDDEN enabled: true
2026-03-04 15:09:57 +0530: Memory Usage (424392K) : RECOMMENDED enabled: false
2026-03-04 15:09:57 +0530: Memory Usage (424392K) : PreCheck DRC enabled: false
2026-03-04 15:09:57 +0530: Memory Usage (424392K) : CONNECTIVITY_RULES enabled: true.
2026-03-04 15:09:57 +0530: Memory Usage (424392K) : Read in polygons from layers.
2026-03-04 15:09:57 +0530: Memory Usage (425544K) : activ_drw has 2432 polygons
2026-03-04 15:09:57 +0530: Memory Usage (425544K) : activ_pin has 0 polygons
2026-03-04 15:09:57 +0530: Memory Usage (425544K) : activ_mask has 0 polygons
2026-03-04 15:09:57 +0530: Memory Usage (425544K) : activ_filler has 0 polygons
2026-03-04 15:09:57 +0530: Memory Usage (425544K) : activ_nofill has 0 polygons
2026-03-04 15:09:57 +0530: Memory Usage (425544K) : activ_opc has 0 polygons
2026-03-04 15:09:57 +0530: Memory Usage (425544K) : activ_iopc has 0 polygons
2026-03-04 15:09:57 +0530: Memory Usage (425544K) : activ_noqrc has 0 polygons
2026-03-04 15:09:57 +0530: Memory Usage (425544K) : biwind_drw has 0 polygons
2026-03-04 15:09:57 +0530: Memory Usage (425544K) : biwind_opc has 0 polygons
2026-03-04 15:09:57 +0530: Memory Usage (425544K) : pemwind_drw has 0 polygons
2026-03-04 15:09:57 +0530: Memory Usage (425544K) : gatpoly_drw has 2259 polygons
2026-03-04 15:09:57 +0530: Memory Usage (425544K) : gatpoly_pin has 0 polygons
2026-03-04 15:09:57 +0530: Memory Usage (425544K) : gatpoly_filler has 0 polygons
2026-03-04 15:09:57 +0530: Memory Usage (425544K) : gatpoly_nofill has 0 polygons
2026-03-04 15:09:57 +0530: Memory Usage (425544K) : gatpoly_opc has 0 polygons
2026-03-04 15:09:57 +0530: Memory Usage (425544K) : gatpoly_iopc has 0 polygons
2026-03-04 15:09:57 +0530: Memory Usage (425544K) : gatpoly_noqrc has 0 polygons
2026-03-04 15:09:57 +0530: Memory Usage (425672K) : cont_drw has 16832 polygons
2026-03-04 15:09:57 +0530: Memory Usage (425672K) : cont_opc has 0 polygons
2026-03-04 15:09:57 +0530: Memory Usage (425672K) : nsd_drw has 0 polygons
2026-03-04 15:09:57 +0530: Memory Usage (425672K) : nsd_block has 0 polygons
2026-03-04 15:09:57 +0530: Memory Usage (425800K) : metal1_drw has 3926 polygons
2026-03-04 15:09:57 +0530: Memory Usage (425800K) : metal1_pin has 1616 polygons
2026-03-04 15:09:57 +0530: Memory Usage (425800K) : metal1_mask has 0 polygons
2026-03-04 15:09:57 +0530: Memory Usage (425800K) : metal1_filler has 0 polygons
2026-03-04 15:09:57 +0530: Memory Usage (425800K) : metal1_nofill has 0 polygons
2026-03-04 15:09:57 +0530: Memory Usage (425928K) : metal1_slit has 0 polygons
2026-03-04 15:09:57 +0530: Memory Usage (426056K) : metal1_text has 1605 polygons
2026-03-04 15:09:57 +0530: Memory Usage (426056K) : metal1_opc has 0 polygons
2026-03-04 15:09:57 +0530: Memory Usage (426056K) : metal1_noqrc has 0 polygons
2026-03-04 15:09:57 +0530: Memory Usage (426184K) : metal1_res has 0 polygons
2026-03-04 15:09:57 +0530: Memory Usage (426184K) : metal1_iprobe has 0 polygons
2026-03-04 15:09:57 +0530: Memory Usage (426312K) : metal1_diffprb has 0 polygons
2026-03-04 15:09:57 +0530: Memory Usage (426312K) : passiv_drw has 0 polygons
2026-03-04 15:09:57 +0530: Memory Usage (426440K) : passiv_pin has 0 polygons
2026-03-04 15:09:57 +0530: Memory Usage (426440K) : passiv_sbump has 0 polygons
2026-03-04 15:09:57 +0530: Memory Usage (426568K) : passiv_pillar has 0 polygons
2026-03-04 15:09:57 +0530: Memory Usage (426568K) : passiv_pdl has 0 polygons
2026-03-04 15:09:57 +0530: Memory Usage (426696K) : metal2_drw has 617 polygons
2026-03-04 15:09:57 +0530: Memory Usage (426696K) : metal2_pin has 1 polygons
2026-03-04 15:09:57 +0530: Memory Usage (426824K) : metal2_mask has 0 polygons
2026-03-04 15:09:57 +0530: Memory Usage (426824K) : metal2_filler has 0 polygons
2026-03-04 15:09:57 +0530: Memory Usage (426824K) : metal2_nofill has 0 polygons
2026-03-04 15:09:57 +0530: Memory Usage (426952K) : metal2_slit has 0 polygons
2026-03-04 15:09:57 +0530: Memory Usage (426952K) : metal2_text has 1 polygons
2026-03-04 15:09:57 +0530: Memory Usage (427080K) : metal2_opc has 0 polygons
2026-03-04 15:09:57 +0530: Memory Usage (427080K) : metal2_noqrc has 0 polygons
2026-03-04 15:09:57 +0530: Memory Usage (427208K) : metal2_res has 0 polygons
2026-03-04 15:09:57 +0530: Memory Usage (427208K) : metal2_iprobe has 0 polygons
2026-03-04 15:09:57 +0530: Memory Usage (427208K) : metal2_diffprb has 0 polygons
2026-03-04 15:09:57 +0530: Memory Usage (427208K) : baspoly_drw has 0 polygons
2026-03-04 15:09:57 +0530: Memory Usage (427208K) : baspoly_pin has 0 polygons
2026-03-04 15:09:57 +0530: Memory Usage (427208K) : psd_drw has 1089 polygons
2026-03-04 15:09:57 +0530: Memory Usage (427208K) : nldb_drw has 0 polygons
2026-03-04 15:09:57 +0530: Memory Usage (427336K) : digibnd_drw has 0 polygons
2026-03-04 15:09:57 +0530: Memory Usage (427336K) : via1_drw has 637 polygons
2026-03-04 15:09:57 +0530: Memory Usage (427464K) : backmetal1_drw has 0 polygons
2026-03-04 15:09:57 +0530: Memory Usage (427464K) : backmetal1_pin has 0 polygons
2026-03-04 15:09:57 +0530: Memory Usage (427592K) : backmetal1_mask has 0 polygons
2026-03-04 15:09:57 +0530: Memory Usage (427592K) : backmetal1_filler has 0 polygons
2026-03-04 15:09:57 +0530: Memory Usage (427720K) : backmetal1_nofill has 0 polygons
2026-03-04 15:09:57 +0530: Memory Usage (427720K) : backmetal1_slit has 0 polygons
2026-03-04 15:09:57 +0530: Memory Usage (427720K) : backmetal1_text has 0 polygons
2026-03-04 15:09:57 +0530: Memory Usage (427848K) : backmetal1_opc has 0 polygons
2026-03-04 15:09:57 +0530: Memory Usage (427976K) : backmetal1_noqrc has 0 polygons
2026-03-04 15:09:57 +0530: Memory Usage (427976K) : backmetal1_res has 0 polygons
2026-03-04 15:09:57 +0530: Memory Usage (428104K) : backmetal1_iprobe has 0 polygons
2026-03-04 15:09:57 +0530: Memory Usage (428104K) : backmetal1_diffprb has 0 polygons
2026-03-04 15:09:57 +0530: Memory Usage (428232K) : backpassiv_drw has 0 polygons
2026-03-04 15:09:57 +0530: Memory Usage (428232K) : res_drw has 0 polygons
2026-03-04 15:09:57 +0530: Memory Usage (428360K) : sram_drw has 0 polygons
2026-03-04 15:09:57 +0530: Memory Usage (428360K) : trans_drw has 0 polygons
2026-03-04 15:09:57 +0530: Memory Usage (428488K) : ind_drw has 0 polygons
2026-03-04 15:09:57 +0530: Memory Usage (428488K) : ind_pin has 0 polygons
2026-03-04 15:09:57 +0530: Memory Usage (428616K) : ind_text has 0 polygons
2026-03-04 15:09:57 +0530: Memory Usage (428616K) : salblock_drw has 0 polygons
2026-03-04 15:09:57 +0530: Memory Usage (428744K) : via2_drw has 440 polygons
2026-03-04 15:09:57 +0530: Memory Usage (428744K) : metal3_drw has 179 polygons
2026-03-04 15:09:57 +0530: Memory Usage (428872K) : metal3_pin has 5 polygons
2026-03-04 15:09:57 +0530: Memory Usage (428872K) : metal3_mask has 0 polygons
2026-03-04 15:09:57 +0530: Memory Usage (429000K) : metal3_filler has 0 polygons
2026-03-04 15:09:57 +0530: Memory Usage (429000K) : metal3_nofill has 0 polygons
2026-03-04 15:09:57 +0530: Memory Usage (429000K) : metal3_slit has 0 polygons
2026-03-04 15:09:57 +0530: Memory Usage (429128K) : metal3_text has 5 polygons
2026-03-04 15:09:57 +0530: Memory Usage (429128K) : metal3_opc has 0 polygons
2026-03-04 15:09:57 +0530: Memory Usage (429256K) : metal3_noqrc has 0 polygons
2026-03-04 15:09:57 +0530: Memory Usage (429256K) : metal3_res has 0 polygons
2026-03-04 15:09:57 +0530: Memory Usage (429640K) : metal3_iprobe has 0 polygons
2026-03-04 15:09:57 +0530: Memory Usage (429640K) : metal3_diffprb has 0 polygons
2026-03-04 15:09:57 +0530: Memory Usage (429640K) : nwell_drw has 542 polygons
2026-03-04 15:09:57 +0530: Memory Usage (429768K) : nwell_pin has 0 polygons
2026-03-04 15:09:57 +0530: Memory Usage (429768K) : nbulay_drw has 0 polygons
2026-03-04 15:09:57 +0530: Memory Usage (429768K) : nbulay_pin has 0 polygons
2026-03-04 15:09:57 +0530: Memory Usage (429768K) : nbulay_block has 0 polygons
2026-03-04 15:09:57 +0530: Memory Usage (429768K) : emwind_drw has 0 polygons
2026-03-04 15:09:57 +0530: Memory Usage (429768K) : emwind_opc has 0 polygons
2026-03-04 15:09:57 +0530: Memory Usage (429896K) : deepco_drw has 0 polygons
2026-03-04 15:09:57 +0530: Memory Usage (429896K) : deepco_drw has 0 polygons
2026-03-04 15:09:57 +0530: Memory Usage (430024K) : mim_drw has 0 polygons
2026-03-04 15:09:57 +0530: Memory Usage (430024K) : edgeseal_drw has 0 polygons
2026-03-04 15:09:57 +0530: Memory Usage (430152K) : edgeseal_bound has 0 polygons
2026-03-04 15:09:57 +0530: Memory Usage (430152K) : substrate_drw has 0 polygons
2026-03-04 15:09:57 +0530: Memory Usage (430280K) : substrate_text has 0 polygons
2026-03-04 15:09:57 +0530: Memory Usage (430280K) : dfpad_drw has 0 polygons
2026-03-04 15:09:57 +0530: Memory Usage (430408K) : dfpad_pillar has 0 polygons
2026-03-04 15:09:57 +0530: Memory Usage (430408K) : dfpad_sbump has 0 polygons
2026-03-04 15:09:57 +0530: Memory Usage (430536K) : thickgateox_drw has 0 polygons
2026-03-04 15:09:57 +0530: Memory Usage (430536K) : pldb_drw has 0 polygons
2026-03-04 15:09:57 +0530: Memory Usage (430664K) : pwell_drw has 0 polygons
2026-03-04 15:09:57 +0530: Memory Usage (430664K) : pwell_pin has 0 polygons
2026-03-04 15:09:57 +0530: Memory Usage (430792K) : pwell_block has 0 polygons
2026-03-04 15:09:57 +0530: Memory Usage (430792K) : ic_drw has 0 polygons
2026-03-04 15:09:57 +0530: Memory Usage (430920K) : via3_drw has 112 polygons
2026-03-04 15:09:57 +0530: Memory Usage (430920K) : metal4_drw has 23 polygons
2026-03-04 15:09:57 +0530: Memory Usage (431048K) : metal4_pin has 0 polygons
2026-03-04 15:09:57 +0530: Memory Usage (431048K) : metal4_mask has 0 polygons
2026-03-04 15:09:57 +0530: Memory Usage (431176K) : metal4_filler has 0 polygons
2026-03-04 15:09:57 +0530: Memory Usage (431176K) : metal4_nofill has 0 polygons
2026-03-04 15:09:57 +0530: Memory Usage (431304K) : metal4_slit has 0 polygons
2026-03-04 15:09:57 +0530: Memory Usage (431304K) : metal4_text has 0 polygons
2026-03-04 15:09:57 +0530: Memory Usage (431432K) : metal4_opc has 0 polygons
2026-03-04 15:09:57 +0530: Memory Usage (431432K) : metal4_noqrc has 0 polygons
2026-03-04 15:09:57 +0530: Memory Usage (431560K) : metal4_res has 0 polygons
2026-03-04 15:09:57 +0530: Memory Usage (431560K) : metal4_iprobe has 0 polygons
2026-03-04 15:09:57 +0530: Memory Usage (431688K) : metal4_diffprb has 0 polygons
2026-03-04 15:09:57 +0530: Memory Usage (431688K) : heattrans_drw has 0 polygons
2026-03-04 15:09:57 +0530: Memory Usage (431816K) : heatres_drw has 0 polygons
2026-03-04 15:09:57 +0530: Memory Usage (431816K) : pempoly_drw has 0 polygons
2026-03-04 15:09:57 +0530: Memory Usage (431944K) : fbe_drw has 0 polygons
2026-03-04 15:09:57 +0530: Memory Usage (431944K) : empoly_drw has 0 polygons
2026-03-04 15:09:57 +0530: Memory Usage (432072K) : ldmos_drw has 0 polygons
2026-03-04 15:09:57 +0530: Memory Usage (432072K) : pbiwind_drw has 0 polygons
2026-03-04 15:09:57 +0530: Memory Usage (432200K) : digisub_drw has 0 polygons
2026-03-04 15:09:57 +0530: Memory Usage (432200K) : nodrc_drw has 0 polygons
2026-03-04 15:09:57 +0530: Memory Usage (432328K) : text_drw has 0 polygons
2026-03-04 15:09:57 +0530: Memory Usage (432328K) : via4_drw has 110 polygons
2026-03-04 15:09:57 +0530: Memory Usage (432456K) : metal5_drw has 22 polygons
2026-03-04 15:09:57 +0530: Memory Usage (432456K) : metal5_pin has 0 polygons
2026-03-04 15:09:57 +0530: Memory Usage (432584K) : metal5_mask has 0 polygons
2026-03-04 15:09:57 +0530: Memory Usage (432584K) : metal5_filler has 0 polygons
2026-03-04 15:09:57 +0530: Memory Usage (432712K) : metal5_nofill has 0 polygons
2026-03-04 15:09:57 +0530: Memory Usage (432712K) : metal5_slit has 0 polygons
2026-03-04 15:09:57 +0530: Memory Usage (432840K) : metal5_text has 0 polygons
2026-03-04 15:09:57 +0530: Memory Usage (432840K) : metal5_opc has 0 polygons
2026-03-04 15:09:57 +0530: Memory Usage (432968K) : metal5_noqrc has 0 polygons
2026-03-04 15:09:57 +0530: Memory Usage (432968K) : metal5_res has 0 polygons
2026-03-04 15:09:57 +0530: Memory Usage (433096K) : metal5_iprobe has 0 polygons
2026-03-04 15:09:57 +0530: Memory Usage (433096K) : metal5_diffprb has 0 polygons
2026-03-04 15:09:57 +0530: Memory Usage (433224K) : radhard_drw has 0 polygons
2026-03-04 15:09:57 +0530: Memory Usage (433224K) : memcap_drw has 0 polygons
2026-03-04 15:09:57 +0530: Memory Usage (433352K) : varicap_drw has 0 polygons
2026-03-04 15:09:57 +0530: Memory Usage (433352K) : flash_drw has 0 polygons
2026-03-04 15:09:57 +0530: Memory Usage (433480K) : intbondvia_drw has 0 polygons
2026-03-04 15:09:57 +0530: Memory Usage (433480K) : intbondmet_drw has 0 polygons
2026-03-04 15:09:57 +0530: Memory Usage (433608K) : devbondvia_drw has 0 polygons
2026-03-04 15:09:57 +0530: Memory Usage (433608K) : devbondmet_drw has 0 polygons
2026-03-04 15:09:57 +0530: Memory Usage (433736K) : devtrench_drw has 0 polygons
2026-03-04 15:09:57 +0530: Memory Usage (433736K) : redist_drw has 0 polygons
2026-03-04 15:09:57 +0530: Memory Usage (433864K) : graphbot_drw has 0 polygons
2026-03-04 15:09:57 +0530: Memory Usage (433992K) : graphtop_drw has 0 polygons
2026-03-04 15:09:57 +0530: Memory Usage (433992K) : antvia1_drw has 0 polygons
2026-03-04 15:09:57 +0530: Memory Usage (433992K) : antmetal2_drw has 0 polygons
2026-03-04 15:09:57 +0530: Memory Usage (433992K) : graphcont_drw has 0 polygons
2026-03-04 15:09:57 +0530: Memory Usage (433992K) : siwg_drw has 0 polygons
2026-03-04 15:09:57 +0530: Memory Usage (433992K) : siwg_filler has 0 polygons
2026-03-04 15:09:57 +0530: Memory Usage (433992K) : siwg_nofill has 0 polygons
2026-03-04 15:09:57 +0530: Memory Usage (433992K) : sigrating_drw has 0 polygons
2026-03-04 15:09:57 +0530: Memory Usage (433992K) : singrating_drw has 0 polygons
2026-03-04 15:09:57 +0530: Memory Usage (433992K) : graphpas_drw has 0 polygons
2026-03-04 15:09:57 +0530: Memory Usage (433992K) : emwind3_drw has 0 polygons
2026-03-04 15:09:57 +0530: Memory Usage (433992K) : emwihv3_drw has 0 polygons
2026-03-04 15:09:57 +0530: Memory Usage (433992K) : redbulay_drw has 0 polygons
2026-03-04 15:09:57 +0530: Memory Usage (433992K) : smos_drw has 0 polygons
2026-03-04 15:09:57 +0530: Memory Usage (433992K) : graphpad_drw has 0 polygons
2026-03-04 15:09:57 +0530: Memory Usage (433992K) : polimide_drw has 0 polygons
2026-03-04 15:09:57 +0530: Memory Usage (433992K) : polimide_pin has 0 polygons
2026-03-04 15:09:57 +0530: Memory Usage (433992K) : recog_drw has 0 polygons
2026-03-04 15:09:57 +0530: Memory Usage (433992K) : recog_pin has 0 polygons
2026-03-04 15:09:57 +0530: Memory Usage (433992K) : recog_esd has 0 polygons
2026-03-04 15:09:57 +0530: Memory Usage (433992K) : recog_diode has 0 polygons
2026-03-04 15:09:57 +0530: Memory Usage (433992K) : recog_tsv has 0 polygons
2026-03-04 15:09:57 +0530: Memory Usage (433992K) : recog_iprobe has 0 polygons
2026-03-04 15:09:57 +0530: Memory Usage (433992K) : recog_diffprb has 0 polygons
2026-03-04 15:09:57 +0530: Memory Usage (433992K) : recog_pillar has 0 polygons
2026-03-04 15:09:57 +0530: Memory Usage (433992K) : recog_sbump has 0 polygons
2026-03-04 15:09:57 +0530: Memory Usage (433992K) : recog_otp has 0 polygons
2026-03-04 15:09:57 +0530: Memory Usage (433992K) : recog_pdiode has 0 polygons
2026-03-04 15:09:57 +0530: Memory Usage (433992K) : recog_mom has 0 polygons
2026-03-04 15:09:57 +0530: Memory Usage (433992K) : recog_pcm has 0 polygons
2026-03-04 15:09:57 +0530: Memory Usage (433992K) : colopen_drw has 0 polygons
2026-03-04 15:09:57 +0530: Memory Usage (433992K) : graphmetal1_drw has 0 polygons
2026-03-04 15:09:57 +0530: Memory Usage (433992K) : graphmetal1_filler has 0 polygons
2026-03-04 15:09:57 +0530: Memory Usage (433992K) : graphmetal1_nofill has 0 polygons
2026-03-04 15:09:57 +0530: Memory Usage (433992K) : graphmetal1_slit has 0 polygons
2026-03-04 15:09:57 +0530: Memory Usage (433992K) : graphmetal1_opc has 0 polygons
2026-03-04 15:09:57 +0530: Memory Usage (433992K) : graphmet1l_drw has 0 polygons
2026-03-04 15:09:57 +0530: Memory Usage (433992K) : graphmet1l_filler has 0 polygons
2026-03-04 15:09:57 +0530: Memory Usage (433992K) : graphmet1l_nofill has 0 polygons
2026-03-04 15:09:57 +0530: Memory Usage (433992K) : graphmet1l_slit has 0 polygons
2026-03-04 15:09:57 +0530: Memory Usage (433992K) : graphmet1l_opc has 0 polygons
2026-03-04 15:09:57 +0530: Memory Usage (433992K) : extblock_drw has 0 polygons
2026-03-04 15:09:57 +0530: Memory Usage (433992K) : nldd_drw has 0 polygons
2026-03-04 15:09:57 +0530: Memory Usage (433992K) : pldd_drw has 0 polygons
2026-03-04 15:09:57 +0530: Memory Usage (433992K) : next_drw has 0 polygons
2026-03-04 15:09:57 +0530: Memory Usage (433992K) : pext_drw has 0 polygons
2026-03-04 15:09:57 +0530: Memory Usage (433992K) : nexthv_drw has 0 polygons
2026-03-04 15:09:57 +0530: Memory Usage (433992K) : pexthv_drw has 0 polygons
2026-03-04 15:09:57 +0530: Memory Usage (433992K) : graphgate_drw has 0 polygons
2026-03-04 15:09:57 +0530: Memory Usage (433992K) : sinwg_drw has 0 polygons
2026-03-04 15:09:57 +0530: Memory Usage (433992K) : sinwg_filler has 0 polygons
2026-03-04 15:09:57 +0530: Memory Usage (433992K) : sinwg_nofill has 0 polygons
2026-03-04 15:09:57 +0530: Memory Usage (433992K) : mempad_drw has 0 polygons
2026-03-04 15:09:57 +0530: Memory Usage (433992K) : topvia1_drw has 44 polygons
2026-03-04 15:09:57 +0530: Memory Usage (434120K) : topmetal1_drw has 2 polygons
2026-03-04 15:09:57 +0530: Memory Usage (434120K) : topmetal1_pin has 2 polygons
2026-03-04 15:09:57 +0530: Memory Usage (434248K) : topmetal1_mask has 0 polygons
2026-03-04 15:09:57 +0530: Memory Usage (434248K) : topmetal1_filler has 0 polygons
2026-03-04 15:09:57 +0530: Memory Usage (434376K) : topmetal1_nofill has 0 polygons
2026-03-04 15:09:57 +0530: Memory Usage (434376K) : topmetal1_slit has 0 polygons
2026-03-04 15:09:57 +0530: Memory Usage (434504K) : topmetal1_text has 2 polygons
2026-03-04 15:09:57 +0530: Memory Usage (434504K) : topmetal1_noqrc has 0 polygons
2026-03-04 15:09:57 +0530: Memory Usage (434632K) : topmetal1_res has 0 polygons
2026-03-04 15:09:57 +0530: Memory Usage (434632K) : topmetal1_iprobe has 0 polygons
2026-03-04 15:09:57 +0530: Memory Usage (434760K) : topmetal1_diffprb has 0 polygons
2026-03-04 15:09:57 +0530: Memory Usage (434760K) : inldpwl_drw has 0 polygons
2026-03-04 15:09:57 +0530: Memory Usage (434888K) : polyres_drw has 0 polygons
2026-03-04 15:09:57 +0530: Memory Usage (434888K) : polyres_pin has 0 polygons
2026-03-04 15:09:57 +0530: Memory Usage (435016K) : vmim_drw has 0 polygons
2026-03-04 15:09:57 +0530: Memory Usage (435016K) : nbulaycut_drw has 0 polygons
2026-03-04 15:09:57 +0530: Memory Usage (435144K) : antmetal1_drw has 0 polygons
2026-03-04 15:09:57 +0530: Memory Usage (435144K) : topvia2_drw has 2 polygons
2026-03-04 15:09:57 +0530: Memory Usage (435272K) : topmetal2_drw has 2 polygons
2026-03-04 15:09:57 +0530: Memory Usage (435272K) : topmetal2_pin has 2 polygons
2026-03-04 15:09:57 +0530: Memory Usage (435400K) : topmetal2_mask has 0 polygons
2026-03-04 15:09:57 +0530: Memory Usage (435400K) : topmetal2_filler has 0 polygons
2026-03-04 15:09:57 +0530: Memory Usage (435528K) : topmetal2_nofill has 0 polygons
2026-03-04 15:09:57 +0530: Memory Usage (435528K) : topmetal2_slit has 0 polygons
2026-03-04 15:09:57 +0530: Memory Usage (435656K) : topmetal2_text has 2 polygons
2026-03-04 15:09:57 +0530: Memory Usage (435656K) : topmetal2_noqrc has 0 polygons
2026-03-04 15:09:57 +0530: Memory Usage (435784K) : topmetal2_res has 0 polygons
2026-03-04 15:09:57 +0530: Memory Usage (435784K) : topmetal2_iprobe has 0 polygons
2026-03-04 15:09:57 +0530: Memory Usage (435912K) : topmetal2_diffprb has 0 polygons
2026-03-04 15:09:57 +0530: Memory Usage (435912K) : snsring_drw has 0 polygons
2026-03-04 15:09:57 +0530: Memory Usage (436040K) : sensor_drw has 0 polygons
2026-03-04 15:09:57 +0530: Memory Usage (436040K) : snsarms_drw has 0 polygons
2026-03-04 15:09:57 +0530: Memory Usage (436168K) : snscmosvia_drw has 0 polygons
2026-03-04 15:09:57 +0530: Memory Usage (436168K) : colwind_drw has 0 polygons
2026-03-04 15:09:57 +0530: Memory Usage (436296K) : flm_drw has 0 polygons
2026-03-04 15:09:57 +0530: Memory Usage (436296K) : hafniumox_drw has 0 polygons
2026-03-04 15:09:57 +0530: Memory Usage (436424K) : memvia_drw has 0 polygons
2026-03-04 15:09:57 +0530: Memory Usage (436424K) : thinfilmres_drw has 0 polygons
2026-03-04 15:09:57 +0530: Memory Usage (436552K) : rfmem_drw has 0 polygons
2026-03-04 15:09:57 +0530: Memory Usage (436552K) : norcx_drw has 0 polygons
2026-03-04 15:09:57 +0530: Memory Usage (436680K) : norcx_m2m3 has 0 polygons
2026-03-04 15:09:57 +0530: Memory Usage (436680K) : norcx_m2m4 has 0 polygons
2026-03-04 15:09:57 +0530: Memory Usage (436808K) : norcx_m2m5 has 0 polygons
2026-03-04 15:09:57 +0530: Memory Usage (436936K) : norcx_m2tm1 has 0 polygons
2026-03-04 15:09:57 +0530: Memory Usage (436936K) : norcx_m2tm2 has 0 polygons
2026-03-04 15:09:57 +0530: Memory Usage (437064K) : norcx_m3m4 has 0 polygons
2026-03-04 15:09:57 +0530: Memory Usage (437064K) : norcx_m3m5 has 0 polygons
2026-03-04 15:09:57 +0530: Memory Usage (437192K) : norcx_m3tm1 has 0 polygons
2026-03-04 15:09:57 +0530: Memory Usage (437320K) : norcx_m3tm2 has 0 polygons
2026-03-04 15:09:57 +0530: Memory Usage (437320K) : norcx_m4m5 has 0 polygons
2026-03-04 15:09:57 +0530: Memory Usage (437320K) : norcx_m4tm1 has 0 polygons
2026-03-04 15:09:57 +0530: Memory Usage (437320K) : norcx_m4tm2 has 0 polygons
2026-03-04 15:09:57 +0530: Memory Usage (437320K) : norcx_m5tm1 has 0 polygons
2026-03-04 15:09:57 +0530: Memory Usage (437320K) : norcx_m5tm2 has 0 polygons
2026-03-04 15:09:57 +0530: Memory Usage (437320K) : norcx_tm1tm2 has 0 polygons
2026-03-04 15:09:57 +0530: Memory Usage (437320K) : norcx_m1sub has 0 polygons
2026-03-04 15:09:57 +0530: Memory Usage (437320K) : norcx_m2sub has 0 polygons
2026-03-04 15:09:57 +0530: Memory Usage (437320K) : norcx_m3sub has 0 polygons
2026-03-04 15:09:57 +0530: Memory Usage (437320K) : norcx_m4sub has 0 polygons
2026-03-04 15:09:57 +0530: Memory Usage (437320K) : norcx_m5sub has 0 polygons
2026-03-04 15:09:57 +0530: Memory Usage (437320K) : norcx_tm1sub has 0 polygons
2026-03-04 15:09:57 +0530: Memory Usage (437320K) : norcx_tm2sub has 0 polygons
2026-03-04 15:09:57 +0530: Memory Usage (437320K) : snsbotvia_drw has 0 polygons
2026-03-04 15:09:57 +0530: Memory Usage (437320K) : snstopvia_drw has 0 polygons
2026-03-04 15:09:57 +0530: Memory Usage (437320K) : deepvia_drw has 0 polygons
2026-03-04 15:09:57 +0530: Memory Usage (437320K) : fgetch_drw has 0 polygons
2026-03-04 15:09:57 +0530: Memory Usage (437320K) : ctrgat_drw has 0 polygons
2026-03-04 15:09:57 +0530: Memory Usage (437320K) : fgimp_drw has 0 polygons
2026-03-04 15:09:57 +0530: Memory Usage (437320K) : emwihv_drw has 0 polygons
2026-03-04 15:09:57 +0530: Memory Usage (437320K) : lbe_drw has 0 polygons
2026-03-04 15:09:57 +0530: Memory Usage (437320K) : alcustop_drw has 0 polygons
2026-03-04 15:09:57 +0530: Memory Usage (437320K) : nometfiller_drw has 0 polygons
2026-03-04 15:09:57 +0530: Memory Usage (437320K) : prboundary_drw has 0 polygons
2026-03-04 15:09:57 +0530: Memory Usage (437320K) : exchange0_drw has 0 polygons
2026-03-04 15:09:57 +0530: Memory Usage (437320K) : exchange0_pin has 0 polygons
2026-03-04 15:09:57 +0530: Memory Usage (437320K) : exchange0_text has 0 polygons
2026-03-04 15:09:57 +0530: Memory Usage (437320K) : exchange1_drw has 0 polygons
2026-03-04 15:09:57 +0530: Memory Usage (437320K) : exchange1_pin has 0 polygons
2026-03-04 15:09:57 +0530: Memory Usage (437320K) : exchange1_text has 0 polygons
2026-03-04 15:09:57 +0530: Memory Usage (437320K) : exchange2_drw has 0 polygons
2026-03-04 15:09:57 +0530: Memory Usage (437320K) : exchange2_pin has 0 polygons
2026-03-04 15:09:57 +0530: Memory Usage (437320K) : exchange2_text has 0 polygons
2026-03-04 15:09:57 +0530: Memory Usage (437320K) : exchange3_drw has 0 polygons
2026-03-04 15:09:57 +0530: Memory Usage (437320K) : exchange3_pin has 0 polygons
2026-03-04 15:09:57 +0530: Memory Usage (437320K) : exchange3_text has 0 polygons
2026-03-04 15:09:57 +0530: Memory Usage (437320K) : exchange4_drw has 0 polygons
2026-03-04 15:09:57 +0530: Memory Usage (437320K) : exchange4_pin has 0 polygons
2026-03-04 15:09:57 +0530: Memory Usage (437320K) : exchange4_text has 0 polygons
2026-03-04 15:09:57 +0530: Memory Usage (437320K) : isonwell_drw has 0 polygons
2026-03-04 15:09:57 +0530: Memory Usage (437320K) : Total no. of polygons in the design is 32511
2026-03-04 15:09:57 +0530: Memory Usage (437320K) : Loaded TECH DRC rules values from /home/hansa/.ciel/ciel/ihp-sg13g2/versions/c4b8b4e5e7a05f375cca3815d51b3a37721fbf5c/ihp-sg13g2/libs.tech/klayout/python/sg13g2_pycell_lib/sg13g2_tech_mod.json
2026-03-04 15:09:57 +0530: Memory Usage (437320K) : Loaded default DRC rules values from /home/hansa/.ciel/ciel/ihp-sg13g2/versions/c4b8b4e5e7a05f375cca3815d51b3a37721fbf5c/ihp-sg13g2/libs.tech/klayout/tech/drc/rule_decks/sg13g2_tech_default.json
2026-03-04 15:09:57 +0530: Memory Usage (437320K) : The following rules values were missing in tech json and default values were used:
2026-03-04 15:09:57 +0530: Memory Usage (437320K) :   - Cnt_c_digibnd
2026-03-04 15:09:57 +0530: Memory Usage (438216K) : Total area of the design is 10129.5568 um^2.
2026-03-04 15:09:57 +0530: Memory Usage (438216K) : The design dimensions are 91.72 µm * 110.44 µm.
2026-03-04 15:09:57 +0530: Memory Usage (438216K) : Starting general IHP-SG13G2 derivations.
2026-03-04 15:09:57 +0530: Memory Usage (438216K) : Starting Pwell derivations
2026-03-04 15:09:57 +0530: Memory Usage (440392K) : Starting n-Activ derivations
2026-03-04 15:09:57 +0530: Memory Usage (441160K) : Starting p-Activ derivations
2026-03-04 15:09:57 +0530: Memory Usage (441672K) : Starting ptap derivations
2026-03-04 15:09:57 +0530: Memory Usage (442056K) : Starting ntap derivations
2026-03-04 15:09:57 +0530: Memory Usage (442184K) : Starting pact FET derivations
2026-03-04 15:09:57 +0530: Memory Usage (442440K) : Starting nact FET derivations
2026-03-04 15:09:57 +0530: Memory Usage (442696K) : Starting Gate derivations
2026-03-04 15:09:57 +0530: Memory Usage (443208K) : Starting cont/contbar general derivations
2026-03-04 15:09:57 +0530: Memory Usage (443208K) : Starting pad general derivations
2026-03-04 15:09:57 +0530: Memory Usage (443208K) : Starting IHP-SG13G2 DRC connectivity related derivations.
2026-03-04 15:09:57 +0530: Memory Usage (443208K) : Starting IHP-SG13G2 DRC connectivity setup
2026-03-04 15:09:58 +0530: Memory Usage (443592K) : Starting IHP-SG13G2 DRC rules.
2026-03-04 15:09:58 +0530: Memory Usage (443592K) : Running all FEOL rules
2026-03-04 15:09:58 +0530: Memory Usage (443592K) : Running all BEOL rules
2026-03-04 15:09:58 +0530: Memory Usage (443592K) : Running all PIN rules
2026-03-04 15:09:58 +0530: Memory Usage (443592K) : Running all FORBIDDEN rules
2026-03-04 15:09:58 +0530: Memory Usage (443592K) : Starting 5.1 NWell table
2026-03-04 15:09:58 +0530: Memory Usage (443592K) : Executing rule NW.b
2026-03-04 15:09:58 +0530: Memory Usage (444232K) : Executing rule NW.b1
2026-03-04 15:09:58 +0530: Memory Usage (444228K) : Starting 5.2 PWell:block
2026-03-04 15:09:58 +0530: Memory Usage (444228K) : Executing rule PWB.e
2026-03-04 15:09:58 +0530: Memory Usage (444228K) : Executing rule PWB.e1
2026-03-04 15:09:58 +0530: Memory Usage (444228K) : Executing rule PWB.f
2026-03-04 15:09:58 +0530: Memory Usage (444228K) : Executing rule PWB.f1
2026-03-04 15:09:58 +0530: Memory Usage (444228K) : Starting 5.3 nBuLay table
2026-03-04 15:09:58 +0530: Memory Usage (444612K) : Executing rule NBL.b
2026-03-04 15:09:58 +0530: Memory Usage (444612K) : Executing rule NBL.c
2026-03-04 15:09:58 +0530: Memory Usage (444612K) : Executing rule NBL.d
2026-03-04 15:09:58 +0530: Memory Usage (444740K) : Executing rule NBL.e
2026-03-04 15:09:58 +0530: Memory Usage (444868K) : Executing rule NBL.f
2026-03-04 15:09:58 +0530: Memory Usage (444996K) : Starting 5.5. Activ table
2026-03-04 15:09:58 +0530: Memory Usage (444996K) : Executing rule Act.a
2026-03-04 15:09:58 +0530: Memory Usage (444996K) : Executing rule Act.b
2026-03-04 15:09:58 +0530: Memory Usage (445636K) : Starting 5.6 Activ:filler table
2026-03-04 15:09:58 +0530: Memory Usage (445636K) : Executing rule AFil.c1
2026-03-04 15:09:58 +0530: Memory Usage (445636K) : Executing rule AFil.c
2026-03-04 15:09:58 +0530: Memory Usage (445636K) : Executing rule AFil.d
2026-03-04 15:09:58 +0530: Memory Usage (445636K) : Executing rule AFil.e
2026-03-04 15:09:58 +0530: Memory Usage (445636K) : Executing rule AFil.j
2026-03-04 15:09:58 +0530: Memory Usage (445636K) : Starting 5.7. ThickGateOx table
2026-03-04 15:09:58 +0530: Memory Usage (445636K) : Executing rule TGO.f
2026-03-04 15:09:58 +0530: Memory Usage (445636K) : Starting 5.8. GatPoly table
2026-03-04 15:09:58 +0530: Memory Usage (445636K) : Executing rule Gat.a
2026-03-04 15:09:58 +0530: Memory Usage (445636K) : Executing rule Gat.b
2026-03-04 15:09:58 +0530: Memory Usage (445892K) : Executing rule Gat.d
2026-03-04 15:09:58 +0530: Memory Usage (445892K) : Executing rule Gat.a1
2026-03-04 15:09:58 +0530: Memory Usage (446532K) : Executing rule Gat.a2
2026-03-04 15:09:58 +0530: Memory Usage (446532K) : Executing rule Gat.g
2026-03-04 15:09:58 +0530: Memory Usage (446660K) : Starting 5.9 GatPoly:filler
2026-03-04 15:09:58 +0530: Memory Usage (446660K) : Executing rule GFil.d
2026-03-04 15:09:58 +0530: Memory Usage (446660K) : Executing rule GFil.e
2026-03-04 15:09:58 +0530: Memory Usage (446660K) : Executing rule GFil.i
2026-03-04 15:09:58 +0530: Memory Usage (446660K) : Starting 5.10 pSD table
2026-03-04 15:09:58 +0530: Memory Usage (446660K) : Executing rule pSD.c1
2026-03-04 15:09:58 +0530: Memory Usage (447168K) : Starting 5.14. Cont table
2026-03-04 15:09:58 +0530: Memory Usage (447168K) : Executing rule Cnt.a
2026-03-04 15:09:58 +0530: Memory Usage (447168K) : Executing rule Cnt.b
2026-03-04 15:09:58 +0530: Memory Usage (447552K) : Executing rule Cnt.c
2026-03-04 15:09:59 +0530: Memory Usage (448320K) : Executing rule Cnt.c
2026-03-04 15:09:59 +0530: Memory Usage (448320K) : Executing rule Cnt.d
2026-03-04 15:09:59 +0530: Memory Usage (448704K) : Executing rule Cnt.e
2026-03-04 15:09:59 +0530: Memory Usage (448704K) : Executing rule Cnt.g1
2026-03-04 15:09:59 +0530: Memory Usage (448960K) : Executing rule Cnt.g2
2026-03-04 15:09:59 +0530: Memory Usage (449600K) : Starting 5.15. ContBar table
2026-03-04 15:09:59 +0530: Memory Usage (449600K) : Executing rule CntB.b1
2026-03-04 15:09:59 +0530: Memory Usage (449600K) : Executing rule CntB.h1
2026-03-04 15:09:59 +0530: Memory Usage (449600K) : Starting 6.1.3 NPN Substrate-Tie table
2026-03-04 15:09:59 +0530: Memory Usage (449600K) : Executing rule npn13G2.bR 
2026-03-04 15:09:59 +0530: Memory Usage (449600K) : Executing rule npn13G2L.cR 
2026-03-04 15:09:59 +0530: Memory Usage (449600K) : Executing rule npn13G2V.cR 
2026-03-04 15:09:59 +0530: Memory Usage (449600K) : Starting 6.7 Schottky diode table
2026-03-04 15:09:59 +0530: Memory Usage (449600K) : Executing rule Sdiod.d
2026-03-04 15:09:59 +0530: Memory Usage (449600K) : Executing rule Sdiod.e
2026-03-04 15:09:59 +0530: Memory Usage (449600K) : Starting 7.2 Latch-up table
2026-03-04 15:09:59 +0530: Memory Usage (449600K) : Executing rule LU.b
2026-03-04 15:09:59 +0530: Memory Usage (449984K) : Starting 5.16. Metal1 table
2026-03-04 15:09:59 +0530: Memory Usage (449984K) : Executing rule M1.a
2026-03-04 15:09:59 +0530: Memory Usage (449984K) : Executing rule M1.b
2026-03-04 15:10:00 +0530: Memory Usage (450880K) : Executing rule M1.e
2026-03-04 15:10:00 +0530: Memory Usage (451136K) : Executing rule M1.f
2026-03-04 15:10:00 +0530: Memory Usage (451136K) : Executing rule M1.g
2026-03-04 15:10:00 +0530: Memory Usage (451264K) : Executing rule M1.i
2026-03-04 15:10:00 +0530: Memory Usage (451904K) : Starting 5.17 Metaln table
2026-03-04 15:10:00 +0530: Memory Usage (451904K) : Executing rule M2.a
2026-03-04 15:10:00 +0530: Memory Usage (451904K) : Executing rule M2.b
2026-03-04 15:10:00 +0530: Memory Usage (451904K) : Executing rule M2.e
2026-03-04 15:10:00 +0530: Memory Usage (451772K) : Executing rule M2.f
2026-03-04 15:10:00 +0530: Memory Usage (451772K) : Executing rule M2.g
2026-03-04 15:10:00 +0530: Memory Usage (451900K) : Executing rule M2.i
2026-03-04 15:10:00 +0530: Memory Usage (451900K) : Executing rule M3.a
2026-03-04 15:10:00 +0530: Memory Usage (451900K) : Executing rule M3.b
2026-03-04 15:10:00 +0530: Memory Usage (451900K) : Executing rule M3.e
2026-03-04 15:10:00 +0530: Memory Usage (451900K) : Executing rule M3.f
2026-03-04 15:10:00 +0530: Memory Usage (451900K) : Executing rule M3.g
2026-03-04 15:10:00 +0530: Memory Usage (451900K) : Executing rule M3.i
2026-03-04 15:10:00 +0530: Memory Usage (452028K) : Executing rule M4.a
2026-03-04 15:10:00 +0530: Memory Usage (452028K) : Executing rule M4.b
2026-03-04 15:10:00 +0530: Memory Usage (452028K) : Executing rule M4.e
2026-03-04 15:10:00 +0530: Memory Usage (452028K) : Executing rule M4.f
2026-03-04 15:10:00 +0530: Memory Usage (452028K) : Executing rule M4.g
2026-03-04 15:10:00 +0530: Memory Usage (452156K) : Executing rule M4.i
2026-03-04 15:10:00 +0530: Memory Usage (452028K) : Executing rule M5.a
2026-03-04 15:10:00 +0530: Memory Usage (452028K) : Executing rule M5.b
2026-03-04 15:10:00 +0530: Memory Usage (451900K) : Executing rule M5.e
2026-03-04 15:10:00 +0530: Memory Usage (452028K) : Executing rule M5.f
2026-03-04 15:10:00 +0530: Memory Usage (452028K) : Executing rule M5.g
2026-03-04 15:10:00 +0530: Memory Usage (452028K) : Executing rule M5.i
2026-03-04 15:10:00 +0530: Memory Usage (452028K) : Starting 5.18 Metaln:filler table
2026-03-04 15:10:00 +0530: Memory Usage (452028K) : Executing rule M1Fil.c
2026-03-04 15:10:00 +0530: Memory Usage (452028K) : Executing rule M1Fil.a2
2026-03-04 15:10:00 +0530: Memory Usage (452028K) : Executing rule M2Fil.c
2026-03-04 15:10:00 +0530: Memory Usage (452028K) : Executing rule M2Fil.a2
2026-03-04 15:10:00 +0530: Memory Usage (452028K) : Executing rule M3Fil.c
2026-03-04 15:10:00 +0530: Memory Usage (452028K) : Executing rule M3Fil.a2
2026-03-04 15:10:00 +0530: Memory Usage (452028K) : Executing rule M4Fil.c
2026-03-04 15:10:00 +0530: Memory Usage (452028K) : Executing rule M4Fil.a2
2026-03-04 15:10:00 +0530: Memory Usage (452028K) : Executing rule M5Fil.c
2026-03-04 15:10:00 +0530: Memory Usage (452028K) : Executing rule M5Fil.a2
2026-03-04 15:10:00 +0530: Memory Usage (452028K) : Starting 5.19. Via1 table
2026-03-04 15:10:00 +0530: Memory Usage (452028K) : Starting 5.19. Via1 table derivations
2026-03-04 15:10:00 +0530: Memory Usage (452028K) : Executing rule V1.a
2026-03-04 15:10:00 +0530: Memory Usage (452284K) : Executing rule V1.b
2026-03-04 15:10:00 +0530: Memory Usage (452284K) : Executing rule V1.c
2026-03-04 15:10:00 +0530: Memory Usage (452540K) : Starting 5.20. Vian table
2026-03-04 15:10:00 +0530: Memory Usage (452540K) : Executing rule V2.a
2026-03-04 15:10:00 +0530: Memory Usage (452796K) : Executing rule V2.b
2026-03-04 15:10:00 +0530: Memory Usage (452924K) : Executing rule V2.c
2026-03-04 15:10:00 +0530: Memory Usage (453308K) : Executing rule V3.a
2026-03-04 15:10:00 +0530: Memory Usage (453564K) : Executing rule V3.b
2026-03-04 15:10:00 +0530: Memory Usage (453820K) : Executing rule V3.c
2026-03-04 15:10:00 +0530: Memory Usage (454200K) : Executing rule V4.a
2026-03-04 15:10:00 +0530: Memory Usage (454328K) : Executing rule V4.b
2026-03-04 15:10:00 +0530: Memory Usage (454456K) : Executing rule V4.c
2026-03-04 15:10:00 +0530: Memory Usage (454452K) : Starting 5.21. TopVia1 table
2026-03-04 15:10:00 +0530: Memory Usage (454452K) : Executing rule TV1.a
2026-03-04 15:10:01 +0530: Memory Usage (454708K) : Executing rule TV1.b
2026-03-04 15:10:01 +0530: Memory Usage (455092K) : Executing rule TV1.c
2026-03-04 15:10:01 +0530: Memory Usage (455220K) : Executing rule TV1.d
2026-03-04 15:10:01 +0530: Memory Usage (455220K) : Starting 5.22. TopMetal1 table
2026-03-04 15:10:01 +0530: Memory Usage (455220K) : Executing rule TM1.a
2026-03-04 15:10:01 +0530: Memory Usage (455348K) : Executing rule TM1.b
2026-03-04 15:10:01 +0530: Memory Usage (455344K) : Starting 5.23 TopMetal1:filler table
2026-03-04 15:10:01 +0530: Memory Usage (455344K) : Executing rule TM1Fil.c
2026-03-04 15:10:01 +0530: Memory Usage (455472K) : Executing rule TM1Fil.a1
2026-03-04 15:10:01 +0530: Memory Usage (455600K) : Starting 5.24. TopVia2 table
2026-03-04 15:10:01 +0530: Memory Usage (455600K) : Executing rule TV2.a
2026-03-04 15:10:01 +0530: Memory Usage (455856K) : Executing rule TV2.b
2026-03-04 15:10:01 +0530: Memory Usage (456112K) : Executing rule TV2.c
2026-03-04 15:10:01 +0530: Memory Usage (456240K) : Executing rule TV2.d
2026-03-04 15:10:01 +0530: Memory Usage (456240K) : Starting 5.25. TopMetal2 table
2026-03-04 15:10:01 +0530: Memory Usage (456240K) : Executing rule TM2.a
2026-03-04 15:10:01 +0530: Memory Usage (456240K) : Executing rule TM2.b
2026-03-04 15:10:01 +0530: Memory Usage (456240K) : Executing rule TM2.bR
2026-03-04 15:10:01 +0530: Memory Usage (456240K) : Starting 5.26 TopMetal2:filler table
2026-03-04 15:10:01 +0530: Memory Usage (456240K) : Executing rule TM2Fil.c
2026-03-04 15:10:01 +0530: Memory Usage (456240K) : Executing rule TM2Fil.a1
2026-03-04 15:10:01 +0530: Memory Usage (456240K) : Starting 5.27. Passiv table
2026-03-04 15:10:01 +0530: Memory Usage (456240K) : Executing rule Pas.a
2026-03-04 15:10:01 +0530: Memory Usage (456240K) : Executing rule Pas.b
2026-03-04 15:10:01 +0530: Memory Usage (456240K) : Executing rule Pas.c
2026-03-04 15:10:01 +0530: Memory Usage (456240K) : Starting 6.9.2 Copper Pillar table
2026-03-04 15:10:01 +0530: Memory Usage (456240K) : Executing rule Padc.a
2026-03-04 15:10:01 +0530: Memory Usage (456240K) : Executing rule Padc.b
2026-03-04 15:10:01 +0530: Memory Usage (456240K) : Executing rule Padc.c
2026-03-04 15:10:01 +0530: Memory Usage (456240K) : Executing rule Padb.f
2026-03-04 15:10:01 +0530: Memory Usage (456240K) : Starting 6.9.1 Solder Bump
2026-03-04 15:10:01 +0530: Memory Usage (456240K) : Executing rule Padb.a
2026-03-04 15:10:01 +0530: Memory Usage (456240K) : Executing rule Padb.b
2026-03-04 15:10:01 +0530: Memory Usage (456240K) : Executing rule Padb.c
2026-03-04 15:10:01 +0530: Memory Usage (456240K) : Executing rule Padb.f
2026-03-04 15:10:01 +0530: Memory Usage (456240K) : Executing rule Padb.d
2026-03-04 15:10:01 +0530: Memory Usage (456240K) : Starting 6.10 Sealring table
2026-03-04 15:10:01 +0530: Memory Usage (456240K) : Executing rule Seal.l
2026-03-04 15:10:01 +0530: Memory Usage (456240K) : Executing rule Seal.n
2026-03-04 15:10:01 +0530: Memory Usage (456240K) : Executing rule seal.b_metal1
2026-03-04 15:10:01 +0530: Memory Usage (456240K) : Executing rule seal.b_metal2
2026-03-04 15:10:01 +0530: Memory Usage (456240K) : Executing rule seal.b_metal3
2026-03-04 15:10:01 +0530: Memory Usage (456240K) : Executing rule seal.b_metal4
2026-03-04 15:10:01 +0530: Memory Usage (456240K) : Executing rule seal.b_metal5
2026-03-04 15:10:01 +0530: Memory Usage (456240K) : Executing rule seal.b_topmetal1
2026-03-04 15:10:01 +0530: Memory Usage (456240K) : Executing rule seal.b_topmetal2
2026-03-04 15:10:01 +0530: Memory Usage (456240K) : Executing rule seal.b_activ
2026-03-04 15:10:01 +0530: Memory Usage (456240K) : Executing rule seal.b_psd
2026-03-04 15:10:01 +0530: Memory Usage (456240K) : Executing rule Seal.k
2026-03-04 15:10:01 +0530: Memory Usage (456240K) : Executing rule Seal.m
2026-03-04 15:10:01 +0530: Memory Usage (456240K) : Starting 6.11 MIM table
2026-03-04 15:10:01 +0530: Memory Usage (456240K) : Executing rule MIM.c
2026-03-04 15:10:01 +0530: Memory Usage (456240K) : Executing rule MIM.d
2026-03-04 15:10:01 +0530: Memory Usage (456240K) : Executing rule MIM.gR
2026-03-04 15:10:01 +0530: Memory Usage (456240K) : Starting 7.3 Metal Slits table
2026-03-04 15:10:01 +0530: Memory Usage (456240K) : Executing rule Slt.e1_M1
2026-03-04 15:10:01 +0530: Memory Usage (456240K) : Executing rule Slt.e1_M2
2026-03-04 15:10:01 +0530: Memory Usage (456240K) : Executing rule Slt.e1_M3
2026-03-04 15:10:01 +0530: Memory Usage (456240K) : Executing rule Slt.e1_M4
2026-03-04 15:10:01 +0530: Memory Usage (456240K) : Executing rule Slt.e1_M5
2026-03-04 15:10:01 +0530: Memory Usage (456240K) : Executing rule Slt.e1_TM1
2026-03-04 15:10:01 +0530: Memory Usage (456240K) : Executing rule Slt.e1_TM2
2026-03-04 15:10:01 +0530: Memory Usage (456240K) : Starting 9.1. LBE table
2026-03-04 15:10:01 +0530: Memory Usage (456240K) : Executing rule LBE.a
2026-03-04 15:10:01 +0530: Memory Usage (456240K) : Executing rule LBE.b
2026-03-04 15:10:01 +0530: Memory Usage (456240K) : Executing rule LBE.b1
2026-03-04 15:10:01 +0530: Memory Usage (456240K) : Executing rule LBE.c
2026-03-04 15:10:01 +0530: Memory Usage (456368K) : Executing rule LBE.d
2026-03-04 15:10:01 +0530: Memory Usage (456368K) : Executing rule LBE.h
2026-03-04 15:10:01 +0530: Memory Usage (456368K) : Starting 7.4. PIN table
2026-03-04 15:10:01 +0530: Memory Usage (456368K) : Executing rule Pin.a
2026-03-04 15:10:01 +0530: Memory Usage (456368K) : Executing rule Pin.b
2026-03-04 15:10:01 +0530: Memory Usage (456368K) : Executing rule Pin.e
2026-03-04 15:10:01 +0530: Memory Usage (456880K) : Executing rule Pin.f_M2
2026-03-04 15:10:01 +0530: Memory Usage (457008K) : Executing rule Pin.f_M3
2026-03-04 15:10:01 +0530: Memory Usage (457004K) : Executing rule Pin.f_M4
2026-03-04 15:10:01 +0530: Memory Usage (457004K) : Executing rule Pin.f_M5
2026-03-04 15:10:01 +0530: Memory Usage (457004K) : Executing rule Pin.g
2026-03-04 15:10:01 +0530: Memory Usage (457004K) : Executing rule Pin.h
2026-03-04 15:10:01 +0530: Memory Usage (457004K) : Starting 3.2. FORBIDDEN table
2026-03-04 15:10:01 +0530: Memory Usage (457004K) : Executing rule forbidden.biwind
2026-03-04 15:10:01 +0530: Memory Usage (457132K) : Executing rule forbidden.pemwind
2026-03-04 15:10:01 +0530: Memory Usage (457132K) : Executing rule forbidden.baspoly
2026-03-04 15:10:01 +0530: Memory Usage (457132K) : Executing rule forbidden.deepco
2026-03-04 15:10:01 +0530: Memory Usage (457132K) : Executing rule forbidden.pempoly
2026-03-04 15:10:01 +0530: Memory Usage (457132K) : Executing rule forbidden.empoly
2026-03-04 15:10:01 +0530: Memory Usage (457132K) : Executing rule forbidden.ldmos
2026-03-04 15:10:01 +0530: Memory Usage (457132K) : Executing rule forbidden.pbiwind
2026-03-04 15:10:01 +0530: Memory Usage (457132K) : Executing rule forbidden.nodrc
2026-03-04 15:10:01 +0530: Memory Usage (457132K) : Executing rule forbidden.flash
2026-03-04 15:10:01 +0530: Memory Usage (457260K) : Executing rule forbidden.colwind
2026-03-04 15:10:01 +0530: Memory Usage (457260K) : KLayout DRC run for tables 'main' completed in 4.14 seconds
