Clock: sclk
Sources: sclk 
Generated: no
Virtual: yes
Propagated: no
Period: 10.000000

===========================================================================
report_clock_properties
============================================================================
Clock                   Period          Waveform
----------------------------------------------------
sclk                 10.000000    0.000000  5.000000

===========================================================================
report_clock_latency
============================================================================
Clock sclk
rise -> rise
    min     max
0.000000 0.000000 source latency
0.183254         network latency _248_/CLK
        0.183654 network latency _243_/CLK
---------------
0.183254 0.183654 latency
        0.000400 skew

fall -> fall
    min     max
0.000000 0.000000 source latency
0.200283         network latency _248_/CLK
        0.200556 network latency _243_/CLK
---------------
0.200283 0.200556 latency
        0.000272 skew



===========================================================================
report_clock_min_period
============================================================================
sclk period_min = 0.74 fmax = 1360.11
Clock: freq_in
Sources: freq_in 
Generated: no
Virtual: yes
Propagated: no
Period: 0.333000

===========================================================================
report_clock_properties
============================================================================
Clock                   Period          Waveform
----------------------------------------------------
freq_in               0.333000    0.000000  0.166500

===========================================================================
report_clock_latency
============================================================================
Clock freq_in
rise -> rise
    min     max
0.000000 0.000000 source latency
0.000213         network latency _267_/CLK
        0.260725 network latency _268_/CLK
---------------
0.000213 0.260725 latency
        0.260512 skew

rise -> fall
    min     max
0.000000 0.000000 source latency
0.254075         network latency _268_/CLK
        0.254075 network latency _268_/CLK
---------------
0.254075 0.254075 latency
        0.000000 skew

fall -> fall
    min     max
0.000000 0.000000 source latency
0.000191         network latency _267_/CLK
        0.000191 network latency _267_/CLK
---------------
0.000191 0.000191 latency
        0.000000 skew



===========================================================================
report_clock_min_period
============================================================================
freq_in period_min = 0.50 fmax = 1987.81
