+ define_corners nom_slow_1p08V_125C
Reading timing models for corner nom_slow_1p08V_125C…
Reading cell library for the 'nom_slow_1p08V_125C' corner at '/home/hansa/.ciel/ciel/ihp-sg13g2/versions/c4b8b4e5e7a05f375cca3815d51b3a37721fbf5c/ihp-sg13g2/libs.ref/sg13g2_stdcell/lib/sg13g2_stdcell_slow_1p08V_125C.lib'…
Reading cell library for the 'nom_slow_1p08V_125C' corner at '/home/hansa/.ciel/ciel/ihp-sg13g2/versions/c4b8b4e5e7a05f375cca3815d51b3a37721fbf5c/ihp-sg13g2/libs.ref/sg13g2_io/lib/sg13g2_io_slow_1p08V_3p0V_125C.lib'…
Reading top-level netlist at '/home/hansa/projects/frac-n-pll-vco-smacd_2026/schematic/blocks/dsm/src/runs/RUN_2026-03-04_15-08-00/52-openroad-fillinsertion/dsm_and_freq_divider.nl.v'…
Linking design 'dsm_and_freq_divider' from netlist…
Reading design constraints file at '/home/hansa/projects/frac-n-pll-vco-smacd_2026/schematic/blocks/dsm/src/my_constraints.sdc'…
[INFO] No information on clock propagation in input SDC file-- propagating all clocks.
Reading top-level design parasitics for the 'nom_slow_1p08V_125C' corner at '/home/hansa/projects/frac-n-pll-vco-smacd_2026/schematic/blocks/dsm/src/runs/RUN_2026-03-04_15-08-00/54-openroad-rcx/nom/dsm_and_freq_divider.nom.spef'…
%OL_CREATE_REPORT min.rpt

===========================================================================
report_checks -path_delay min (Hold)
============================================================================
======================= nom_slow_1p08V_125C Corner ===================================

Startpoint: _267_ (rising edge-triggered flip-flop clocked by freq_in)
Endpoint: _267_ (rising edge-triggered flip-flop clocked by freq_in)
Path Group: freq_in
Path Type: min

Fanout         Cap        Slew       Delay        Time   Description
---------------------------------------------------------------------------------------------
                                  0.000000    0.000000   clock freq_in (rise edge)
                                  0.000000    0.000000   clock source latency
     1    0.005288    0.000000    0.000000    0.000000 ^ freq_in (in)
                                                         freq_in (net)
                      0.000427    0.000213    0.000213 ^ _267_/CLK (sg13g2_dfrbpq_1)
     2    0.007325    0.061713    0.260099    0.260312 ^ _267_/Q (sg13g2_dfrbpq_1)
                                                         uut.div4.dff1.q (net)
                      0.061716    0.000461    0.260773 ^ _214_/A (sg13g2_inv_1)
     1    0.002911    0.032172    0.050898    0.311671 v _214_/Y (sg13g2_inv_1)
                                                         uut.div4.dff1.d (net)
                      0.032173    0.000159    0.311830 v _267_/D (sg13g2_dfrbpq_1)
                                              0.311830   data arrival time

                                  0.000000    0.000000   clock freq_in (rise edge)
                                  0.000000    0.000000   clock source latency
     1    0.005288    0.000000    0.000000    0.000000 ^ freq_in (in)
                                                         freq_in (net)
                      0.000427    0.000213    0.000213 ^ _267_/CLK (sg13g2_dfrbpq_1)
                                  0.000000    0.000213   clock reconvergence pessimism
                                 -0.059607   -0.059394   library hold time
                                             -0.059394   data required time
---------------------------------------------------------------------------------------------
                                             -0.059394   data required time
                                             -0.311830   data arrival time
---------------------------------------------------------------------------------------------
                                              0.371223   slack (MET)


Startpoint: _250_ (rising edge-triggered flip-flop clocked by sclk)
Endpoint: _250_ (rising edge-triggered flip-flop clocked by sclk)
Path Group: sclk
Path Type: min

Fanout         Cap        Slew       Delay        Time   Description
---------------------------------------------------------------------------------------------
                                  0.000000    0.000000   clock sclk (rise edge)
                                  0.000000    0.000000   clock source latency
     1    0.018198    0.000000    0.000000    0.000000 ^ sclk (in)
                                                         sclk (net)
                      0.002191    0.001096    0.001096 ^ clkbuf_0_sclk/A (sg13g2_buf_16)
     2    0.035980    0.034293    0.084296    0.085392 ^ clkbuf_0_sclk/X (sg13g2_buf_16)
                                                         clknet_0_sclk (net)
                      0.034296    0.000836    0.086228 ^ clkbuf_1_1__f_sclk/A (sg13g2_buf_16)
     5    0.016326    0.028509    0.096613    0.182841 ^ clkbuf_1_1__f_sclk/X (sg13g2_buf_16)
                                                         clknet_1_1__leaf_sclk (net)
                      0.028510    0.000430    0.183271 ^ _250_/CLK (sg13g2_dfrbpq_1)
     2    0.010063    0.064817    0.282424    0.465695 v _250_/Q (sg13g2_dfrbpq_1)
                                                         data_word[8] (net)
                      0.064821    0.000583    0.466278 v _117_/A0 (sg13g2_mux2_1)
     1    0.002117    0.043322    0.175564    0.641842 v _117_/X (sg13g2_mux2_1)
                                                         _044_ (net)
                      0.043322    0.000076    0.641917 v _250_/D (sg13g2_dfrbpq_1)
                                              0.641917   data arrival time

                                  0.000000    0.000000   clock sclk (rise edge)
                                  0.000000    0.000000   clock source latency
     1    0.018198    0.000000    0.000000    0.000000 ^ sclk (in)
                                                         sclk (net)
                      0.002191    0.001096    0.001096 ^ clkbuf_0_sclk/A (sg13g2_buf_16)
     2    0.035980    0.034293    0.084296    0.085392 ^ clkbuf_0_sclk/X (sg13g2_buf_16)
                                                         clknet_0_sclk (net)
                      0.034296    0.000836    0.086228 ^ clkbuf_1_1__f_sclk/A (sg13g2_buf_16)
     5    0.016326    0.028509    0.096613    0.182841 ^ clkbuf_1_1__f_sclk/X (sg13g2_buf_16)
                                                         clknet_1_1__leaf_sclk (net)
                      0.028510    0.000430    0.183271 ^ _250_/CLK (sg13g2_dfrbpq_1)
                                  0.000000    0.183271   clock reconvergence pessimism
                                 -0.056003    0.127268   library hold time
                                              0.127268   data required time
---------------------------------------------------------------------------------------------
                                              0.127268   data required time
                                             -0.641917   data arrival time
---------------------------------------------------------------------------------------------
                                              0.514649   slack (MET)


Startpoint: _247_ (rising edge-triggered flip-flop clocked by sclk)
Endpoint: _248_ (rising edge-triggered flip-flop clocked by sclk)
Path Group: sclk
Path Type: min

Fanout         Cap        Slew       Delay        Time   Description
---------------------------------------------------------------------------------------------
                                  0.000000    0.000000   clock sclk (rise edge)
                                  0.000000    0.000000   clock source latency
     1    0.018198    0.000000    0.000000    0.000000 ^ sclk (in)
                                                         sclk (net)
                      0.002191    0.001096    0.001096 ^ clkbuf_0_sclk/A (sg13g2_buf_16)
     2    0.035980    0.034293    0.084296    0.085392 ^ clkbuf_0_sclk/X (sg13g2_buf_16)
                                                         clknet_0_sclk (net)
                      0.034296    0.000836    0.086228 ^ clkbuf_1_1__f_sclk/A (sg13g2_buf_16)
     5    0.016326    0.028509    0.096613    0.182841 ^ clkbuf_1_1__f_sclk/X (sg13g2_buf_16)
                                                         clknet_1_1__leaf_sclk (net)
                      0.028510    0.000426    0.183267 ^ _247_/CLK (sg13g2_dfrbpq_1)
     4    0.016121    0.094615    0.306513    0.489780 v _247_/Q (sg13g2_dfrbpq_1)
                                                         data_word[5] (net)
                      0.094622    0.000897    0.490677 v _119_/A1 (sg13g2_mux2_1)
     1    0.001811    0.042008    0.186164    0.676841 v _119_/X (sg13g2_mux2_1)
                                                         _042_ (net)
                      0.042009    0.000068    0.676909 v _248_/D (sg13g2_dfrbpq_1)
                                              0.676909   data arrival time

                                  0.000000    0.000000   clock sclk (rise edge)
                                  0.000000    0.000000   clock source latency
     1    0.018198    0.000000    0.000000    0.000000 ^ sclk (in)
                                                         sclk (net)
                      0.002191    0.001096    0.001096 ^ clkbuf_0_sclk/A (sg13g2_buf_16)
     2    0.035980    0.034293    0.084296    0.085392 ^ clkbuf_0_sclk/X (sg13g2_buf_16)
                                                         clknet_0_sclk (net)
                      0.034296    0.000836    0.086228 ^ clkbuf_1_1__f_sclk/A (sg13g2_buf_16)
     5    0.016326    0.028509    0.096613    0.182841 ^ clkbuf_1_1__f_sclk/X (sg13g2_buf_16)
                                                         clknet_1_1__leaf_sclk (net)
                      0.028510    0.000413    0.183254 ^ _248_/CLK (sg13g2_dfrbpq_1)
                                  0.000000    0.183254   clock reconvergence pessimism
                                 -0.055474    0.127780   library hold time
                                              0.127780   data required time
---------------------------------------------------------------------------------------------
                                              0.127780   data required time
                                             -0.676909   data arrival time
---------------------------------------------------------------------------------------------
                                              0.549128   slack (MET)


Startpoint: _247_ (rising edge-triggered flip-flop clocked by sclk)
Endpoint: _247_ (rising edge-triggered flip-flop clocked by sclk)
Path Group: sclk
Path Type: min

Fanout         Cap        Slew       Delay        Time   Description
---------------------------------------------------------------------------------------------
                                  0.000000    0.000000   clock sclk (rise edge)
                                  0.000000    0.000000   clock source latency
     1    0.018198    0.000000    0.000000    0.000000 ^ sclk (in)
                                                         sclk (net)
                      0.002191    0.001096    0.001096 ^ clkbuf_0_sclk/A (sg13g2_buf_16)
     2    0.035980    0.034293    0.084296    0.085392 ^ clkbuf_0_sclk/X (sg13g2_buf_16)
                                                         clknet_0_sclk (net)
                      0.034296    0.000836    0.086228 ^ clkbuf_1_1__f_sclk/A (sg13g2_buf_16)
     5    0.016326    0.028509    0.096613    0.182841 ^ clkbuf_1_1__f_sclk/X (sg13g2_buf_16)
                                                         clknet_1_1__leaf_sclk (net)
                      0.028510    0.000426    0.183267 ^ _247_/CLK (sg13g2_dfrbpq_1)
     4    0.016121    0.094615    0.306513    0.489780 v _247_/Q (sg13g2_dfrbpq_1)
                                                         data_word[5] (net)
                      0.094622    0.000882    0.490662 v _120_/A0 (sg13g2_mux2_1)
     1    0.001822    0.042056    0.186358    0.677020 v _120_/X (sg13g2_mux2_1)
                                                         _041_ (net)
                      0.042056    0.000067    0.677087 v _247_/D (sg13g2_dfrbpq_1)
                                              0.677087   data arrival time

                                  0.000000    0.000000   clock sclk (rise edge)
                                  0.000000    0.000000   clock source latency
     1    0.018198    0.000000    0.000000    0.000000 ^ sclk (in)
                                                         sclk (net)
                      0.002191    0.001096    0.001096 ^ clkbuf_0_sclk/A (sg13g2_buf_16)
     2    0.035980    0.034293    0.084296    0.085392 ^ clkbuf_0_sclk/X (sg13g2_buf_16)
                                                         clknet_0_sclk (net)
                      0.034296    0.000836    0.086228 ^ clkbuf_1_1__f_sclk/A (sg13g2_buf_16)
     5    0.016326    0.028509    0.096613    0.182841 ^ clkbuf_1_1__f_sclk/X (sg13g2_buf_16)
                                                         clknet_1_1__leaf_sclk (net)
                      0.028510    0.000426    0.183267 ^ _247_/CLK (sg13g2_dfrbpq_1)
                                  0.000000    0.183267   clock reconvergence pessimism
                                 -0.055493    0.127774   library hold time
                                              0.127774   data required time
---------------------------------------------------------------------------------------------
                                              0.127774   data required time
                                             -0.677087   data arrival time
---------------------------------------------------------------------------------------------
                                              0.549313   slack (MET)


Startpoint: _246_ (rising edge-triggered flip-flop clocked by sclk)
Endpoint: _246_ (rising edge-triggered flip-flop clocked by sclk)
Path Group: sclk
Path Type: min

Fanout         Cap        Slew       Delay        Time   Description
---------------------------------------------------------------------------------------------
                                  0.000000    0.000000   clock sclk (rise edge)
                                  0.000000    0.000000   clock source latency
     1    0.018198    0.000000    0.000000    0.000000 ^ sclk (in)
                                                         sclk (net)
                      0.002191    0.001096    0.001096 ^ clkbuf_0_sclk/A (sg13g2_buf_16)
     2    0.035980    0.034293    0.084296    0.085392 ^ clkbuf_0_sclk/X (sg13g2_buf_16)
                                                         clknet_0_sclk (net)
                      0.034296    0.000859    0.086250 ^ clkbuf_1_0__f_sclk/A (sg13g2_buf_16)
     5    0.017333    0.028873    0.096936    0.183187 ^ clkbuf_1_0__f_sclk/X (sg13g2_buf_16)
                                                         clknet_1_0__leaf_sclk (net)
                      0.028874    0.000226    0.183412 ^ _246_/CLK (sg13g2_dfrbpq_1)
     4    0.016318    0.095603    0.307471    0.490883 v _246_/Q (sg13g2_dfrbpq_1)
                                                         data_word[4] (net)
                      0.095611    0.000886    0.491769 v _121_/A0 (sg13g2_mux2_1)
     1    0.001728    0.041642    0.186268    0.678037 v _121_/X (sg13g2_mux2_1)
                                                         _040_ (net)
                      0.041642    0.000065    0.678102 v _246_/D (sg13g2_dfrbpq_1)
                                              0.678102   data arrival time

                                  0.000000    0.000000   clock sclk (rise edge)
                                  0.000000    0.000000   clock source latency
     1    0.018198    0.000000    0.000000    0.000000 ^ sclk (in)
                                                         sclk (net)
                      0.002191    0.001096    0.001096 ^ clkbuf_0_sclk/A (sg13g2_buf_16)
     2    0.035980    0.034293    0.084296    0.085392 ^ clkbuf_0_sclk/X (sg13g2_buf_16)
                                                         clknet_0_sclk (net)
                      0.034296    0.000859    0.086250 ^ clkbuf_1_0__f_sclk/A (sg13g2_buf_16)
     5    0.017333    0.028873    0.096936    0.183187 ^ clkbuf_1_0__f_sclk/X (sg13g2_buf_16)
                                                         clknet_1_0__leaf_sclk (net)
                      0.028874    0.000226    0.183412 ^ _246_/CLK (sg13g2_dfrbpq_1)
                                  0.000000    0.183412   clock reconvergence pessimism
                                 -0.055221    0.128191   library hold time
                                              0.128191   data required time
---------------------------------------------------------------------------------------------
                                              0.128191   data required time
                                             -0.678102   data arrival time
---------------------------------------------------------------------------------------------
                                              0.549911   slack (MET)


Startpoint: _249_ (rising edge-triggered flip-flop clocked by sclk)
Endpoint: _249_ (rising edge-triggered flip-flop clocked by sclk)
Path Group: sclk
Path Type: min

Fanout         Cap        Slew       Delay        Time   Description
---------------------------------------------------------------------------------------------
                                  0.000000    0.000000   clock sclk (rise edge)
                                  0.000000    0.000000   clock source latency
     1    0.018198    0.000000    0.000000    0.000000 ^ sclk (in)
                                                         sclk (net)
                      0.002191    0.001096    0.001096 ^ clkbuf_0_sclk/A (sg13g2_buf_16)
     2    0.035980    0.034293    0.084296    0.085392 ^ clkbuf_0_sclk/X (sg13g2_buf_16)
                                                         clknet_0_sclk (net)
                      0.034296    0.000836    0.086228 ^ clkbuf_1_1__f_sclk/A (sg13g2_buf_16)
     5    0.016326    0.028509    0.096613    0.182841 ^ clkbuf_1_1__f_sclk/X (sg13g2_buf_16)
                                                         clknet_1_1__leaf_sclk (net)
                      0.028511    0.000439    0.183280 ^ _249_/CLK (sg13g2_dfrbpq_1)
     4    0.016681    0.097408    0.308705    0.491985 v _249_/Q (sg13g2_dfrbpq_1)
                                                         data_word[7] (net)
                      0.097416    0.000946    0.492931 v _118_/A0 (sg13g2_mux2_1)
     1    0.002203    0.043694    0.189549    0.682480 v _118_/X (sg13g2_mux2_1)
                                                         _043_ (net)
                      0.043694    0.000077    0.682557 v _249_/D (sg13g2_dfrbpq_1)
                                              0.682557   data arrival time

                                  0.000000    0.000000   clock sclk (rise edge)
                                  0.000000    0.000000   clock source latency
     1    0.018198    0.000000    0.000000    0.000000 ^ sclk (in)
                                                         sclk (net)
                      0.002191    0.001096    0.001096 ^ clkbuf_0_sclk/A (sg13g2_buf_16)
     2    0.035980    0.034293    0.084296    0.085392 ^ clkbuf_0_sclk/X (sg13g2_buf_16)
                                                         clknet_0_sclk (net)
                      0.034296    0.000836    0.086228 ^ clkbuf_1_1__f_sclk/A (sg13g2_buf_16)
     5    0.016326    0.028509    0.096613    0.182841 ^ clkbuf_1_1__f_sclk/X (sg13g2_buf_16)
                                                         clknet_1_1__leaf_sclk (net)
                      0.028511    0.000439    0.183280 ^ _249_/CLK (sg13g2_dfrbpq_1)
                                  0.000000    0.183280   clock reconvergence pessimism
                                 -0.056152    0.127128   library hold time
                                              0.127128   data required time
---------------------------------------------------------------------------------------------
                                              0.127128   data required time
                                             -0.682557   data arrival time
---------------------------------------------------------------------------------------------
                                              0.555429   slack (MET)


Startpoint: _242_ (rising edge-triggered flip-flop clocked by sclk)
Endpoint: _242_ (rising edge-triggered flip-flop clocked by sclk)
Path Group: sclk
Path Type: min

Fanout         Cap        Slew       Delay        Time   Description
---------------------------------------------------------------------------------------------
                                  0.000000    0.000000   clock sclk (rise edge)
                                  0.000000    0.000000   clock source latency
     1    0.018198    0.000000    0.000000    0.000000 ^ sclk (in)
                                                         sclk (net)
                      0.002191    0.001096    0.001096 ^ clkbuf_0_sclk/A (sg13g2_buf_16)
     2    0.035980    0.034293    0.084296    0.085392 ^ clkbuf_0_sclk/X (sg13g2_buf_16)
                                                         clknet_0_sclk (net)
                      0.034296    0.000859    0.086250 ^ clkbuf_1_0__f_sclk/A (sg13g2_buf_16)
     5    0.017333    0.028873    0.096936    0.183187 ^ clkbuf_1_0__f_sclk/X (sg13g2_buf_16)
                                                         clknet_1_0__leaf_sclk (net)
                      0.028874    0.000315    0.183501 ^ _242_/CLK (sg13g2_dfrbpq_1)
     4    0.017381    0.100732    0.312024    0.495525 v _242_/Q (sg13g2_dfrbpq_1)
                                                         data_word[0] (net)
                      0.100733    0.000499    0.496024 v _125_/A0 (sg13g2_mux2_1)
     1    0.001917    0.042452    0.189397    0.685421 v _125_/X (sg13g2_mux2_1)
                                                         _036_ (net)
                      0.042452    0.000072    0.685493 v _242_/D (sg13g2_dfrbpq_1)
                                              0.685493   data arrival time

                                  0.000000    0.000000   clock sclk (rise edge)
                                  0.000000    0.000000   clock source latency
     1    0.018198    0.000000    0.000000    0.000000 ^ sclk (in)
                                                         sclk (net)
                      0.002191    0.001096    0.001096 ^ clkbuf_0_sclk/A (sg13g2_buf_16)
     2    0.035980    0.034293    0.084296    0.085392 ^ clkbuf_0_sclk/X (sg13g2_buf_16)
                                                         clknet_0_sclk (net)
                      0.034296    0.000859    0.086250 ^ clkbuf_1_0__f_sclk/A (sg13g2_buf_16)
     5    0.017333    0.028873    0.096936    0.183187 ^ clkbuf_1_0__f_sclk/X (sg13g2_buf_16)
                                                         clknet_1_0__leaf_sclk (net)
                      0.028874    0.000315    0.183501 ^ _242_/CLK (sg13g2_dfrbpq_1)
                                  0.000000    0.183501   clock reconvergence pessimism
                                 -0.055547    0.127954   library hold time
                                              0.127954   data required time
---------------------------------------------------------------------------------------------
                                              0.127954   data required time
                                             -0.685493   data arrival time
---------------------------------------------------------------------------------------------
                                              0.557539   slack (MET)


Startpoint: _242_ (rising edge-triggered flip-flop clocked by sclk)
Endpoint: _243_ (rising edge-triggered flip-flop clocked by sclk)
Path Group: sclk
Path Type: min

Fanout         Cap        Slew       Delay        Time   Description
---------------------------------------------------------------------------------------------
                                  0.000000    0.000000   clock sclk (rise edge)
                                  0.000000    0.000000   clock source latency
     1    0.018198    0.000000    0.000000    0.000000 ^ sclk (in)
                                                         sclk (net)
                      0.002191    0.001096    0.001096 ^ clkbuf_0_sclk/A (sg13g2_buf_16)
     2    0.035980    0.034293    0.084296    0.085392 ^ clkbuf_0_sclk/X (sg13g2_buf_16)
                                                         clknet_0_sclk (net)
                      0.034296    0.000859    0.086250 ^ clkbuf_1_0__f_sclk/A (sg13g2_buf_16)
     5    0.017333    0.028873    0.096936    0.183187 ^ clkbuf_1_0__f_sclk/X (sg13g2_buf_16)
                                                         clknet_1_0__leaf_sclk (net)
                      0.028874    0.000315    0.183501 ^ _242_/CLK (sg13g2_dfrbpq_1)
     4    0.017381    0.100732    0.312024    0.495525 v _242_/Q (sg13g2_dfrbpq_1)
                                                         data_word[0] (net)
                      0.100733    0.000498    0.496023 v _124_/A1 (sg13g2_mux2_1)
     1    0.002297    0.044101    0.191285    0.687308 v _124_/X (sg13g2_mux2_1)
                                                         _037_ (net)
                      0.044101    0.000159    0.687467 v _243_/D (sg13g2_dfrbpq_1)
                                              0.687467   data arrival time

                                  0.000000    0.000000   clock sclk (rise edge)
                                  0.000000    0.000000   clock source latency
     1    0.018198    0.000000    0.000000    0.000000 ^ sclk (in)
                                                         sclk (net)
                      0.002191    0.001096    0.001096 ^ clkbuf_0_sclk/A (sg13g2_buf_16)
     2    0.035980    0.034293    0.084296    0.085392 ^ clkbuf_0_sclk/X (sg13g2_buf_16)
                                                         clknet_0_sclk (net)
                      0.034296    0.000859    0.086250 ^ clkbuf_1_0__f_sclk/A (sg13g2_buf_16)
     5    0.017333    0.028873    0.096936    0.183187 ^ clkbuf_1_0__f_sclk/X (sg13g2_buf_16)
                                                         clknet_1_0__leaf_sclk (net)
                      0.028875    0.000467    0.183654 ^ _243_/CLK (sg13g2_dfrbpq_1)
                                  0.000000    0.183654   clock reconvergence pessimism
                                 -0.056211    0.127442   library hold time
                                              0.127442   data required time
---------------------------------------------------------------------------------------------
                                              0.127442   data required time
                                             -0.687467   data arrival time
---------------------------------------------------------------------------------------------
                                              0.560024   slack (MET)


Startpoint: _245_ (rising edge-triggered flip-flop clocked by sclk)
Endpoint: _245_ (rising edge-triggered flip-flop clocked by sclk)
Path Group: sclk
Path Type: min

Fanout         Cap        Slew       Delay        Time   Description
---------------------------------------------------------------------------------------------
                                  0.000000    0.000000   clock sclk (rise edge)
                                  0.000000    0.000000   clock source latency
     1    0.018198    0.000000    0.000000    0.000000 ^ sclk (in)
                                                         sclk (net)
                      0.002191    0.001096    0.001096 ^ clkbuf_0_sclk/A (sg13g2_buf_16)
     2    0.035980    0.034293    0.084296    0.085392 ^ clkbuf_0_sclk/X (sg13g2_buf_16)
                                                         clknet_0_sclk (net)
                      0.034296    0.000859    0.086250 ^ clkbuf_1_0__f_sclk/A (sg13g2_buf_16)
     5    0.017333    0.028873    0.096936    0.183187 ^ clkbuf_1_0__f_sclk/X (sg13g2_buf_16)
                                                         clknet_1_0__leaf_sclk (net)
                      0.028874    0.000217    0.183404 ^ _245_/CLK (sg13g2_dfrbpq_1)
     4    0.018763    0.107759    0.317175    0.500579 v _245_/Q (sg13g2_dfrbpq_1)
                                                         data_word[3] (net)
                      0.107766    0.000909    0.501488 v _122_/A0 (sg13g2_mux2_1)
     1    0.001743    0.041707    0.191375    0.692863 v _122_/X (sg13g2_mux2_1)
                                                         _039_ (net)
                      0.041707    0.000065    0.692928 v _245_/D (sg13g2_dfrbpq_1)
                                              0.692928   data arrival time

                                  0.000000    0.000000   clock sclk (rise edge)
                                  0.000000    0.000000   clock source latency
     1    0.018198    0.000000    0.000000    0.000000 ^ sclk (in)
                                                         sclk (net)
                      0.002191    0.001096    0.001096 ^ clkbuf_0_sclk/A (sg13g2_buf_16)
     2    0.035980    0.034293    0.084296    0.085392 ^ clkbuf_0_sclk/X (sg13g2_buf_16)
                                                         clknet_0_sclk (net)
                      0.034296    0.000859    0.086250 ^ clkbuf_1_0__f_sclk/A (sg13g2_buf_16)
     5    0.017333    0.028873    0.096936    0.183187 ^ clkbuf_1_0__f_sclk/X (sg13g2_buf_16)
                                                         clknet_1_0__leaf_sclk (net)
                      0.028874    0.000217    0.183404 ^ _245_/CLK (sg13g2_dfrbpq_1)
                                  0.000000    0.183404   clock reconvergence pessimism
                                 -0.055247    0.128156   library hold time
                                              0.128156   data required time
---------------------------------------------------------------------------------------------
                                              0.128156   data required time
                                             -0.692928   data arrival time
---------------------------------------------------------------------------------------------
                                              0.564772   slack (MET)


Startpoint: _244_ (rising edge-triggered flip-flop clocked by sclk)
Endpoint: _244_ (rising edge-triggered flip-flop clocked by sclk)
Path Group: sclk
Path Type: min

Fanout         Cap        Slew       Delay        Time   Description
---------------------------------------------------------------------------------------------
                                  0.000000    0.000000   clock sclk (rise edge)
                                  0.000000    0.000000   clock source latency
     1    0.018198    0.000000    0.000000    0.000000 ^ sclk (in)
                                                         sclk (net)
                      0.002191    0.001096    0.001096 ^ clkbuf_0_sclk/A (sg13g2_buf_16)
     2    0.035980    0.034293    0.084296    0.085392 ^ clkbuf_0_sclk/X (sg13g2_buf_16)
                                                         clknet_0_sclk (net)
                      0.034296    0.000859    0.086250 ^ clkbuf_1_0__f_sclk/A (sg13g2_buf_16)
     5    0.017333    0.028873    0.096936    0.183187 ^ clkbuf_1_0__f_sclk/X (sg13g2_buf_16)
                                                         clknet_1_0__leaf_sclk (net)
                      0.028874    0.000299    0.183486 ^ _244_/CLK (sg13g2_dfrbpq_1)
     4    0.020212    0.114905    0.323098    0.506584 v _244_/Q (sg13g2_dfrbpq_1)
                                                         data_word[2] (net)
                      0.114910    0.000810    0.507394 v _123_/A0 (sg13g2_mux2_1)
     1    0.001852    0.042164    0.194912    0.702306 v _123_/X (sg13g2_mux2_1)
                                                         _038_ (net)
                      0.042165    0.000068    0.702374 v _244_/D (sg13g2_dfrbpq_1)
                                              0.702374   data arrival time

                                  0.000000    0.000000   clock sclk (rise edge)
                                  0.000000    0.000000   clock source latency
     1    0.018198    0.000000    0.000000    0.000000 ^ sclk (in)
                                                         sclk (net)
                      0.002191    0.001096    0.001096 ^ clkbuf_0_sclk/A (sg13g2_buf_16)
     2    0.035980    0.034293    0.084296    0.085392 ^ clkbuf_0_sclk/X (sg13g2_buf_16)
                                                         clknet_0_sclk (net)
                      0.034296    0.000859    0.086250 ^ clkbuf_1_0__f_sclk/A (sg13g2_buf_16)
     5    0.017333    0.028873    0.096936    0.183187 ^ clkbuf_1_0__f_sclk/X (sg13g2_buf_16)
                                                         clknet_1_0__leaf_sclk (net)
                      0.028874    0.000299    0.183486 ^ _244_/CLK (sg13g2_dfrbpq_1)
                                  0.000000    0.183486   clock reconvergence pessimism
                                 -0.055432    0.128054   library hold time
                                              0.128054   data required time
---------------------------------------------------------------------------------------------
                                              0.128054   data required time
                                             -0.702374   data arrival time
---------------------------------------------------------------------------------------------
                                              0.574319   slack (MET)



%OL_END_REPORT
%OL_CREATE_REPORT max.rpt

===========================================================================
report_checks -path_delay max (Setup)
============================================================================
======================= nom_slow_1p08V_125C Corner ===================================

Startpoint: _267_ (rising edge-triggered flip-flop clocked by freq_in)
Endpoint: _267_ (rising edge-triggered flip-flop clocked by freq_in)
Path Group: freq_in
Path Type: max

Fanout         Cap        Slew       Delay        Time   Description
---------------------------------------------------------------------------------------------
                                  0.000000    0.000000   clock freq_in (rise edge)
                                  0.000000    0.000000   clock source latency
     1    0.005288    0.000000    0.000000    0.000000 ^ freq_in (in)
                                                         freq_in (net)
                      0.000427    0.000213    0.000213 ^ _267_/CLK (sg13g2_dfrbpq_1)
     2    0.006781    0.048988    0.253488    0.253701 v _267_/Q (sg13g2_dfrbpq_1)
                                                         uut.div4.dff1.q (net)
                      0.049029    0.000433    0.254135 v _214_/A (sg13g2_inv_1)
     1    0.002892    0.034928    0.047824    0.301958 ^ _214_/Y (sg13g2_inv_1)
                                                         uut.div4.dff1.d (net)
                      0.034928    0.000157    0.302115 ^ _267_/D (sg13g2_dfrbpq_1)
                                              0.302115   data arrival time

                                  0.333000    0.333000   clock freq_in (rise edge)
                                  0.000000    0.333000   clock source latency
     1    0.005288    0.000000    0.000000    0.333000 ^ freq_in (in)
                                                         freq_in (net)
                      0.000427    0.000213    0.333213 ^ _267_/CLK (sg13g2_dfrbpq_1)
                                  0.000000    0.333213   clock reconvergence pessimism
                                 -0.201165    0.132049   library setup time
                                              0.132049   data required time
---------------------------------------------------------------------------------------------
                                              0.132049   data required time
                                             -0.302115   data arrival time
---------------------------------------------------------------------------------------------
                                             -0.170067   slack (VIOLATED)


Startpoint: _243_ (rising edge-triggered flip-flop clocked by sclk)
Endpoint: _243_ (rising edge-triggered flip-flop clocked by sclk)
Path Group: sclk
Path Type: max

Fanout         Cap        Slew       Delay        Time   Description
---------------------------------------------------------------------------------------------
                                  0.000000    0.000000   clock sclk (rise edge)
                                  0.000000    0.000000   clock source latency
     1    0.018198    0.000000    0.000000    0.000000 ^ sclk (in)
                                                         sclk (net)
                      0.002191    0.001096    0.001096 ^ clkbuf_0_sclk/A (sg13g2_buf_16)
     2    0.035980    0.034293    0.084296    0.085392 ^ clkbuf_0_sclk/X (sg13g2_buf_16)
                                                         clknet_0_sclk (net)
                      0.034296    0.000859    0.086250 ^ clkbuf_1_0__f_sclk/A (sg13g2_buf_16)
     5    0.017333    0.028873    0.096936    0.183187 ^ clkbuf_1_0__f_sclk/X (sg13g2_buf_16)
                                                         clknet_1_0__leaf_sclk (net)
                      0.028875    0.000467    0.183654 ^ _243_/CLK (sg13g2_dfrbpq_1)
     4    0.022612    0.152783    0.345387    0.529041 ^ _243_/Q (sg13g2_dfrbpq_1)
                                                         data_word[1] (net)
                      0.152784    0.000800    0.529841 ^ _124_/A0 (sg13g2_mux2_1)
     1    0.002277    0.045267    0.189227    0.719067 ^ _124_/X (sg13g2_mux2_1)
                                                         _037_ (net)
                      0.045267    0.000157    0.719224 ^ _243_/D (sg13g2_dfrbpq_1)
                                              0.719224   data arrival time

                                 10.000000   10.000000   clock sclk (rise edge)
                                  0.000000   10.000000   clock source latency
     1    0.018198    0.000000    0.000000   10.000000 ^ sclk (in)
                                                         sclk (net)
                      0.002191    0.001095   10.001096 ^ clkbuf_0_sclk/A (sg13g2_buf_16)
     2    0.035980    0.034293    0.084296   10.085391 ^ clkbuf_0_sclk/X (sg13g2_buf_16)
                                                         clknet_0_sclk (net)
                      0.034296    0.000859   10.086250 ^ clkbuf_1_0__f_sclk/A (sg13g2_buf_16)
     5    0.017333    0.028873    0.096937   10.183187 ^ clkbuf_1_0__f_sclk/X (sg13g2_buf_16)
                                                         clknet_1_0__leaf_sclk (net)
                      0.028875    0.000467   10.183654 ^ _243_/CLK (sg13g2_dfrbpq_1)
                                  0.000000   10.183654   clock reconvergence pessimism
                                 -0.199665    9.983989   library setup time
                                              9.983989   data required time
---------------------------------------------------------------------------------------------
                                              9.983989   data required time
                                             -0.719224   data arrival time
---------------------------------------------------------------------------------------------
                                              9.264765   slack (MET)


Startpoint: _243_ (rising edge-triggered flip-flop clocked by sclk)
Endpoint: _244_ (rising edge-triggered flip-flop clocked by sclk)
Path Group: sclk
Path Type: max

Fanout         Cap        Slew       Delay        Time   Description
---------------------------------------------------------------------------------------------
                                  0.000000    0.000000   clock sclk (rise edge)
                                  0.000000    0.000000   clock source latency
     1    0.018198    0.000000    0.000000    0.000000 ^ sclk (in)
                                                         sclk (net)
                      0.002191    0.001096    0.001096 ^ clkbuf_0_sclk/A (sg13g2_buf_16)
     2    0.035980    0.034293    0.084296    0.085392 ^ clkbuf_0_sclk/X (sg13g2_buf_16)
                                                         clknet_0_sclk (net)
                      0.034296    0.000859    0.086250 ^ clkbuf_1_0__f_sclk/A (sg13g2_buf_16)
     5    0.017333    0.028873    0.096936    0.183187 ^ clkbuf_1_0__f_sclk/X (sg13g2_buf_16)
                                                         clknet_1_0__leaf_sclk (net)
                      0.028875    0.000467    0.183654 ^ _243_/CLK (sg13g2_dfrbpq_1)
     4    0.022612    0.152783    0.345387    0.529041 ^ _243_/Q (sg13g2_dfrbpq_1)
                                                         data_word[1] (net)
                      0.152785    0.000824    0.529864 ^ _123_/A1 (sg13g2_mux2_1)
     1    0.001832    0.042881    0.187507    0.717371 ^ _123_/X (sg13g2_mux2_1)
                                                         _038_ (net)
                      0.042881    0.000067    0.717439 ^ _244_/D (sg13g2_dfrbpq_1)
                                              0.717439   data arrival time

                                 10.000000   10.000000   clock sclk (rise edge)
                                  0.000000   10.000000   clock source latency
     1    0.018198    0.000000    0.000000   10.000000 ^ sclk (in)
                                                         sclk (net)
                      0.002191    0.001095   10.001096 ^ clkbuf_0_sclk/A (sg13g2_buf_16)
     2    0.035980    0.034293    0.084296   10.085391 ^ clkbuf_0_sclk/X (sg13g2_buf_16)
                                                         clknet_0_sclk (net)
                      0.034296    0.000859   10.086250 ^ clkbuf_1_0__f_sclk/A (sg13g2_buf_16)
     5    0.017333    0.028873    0.096937   10.183187 ^ clkbuf_1_0__f_sclk/X (sg13g2_buf_16)
                                                         clknet_1_0__leaf_sclk (net)
                      0.028874    0.000299   10.183486 ^ _244_/CLK (sg13g2_dfrbpq_1)
                                  0.000000   10.183486   clock reconvergence pessimism
                                 -0.198679    9.984807   library setup time
                                              9.984807   data required time
---------------------------------------------------------------------------------------------
                                              9.984807   data required time
                                             -0.717439   data arrival time
---------------------------------------------------------------------------------------------
                                              9.267368   slack (MET)


Startpoint: _244_ (rising edge-triggered flip-flop clocked by sclk)
Endpoint: _245_ (rising edge-triggered flip-flop clocked by sclk)
Path Group: sclk
Path Type: max

Fanout         Cap        Slew       Delay        Time   Description
---------------------------------------------------------------------------------------------
                                  0.000000    0.000000   clock sclk (rise edge)
                                  0.000000    0.000000   clock source latency
     1    0.018198    0.000000    0.000000    0.000000 ^ sclk (in)
                                                         sclk (net)
                      0.002191    0.001096    0.001096 ^ clkbuf_0_sclk/A (sg13g2_buf_16)
     2    0.035980    0.034293    0.084296    0.085392 ^ clkbuf_0_sclk/X (sg13g2_buf_16)
                                                         clknet_0_sclk (net)
                      0.034296    0.000859    0.086250 ^ clkbuf_1_0__f_sclk/A (sg13g2_buf_16)
     5    0.017333    0.028873    0.096936    0.183187 ^ clkbuf_1_0__f_sclk/X (sg13g2_buf_16)
                                                         clknet_1_0__leaf_sclk (net)
                      0.028874    0.000299    0.183486 ^ _244_/CLK (sg13g2_dfrbpq_1)
     4    0.020557    0.140663    0.336053    0.519539 ^ _244_/Q (sg13g2_dfrbpq_1)
                                                         data_word[2] (net)
                      0.140667    0.000980    0.520519 ^ _122_/A1 (sg13g2_mux2_1)
     1    0.001723    0.042315    0.182016    0.702534 ^ _122_/X (sg13g2_mux2_1)
                                                         _039_ (net)
                      0.042315    0.000064    0.702599 ^ _245_/D (sg13g2_dfrbpq_1)
                                              0.702599   data arrival time

                                 10.000000   10.000000   clock sclk (rise edge)
                                  0.000000   10.000000   clock source latency
     1    0.018198    0.000000    0.000000   10.000000 ^ sclk (in)
                                                         sclk (net)
                      0.002191    0.001095   10.001096 ^ clkbuf_0_sclk/A (sg13g2_buf_16)
     2    0.035980    0.034293    0.084296   10.085391 ^ clkbuf_0_sclk/X (sg13g2_buf_16)
                                                         clknet_0_sclk (net)
                      0.034296    0.000859   10.086250 ^ clkbuf_1_0__f_sclk/A (sg13g2_buf_16)
     5    0.017333    0.028873    0.096937   10.183187 ^ clkbuf_1_0__f_sclk/X (sg13g2_buf_16)
                                                         clknet_1_0__leaf_sclk (net)
                      0.028874    0.000217   10.183404 ^ _245_/CLK (sg13g2_dfrbpq_1)
                                  0.000000   10.183404   clock reconvergence pessimism
                                 -0.198445    9.984958   library setup time
                                              9.984958   data required time
---------------------------------------------------------------------------------------------
                                              9.984958   data required time
                                             -0.702599   data arrival time
---------------------------------------------------------------------------------------------
                                              9.282359   slack (MET)


Startpoint: _245_ (rising edge-triggered flip-flop clocked by sclk)
Endpoint: _246_ (rising edge-triggered flip-flop clocked by sclk)
Path Group: sclk
Path Type: max

Fanout         Cap        Slew       Delay        Time   Description
---------------------------------------------------------------------------------------------
                                  0.000000    0.000000   clock sclk (rise edge)
                                  0.000000    0.000000   clock source latency
     1    0.018198    0.000000    0.000000    0.000000 ^ sclk (in)
                                                         sclk (net)
                      0.002191    0.001096    0.001096 ^ clkbuf_0_sclk/A (sg13g2_buf_16)
     2    0.035980    0.034293    0.084296    0.085392 ^ clkbuf_0_sclk/X (sg13g2_buf_16)
                                                         clknet_0_sclk (net)
                      0.034296    0.000859    0.086250 ^ clkbuf_1_0__f_sclk/A (sg13g2_buf_16)
     5    0.017333    0.028873    0.096936    0.183187 ^ clkbuf_1_0__f_sclk/X (sg13g2_buf_16)
                                                         clknet_1_0__leaf_sclk (net)
                      0.028874    0.000217    0.183404 ^ _245_/CLK (sg13g2_dfrbpq_1)
     4    0.019183    0.132431    0.329693    0.513097 ^ _245_/Q (sg13g2_dfrbpq_1)
                                                         data_word[3] (net)
                      0.132438    0.001102    0.514199 ^ _121_/A1 (sg13g2_mux2_1)
     1    0.001708    0.042235    0.178574    0.692773 ^ _121_/X (sg13g2_mux2_1)
                                                         _040_ (net)
                      0.042235    0.000064    0.692837 ^ _246_/D (sg13g2_dfrbpq_1)
                                              0.692837   data arrival time

                                 10.000000   10.000000   clock sclk (rise edge)
                                  0.000000   10.000000   clock source latency
     1    0.018198    0.000000    0.000000   10.000000 ^ sclk (in)
                                                         sclk (net)
                      0.002191    0.001095   10.001096 ^ clkbuf_0_sclk/A (sg13g2_buf_16)
     2    0.035980    0.034293    0.084296   10.085391 ^ clkbuf_0_sclk/X (sg13g2_buf_16)
                                                         clknet_0_sclk (net)
                      0.034296    0.000859   10.086250 ^ clkbuf_1_0__f_sclk/A (sg13g2_buf_16)
     5    0.017333    0.028873    0.096937   10.183187 ^ clkbuf_1_0__f_sclk/X (sg13g2_buf_16)
                                                         clknet_1_0__leaf_sclk (net)
                      0.028874    0.000226   10.183413 ^ _246_/CLK (sg13g2_dfrbpq_1)
                                  0.000000   10.183413   clock reconvergence pessimism
                                 -0.198412    9.985001   library setup time
                                              9.985001   data required time
---------------------------------------------------------------------------------------------
                                              9.985001   data required time
                                             -0.692837   data arrival time
---------------------------------------------------------------------------------------------
                                              9.292164   slack (MET)


Startpoint: _248_ (rising edge-triggered flip-flop clocked by sclk)
Endpoint: _249_ (rising edge-triggered flip-flop clocked by sclk)
Path Group: sclk
Path Type: max

Fanout         Cap        Slew       Delay        Time   Description
---------------------------------------------------------------------------------------------
                                  0.000000    0.000000   clock sclk (rise edge)
                                  0.000000    0.000000   clock source latency
     1    0.018198    0.000000    0.000000    0.000000 ^ sclk (in)
                                                         sclk (net)
                      0.002191    0.001096    0.001096 ^ clkbuf_0_sclk/A (sg13g2_buf_16)
     2    0.035980    0.034293    0.084296    0.085392 ^ clkbuf_0_sclk/X (sg13g2_buf_16)
                                                         clknet_0_sclk (net)
                      0.034296    0.000836    0.086228 ^ clkbuf_1_1__f_sclk/A (sg13g2_buf_16)
     5    0.016326    0.028509    0.096613    0.182841 ^ clkbuf_1_1__f_sclk/X (sg13g2_buf_16)
                                                         clknet_1_1__leaf_sclk (net)
                      0.028510    0.000413    0.183254 ^ _248_/CLK (sg13g2_dfrbpq_1)
     4    0.017770    0.123921    0.323102    0.506356 ^ _248_/Q (sg13g2_dfrbpq_1)
                                                         data_word[6] (net)
                      0.123927    0.000963    0.507319 ^ _118_/A1 (sg13g2_mux2_1)
     1    0.002183    0.044766    0.177383    0.684702 ^ _118_/X (sg13g2_mux2_1)
                                                         _043_ (net)
                      0.044766    0.000076    0.684777 ^ _249_/D (sg13g2_dfrbpq_1)
                                              0.684777   data arrival time

                                 10.000000   10.000000   clock sclk (rise edge)
                                  0.000000   10.000000   clock source latency
     1    0.018198    0.000000    0.000000   10.000000 ^ sclk (in)
                                                         sclk (net)
                      0.002191    0.001095   10.001096 ^ clkbuf_0_sclk/A (sg13g2_buf_16)
     2    0.035980    0.034293    0.084296   10.085391 ^ clkbuf_0_sclk/X (sg13g2_buf_16)
                                                         clknet_0_sclk (net)
                      0.034296    0.000837   10.086228 ^ clkbuf_1_1__f_sclk/A (sg13g2_buf_16)
     5    0.016326    0.028509    0.096613   10.182841 ^ clkbuf_1_1__f_sclk/X (sg13g2_buf_16)
                                                         clknet_1_1__leaf_sclk (net)
                      0.028511    0.000439   10.183280 ^ _249_/CLK (sg13g2_dfrbpq_1)
                                  0.000000   10.183280   clock reconvergence pessimism
                                 -0.199532    9.983748   library setup time
                                              9.983748   data required time
---------------------------------------------------------------------------------------------
                                              9.983748   data required time
                                             -0.684777   data arrival time
---------------------------------------------------------------------------------------------
                                              9.298971   slack (MET)


Startpoint: _242_ (rising edge-triggered flip-flop clocked by sclk)
Endpoint: _242_ (rising edge-triggered flip-flop clocked by sclk)
Path Group: sclk
Path Type: max

Fanout         Cap        Slew       Delay        Time   Description
---------------------------------------------------------------------------------------------
                                  0.000000    0.000000   clock sclk (rise edge)
                                  0.000000    0.000000   clock source latency
     1    0.018198    0.000000    0.000000    0.000000 ^ sclk (in)
                                                         sclk (net)
                      0.002191    0.001096    0.001096 ^ clkbuf_0_sclk/A (sg13g2_buf_16)
     2    0.035980    0.034293    0.084296    0.085392 ^ clkbuf_0_sclk/X (sg13g2_buf_16)
                                                         clknet_0_sclk (net)
                      0.034296    0.000859    0.086250 ^ clkbuf_1_0__f_sclk/A (sg13g2_buf_16)
     5    0.017333    0.028873    0.096936    0.183187 ^ clkbuf_1_0__f_sclk/X (sg13g2_buf_16)
                                                         clknet_1_0__leaf_sclk (net)
                      0.028874    0.000315    0.183501 ^ _242_/CLK (sg13g2_dfrbpq_1)
     4    0.017793    0.123957    0.323722    0.507223 ^ _242_/Q (sg13g2_dfrbpq_1)
                                                         data_word[0] (net)
                      0.123957    0.000509    0.507733 ^ _125_/A0 (sg13g2_mux2_1)
     1    0.001897    0.043234    0.175674    0.683406 ^ _125_/X (sg13g2_mux2_1)
                                                         _036_ (net)
                      0.043234    0.000071    0.683478 ^ _242_/D (sg13g2_dfrbpq_1)
                                              0.683478   data arrival time

                                 10.000000   10.000000   clock sclk (rise edge)
                                  0.000000   10.000000   clock source latency
     1    0.018198    0.000000    0.000000   10.000000 ^ sclk (in)
                                                         sclk (net)
                      0.002191    0.001095   10.001096 ^ clkbuf_0_sclk/A (sg13g2_buf_16)
     2    0.035980    0.034293    0.084296   10.085391 ^ clkbuf_0_sclk/X (sg13g2_buf_16)
                                                         clknet_0_sclk (net)
                      0.034296    0.000859   10.086250 ^ clkbuf_1_0__f_sclk/A (sg13g2_buf_16)
     5    0.017333    0.028873    0.096937   10.183187 ^ clkbuf_1_0__f_sclk/X (sg13g2_buf_16)
                                                         clknet_1_0__leaf_sclk (net)
                      0.028874    0.000314   10.183501 ^ _242_/CLK (sg13g2_dfrbpq_1)
                                  0.000000   10.183501   clock reconvergence pessimism
                                 -0.198825    9.984676   library setup time
                                              9.984676   data required time
---------------------------------------------------------------------------------------------
                                              9.984676   data required time
                                             -0.683478   data arrival time
---------------------------------------------------------------------------------------------
                                              9.301198   slack (MET)


Startpoint: _248_ (rising edge-triggered flip-flop clocked by sclk)
Endpoint: _248_ (rising edge-triggered flip-flop clocked by sclk)
Path Group: sclk
Path Type: max

Fanout         Cap        Slew       Delay        Time   Description
---------------------------------------------------------------------------------------------
                                  0.000000    0.000000   clock sclk (rise edge)
                                  0.000000    0.000000   clock source latency
     1    0.018198    0.000000    0.000000    0.000000 ^ sclk (in)
                                                         sclk (net)
                      0.002191    0.001096    0.001096 ^ clkbuf_0_sclk/A (sg13g2_buf_16)
     2    0.035980    0.034293    0.084296    0.085392 ^ clkbuf_0_sclk/X (sg13g2_buf_16)
                                                         clknet_0_sclk (net)
                      0.034296    0.000836    0.086228 ^ clkbuf_1_1__f_sclk/A (sg13g2_buf_16)
     5    0.016326    0.028509    0.096613    0.182841 ^ clkbuf_1_1__f_sclk/X (sg13g2_buf_16)
                                                         clknet_1_1__leaf_sclk (net)
                      0.028510    0.000413    0.183254 ^ _248_/CLK (sg13g2_dfrbpq_1)
     4    0.017770    0.123921    0.323102    0.506356 ^ _248_/Q (sg13g2_dfrbpq_1)
                                                         data_word[6] (net)
                      0.123926    0.000941    0.507296 ^ _119_/A0 (sg13g2_mux2_1)
     1    0.001791    0.042662    0.175148    0.682445 ^ _119_/X (sg13g2_mux2_1)
                                                         _042_ (net)
                      0.042662    0.000067    0.682511 ^ _248_/D (sg13g2_dfrbpq_1)
                                              0.682511   data arrival time

                                 10.000000   10.000000   clock sclk (rise edge)
                                  0.000000   10.000000   clock source latency
     1    0.018198    0.000000    0.000000   10.000000 ^ sclk (in)
                                                         sclk (net)
                      0.002191    0.001095   10.001096 ^ clkbuf_0_sclk/A (sg13g2_buf_16)
     2    0.035980    0.034293    0.084296   10.085391 ^ clkbuf_0_sclk/X (sg13g2_buf_16)
                                                         clknet_0_sclk (net)
                      0.034296    0.000837   10.086228 ^ clkbuf_1_1__f_sclk/A (sg13g2_buf_16)
     5    0.016326    0.028509    0.096613   10.182841 ^ clkbuf_1_1__f_sclk/X (sg13g2_buf_16)
                                                         clknet_1_1__leaf_sclk (net)
                      0.028510    0.000413   10.183254 ^ _248_/CLK (sg13g2_dfrbpq_1)
                                  0.000000   10.183254   clock reconvergence pessimism
                                 -0.198663    9.984592   library setup time
                                              9.984592   data required time
---------------------------------------------------------------------------------------------
                                              9.984592   data required time
                                             -0.682511   data arrival time
---------------------------------------------------------------------------------------------
                                              9.302081   slack (MET)


Startpoint: _249_ (rising edge-triggered flip-flop clocked by sclk)
Endpoint: _250_ (rising edge-triggered flip-flop clocked by sclk)
Path Group: sclk
Path Type: max

Fanout         Cap        Slew       Delay        Time   Description
---------------------------------------------------------------------------------------------
                                  0.000000    0.000000   clock sclk (rise edge)
                                  0.000000    0.000000   clock source latency
     1    0.018198    0.000000    0.000000    0.000000 ^ sclk (in)
                                                         sclk (net)
                      0.002191    0.001096    0.001096 ^ clkbuf_0_sclk/A (sg13g2_buf_16)
     2    0.035980    0.034293    0.084296    0.085392 ^ clkbuf_0_sclk/X (sg13g2_buf_16)
                                                         clknet_0_sclk (net)
                      0.034296    0.000836    0.086228 ^ clkbuf_1_1__f_sclk/A (sg13g2_buf_16)
     5    0.016326    0.028509    0.096613    0.182841 ^ clkbuf_1_1__f_sclk/X (sg13g2_buf_16)
                                                         clknet_1_1__leaf_sclk (net)
                      0.028511    0.000439    0.183280 ^ _249_/CLK (sg13g2_dfrbpq_1)
     4    0.016972    0.119124    0.319503    0.502783 ^ _249_/Q (sg13g2_dfrbpq_1)
                                                         data_word[7] (net)
                      0.119129    0.000941    0.503724 ^ _117_/A1 (sg13g2_mux2_1)
     1    0.002098    0.044307    0.175002    0.678726 ^ _117_/X (sg13g2_mux2_1)
                                                         _044_ (net)
                      0.044307    0.000075    0.678801 ^ _250_/D (sg13g2_dfrbpq_1)
                                              0.678801   data arrival time

                                 10.000000   10.000000   clock sclk (rise edge)
                                  0.000000   10.000000   clock source latency
     1    0.018198    0.000000    0.000000   10.000000 ^ sclk (in)
                                                         sclk (net)
                      0.002191    0.001095   10.001096 ^ clkbuf_0_sclk/A (sg13g2_buf_16)
     2    0.035980    0.034293    0.084296   10.085391 ^ clkbuf_0_sclk/X (sg13g2_buf_16)
                                                         clknet_0_sclk (net)
                      0.034296    0.000837   10.086228 ^ clkbuf_1_1__f_sclk/A (sg13g2_buf_16)
     5    0.016326    0.028509    0.096613   10.182841 ^ clkbuf_1_1__f_sclk/X (sg13g2_buf_16)
                                                         clknet_1_1__leaf_sclk (net)
                      0.028510    0.000430   10.183271 ^ _250_/CLK (sg13g2_dfrbpq_1)
                                  0.000000   10.183271   clock reconvergence pessimism
                                 -0.199343    9.983929   library setup time
                                              9.983929   data required time
---------------------------------------------------------------------------------------------
                                              9.983929   data required time
                                             -0.678801   data arrival time
---------------------------------------------------------------------------------------------
                                              9.305127   slack (MET)


Startpoint: _246_ (rising edge-triggered flip-flop clocked by sclk)
Endpoint: _247_ (rising edge-triggered flip-flop clocked by sclk)
Path Group: sclk
Path Type: max

Fanout         Cap        Slew       Delay        Time   Description
---------------------------------------------------------------------------------------------
                                  0.000000    0.000000   clock sclk (rise edge)
                                  0.000000    0.000000   clock source latency
     1    0.018198    0.000000    0.000000    0.000000 ^ sclk (in)
                                                         sclk (net)
                      0.002191    0.001096    0.001096 ^ clkbuf_0_sclk/A (sg13g2_buf_16)
     2    0.035980    0.034293    0.084296    0.085392 ^ clkbuf_0_sclk/X (sg13g2_buf_16)
                                                         clknet_0_sclk (net)
                      0.034296    0.000859    0.086250 ^ clkbuf_1_0__f_sclk/A (sg13g2_buf_16)
     5    0.017333    0.028873    0.096936    0.183187 ^ clkbuf_1_0__f_sclk/X (sg13g2_buf_16)
                                                         clknet_1_0__leaf_sclk (net)
                      0.028874    0.000226    0.183412 ^ _246_/CLK (sg13g2_dfrbpq_1)
     4    0.016738    0.117714    0.318651    0.502063 ^ _246_/Q (sg13g2_dfrbpq_1)
                                                         data_word[4] (net)
                      0.117719    0.000932    0.502994 ^ _120_/A1 (sg13g2_mux2_1)
     1    0.001802    0.042720    0.172998    0.675993 ^ _120_/X (sg13g2_mux2_1)
                                                         _041_ (net)
                      0.042720    0.000067    0.676059 ^ _247_/D (sg13g2_dfrbpq_1)
                                              0.676059   data arrival time

                                 10.000000   10.000000   clock sclk (rise edge)
                                  0.000000   10.000000   clock source latency
     1    0.018198    0.000000    0.000000   10.000000 ^ sclk (in)
                                                         sclk (net)
                      0.002191    0.001095   10.001096 ^ clkbuf_0_sclk/A (sg13g2_buf_16)
     2    0.035980    0.034293    0.084296   10.085391 ^ clkbuf_0_sclk/X (sg13g2_buf_16)
                                                         clknet_0_sclk (net)
                      0.034296    0.000837   10.086228 ^ clkbuf_1_1__f_sclk/A (sg13g2_buf_16)
     5    0.016326    0.028509    0.096613   10.182841 ^ clkbuf_1_1__f_sclk/X (sg13g2_buf_16)
                                                         clknet_1_1__leaf_sclk (net)
                      0.028510    0.000425   10.183267 ^ _247_/CLK (sg13g2_dfrbpq_1)
                                  0.000000   10.183267   clock reconvergence pessimism
                                 -0.198687    9.984581   library setup time
                                              9.984581   data required time
---------------------------------------------------------------------------------------------
                                              9.984581   data required time
                                             -0.676059   data arrival time
---------------------------------------------------------------------------------------------
                                              9.308521   slack (MET)



%OL_END_REPORT
%OL_CREATE_REPORT checks.rpt

===========================================================================
report_checks -unconstrained
===========================================================================
======================= nom_slow_1p08V_125C Corner ===================================

Startpoint: _267_ (rising edge-triggered flip-flop clocked by freq_in)
Endpoint: _267_ (rising edge-triggered flip-flop clocked by freq_in)
Path Group: freq_in
Path Type: max

Fanout         Cap        Slew       Delay        Time   Description
---------------------------------------------------------------------------------------------
                                  0.000000    0.000000   clock freq_in (rise edge)
                                  0.000000    0.000000   clock source latency
     1    0.005288    0.000000    0.000000    0.000000 ^ freq_in (in)
                                                         freq_in (net)
                      0.000427    0.000213    0.000213 ^ _267_/CLK (sg13g2_dfrbpq_1)
     2    0.006781    0.048988    0.253488    0.253701 v _267_/Q (sg13g2_dfrbpq_1)
                                                         uut.div4.dff1.q (net)
                      0.049029    0.000433    0.254135 v _214_/A (sg13g2_inv_1)
     1    0.002892    0.034928    0.047824    0.301958 ^ _214_/Y (sg13g2_inv_1)
                                                         uut.div4.dff1.d (net)
                      0.034928    0.000157    0.302115 ^ _267_/D (sg13g2_dfrbpq_1)
                                              0.302115   data arrival time

                                  0.333000    0.333000   clock freq_in (rise edge)
                                  0.000000    0.333000   clock source latency
     1    0.005288    0.000000    0.000000    0.333000 ^ freq_in (in)
                                                         freq_in (net)
                      0.000427    0.000213    0.333213 ^ _267_/CLK (sg13g2_dfrbpq_1)
                                  0.000000    0.333213   clock reconvergence pessimism
                                 -0.201165    0.132049   library setup time
                                              0.132049   data required time
---------------------------------------------------------------------------------------------
                                              0.132049   data required time
                                             -0.302115   data arrival time
---------------------------------------------------------------------------------------------
                                             -0.170067   slack (VIOLATED)


Startpoint: _243_ (rising edge-triggered flip-flop clocked by sclk)
Endpoint: _243_ (rising edge-triggered flip-flop clocked by sclk)
Path Group: sclk
Path Type: max

Fanout         Cap        Slew       Delay        Time   Description
---------------------------------------------------------------------------------------------
                                  0.000000    0.000000   clock sclk (rise edge)
                                  0.000000    0.000000   clock source latency
     1    0.018198    0.000000    0.000000    0.000000 ^ sclk (in)
                                                         sclk (net)
                      0.002191    0.001096    0.001096 ^ clkbuf_0_sclk/A (sg13g2_buf_16)
     2    0.035980    0.034293    0.084296    0.085392 ^ clkbuf_0_sclk/X (sg13g2_buf_16)
                                                         clknet_0_sclk (net)
                      0.034296    0.000859    0.086250 ^ clkbuf_1_0__f_sclk/A (sg13g2_buf_16)
     5    0.017333    0.028873    0.096936    0.183187 ^ clkbuf_1_0__f_sclk/X (sg13g2_buf_16)
                                                         clknet_1_0__leaf_sclk (net)
                      0.028875    0.000467    0.183654 ^ _243_/CLK (sg13g2_dfrbpq_1)
     4    0.022612    0.152783    0.345387    0.529041 ^ _243_/Q (sg13g2_dfrbpq_1)
                                                         data_word[1] (net)
                      0.152784    0.000800    0.529841 ^ _124_/A0 (sg13g2_mux2_1)
     1    0.002277    0.045267    0.189227    0.719067 ^ _124_/X (sg13g2_mux2_1)
                                                         _037_ (net)
                      0.045267    0.000157    0.719224 ^ _243_/D (sg13g2_dfrbpq_1)
                                              0.719224   data arrival time

                                 10.000000   10.000000   clock sclk (rise edge)
                                  0.000000   10.000000   clock source latency
     1    0.018198    0.000000    0.000000   10.000000 ^ sclk (in)
                                                         sclk (net)
                      0.002191    0.001095   10.001096 ^ clkbuf_0_sclk/A (sg13g2_buf_16)
     2    0.035980    0.034293    0.084296   10.085391 ^ clkbuf_0_sclk/X (sg13g2_buf_16)
                                                         clknet_0_sclk (net)
                      0.034296    0.000859   10.086250 ^ clkbuf_1_0__f_sclk/A (sg13g2_buf_16)
     5    0.017333    0.028873    0.096937   10.183187 ^ clkbuf_1_0__f_sclk/X (sg13g2_buf_16)
                                                         clknet_1_0__leaf_sclk (net)
                      0.028875    0.000467   10.183654 ^ _243_/CLK (sg13g2_dfrbpq_1)
                                  0.000000   10.183654   clock reconvergence pessimism
                                 -0.199665    9.983989   library setup time
                                              9.983989   data required time
---------------------------------------------------------------------------------------------
                                              9.983989   data required time
                                             -0.719224   data arrival time
---------------------------------------------------------------------------------------------
                                              9.264765   slack (MET)




===========================================================================
report_checks --slack_max -0.01
============================================================================
======================= nom_slow_1p08V_125C Corner ===================================

Startpoint: _267_ (rising edge-triggered flip-flop clocked by freq_in)
Endpoint: _267_ (rising edge-triggered flip-flop clocked by freq_in)
Path Group: freq_in
Path Type: max

Fanout         Cap        Slew       Delay        Time   Description
---------------------------------------------------------------------------------------------
                                  0.000000    0.000000   clock freq_in (rise edge)
                                  0.000000    0.000000   clock source latency
     1    0.005288    0.000000    0.000000    0.000000 ^ freq_in (in)
                                                         freq_in (net)
                      0.000427    0.000213    0.000213 ^ _267_/CLK (sg13g2_dfrbpq_1)
     2    0.006781    0.048988    0.253488    0.253701 v _267_/Q (sg13g2_dfrbpq_1)
                                                         uut.div4.dff1.q (net)
                      0.049029    0.000433    0.254135 v _214_/A (sg13g2_inv_1)
     1    0.002892    0.034928    0.047824    0.301958 ^ _214_/Y (sg13g2_inv_1)
                                                         uut.div4.dff1.d (net)
                      0.034928    0.000157    0.302115 ^ _267_/D (sg13g2_dfrbpq_1)
                                              0.302115   data arrival time

                                  0.333000    0.333000   clock freq_in (rise edge)
                                  0.000000    0.333000   clock source latency
     1    0.005288    0.000000    0.000000    0.333000 ^ freq_in (in)
                                                         freq_in (net)
                      0.000427    0.000213    0.333213 ^ _267_/CLK (sg13g2_dfrbpq_1)
                                  0.000000    0.333213   clock reconvergence pessimism
                                 -0.201165    0.132049   library setup time
                                              0.132049   data required time
---------------------------------------------------------------------------------------------
                                              0.132049   data required time
                                             -0.302115   data arrival time
---------------------------------------------------------------------------------------------
                                             -0.170067   slack (VIOLATED)




===========================================================================
 report_check_types -max_slew -max_cap -max_fanout -violators
============================================================================
======================= nom_slow_1p08V_125C Corner ===================================

max fanout

Pin                                   Limit Fanout  Slack
---------------------------------------------------------
input1/X                                  8      9        (VIOLATED)



===========================================================================
report_parasitic_annotation -report_unannotated
============================================================================
Found 1 unannotated drivers.
 clkload0/Y
Found 0 partially unannotated drivers.

===========================================================================
max slew violation count 0
%OL_METRIC_I design__max_slew_violation__count__corner:nom_slow_1p08V_125C 0
max fanout violation count 1
%OL_METRIC_I design__max_fanout_violation__count__corner:nom_slow_1p08V_125C 1
max cap violation count 0
%OL_METRIC_I design__max_cap_violation__count__corner:nom_slow_1p08V_125C 0
============================================================================

===========================================================================
check_setup -verbose -unconstrained_endpoints -multiple_clock -no_clock -no_input_delay -loops -generated_clocks
===========================================================================
Warning: There are 3 input ports missing set_input_delay.
  en
  rst
  sdata
Warning: There are 17 unclocked register/latch pins.
  _251_/CLK
  _252_/CLK
  _253_/CLK
  _254_/CLK
  _255_/CLK
  _256_/CLK
  _257_/CLK
  _258_/CLK
  _259_/CLK
  _260_/CLK
  _261_/CLK
  _262_/CLK
  _263_/CLK
  _264_/CLK
  _265_/CLK
  _266_/CLK
  _268_/CLK
Warning: There are 18 unconstrained endpoints.
  freq_out
  _251_/D
  _252_/D
  _253_/D
  _254_/D
  _255_/D
  _256_/D
  _257_/D
  _258_/D
  _259_/D
  _260_/D
  _261_/D
  _262_/D
  _263_/D
  _264_/D
  _265_/D
  _266_/D
  _268_/D
%OL_END_REPORT
%OL_CREATE_REPORT power.rpt

===========================================================================
 report_power
============================================================================
======================= nom_slow_1p08V_125C Corner ===================================

Group                    Internal    Switching      Leakage        Total
                            Power        Power        Power        Power (Watts)
------------------------------------------------------------------------
Sequential           2.718893e-04 9.242995e-06 6.541693e-08 2.811977e-04  55.4%
Combinational        8.772652e-05 9.614308e-05 7.576461e-08 1.839454e-04  36.2%
Clock                3.463136e-05 8.122717e-06 7.153278e-08 4.282561e-05   8.4%
Macro                0.000000e+00 0.000000e+00 0.000000e+00 0.000000e+00   0.0%
Pad                  0.000000e+00 0.000000e+00 0.000000e+00 0.000000e+00   0.0%
------------------------------------------------------------------------
Total                3.942472e-04 1.135088e-04 2.127142e-07 5.079687e-04 100.0%
                            77.6%        22.3%         0.0%
%OL_METRIC_F power__internal__total 0.00039424715214408934
%OL_METRIC_F power__switching__total 0.00011350879503879696
%OL_METRIC_F power__leakage__total 2.1271424088809e-7
%OL_METRIC_F power__total 0.0005079686525277793

%OL_END_REPORT
%OL_CREATE_REPORT skew.min.rpt

===========================================================================
Clock Skew (Hold)
============================================================================
%OL_METRIC_F clock__skew__worst_hold__corner:nom_slow_1p08V_125C 0.0001678240927062897
======================= nom_slow_1p08V_125C Corner ===================================

Clock freq_in
0.000213 source latency _267_/CLK ^
-0.000213 target latency _267_/CLK ^
0.000000 CRPR
--------------
0.000000 hold skew

Clock sclk
0.183654 source latency _243_/CLK ^
-0.183486 target latency _244_/CLK ^
0.000000 CRPR
--------------
0.000168 hold skew

%OL_END_REPORT
%OL_CREATE_REPORT skew.max.rpt

===========================================================================
Clock Skew (Setup)
============================================================================
%OL_METRIC_F clock__skew__worst_setup__corner:nom_slow_1p08V_125C 0.0001678240927062897
======================= nom_slow_1p08V_125C Corner ===================================

Clock freq_in
0.000213 source latency _267_/CLK ^
-0.000213 target latency _267_/CLK ^
0.000000 CRPR
--------------
0.000000 setup skew

Clock sclk
0.183654 source latency _243_/CLK ^
-0.183486 target latency _244_/CLK ^
0.000000 CRPR
--------------
0.000168 setup skew

%OL_END_REPORT
%OL_CREATE_REPORT ws.min.rpt

===========================================================================
Worst Slack (Hold)
============================================================================
%OL_METRIC_F timing__hold__ws__corner:nom_slow_1p08V_125C 0.3712232848413808
nom_slow_1p08V_125C: 0.3712232848413808
%OL_END_REPORT
%OL_CREATE_REPORT ws.max.rpt

===========================================================================
Worst Slack (Setup)
============================================================================
%OL_METRIC_F timing__setup__ws__corner:nom_slow_1p08V_125C -0.1700667294016708
nom_slow_1p08V_125C: -0.1700667294016708
%OL_END_REPORT
%OL_CREATE_REPORT tns.min.rpt

===========================================================================
Total Negative Slack (Hold)
============================================================================
%OL_METRIC_F timing__hold__tns__corner:nom_slow_1p08V_125C 0.0
nom_slow_1p08V_125C: 0.0
%OL_END_REPORT
%OL_CREATE_REPORT tns.max.rpt

===========================================================================
Total Negative Slack (Setup)
============================================================================
%OL_METRIC_F timing__setup__tns__corner:nom_slow_1p08V_125C -0.1700667294016708
nom_slow_1p08V_125C: -0.1700667294016708
%OL_END_REPORT
%OL_CREATE_REPORT wns.min.rpt

===========================================================================
Worst Negative Slack (Hold)
============================================================================
%OL_METRIC_F timing__hold__wns__corner:nom_slow_1p08V_125C 0
nom_slow_1p08V_125C: 0
%OL_END_REPORT
%OL_CREATE_REPORT wns.max.rpt

===========================================================================
Worst Negative Slack (Setup)
============================================================================
%OL_METRIC_F timing__setup__wns__corner:nom_slow_1p08V_125C -0.1700667294016708
nom_slow_1p08V_125C: -0.1700667294016708
%OL_END_REPORT
%OL_CREATE_REPORT violator_list.rpt

===========================================================================
Violator List
============================================================================
[setup reg-reg] _267_/Q -> _267_/D : -0.170067
%OL_METRIC_I timing__hold_vio__count__corner:nom_slow_1p08V_125C 0
%OL_METRIC_F timing__hold_r2r__ws__corner:nom_slow_1p08V_125C 0.371223
%OL_METRIC_I timing__hold_r2r_vio__count__corner:nom_slow_1p08V_125C 0
%OL_METRIC_I timing__setup_vio__count__corner:nom_slow_1p08V_125C 1
%OL_METRIC_F timing__setup_r2r__ws__corner:nom_slow_1p08V_125C -0.170067
%OL_METRIC_I timing__setup_r2r_vio__count__corner:nom_slow_1p08V_125C 1
%OL_END_REPORT
%OL_CREATE_REPORT unpropagated.rpt
%OL_END_REPORT
%OL_CREATE_REPORT clock.rpt
Clock: sclk
Sources: sclk 
Generated: no
Virtual: yes
Propagated: no
Period: 10.000000

===========================================================================
report_clock_properties
============================================================================
Clock                   Period          Waveform
----------------------------------------------------
sclk                 10.000000    0.000000  5.000000

===========================================================================
report_clock_latency
============================================================================
Clock sclk
rise -> rise
    min     max
0.000000 0.000000 source latency
0.183254         network latency _248_/CLK
        0.183654 network latency _243_/CLK
---------------
0.183254 0.183654 latency
        0.000400 skew

fall -> fall
    min     max
0.000000 0.000000 source latency
0.200283         network latency _248_/CLK
        0.200556 network latency _243_/CLK
---------------
0.200283 0.200556 latency
        0.000272 skew



===========================================================================
report_clock_min_period
============================================================================
sclk period_min = 0.74 fmax = 1360.11
Clock: freq_in
Sources: freq_in 
Generated: no
Virtual: yes
Propagated: no
Period: 0.333000

===========================================================================
report_clock_properties
============================================================================
Clock                   Period          Waveform
----------------------------------------------------
freq_in               0.333000    0.000000  0.166500

===========================================================================
report_clock_latency
============================================================================
Clock freq_in
rise -> rise
    min     max
0.000000 0.000000 source latency
0.000213         network latency _267_/CLK
        0.260725 network latency _268_/CLK
---------------
0.000213 0.260725 latency
        0.260512 skew

rise -> fall
    min     max
0.000000 0.000000 source latency
0.254075         network latency _268_/CLK
        0.254075 network latency _268_/CLK
---------------
0.254075 0.254075 latency
        0.000000 skew

fall -> fall
    min     max
0.000000 0.000000 source latency
0.000191         network latency _267_/CLK
        0.000191 network latency _267_/CLK
---------------
0.000191 0.000191 latency
        0.000000 skew



===========================================================================
report_clock_min_period
============================================================================
freq_in period_min = 0.50 fmax = 1987.81
%OL_END_REPORT
Writing SDF files for all corners…
Removing Clock latencies before writing libs…
Writing timing models for all corners…
Writing timing models for the nom_slow_1p08V_125C corner to /home/hansa/projects/frac-n-pll-vco-smacd_2026/schematic/blocks/dsm/src/runs/RUN_2026-03-04_15-08-00/55-openroad-stapostpnr/nom_slow_1p08V_125C/dsm_and_freq_divider__nom_slow_1p08V_125C.lib…
