
===========================================================================
report_checks -path_delay min (Hold)
============================================================================
======================= nom_typ_1p20V_25C Corner ===================================

Startpoint: _267_ (rising edge-triggered flip-flop clocked by freq_in)
Endpoint: _267_ (rising edge-triggered flip-flop clocked by freq_in)
Path Group: freq_in
Path Type: min

Fanout         Cap        Slew       Delay        Time   Description
---------------------------------------------------------------------------------------------
                                  0.000000    0.000000   clock freq_in (rise edge)
                                  0.000000    0.000000   clock source latency
     1    0.006220    0.000000    0.000000    0.000000 ^ freq_in (in)
                                                         freq_in (net)
                      0.000199    0.000099    0.000099 ^ _267_/CLK (sg13g2_dfrbpq_1)
     2    0.006821    0.038096    0.164350    0.164449 ^ _267_/Q (sg13g2_dfrbpq_1)
                                                         uut.div4.dff1.q (net)
                      0.038096    0.000042    0.164491 ^ _214_/A (sg13g2_inv_1)
     1    0.002043    0.016776    0.027565    0.192056 v _214_/Y (sg13g2_inv_1)
                                                         uut.div4.dff1.d (net)
                      0.016776    0.000016    0.192072 v _267_/D (sg13g2_dfrbpq_1)
                                              0.192072   data arrival time

                                  0.000000    0.000000   clock freq_in (rise edge)
                                  0.000000    0.000000   clock source latency
     1    0.006220    0.000000    0.000000    0.000000 ^ freq_in (in)
                                                         freq_in (net)
                      0.000199    0.000099    0.000099 ^ _267_/CLK (sg13g2_dfrbpq_1)
                                  0.000000    0.000099   clock reconvergence pessimism
                                 -0.037496   -0.037396   library hold time
                                             -0.037396   data required time
---------------------------------------------------------------------------------------------
                                             -0.037396   data required time
                                             -0.192072   data arrival time
---------------------------------------------------------------------------------------------
                                              0.229468   slack (MET)


Startpoint: _250_ (rising edge-triggered flip-flop clocked by sclk)
Endpoint: _250_ (rising edge-triggered flip-flop clocked by sclk)
Path Group: sclk
Path Type: min

Fanout         Cap        Slew       Delay        Time   Description
---------------------------------------------------------------------------------------------
                                  0.000000    0.000000   clock sclk (rise edge)
                                  0.000000    0.000000   clock source latency
     9    0.035492    0.000000    0.000000    0.000000 ^ sclk (in)
                                                         sclk (net)
                      0.000936    0.000468    0.000468 ^ _250_/CLK (sg13g2_dfrbpq_1)
     2    0.009781    0.038624    0.167220    0.167687 v _250_/Q (sg13g2_dfrbpq_1)
                                                         data_word[8] (net)
                      0.038624    0.000051    0.167738 v _117_/A0 (sg13g2_mux2_1)
     1    0.002005    0.026290    0.108647    0.276385 v _117_/X (sg13g2_mux2_1)
                                                         _044_ (net)
                      0.026290    0.000015    0.276400 v _250_/D (sg13g2_dfrbpq_1)
                                              0.276400   data arrival time

                                  0.000000    0.000000   clock sclk (rise edge)
                                  0.000000    0.000000   clock source latency
     9    0.035492    0.000000    0.000000    0.000000 ^ sclk (in)
                                                         sclk (net)
                      0.000936    0.000468    0.000468 ^ _250_/CLK (sg13g2_dfrbpq_1)
                                  0.000000    0.000468   clock reconvergence pessimism
                                 -0.040352   -0.039884   library hold time
                                             -0.039884   data required time
---------------------------------------------------------------------------------------------
                                             -0.039884   data required time
                                             -0.276400   data arrival time
---------------------------------------------------------------------------------------------
                                              0.316284   slack (MET)


Startpoint: _249_ (rising edge-triggered flip-flop clocked by sclk)
Endpoint: _249_ (rising edge-triggered flip-flop clocked by sclk)
Path Group: sclk
Path Type: min

Fanout         Cap        Slew       Delay        Time   Description
---------------------------------------------------------------------------------------------
                                  0.000000    0.000000   clock sclk (rise edge)
                                  0.000000    0.000000   clock source latency
     9    0.035492    0.000000    0.000000    0.000000 ^ sclk (in)
                                                         sclk (net)
                      0.000929    0.000464    0.000464 ^ _249_/CLK (sg13g2_dfrbpq_1)
     4    0.014873    0.053660    0.179655    0.180119 v _249_/Q (sg13g2_dfrbpq_1)
                                                         data_word[7] (net)
                      0.053660    0.000084    0.180204 v _118_/A0 (sg13g2_mux2_1)
     1    0.002139    0.026644    0.115194    0.295398 v _118_/X (sg13g2_mux2_1)
                                                         _043_ (net)
                      0.026644    0.000018    0.295416 v _249_/D (sg13g2_dfrbpq_1)
                                              0.295416   data arrival time

                                  0.000000    0.000000   clock sclk (rise edge)
                                  0.000000    0.000000   clock source latency
     9    0.035492    0.000000    0.000000    0.000000 ^ sclk (in)
                                                         sclk (net)
                      0.000929    0.000464    0.000464 ^ _249_/CLK (sg13g2_dfrbpq_1)
                                  0.000000    0.000464   clock reconvergence pessimism
                                 -0.040465   -0.040001   library hold time
                                             -0.040001   data required time
---------------------------------------------------------------------------------------------
                                             -0.040001   data required time
                                             -0.295416   data arrival time
---------------------------------------------------------------------------------------------
                                              0.335416   slack (MET)


Startpoint: _242_ (rising edge-triggered flip-flop clocked by sclk)
Endpoint: _242_ (rising edge-triggered flip-flop clocked by sclk)
Path Group: sclk
Path Type: min

Fanout         Cap        Slew       Delay        Time   Description
---------------------------------------------------------------------------------------------
                                  0.000000    0.000000   clock sclk (rise edge)
                                  0.000000    0.000000   clock source latency
     9    0.035492    0.000000    0.000000    0.000000 ^ sclk (in)
                                                         sclk (net)
                      0.001264    0.000632    0.000632 ^ _242_/CLK (sg13g2_dfrbpq_1)
     4    0.016591    0.058794    0.183998    0.184630 v _242_/Q (sg13g2_dfrbpq_1)
                                                         data_word[0] (net)
                      0.058794    0.000115    0.184746 v _125_/A0 (sg13g2_mux2_1)
     1    0.001692    0.025461    0.115785    0.300530 v _125_/X (sg13g2_mux2_1)
                                                         _036_ (net)
                      0.025461    0.000010    0.300540 v _242_/D (sg13g2_dfrbpq_1)
                                              0.300540   data arrival time

                                  0.000000    0.000000   clock sclk (rise edge)
                                  0.000000    0.000000   clock source latency
     9    0.035492    0.000000    0.000000    0.000000 ^ sclk (in)
                                                         sclk (net)
                      0.001264    0.000632    0.000632 ^ _242_/CLK (sg13g2_dfrbpq_1)
                                  0.000000    0.000632   clock reconvergence pessimism
                                 -0.040021   -0.039389   library hold time
                                             -0.039389   data required time
---------------------------------------------------------------------------------------------
                                             -0.039389   data required time
                                             -0.300540   data arrival time
---------------------------------------------------------------------------------------------
                                              0.339929   slack (MET)


Startpoint: _242_ (rising edge-triggered flip-flop clocked by sclk)
Endpoint: _243_ (rising edge-triggered flip-flop clocked by sclk)
Path Group: sclk
Path Type: min

Fanout         Cap        Slew       Delay        Time   Description
---------------------------------------------------------------------------------------------
                                  0.000000    0.000000   clock sclk (rise edge)
                                  0.000000    0.000000   clock source latency
     9    0.035492    0.000000    0.000000    0.000000 ^ sclk (in)
                                                         sclk (net)
                      0.001264    0.000632    0.000632 ^ _242_/CLK (sg13g2_dfrbpq_1)
     4    0.016591    0.058794    0.183998    0.184630 v _242_/Q (sg13g2_dfrbpq_1)
                                                         data_word[0] (net)
                      0.058794    0.000116    0.184746 v _124_/A1 (sg13g2_mux2_1)
     1    0.001738    0.025582    0.115797    0.300543 v _124_/X (sg13g2_mux2_1)
                                                         _037_ (net)
                      0.025582    0.000010    0.300554 v _243_/D (sg13g2_dfrbpq_1)
                                              0.300554   data arrival time

                                  0.000000    0.000000   clock sclk (rise edge)
                                  0.000000    0.000000   clock source latency
     9    0.035492    0.000000    0.000000    0.000000 ^ sclk (in)
                                                         sclk (net)
                      0.001250    0.000625    0.000625 ^ _243_/CLK (sg13g2_dfrbpq_1)
                                  0.000000    0.000625   clock reconvergence pessimism
                                 -0.040062   -0.039437   library hold time
                                             -0.039437   data required time
---------------------------------------------------------------------------------------------
                                             -0.039437   data required time
                                             -0.300554   data arrival time
---------------------------------------------------------------------------------------------
                                              0.339991   slack (MET)


Startpoint: _247_ (rising edge-triggered flip-flop clocked by sclk)
Endpoint: _248_ (rising edge-triggered flip-flop clocked by sclk)
Path Group: sclk
Path Type: min

Fanout         Cap        Slew       Delay        Time   Description
---------------------------------------------------------------------------------------------
                                  0.000000    0.000000   clock sclk (rise edge)
                                  0.000000    0.000000   clock source latency
     9    0.035492    0.000000    0.000000    0.000000 ^ sclk (in)
                                                         sclk (net)
                      0.000655    0.000327    0.000327 ^ _247_/CLK (sg13g2_dfrbpq_1)
     4    0.016584    0.058769    0.183698    0.184025 v _247_/Q (sg13g2_dfrbpq_1)
                                                         data_word[5] (net)
                      0.058769    0.000102    0.184127 v _119_/A1 (sg13g2_mux2_1)
     1    0.001966    0.026187    0.116556    0.300682 v _119_/X (sg13g2_mux2_1)
                                                         _042_ (net)
                      0.026187    0.000014    0.300697 v _248_/D (sg13g2_dfrbpq_1)
                                              0.300697   data arrival time

                                  0.000000    0.000000   clock sclk (rise edge)
                                  0.000000    0.000000   clock source latency
     9    0.035492    0.000000    0.000000    0.000000 ^ sclk (in)
                                                         sclk (net)
                      0.000756    0.000378    0.000378 ^ _248_/CLK (sg13g2_dfrbpq_1)
                                  0.000000    0.000378   clock reconvergence pessimism
                                 -0.040356   -0.039978   library hold time
                                             -0.039978   data required time
---------------------------------------------------------------------------------------------
                                             -0.039978   data required time
                                             -0.300697   data arrival time
---------------------------------------------------------------------------------------------
                                              0.340675   slack (MET)


Startpoint: _247_ (rising edge-triggered flip-flop clocked by sclk)
Endpoint: _247_ (rising edge-triggered flip-flop clocked by sclk)
Path Group: sclk
Path Type: min

Fanout         Cap        Slew       Delay        Time   Description
---------------------------------------------------------------------------------------------
                                  0.000000    0.000000   clock sclk (rise edge)
                                  0.000000    0.000000   clock source latency
     9    0.035492    0.000000    0.000000    0.000000 ^ sclk (in)
                                                         sclk (net)
                      0.000655    0.000327    0.000327 ^ _247_/CLK (sg13g2_dfrbpq_1)
     4    0.016584    0.058769    0.183698    0.184025 v _247_/Q (sg13g2_dfrbpq_1)
                                                         data_word[5] (net)
                      0.058769    0.000095    0.184120 v _120_/A0 (sg13g2_mux2_1)
     1    0.002085    0.026500    0.117089    0.301209 v _120_/X (sg13g2_mux2_1)
                                                         _041_ (net)
                      0.026500    0.000017    0.301226 v _247_/D (sg13g2_dfrbpq_1)
                                              0.301226   data arrival time

                                  0.000000    0.000000   clock sclk (rise edge)
                                  0.000000    0.000000   clock source latency
     9    0.035492    0.000000    0.000000    0.000000 ^ sclk (in)
                                                         sclk (net)
                      0.000655    0.000327    0.000327 ^ _247_/CLK (sg13g2_dfrbpq_1)
                                  0.000000    0.000327   clock reconvergence pessimism
                                 -0.040477   -0.040150   library hold time
                                             -0.040150   data required time
---------------------------------------------------------------------------------------------
                                             -0.040150   data required time
                                             -0.301226   data arrival time
---------------------------------------------------------------------------------------------
                                              0.341376   slack (MET)


Startpoint: _246_ (rising edge-triggered flip-flop clocked by sclk)
Endpoint: _246_ (rising edge-triggered flip-flop clocked by sclk)
Path Group: sclk
Path Type: min

Fanout         Cap        Slew       Delay        Time   Description
---------------------------------------------------------------------------------------------
                                  0.000000    0.000000   clock sclk (rise edge)
                                  0.000000    0.000000   clock source latency
     9    0.035492    0.000000    0.000000    0.000000 ^ sclk (in)
                                                         sclk (net)
                      0.000896    0.000448    0.000448 ^ _246_/CLK (sg13g2_dfrbpq_1)
     4    0.017002    0.060018    0.184833    0.185281 v _246_/Q (sg13g2_dfrbpq_1)
                                                         data_word[4] (net)
                      0.060018    0.000101    0.185382 v _121_/A0 (sg13g2_mux2_1)
     1    0.001857    0.025899    0.116834    0.302215 v _121_/X (sg13g2_mux2_1)
                                                         _040_ (net)
                      0.025899    0.000013    0.302228 v _246_/D (sg13g2_dfrbpq_1)
                                              0.302228   data arrival time

                                  0.000000    0.000000   clock sclk (rise edge)
                                  0.000000    0.000000   clock source latency
     9    0.035492    0.000000    0.000000    0.000000 ^ sclk (in)
                                                         sclk (net)
                      0.000896    0.000448    0.000448 ^ _246_/CLK (sg13g2_dfrbpq_1)
                                  0.000000    0.000448   clock reconvergence pessimism
                                 -0.040236   -0.039788   library hold time
                                             -0.039788   data required time
---------------------------------------------------------------------------------------------
                                             -0.039788   data required time
                                             -0.302228   data arrival time
---------------------------------------------------------------------------------------------
                                              0.342016   slack (MET)


Startpoint: _243_ (rising edge-triggered flip-flop clocked by sclk)
Endpoint: _244_ (rising edge-triggered flip-flop clocked by sclk)
Path Group: sclk
Path Type: min

Fanout         Cap        Slew       Delay        Time   Description
---------------------------------------------------------------------------------------------
                                  0.000000    0.000000   clock sclk (rise edge)
                                  0.000000    0.000000   clock source latency
     9    0.035492    0.000000    0.000000    0.000000 ^ sclk (in)
                                                         sclk (net)
                      0.001250    0.000625    0.000625 ^ _243_/CLK (sg13g2_dfrbpq_1)
     4    0.017755    0.062308    0.186776    0.187401 v _243_/Q (sg13g2_dfrbpq_1)
                                                         data_word[1] (net)
                      0.062308    0.000097    0.187498 v _123_/A1 (sg13g2_mux2_1)
     1    0.001488    0.024908    0.116386    0.303884 v _123_/X (sg13g2_mux2_1)
                                                         _038_ (net)
                      0.024908    0.000007    0.303891 v _244_/D (sg13g2_dfrbpq_1)
                                              0.303891   data arrival time

                                  0.000000    0.000000   clock sclk (rise edge)
                                  0.000000    0.000000   clock source latency
     9    0.035492    0.000000    0.000000    0.000000 ^ sclk (in)
                                                         sclk (net)
                      0.001268    0.000634    0.000634 ^ _244_/CLK (sg13g2_dfrbpq_1)
                                  0.000000    0.000634   clock reconvergence pessimism
                                 -0.039845   -0.039212   library hold time
                                             -0.039212   data required time
---------------------------------------------------------------------------------------------
                                             -0.039212   data required time
                                             -0.303891   data arrival time
---------------------------------------------------------------------------------------------
                                              0.343102   slack (MET)


Startpoint: _245_ (rising edge-triggered flip-flop clocked by sclk)
Endpoint: _245_ (rising edge-triggered flip-flop clocked by sclk)
Path Group: sclk
Path Type: min

Fanout         Cap        Slew       Delay        Time   Description
---------------------------------------------------------------------------------------------
                                  0.000000    0.000000   clock sclk (rise edge)
                                  0.000000    0.000000   clock source latency
     9    0.035492    0.000000    0.000000    0.000000 ^ sclk (in)
                                                         sclk (net)
                      0.000975    0.000488    0.000488 ^ _245_/CLK (sg13g2_dfrbpq_1)
     4    0.017384    0.061179    0.185769    0.186257 v _245_/Q (sg13g2_dfrbpq_1)
                                                         data_word[3] (net)
                      0.061179    0.000101    0.186358 v _122_/A0 (sg13g2_mux2_1)
     1    0.002025    0.026346    0.117866    0.304224 v _122_/X (sg13g2_mux2_1)
                                                         _039_ (net)
                      0.026346    0.000016    0.304240 v _245_/D (sg13g2_dfrbpq_1)
                                              0.304240   data arrival time

                                  0.000000    0.000000   clock sclk (rise edge)
                                  0.000000    0.000000   clock source latency
     9    0.035492    0.000000    0.000000    0.000000 ^ sclk (in)
                                                         sclk (net)
                      0.000975    0.000488    0.000488 ^ _245_/CLK (sg13g2_dfrbpq_1)
                                  0.000000    0.000488   clock reconvergence pessimism
                                 -0.040361   -0.039874   library hold time
                                             -0.039874   data required time
---------------------------------------------------------------------------------------------
                                             -0.039874   data required time
                                             -0.304240   data arrival time
---------------------------------------------------------------------------------------------
                                              0.344114   slack (MET)



