Clock: sclk
Sources: sclk 
Generated: no
Virtual: yes
Propagated: no
Period: 10.000000

===========================================================================
report_clock_properties
============================================================================
Clock                   Period          Waveform
----------------------------------------------------
sclk                 10.000000    0.000000  5.000000

===========================================================================
report_clock_latency
============================================================================
Clock sclk
rise -> rise
    min     max
0.000000 0.000000 source latency
0.118630         network latency _248_/CLK
        0.118930 network latency _243_/CLK
---------------
0.118630 0.118930 latency
        0.000300 skew

fall -> fall
    min     max
0.000000 0.000000 source latency
0.131210         network latency _245_/CLK
        0.131442 network latency _243_/CLK
---------------
0.131210 0.131442 latency
        0.000233 skew



===========================================================================
report_clock_min_period
============================================================================
sclk period_min = 0.46 fmax = 2185.43
Clock: freq_in
Sources: freq_in 
Generated: no
Virtual: yes
Propagated: no
Period: 0.333000

===========================================================================
report_clock_properties
============================================================================
Clock                   Period          Waveform
----------------------------------------------------
freq_in               0.333000    0.000000  0.166500

===========================================================================
report_clock_latency
============================================================================
Clock freq_in
rise -> rise
    min     max
0.000000 0.000000 source latency
0.000223         network latency _267_/CLK
        0.167390 network latency _268_/CLK
---------------
0.000223 0.167390 latency
        0.167167 skew

rise -> fall
    min     max
0.000000 0.000000 source latency
0.160938         network latency _268_/CLK
        0.160938 network latency _268_/CLK
---------------
0.160938 0.160938 latency
        0.000000 skew

fall -> fall
    min     max
0.000000 0.000000 source latency
0.000201         network latency _267_/CLK
        0.000201 network latency _267_/CLK
---------------
0.000201 0.000201 latency
        0.000000 skew



===========================================================================
report_clock_min_period
============================================================================
freq_in period_min = 0.32 fmax = 3166.31
