+ define_corners nom_typ_1p20V_25C
Reading timing models for corner nom_typ_1p20V_25C…
Reading cell library for the 'nom_typ_1p20V_25C' corner at '/home/hansa/.ciel/ciel/ihp-sg13g2/versions/c4b8b4e5e7a05f375cca3815d51b3a37721fbf5c/ihp-sg13g2/libs.ref/sg13g2_stdcell/lib/sg13g2_stdcell_typ_1p20V_25C.lib'…
Reading cell library for the 'nom_typ_1p20V_25C' corner at '/home/hansa/.ciel/ciel/ihp-sg13g2/versions/c4b8b4e5e7a05f375cca3815d51b3a37721fbf5c/ihp-sg13g2/libs.ref/sg13g2_io/lib/sg13g2_io_typ_1p2V_3p3V_25C.lib'…
Reading top-level netlist at '/home/hansa/projects/frac-n-pll-vco-smacd_2026/schematic/blocks/dsm/src/runs/RUN_2026-03-04_15-08-00/52-openroad-fillinsertion/dsm_and_freq_divider.nl.v'…
Linking design 'dsm_and_freq_divider' from netlist…
Reading design constraints file at '/home/hansa/projects/frac-n-pll-vco-smacd_2026/schematic/blocks/dsm/src/my_constraints.sdc'…
[INFO] No information on clock propagation in input SDC file-- propagating all clocks.
Reading top-level design parasitics for the 'nom_typ_1p20V_25C' corner at '/home/hansa/projects/frac-n-pll-vco-smacd_2026/schematic/blocks/dsm/src/runs/RUN_2026-03-04_15-08-00/54-openroad-rcx/nom/dsm_and_freq_divider.nom.spef'…
%OL_CREATE_REPORT min.rpt

===========================================================================
report_checks -path_delay min (Hold)
============================================================================
======================= nom_typ_1p20V_25C Corner ===================================

Startpoint: _267_ (rising edge-triggered flip-flop clocked by freq_in)
Endpoint: _267_ (rising edge-triggered flip-flop clocked by freq_in)
Path Group: freq_in
Path Type: min

Fanout         Cap        Slew       Delay        Time   Description
---------------------------------------------------------------------------------------------
                                  0.000000    0.000000   clock freq_in (rise edge)
                                  0.000000    0.000000   clock source latency
     1    0.005472    0.000000    0.000000    0.000000 ^ freq_in (in)
                                                         freq_in (net)
                      0.000446    0.000223    0.000223 ^ _267_/CLK (sg13g2_dfrbpq_1)
     2    0.007669    0.041201    0.166732    0.166955 ^ _267_/Q (sg13g2_dfrbpq_1)
                                                         uut.div4.dff1.q (net)
                      0.041206    0.000482    0.167437 ^ _214_/A (sg13g2_inv_1)
     1    0.002986    0.019830    0.030884    0.198321 v _214_/Y (sg13g2_inv_1)
                                                         uut.div4.dff1.d (net)
                      0.019830    0.000165    0.198487 v _267_/D (sg13g2_dfrbpq_1)
                                              0.198487   data arrival time

                                  0.000000    0.000000   clock freq_in (rise edge)
                                  0.000000    0.000000   clock source latency
     1    0.005472    0.000000    0.000000    0.000000 ^ freq_in (in)
                                                         freq_in (net)
                      0.000446    0.000223    0.000223 ^ _267_/CLK (sg13g2_dfrbpq_1)
                                  0.000000    0.000223   clock reconvergence pessimism
                                 -0.038410   -0.038187   library hold time
                                             -0.038187   data required time
---------------------------------------------------------------------------------------------
                                             -0.038187   data required time
                                             -0.198487   data arrival time
---------------------------------------------------------------------------------------------
                                              0.236674   slack (MET)


Startpoint: _250_ (rising edge-triggered flip-flop clocked by sclk)
Endpoint: _250_ (rising edge-triggered flip-flop clocked by sclk)
Path Group: sclk
Path Type: min

Fanout         Cap        Slew       Delay        Time   Description
---------------------------------------------------------------------------------------------
                                  0.000000    0.000000   clock sclk (rise edge)
                                  0.000000    0.000000   clock source latency
     1    0.019298    0.000000    0.000000    0.000000 ^ sclk (in)
                                                         sclk (net)
                      0.002331    0.001166    0.001166 ^ clkbuf_0_sclk/A (sg13g2_buf_16)
     2    0.038180    0.022294    0.055223    0.056388 ^ clkbuf_0_sclk/X (sg13g2_buf_16)
                                                         clknet_0_sclk (net)
                      0.022305    0.000889    0.057277 ^ clkbuf_1_1__f_sclk/A (sg13g2_buf_16)
     5    0.017222    0.018445    0.060916    0.118194 ^ clkbuf_1_1__f_sclk/X (sg13g2_buf_16)
                                                         clknet_1_1__leaf_sclk (net)
                      0.018448    0.000454    0.118648 ^ _250_/CLK (sg13g2_dfrbpq_1)
     2    0.010698    0.041337    0.177565    0.296213 v _250_/Q (sg13g2_dfrbpq_1)
                                                         data_word[8] (net)
                      0.041347    0.000617    0.296830 v _117_/A0 (sg13g2_mux2_1)
     1    0.002192    0.027292    0.110367    0.407197 v _117_/X (sg13g2_mux2_1)
                                                         _044_ (net)
                      0.027292    0.000079    0.407276 v _250_/D (sg13g2_dfrbpq_1)
                                              0.407276   data arrival time

                                  0.000000    0.000000   clock sclk (rise edge)
                                  0.000000    0.000000   clock source latency
     1    0.019298    0.000000    0.000000    0.000000 ^ sclk (in)
                                                         sclk (net)
                      0.002331    0.001166    0.001166 ^ clkbuf_0_sclk/A (sg13g2_buf_16)
     2    0.038180    0.022294    0.055223    0.056388 ^ clkbuf_0_sclk/X (sg13g2_buf_16)
                                                         clknet_0_sclk (net)
                      0.022305    0.000889    0.057277 ^ clkbuf_1_1__f_sclk/A (sg13g2_buf_16)
     5    0.017222    0.018445    0.060916    0.118194 ^ clkbuf_1_1__f_sclk/X (sg13g2_buf_16)
                                                         clknet_1_1__leaf_sclk (net)
                      0.018448    0.000454    0.118648 ^ _250_/CLK (sg13g2_dfrbpq_1)
                                  0.000000    0.118648   clock reconvergence pessimism
                                 -0.037018    0.081630   library hold time
                                              0.081630   data required time
---------------------------------------------------------------------------------------------
                                              0.081630   data required time
                                             -0.407276   data arrival time
---------------------------------------------------------------------------------------------
                                              0.325647   slack (MET)


Startpoint: _247_ (rising edge-triggered flip-flop clocked by sclk)
Endpoint: _248_ (rising edge-triggered flip-flop clocked by sclk)
Path Group: sclk
Path Type: min

Fanout         Cap        Slew       Delay        Time   Description
---------------------------------------------------------------------------------------------
                                  0.000000    0.000000   clock sclk (rise edge)
                                  0.000000    0.000000   clock source latency
     1    0.019298    0.000000    0.000000    0.000000 ^ sclk (in)
                                                         sclk (net)
                      0.002331    0.001166    0.001166 ^ clkbuf_0_sclk/A (sg13g2_buf_16)
     2    0.038180    0.022294    0.055223    0.056388 ^ clkbuf_0_sclk/X (sg13g2_buf_16)
                                                         clknet_0_sclk (net)
                      0.022305    0.000889    0.057277 ^ clkbuf_1_1__f_sclk/A (sg13g2_buf_16)
     5    0.017222    0.018445    0.060916    0.118194 ^ clkbuf_1_1__f_sclk/X (sg13g2_buf_16)
                                                         clknet_1_1__leaf_sclk (net)
                      0.018448    0.000450    0.118643 ^ _247_/CLK (sg13g2_dfrbpq_1)
     4    0.017099    0.060598    0.192934    0.311577 v _247_/Q (sg13g2_dfrbpq_1)
                                                         data_word[5] (net)
                      0.060614    0.000948    0.312525 v _119_/A1 (sg13g2_mux2_1)
     1    0.001886    0.026480    0.117028    0.429553 v _119_/X (sg13g2_mux2_1)
                                                         _042_ (net)
                      0.026480    0.000071    0.429624 v _248_/D (sg13g2_dfrbpq_1)
                                              0.429624   data arrival time

                                  0.000000    0.000000   clock sclk (rise edge)
                                  0.000000    0.000000   clock source latency
     1    0.019298    0.000000    0.000000    0.000000 ^ sclk (in)
                                                         sclk (net)
                      0.002331    0.001166    0.001166 ^ clkbuf_0_sclk/A (sg13g2_buf_16)
     2    0.038180    0.022294    0.055223    0.056388 ^ clkbuf_0_sclk/X (sg13g2_buf_16)
                                                         clknet_0_sclk (net)
                      0.022305    0.000889    0.057277 ^ clkbuf_1_1__f_sclk/A (sg13g2_buf_16)
     5    0.017222    0.018445    0.060916    0.118194 ^ clkbuf_1_1__f_sclk/X (sg13g2_buf_16)
                                                         clknet_1_1__leaf_sclk (net)
                      0.018447    0.000436    0.118630 ^ _248_/CLK (sg13g2_dfrbpq_1)
                                  0.000000    0.118630   clock reconvergence pessimism
                                 -0.036761    0.081869   library hold time
                                              0.081869   data required time
---------------------------------------------------------------------------------------------
                                              0.081869   data required time
                                             -0.429624   data arrival time
---------------------------------------------------------------------------------------------
                                              0.347755   slack (MET)


Startpoint: _247_ (rising edge-triggered flip-flop clocked by sclk)
Endpoint: _247_ (rising edge-triggered flip-flop clocked by sclk)
Path Group: sclk
Path Type: min

Fanout         Cap        Slew       Delay        Time   Description
---------------------------------------------------------------------------------------------
                                  0.000000    0.000000   clock sclk (rise edge)
                                  0.000000    0.000000   clock source latency
     1    0.019298    0.000000    0.000000    0.000000 ^ sclk (in)
                                                         sclk (net)
                      0.002331    0.001166    0.001166 ^ clkbuf_0_sclk/A (sg13g2_buf_16)
     2    0.038180    0.022294    0.055223    0.056388 ^ clkbuf_0_sclk/X (sg13g2_buf_16)
                                                         clknet_0_sclk (net)
                      0.022305    0.000889    0.057277 ^ clkbuf_1_1__f_sclk/A (sg13g2_buf_16)
     5    0.017222    0.018445    0.060916    0.118194 ^ clkbuf_1_1__f_sclk/X (sg13g2_buf_16)
                                                         clknet_1_1__leaf_sclk (net)
                      0.018448    0.000450    0.118643 ^ _247_/CLK (sg13g2_dfrbpq_1)
     4    0.017099    0.060598    0.192934    0.311577 v _247_/Q (sg13g2_dfrbpq_1)
                                                         data_word[5] (net)
                      0.060614    0.000933    0.312510 v _120_/A0 (sg13g2_mux2_1)
     1    0.001897    0.026509    0.117199    0.429709 v _120_/X (sg13g2_mux2_1)
                                                         _041_ (net)
                      0.026509    0.000071    0.429779 v _247_/D (sg13g2_dfrbpq_1)
                                              0.429779   data arrival time

                                  0.000000    0.000000   clock sclk (rise edge)
                                  0.000000    0.000000   clock source latency
     1    0.019298    0.000000    0.000000    0.000000 ^ sclk (in)
                                                         sclk (net)
                      0.002331    0.001166    0.001166 ^ clkbuf_0_sclk/A (sg13g2_buf_16)
     2    0.038180    0.022294    0.055223    0.056388 ^ clkbuf_0_sclk/X (sg13g2_buf_16)
                                                         clknet_0_sclk (net)
                      0.022305    0.000889    0.057277 ^ clkbuf_1_1__f_sclk/A (sg13g2_buf_16)
     5    0.017222    0.018445    0.060916    0.118194 ^ clkbuf_1_1__f_sclk/X (sg13g2_buf_16)
                                                         clknet_1_1__leaf_sclk (net)
                      0.018448    0.000450    0.118643 ^ _247_/CLK (sg13g2_dfrbpq_1)
                                  0.000000    0.118643   clock reconvergence pessimism
                                 -0.036770    0.081873   library hold time
                                              0.081873   data required time
---------------------------------------------------------------------------------------------
                                              0.081873   data required time
                                             -0.429779   data arrival time
---------------------------------------------------------------------------------------------
                                              0.347906   slack (MET)


Startpoint: _246_ (rising edge-triggered flip-flop clocked by sclk)
Endpoint: _246_ (rising edge-triggered flip-flop clocked by sclk)
Path Group: sclk
Path Type: min

Fanout         Cap        Slew       Delay        Time   Description
---------------------------------------------------------------------------------------------
                                  0.000000    0.000000   clock sclk (rise edge)
                                  0.000000    0.000000   clock source latency
     1    0.019298    0.000000    0.000000    0.000000 ^ sclk (in)
                                                         sclk (net)
                      0.002331    0.001166    0.001166 ^ clkbuf_0_sclk/A (sg13g2_buf_16)
     2    0.038180    0.022294    0.055223    0.056388 ^ clkbuf_0_sclk/X (sg13g2_buf_16)
                                                         clknet_0_sclk (net)
                      0.022305    0.000913    0.057301 ^ clkbuf_1_0__f_sclk/A (sg13g2_buf_16)
     5    0.018253    0.018688    0.061136    0.118437 ^ clkbuf_1_0__f_sclk/X (sg13g2_buf_16)
                                                         clknet_1_0__leaf_sclk (net)
                      0.018689    0.000239    0.118676 ^ _246_/CLK (sg13g2_dfrbpq_1)
     4    0.017296    0.061204    0.193490    0.312166 v _246_/Q (sg13g2_dfrbpq_1)
                                                         data_word[4] (net)
                      0.061220    0.000937    0.313103 v _121_/A0 (sg13g2_mux2_1)
     1    0.001803    0.026274    0.117131    0.430234 v _121_/X (sg13g2_mux2_1)
                                                         _040_ (net)
                      0.026275    0.000068    0.430302 v _246_/D (sg13g2_dfrbpq_1)
                                              0.430302   data arrival time

                                  0.000000    0.000000   clock sclk (rise edge)
                                  0.000000    0.000000   clock source latency
     1    0.019298    0.000000    0.000000    0.000000 ^ sclk (in)
                                                         sclk (net)
                      0.002331    0.001166    0.001166 ^ clkbuf_0_sclk/A (sg13g2_buf_16)
     2    0.038180    0.022294    0.055223    0.056388 ^ clkbuf_0_sclk/X (sg13g2_buf_16)
                                                         clknet_0_sclk (net)
                      0.022305    0.000913    0.057301 ^ clkbuf_1_0__f_sclk/A (sg13g2_buf_16)
     5    0.018253    0.018688    0.061136    0.118437 ^ clkbuf_1_0__f_sclk/X (sg13g2_buf_16)
                                                         clknet_1_0__leaf_sclk (net)
                      0.018689    0.000239    0.118676 ^ _246_/CLK (sg13g2_dfrbpq_1)
                                  0.000000    0.118676   clock reconvergence pessimism
                                 -0.036646    0.082030   library hold time
                                              0.082030   data required time
---------------------------------------------------------------------------------------------
                                              0.082030   data required time
                                             -0.430302   data arrival time
---------------------------------------------------------------------------------------------
                                              0.348272   slack (MET)


Startpoint: _249_ (rising edge-triggered flip-flop clocked by sclk)
Endpoint: _249_ (rising edge-triggered flip-flop clocked by sclk)
Path Group: sclk
Path Type: min

Fanout         Cap        Slew       Delay        Time   Description
---------------------------------------------------------------------------------------------
                                  0.000000    0.000000   clock sclk (rise edge)
                                  0.000000    0.000000   clock source latency
     1    0.019298    0.000000    0.000000    0.000000 ^ sclk (in)
                                                         sclk (net)
                      0.002331    0.001166    0.001166 ^ clkbuf_0_sclk/A (sg13g2_buf_16)
     2    0.038180    0.022294    0.055223    0.056388 ^ clkbuf_0_sclk/X (sg13g2_buf_16)
                                                         clknet_0_sclk (net)
                      0.022305    0.000889    0.057277 ^ clkbuf_1_1__f_sclk/A (sg13g2_buf_16)
     5    0.017222    0.018445    0.060916    0.118194 ^ clkbuf_1_1__f_sclk/X (sg13g2_buf_16)
                                                         clknet_1_1__leaf_sclk (net)
                      0.018448    0.000464    0.118657 ^ _249_/CLK (sg13g2_dfrbpq_1)
     4    0.017621    0.062187    0.194152    0.312809 v _249_/Q (sg13g2_dfrbpq_1)
                                                         data_word[7] (net)
                      0.062205    0.000997    0.313806 v _118_/A0 (sg13g2_mux2_1)
     1    0.002278    0.027518    0.119120    0.432925 v _118_/X (sg13g2_mux2_1)
                                                         _043_ (net)
                      0.027518    0.000080    0.433005 v _249_/D (sg13g2_dfrbpq_1)
                                              0.433005   data arrival time

                                  0.000000    0.000000   clock sclk (rise edge)
                                  0.000000    0.000000   clock source latency
     1    0.019298    0.000000    0.000000    0.000000 ^ sclk (in)
                                                         sclk (net)
                      0.002331    0.001166    0.001166 ^ clkbuf_0_sclk/A (sg13g2_buf_16)
     2    0.038180    0.022294    0.055223    0.056388 ^ clkbuf_0_sclk/X (sg13g2_buf_16)
                                                         clknet_0_sclk (net)
                      0.022305    0.000889    0.057277 ^ clkbuf_1_1__f_sclk/A (sg13g2_buf_16)
     5    0.017222    0.018445    0.060916    0.118194 ^ clkbuf_1_1__f_sclk/X (sg13g2_buf_16)
                                                         clknet_1_1__leaf_sclk (net)
                      0.018448    0.000464    0.118657 ^ _249_/CLK (sg13g2_dfrbpq_1)
                                  0.000000    0.118657   clock reconvergence pessimism
                                 -0.037090    0.081567   library hold time
                                              0.081567   data required time
---------------------------------------------------------------------------------------------
                                              0.081567   data required time
                                             -0.433005   data arrival time
---------------------------------------------------------------------------------------------
                                              0.351438   slack (MET)


Startpoint: _242_ (rising edge-triggered flip-flop clocked by sclk)
Endpoint: _242_ (rising edge-triggered flip-flop clocked by sclk)
Path Group: sclk
Path Type: min

Fanout         Cap        Slew       Delay        Time   Description
---------------------------------------------------------------------------------------------
                                  0.000000    0.000000   clock sclk (rise edge)
                                  0.000000    0.000000   clock source latency
     1    0.019298    0.000000    0.000000    0.000000 ^ sclk (in)
                                                         sclk (net)
                      0.002331    0.001166    0.001166 ^ clkbuf_0_sclk/A (sg13g2_buf_16)
     2    0.038180    0.022294    0.055223    0.056388 ^ clkbuf_0_sclk/X (sg13g2_buf_16)
                                                         clknet_0_sclk (net)
                      0.022305    0.000913    0.057301 ^ clkbuf_1_0__f_sclk/A (sg13g2_buf_16)
     5    0.018253    0.018688    0.061136    0.118437 ^ clkbuf_1_0__f_sclk/X (sg13g2_buf_16)
                                                         clknet_1_0__leaf_sclk (net)
                      0.018689    0.000332    0.118770 ^ _242_/CLK (sg13g2_dfrbpq_1)
     4    0.018336    0.064194    0.196334    0.315103 v _242_/Q (sg13g2_dfrbpq_1)
                                                         data_word[0] (net)
                      0.064197    0.000526    0.315630 v _125_/A0 (sg13g2_mux2_1)
     1    0.001992    0.026762    0.118971    0.434601 v _125_/X (sg13g2_mux2_1)
                                                         _036_ (net)
                      0.026763    0.000075    0.434676 v _242_/D (sg13g2_dfrbpq_1)
                                              0.434676   data arrival time

                                  0.000000    0.000000   clock sclk (rise edge)
                                  0.000000    0.000000   clock source latency
     1    0.019298    0.000000    0.000000    0.000000 ^ sclk (in)
                                                         sclk (net)
                      0.002331    0.001166    0.001166 ^ clkbuf_0_sclk/A (sg13g2_buf_16)
     2    0.038180    0.022294    0.055223    0.056388 ^ clkbuf_0_sclk/X (sg13g2_buf_16)
                                                         clknet_0_sclk (net)
                      0.022305    0.000913    0.057301 ^ clkbuf_1_0__f_sclk/A (sg13g2_buf_16)
     5    0.018253    0.018688    0.061136    0.118437 ^ clkbuf_1_0__f_sclk/X (sg13g2_buf_16)
                                                         clknet_1_0__leaf_sclk (net)
                      0.018689    0.000332    0.118770 ^ _242_/CLK (sg13g2_dfrbpq_1)
                                  0.000000    0.118770   clock reconvergence pessimism
                                 -0.036800    0.081969   library hold time
                                              0.081969   data required time
---------------------------------------------------------------------------------------------
                                              0.081969   data required time
                                             -0.434676   data arrival time
---------------------------------------------------------------------------------------------
                                              0.352707   slack (MET)


Startpoint: _242_ (rising edge-triggered flip-flop clocked by sclk)
Endpoint: _243_ (rising edge-triggered flip-flop clocked by sclk)
Path Group: sclk
Path Type: min

Fanout         Cap        Slew       Delay        Time   Description
---------------------------------------------------------------------------------------------
                                  0.000000    0.000000   clock sclk (rise edge)
                                  0.000000    0.000000   clock source latency
     1    0.019298    0.000000    0.000000    0.000000 ^ sclk (in)
                                                         sclk (net)
                      0.002331    0.001166    0.001166 ^ clkbuf_0_sclk/A (sg13g2_buf_16)
     2    0.038180    0.022294    0.055223    0.056388 ^ clkbuf_0_sclk/X (sg13g2_buf_16)
                                                         clknet_0_sclk (net)
                      0.022305    0.000913    0.057301 ^ clkbuf_1_0__f_sclk/A (sg13g2_buf_16)
     5    0.018253    0.018688    0.061136    0.118437 ^ clkbuf_1_0__f_sclk/X (sg13g2_buf_16)
                                                         clknet_1_0__leaf_sclk (net)
                      0.018689    0.000332    0.118770 ^ _242_/CLK (sg13g2_dfrbpq_1)
     4    0.018336    0.064194    0.196334    0.315103 v _242_/Q (sg13g2_dfrbpq_1)
                                                         data_word[0] (net)
                      0.064197    0.000525    0.315628 v _124_/A1 (sg13g2_mux2_1)
     1    0.002372    0.027766    0.120105    0.435733 v _124_/X (sg13g2_mux2_1)
                                                         _037_ (net)
                      0.027767    0.000165    0.435898 v _243_/D (sg13g2_dfrbpq_1)
                                              0.435898   data arrival time

                                  0.000000    0.000000   clock sclk (rise edge)
                                  0.000000    0.000000   clock source latency
     1    0.019298    0.000000    0.000000    0.000000 ^ sclk (in)
                                                         sclk (net)
                      0.002331    0.001166    0.001166 ^ clkbuf_0_sclk/A (sg13g2_buf_16)
     2    0.038180    0.022294    0.055223    0.056388 ^ clkbuf_0_sclk/X (sg13g2_buf_16)
                                                         clknet_0_sclk (net)
                      0.022305    0.000913    0.057301 ^ clkbuf_1_0__f_sclk/A (sg13g2_buf_16)
     5    0.018253    0.018688    0.061136    0.118437 ^ clkbuf_1_0__f_sclk/X (sg13g2_buf_16)
                                                         clknet_1_0__leaf_sclk (net)
                      0.018691    0.000493    0.118930 ^ _243_/CLK (sg13g2_dfrbpq_1)
                                  0.000000    0.118930   clock reconvergence pessimism
                                 -0.037118    0.081812   library hold time
                                              0.081812   data required time
---------------------------------------------------------------------------------------------
                                              0.081812   data required time
                                             -0.435898   data arrival time
---------------------------------------------------------------------------------------------
                                              0.354086   slack (MET)


Startpoint: _245_ (rising edge-triggered flip-flop clocked by sclk)
Endpoint: _245_ (rising edge-triggered flip-flop clocked by sclk)
Path Group: sclk
Path Type: min

Fanout         Cap        Slew       Delay        Time   Description
---------------------------------------------------------------------------------------------
                                  0.000000    0.000000   clock sclk (rise edge)
                                  0.000000    0.000000   clock source latency
     1    0.019298    0.000000    0.000000    0.000000 ^ sclk (in)
                                                         sclk (net)
                      0.002331    0.001166    0.001166 ^ clkbuf_0_sclk/A (sg13g2_buf_16)
     2    0.038180    0.022294    0.055223    0.056388 ^ clkbuf_0_sclk/X (sg13g2_buf_16)
                                                         clknet_0_sclk (net)
                      0.022305    0.000913    0.057301 ^ clkbuf_1_0__f_sclk/A (sg13g2_buf_16)
     5    0.018253    0.018688    0.061136    0.118437 ^ clkbuf_1_0__f_sclk/X (sg13g2_buf_16)
                                                         clknet_1_0__leaf_sclk (net)
                      0.018689    0.000230    0.118667 ^ _245_/CLK (sg13g2_dfrbpq_1)
     4    0.019741    0.068593    0.199346    0.318013 v _245_/Q (sg13g2_dfrbpq_1)
                                                         data_word[3] (net)
                      0.068607    0.000957    0.318970 v _122_/A0 (sg13g2_mux2_1)
     1    0.001817    0.026314    0.120176    0.439147 v _122_/X (sg13g2_mux2_1)
                                                         _039_ (net)
                      0.026314    0.000068    0.439215 v _245_/D (sg13g2_dfrbpq_1)
                                              0.439215   data arrival time

                                  0.000000    0.000000   clock sclk (rise edge)
                                  0.000000    0.000000   clock source latency
     1    0.019298    0.000000    0.000000    0.000000 ^ sclk (in)
                                                         sclk (net)
                      0.002331    0.001166    0.001166 ^ clkbuf_0_sclk/A (sg13g2_buf_16)
     2    0.038180    0.022294    0.055223    0.056388 ^ clkbuf_0_sclk/X (sg13g2_buf_16)
                                                         clknet_0_sclk (net)
                      0.022305    0.000913    0.057301 ^ clkbuf_1_0__f_sclk/A (sg13g2_buf_16)
     5    0.018253    0.018688    0.061136    0.118437 ^ clkbuf_1_0__f_sclk/X (sg13g2_buf_16)
                                                         clknet_1_0__leaf_sclk (net)
                      0.018689    0.000230    0.118667 ^ _245_/CLK (sg13g2_dfrbpq_1)
                                  0.000000    0.118667   clock reconvergence pessimism
                                 -0.036658    0.082009   library hold time
                                              0.082009   data required time
---------------------------------------------------------------------------------------------
                                              0.082009   data required time
                                             -0.439215   data arrival time
---------------------------------------------------------------------------------------------
                                              0.357206   slack (MET)


Startpoint: _244_ (rising edge-triggered flip-flop clocked by sclk)
Endpoint: _244_ (rising edge-triggered flip-flop clocked by sclk)
Path Group: sclk
Path Type: min

Fanout         Cap        Slew       Delay        Time   Description
---------------------------------------------------------------------------------------------
                                  0.000000    0.000000   clock sclk (rise edge)
                                  0.000000    0.000000   clock source latency
     1    0.019298    0.000000    0.000000    0.000000 ^ sclk (in)
                                                         sclk (net)
                      0.002331    0.001166    0.001166 ^ clkbuf_0_sclk/A (sg13g2_buf_16)
     2    0.038180    0.022294    0.055223    0.056388 ^ clkbuf_0_sclk/X (sg13g2_buf_16)
                                                         clknet_0_sclk (net)
                      0.022305    0.000913    0.057301 ^ clkbuf_1_0__f_sclk/A (sg13g2_buf_16)
     5    0.018253    0.018688    0.061136    0.118437 ^ clkbuf_1_0__f_sclk/X (sg13g2_buf_16)
                                                         clknet_1_0__leaf_sclk (net)
                      0.018689    0.000316    0.118753 ^ _244_/CLK (sg13g2_dfrbpq_1)
     4    0.021187    0.072898    0.202985    0.321738 v _244_/Q (sg13g2_dfrbpq_1)
                                                         data_word[2] (net)
                      0.072908    0.000850    0.322588 v _123_/A0 (sg13g2_mux2_1)
     1    0.001926    0.026588    0.122286    0.444874 v _123_/X (sg13g2_mux2_1)
                                                         _038_ (net)
                      0.026588    0.000071    0.444945 v _244_/D (sg13g2_dfrbpq_1)
                                              0.444945   data arrival time

                                  0.000000    0.000000   clock sclk (rise edge)
                                  0.000000    0.000000   clock source latency
     1    0.019298    0.000000    0.000000    0.000000 ^ sclk (in)
                                                         sclk (net)
                      0.002331    0.001166    0.001166 ^ clkbuf_0_sclk/A (sg13g2_buf_16)
     2    0.038180    0.022294    0.055223    0.056388 ^ clkbuf_0_sclk/X (sg13g2_buf_16)
                                                         clknet_0_sclk (net)
                      0.022305    0.000913    0.057301 ^ clkbuf_1_0__f_sclk/A (sg13g2_buf_16)
     5    0.018253    0.018688    0.061136    0.118437 ^ clkbuf_1_0__f_sclk/X (sg13g2_buf_16)
                                                         clknet_1_0__leaf_sclk (net)
                      0.018689    0.000316    0.118753 ^ _244_/CLK (sg13g2_dfrbpq_1)
                                  0.000000    0.118753   clock reconvergence pessimism
                                 -0.036745    0.082009   library hold time
                                              0.082009   data required time
---------------------------------------------------------------------------------------------
                                              0.082009   data required time
                                             -0.444945   data arrival time
---------------------------------------------------------------------------------------------
                                              0.362937   slack (MET)



%OL_END_REPORT
%OL_CREATE_REPORT max.rpt

===========================================================================
report_checks -path_delay max (Setup)
============================================================================
======================= nom_typ_1p20V_25C Corner ===================================

Startpoint: _267_ (rising edge-triggered flip-flop clocked by freq_in)
Endpoint: _267_ (rising edge-triggered flip-flop clocked by freq_in)
Path Group: freq_in
Path Type: max

Fanout         Cap        Slew       Delay        Time   Description
---------------------------------------------------------------------------------------------
                                  0.000000    0.000000   clock freq_in (rise edge)
                                  0.000000    0.000000   clock source latency
     1    0.005472    0.000000    0.000000    0.000000 ^ freq_in (in)
                                                         freq_in (net)
                      0.000446    0.000223    0.000223 ^ _267_/CLK (sg13g2_dfrbpq_1)
     2    0.007669    0.041201    0.166732    0.166955 ^ _267_/Q (sg13g2_dfrbpq_1)
                                                         uut.div4.dff1.q (net)
                      0.041206    0.000482    0.167437 ^ _214_/A (sg13g2_inv_1)
     1    0.002986    0.019830    0.030884    0.198321 v _214_/Y (sg13g2_inv_1)
                                                         uut.div4.dff1.d (net)
                      0.019830    0.000165    0.198487 v _267_/D (sg13g2_dfrbpq_1)
                                              0.198487   data arrival time

                                  0.333000    0.333000   clock freq_in (rise edge)
                                  0.000000    0.333000   clock source latency
     1    0.005472    0.000000    0.000000    0.333000 ^ freq_in (in)
                                                         freq_in (net)
                      0.000446    0.000223    0.333223 ^ _267_/CLK (sg13g2_dfrbpq_1)
                                  0.000000    0.333223   clock reconvergence pessimism
                                 -0.117561    0.215662   library setup time
                                              0.215662   data required time
---------------------------------------------------------------------------------------------
                                              0.215662   data required time
                                             -0.198487   data arrival time
---------------------------------------------------------------------------------------------
                                              0.017175   slack (MET)


Startpoint: _243_ (rising edge-triggered flip-flop clocked by sclk)
Endpoint: _243_ (rising edge-triggered flip-flop clocked by sclk)
Path Group: sclk
Path Type: max

Fanout         Cap        Slew       Delay        Time   Description
---------------------------------------------------------------------------------------------
                                  0.000000    0.000000   clock sclk (rise edge)
                                  0.000000    0.000000   clock source latency
     1    0.019298    0.000000    0.000000    0.000000 ^ sclk (in)
                                                         sclk (net)
                      0.002331    0.001166    0.001166 ^ clkbuf_0_sclk/A (sg13g2_buf_16)
     2    0.038180    0.022294    0.055223    0.056388 ^ clkbuf_0_sclk/X (sg13g2_buf_16)
                                                         clknet_0_sclk (net)
                      0.022305    0.000913    0.057301 ^ clkbuf_1_0__f_sclk/A (sg13g2_buf_16)
     5    0.018253    0.018688    0.061136    0.118437 ^ clkbuf_1_0__f_sclk/X (sg13g2_buf_16)
                                                         clknet_1_0__leaf_sclk (net)
                      0.018691    0.000493    0.118930 ^ _243_/CLK (sg13g2_dfrbpq_1)
     4    0.023551    0.101663    0.221340    0.340270 ^ _243_/Q (sg13g2_dfrbpq_1)
                                                         data_word[1] (net)
                      0.101667    0.000837    0.341107 ^ _124_/A0 (sg13g2_mux2_1)
     1    0.002352    0.031842    0.118465    0.459572 ^ _124_/X (sg13g2_mux2_1)
                                                         _037_ (net)
                      0.031843    0.000163    0.459735 ^ _243_/D (sg13g2_dfrbpq_1)
                                              0.459735   data arrival time

                                 10.000000   10.000000   clock sclk (rise edge)
                                  0.000000   10.000000   clock source latency
     1    0.019298    0.000000    0.000000   10.000000 ^ sclk (in)
                                                         sclk (net)
                      0.002331    0.001165   10.001165 ^ clkbuf_0_sclk/A (sg13g2_buf_16)
     2    0.038180    0.022294    0.055222   10.056388 ^ clkbuf_0_sclk/X (sg13g2_buf_16)
                                                         clknet_0_sclk (net)
                      0.022305    0.000913   10.057302 ^ clkbuf_1_0__f_sclk/A (sg13g2_buf_16)
     5    0.018253    0.018688    0.061136   10.118437 ^ clkbuf_1_0__f_sclk/X (sg13g2_buf_16)
                                                         clknet_1_0__leaf_sclk (net)
                      0.018691    0.000493   10.118930 ^ _243_/CLK (sg13g2_dfrbpq_1)
                                  0.000000   10.118930   clock reconvergence pessimism
                                 -0.116771   10.002159   library setup time
                                             10.002159   data required time
---------------------------------------------------------------------------------------------
                                             10.002159   data required time
                                             -0.459735   data arrival time
---------------------------------------------------------------------------------------------
                                              9.542424   slack (MET)


Startpoint: _243_ (rising edge-triggered flip-flop clocked by sclk)
Endpoint: _244_ (rising edge-triggered flip-flop clocked by sclk)
Path Group: sclk
Path Type: max

Fanout         Cap        Slew       Delay        Time   Description
---------------------------------------------------------------------------------------------
                                  0.000000    0.000000   clock sclk (rise edge)
                                  0.000000    0.000000   clock source latency
     1    0.019298    0.000000    0.000000    0.000000 ^ sclk (in)
                                                         sclk (net)
                      0.002331    0.001166    0.001166 ^ clkbuf_0_sclk/A (sg13g2_buf_16)
     2    0.038180    0.022294    0.055223    0.056388 ^ clkbuf_0_sclk/X (sg13g2_buf_16)
                                                         clknet_0_sclk (net)
                      0.022305    0.000913    0.057301 ^ clkbuf_1_0__f_sclk/A (sg13g2_buf_16)
     5    0.018253    0.018688    0.061136    0.118437 ^ clkbuf_1_0__f_sclk/X (sg13g2_buf_16)
                                                         clknet_1_0__leaf_sclk (net)
                      0.018691    0.000493    0.118930 ^ _243_/CLK (sg13g2_dfrbpq_1)
     4    0.023242    0.077593    0.207995    0.326925 v _243_/Q (sg13g2_dfrbpq_1)
                                                         data_word[1] (net)
                      0.077602    0.000847    0.327772 v _123_/A1 (sg13g2_mux2_1)
     1    0.001926    0.033408    0.124073    0.451845 v _123_/X (sg13g2_mux2_1)
                                                         _038_ (net)
                      0.033408    0.000071    0.451916 v _244_/D (sg13g2_dfrbpq_1)
                                              0.451916   data arrival time

                                 10.000000   10.000000   clock sclk (rise edge)
                                  0.000000   10.000000   clock source latency
     1    0.019298    0.000000    0.000000   10.000000 ^ sclk (in)
                                                         sclk (net)
                      0.002331    0.001165   10.001165 ^ clkbuf_0_sclk/A (sg13g2_buf_16)
     2    0.038180    0.022294    0.055222   10.056388 ^ clkbuf_0_sclk/X (sg13g2_buf_16)
                                                         clknet_0_sclk (net)
                      0.022305    0.000913   10.057302 ^ clkbuf_1_0__f_sclk/A (sg13g2_buf_16)
     5    0.018253    0.018688    0.061136   10.118437 ^ clkbuf_1_0__f_sclk/X (sg13g2_buf_16)
                                                         clknet_1_0__leaf_sclk (net)
                      0.018689    0.000316   10.118753 ^ _244_/CLK (sg13g2_dfrbpq_1)
                                  0.000000   10.118753   clock reconvergence pessimism
                                 -0.117790   10.000963   library setup time
                                             10.000963   data required time
---------------------------------------------------------------------------------------------
                                             10.000963   data required time
                                             -0.451916   data arrival time
---------------------------------------------------------------------------------------------
                                              9.549047   slack (MET)


Startpoint: _244_ (rising edge-triggered flip-flop clocked by sclk)
Endpoint: _245_ (rising edge-triggered flip-flop clocked by sclk)
Path Group: sclk
Path Type: max

Fanout         Cap        Slew       Delay        Time   Description
---------------------------------------------------------------------------------------------
                                  0.000000    0.000000   clock sclk (rise edge)
                                  0.000000    0.000000   clock source latency
     1    0.019298    0.000000    0.000000    0.000000 ^ sclk (in)
                                                         sclk (net)
                      0.002331    0.001166    0.001166 ^ clkbuf_0_sclk/A (sg13g2_buf_16)
     2    0.038180    0.022294    0.055223    0.056388 ^ clkbuf_0_sclk/X (sg13g2_buf_16)
                                                         clknet_0_sclk (net)
                      0.022305    0.000913    0.057301 ^ clkbuf_1_0__f_sclk/A (sg13g2_buf_16)
     5    0.018253    0.018688    0.061136    0.118437 ^ clkbuf_1_0__f_sclk/X (sg13g2_buf_16)
                                                         clknet_1_0__leaf_sclk (net)
                      0.018689    0.000316    0.118753 ^ _244_/CLK (sg13g2_dfrbpq_1)
     4    0.021187    0.072898    0.202985    0.321738 v _244_/Q (sg13g2_dfrbpq_1)
                                                         data_word[2] (net)
                      0.072913    0.001010    0.322748 v _122_/A1 (sg13g2_mux2_1)
     1    0.001817    0.033020    0.121800    0.444548 v _122_/X (sg13g2_mux2_1)
                                                         _039_ (net)
                      0.033020    0.000068    0.444616 v _245_/D (sg13g2_dfrbpq_1)
                                              0.444616   data arrival time

                                 10.000000   10.000000   clock sclk (rise edge)
                                  0.000000   10.000000   clock source latency
     1    0.019298    0.000000    0.000000   10.000000 ^ sclk (in)
                                                         sclk (net)
                      0.002331    0.001165   10.001165 ^ clkbuf_0_sclk/A (sg13g2_buf_16)
     2    0.038180    0.022294    0.055222   10.056388 ^ clkbuf_0_sclk/X (sg13g2_buf_16)
                                                         clknet_0_sclk (net)
                      0.022305    0.000913   10.057302 ^ clkbuf_1_0__f_sclk/A (sg13g2_buf_16)
     5    0.018253    0.018688    0.061136   10.118437 ^ clkbuf_1_0__f_sclk/X (sg13g2_buf_16)
                                                         clknet_1_0__leaf_sclk (net)
                      0.018689    0.000230   10.118667 ^ _245_/CLK (sg13g2_dfrbpq_1)
                                  0.000000   10.118667   clock reconvergence pessimism
                                 -0.117650   10.001018   library setup time
                                             10.001018   data required time
---------------------------------------------------------------------------------------------
                                             10.001018   data required time
                                             -0.444616   data arrival time
---------------------------------------------------------------------------------------------
                                              9.556401   slack (MET)


Startpoint: _245_ (rising edge-triggered flip-flop clocked by sclk)
Endpoint: _246_ (rising edge-triggered flip-flop clocked by sclk)
Path Group: sclk
Path Type: max

Fanout         Cap        Slew       Delay        Time   Description
---------------------------------------------------------------------------------------------
                                  0.000000    0.000000   clock sclk (rise edge)
                                  0.000000    0.000000   clock source latency
     1    0.019298    0.000000    0.000000    0.000000 ^ sclk (in)
                                                         sclk (net)
                      0.002331    0.001166    0.001166 ^ clkbuf_0_sclk/A (sg13g2_buf_16)
     2    0.038180    0.022294    0.055223    0.056388 ^ clkbuf_0_sclk/X (sg13g2_buf_16)
                                                         clknet_0_sclk (net)
                      0.022305    0.000913    0.057301 ^ clkbuf_1_0__f_sclk/A (sg13g2_buf_16)
     5    0.018253    0.018688    0.061136    0.118437 ^ clkbuf_1_0__f_sclk/X (sg13g2_buf_16)
                                                         clknet_1_0__leaf_sclk (net)
                      0.018689    0.000230    0.118667 ^ _245_/CLK (sg13g2_dfrbpq_1)
     4    0.019741    0.068593    0.199346    0.318013 v _245_/Q (sg13g2_dfrbpq_1)
                                                         data_word[3] (net)
                      0.068614    0.001134    0.319148 v _121_/A1 (sg13g2_mux2_1)
     1    0.001803    0.032882    0.120002    0.439149 v _121_/X (sg13g2_mux2_1)
                                                         _040_ (net)
                      0.032882    0.000068    0.439217 v _246_/D (sg13g2_dfrbpq_1)
                                              0.439217   data arrival time

                                 10.000000   10.000000   clock sclk (rise edge)
                                  0.000000   10.000000   clock source latency
     1    0.019298    0.000000    0.000000   10.000000 ^ sclk (in)
                                                         sclk (net)
                      0.002331    0.001165   10.001165 ^ clkbuf_0_sclk/A (sg13g2_buf_16)
     2    0.038180    0.022294    0.055222   10.056388 ^ clkbuf_0_sclk/X (sg13g2_buf_16)
                                                         clknet_0_sclk (net)
                      0.022305    0.000913   10.057302 ^ clkbuf_1_0__f_sclk/A (sg13g2_buf_16)
     5    0.018253    0.018688    0.061136   10.118437 ^ clkbuf_1_0__f_sclk/X (sg13g2_buf_16)
                                                         clknet_1_0__leaf_sclk (net)
                      0.018689    0.000239   10.118676 ^ _246_/CLK (sg13g2_dfrbpq_1)
                                  0.000000   10.118676   clock reconvergence pessimism
                                 -0.117601   10.001076   library setup time
                                             10.001076   data required time
---------------------------------------------------------------------------------------------
                                             10.001076   data required time
                                             -0.439217   data arrival time
---------------------------------------------------------------------------------------------
                                              9.561859   slack (MET)


Startpoint: _248_ (rising edge-triggered flip-flop clocked by sclk)
Endpoint: _249_ (rising edge-triggered flip-flop clocked by sclk)
Path Group: sclk
Path Type: max

Fanout         Cap        Slew       Delay        Time   Description
---------------------------------------------------------------------------------------------
                                  0.000000    0.000000   clock sclk (rise edge)
                                  0.000000    0.000000   clock source latency
     1    0.019298    0.000000    0.000000    0.000000 ^ sclk (in)
                                                         sclk (net)
                      0.002331    0.001166    0.001166 ^ clkbuf_0_sclk/A (sg13g2_buf_16)
     2    0.038180    0.022294    0.055223    0.056388 ^ clkbuf_0_sclk/X (sg13g2_buf_16)
                                                         clknet_0_sclk (net)
                      0.022305    0.000889    0.057277 ^ clkbuf_1_1__f_sclk/A (sg13g2_buf_16)
     5    0.017222    0.018445    0.060916    0.118194 ^ clkbuf_1_1__f_sclk/X (sg13g2_buf_16)
                                                         clknet_1_1__leaf_sclk (net)
                      0.018447    0.000436    0.118630 ^ _248_/CLK (sg13g2_dfrbpq_1)
     4    0.018327    0.064321    0.195841    0.314471 v _248_/Q (sg13g2_dfrbpq_1)
                                                         data_word[6] (net)
                      0.064338    0.000993    0.315464 v _118_/A1 (sg13g2_mux2_1)
     1    0.002278    0.033993    0.119859    0.435323 v _118_/X (sg13g2_mux2_1)
                                                         _043_ (net)
                      0.033993    0.000080    0.435403 v _249_/D (sg13g2_dfrbpq_1)
                                              0.435403   data arrival time

                                 10.000000   10.000000   clock sclk (rise edge)
                                  0.000000   10.000000   clock source latency
     1    0.019298    0.000000    0.000000   10.000000 ^ sclk (in)
                                                         sclk (net)
                      0.002331    0.001165   10.001165 ^ clkbuf_0_sclk/A (sg13g2_buf_16)
     2    0.038180    0.022294    0.055222   10.056388 ^ clkbuf_0_sclk/X (sg13g2_buf_16)
                                                         clknet_0_sclk (net)
                      0.022305    0.000890   10.057278 ^ clkbuf_1_1__f_sclk/A (sg13g2_buf_16)
     5    0.017222    0.018445    0.060916   10.118194 ^ clkbuf_1_1__f_sclk/X (sg13g2_buf_16)
                                                         clknet_1_1__leaf_sclk (net)
                      0.018448    0.000464   10.118657 ^ _249_/CLK (sg13g2_dfrbpq_1)
                                  0.000000   10.118657   clock reconvergence pessimism
                                 -0.118062   10.000595   library setup time
                                             10.000595   data required time
---------------------------------------------------------------------------------------------
                                             10.000595   data required time
                                             -0.435403   data arrival time
---------------------------------------------------------------------------------------------
                                              9.565192   slack (MET)


Startpoint: _242_ (rising edge-triggered flip-flop clocked by sclk)
Endpoint: _242_ (rising edge-triggered flip-flop clocked by sclk)
Path Group: sclk
Path Type: max

Fanout         Cap        Slew       Delay        Time   Description
---------------------------------------------------------------------------------------------
                                  0.000000    0.000000   clock sclk (rise edge)
                                  0.000000    0.000000   clock source latency
     1    0.019298    0.000000    0.000000    0.000000 ^ sclk (in)
                                                         sclk (net)
                      0.002331    0.001166    0.001166 ^ clkbuf_0_sclk/A (sg13g2_buf_16)
     2    0.038180    0.022294    0.055223    0.056388 ^ clkbuf_0_sclk/X (sg13g2_buf_16)
                                                         clknet_0_sclk (net)
                      0.022305    0.000913    0.057301 ^ clkbuf_1_0__f_sclk/A (sg13g2_buf_16)
     5    0.018253    0.018688    0.061136    0.118437 ^ clkbuf_1_0__f_sclk/X (sg13g2_buf_16)
                                                         clknet_1_0__leaf_sclk (net)
                      0.018689    0.000332    0.118770 ^ _242_/CLK (sg13g2_dfrbpq_1)
     4    0.018808    0.084002    0.207835    0.326604 ^ _242_/Q (sg13g2_dfrbpq_1)
                                                         data_word[0] (net)
                      0.084004    0.000540    0.327144 ^ _125_/A0 (sg13g2_mux2_1)
     1    0.001972    0.028209    0.110089    0.437233 ^ _125_/X (sg13g2_mux2_1)
                                                         _036_ (net)
                      0.028210    0.000074    0.437307 ^ _242_/D (sg13g2_dfrbpq_1)
                                              0.437307   data arrival time

                                 10.000000   10.000000   clock sclk (rise edge)
                                  0.000000   10.000000   clock source latency
     1    0.019298    0.000000    0.000000   10.000000 ^ sclk (in)
                                                         sclk (net)
                      0.002331    0.001165   10.001165 ^ clkbuf_0_sclk/A (sg13g2_buf_16)
     2    0.038180    0.022294    0.055222   10.056388 ^ clkbuf_0_sclk/X (sg13g2_buf_16)
                                                         clknet_0_sclk (net)
                      0.022305    0.000913   10.057302 ^ clkbuf_1_0__f_sclk/A (sg13g2_buf_16)
     5    0.018253    0.018688    0.061136   10.118437 ^ clkbuf_1_0__f_sclk/X (sg13g2_buf_16)
                                                         clknet_1_0__leaf_sclk (net)
                      0.018689    0.000333   10.118770 ^ _242_/CLK (sg13g2_dfrbpq_1)
                                  0.000000   10.118770   clock reconvergence pessimism
                                 -0.115590   10.003180   library setup time
                                             10.003180   data required time
---------------------------------------------------------------------------------------------
                                             10.003180   data required time
                                             -0.437307   data arrival time
---------------------------------------------------------------------------------------------
                                              9.565873   slack (MET)


Startpoint: _248_ (rising edge-triggered flip-flop clocked by sclk)
Endpoint: _248_ (rising edge-triggered flip-flop clocked by sclk)
Path Group: sclk
Path Type: max

Fanout         Cap        Slew       Delay        Time   Description
---------------------------------------------------------------------------------------------
                                  0.000000    0.000000   clock sclk (rise edge)
                                  0.000000    0.000000   clock source latency
     1    0.019298    0.000000    0.000000    0.000000 ^ sclk (in)
                                                         sclk (net)
                      0.002331    0.001166    0.001166 ^ clkbuf_0_sclk/A (sg13g2_buf_16)
     2    0.038180    0.022294    0.055223    0.056388 ^ clkbuf_0_sclk/X (sg13g2_buf_16)
                                                         clknet_0_sclk (net)
                      0.022305    0.000889    0.057277 ^ clkbuf_1_1__f_sclk/A (sg13g2_buf_16)
     5    0.017222    0.018445    0.060916    0.118194 ^ clkbuf_1_1__f_sclk/X (sg13g2_buf_16)
                                                         clknet_1_1__leaf_sclk (net)
                      0.018447    0.000436    0.118630 ^ _248_/CLK (sg13g2_dfrbpq_1)
     4    0.018717    0.083738    0.207132    0.325762 ^ _248_/Q (sg13g2_dfrbpq_1)
                                                         data_word[6] (net)
                      0.083749    0.000992    0.326754 ^ _119_/A0 (sg13g2_mux2_1)
     1    0.001866    0.030008    0.109645    0.436399 ^ _119_/X (sg13g2_mux2_1)
                                                         _042_ (net)
                      0.030008    0.000070    0.436469 ^ _248_/D (sg13g2_dfrbpq_1)
                                              0.436469   data arrival time

                                 10.000000   10.000000   clock sclk (rise edge)
                                  0.000000   10.000000   clock source latency
     1    0.019298    0.000000    0.000000   10.000000 ^ sclk (in)
                                                         sclk (net)
                      0.002331    0.001165   10.001165 ^ clkbuf_0_sclk/A (sg13g2_buf_16)
     2    0.038180    0.022294    0.055222   10.056388 ^ clkbuf_0_sclk/X (sg13g2_buf_16)
                                                         clknet_0_sclk (net)
                      0.022305    0.000890   10.057278 ^ clkbuf_1_1__f_sclk/A (sg13g2_buf_16)
     5    0.017222    0.018445    0.060916   10.118194 ^ clkbuf_1_1__f_sclk/X (sg13g2_buf_16)
                                                         clknet_1_1__leaf_sclk (net)
                      0.018447    0.000436   10.118629 ^ _248_/CLK (sg13g2_dfrbpq_1)
                                  0.000000   10.118629   clock reconvergence pessimism
                                 -0.116210   10.002419   library setup time
                                             10.002419   data required time
---------------------------------------------------------------------------------------------
                                             10.002419   data required time
                                             -0.436469   data arrival time
---------------------------------------------------------------------------------------------
                                              9.565951   slack (MET)


Startpoint: _249_ (rising edge-triggered flip-flop clocked by sclk)
Endpoint: _250_ (rising edge-triggered flip-flop clocked by sclk)
Path Group: sclk
Path Type: max

Fanout         Cap        Slew       Delay        Time   Description
---------------------------------------------------------------------------------------------
                                  0.000000    0.000000   clock sclk (rise edge)
                                  0.000000    0.000000   clock source latency
     1    0.019298    0.000000    0.000000    0.000000 ^ sclk (in)
                                                         sclk (net)
                      0.002331    0.001166    0.001166 ^ clkbuf_0_sclk/A (sg13g2_buf_16)
     2    0.038180    0.022294    0.055223    0.056388 ^ clkbuf_0_sclk/X (sg13g2_buf_16)
                                                         clknet_0_sclk (net)
                      0.022305    0.000889    0.057277 ^ clkbuf_1_1__f_sclk/A (sg13g2_buf_16)
     5    0.017222    0.018445    0.060916    0.118194 ^ clkbuf_1_1__f_sclk/X (sg13g2_buf_16)
                                                         clknet_1_1__leaf_sclk (net)
                      0.018448    0.000464    0.118657 ^ _249_/CLK (sg13g2_dfrbpq_1)
     4    0.017621    0.062187    0.194152    0.312809 v _249_/Q (sg13g2_dfrbpq_1)
                                                         data_word[7] (net)
                      0.062204    0.000974    0.313783 v _117_/A1 (sg13g2_mux2_1)
     1    0.002192    0.033727    0.118702    0.432485 v _117_/X (sg13g2_mux2_1)
                                                         _044_ (net)
                      0.033727    0.000079    0.432565 v _250_/D (sg13g2_dfrbpq_1)
                                              0.432565   data arrival time

                                 10.000000   10.000000   clock sclk (rise edge)
                                  0.000000   10.000000   clock source latency
     1    0.019298    0.000000    0.000000   10.000000 ^ sclk (in)
                                                         sclk (net)
                      0.002331    0.001165   10.001165 ^ clkbuf_0_sclk/A (sg13g2_buf_16)
     2    0.038180    0.022294    0.055222   10.056388 ^ clkbuf_0_sclk/X (sg13g2_buf_16)
                                                         clknet_0_sclk (net)
                      0.022305    0.000890   10.057278 ^ clkbuf_1_1__f_sclk/A (sg13g2_buf_16)
     5    0.017222    0.018445    0.060916   10.118194 ^ clkbuf_1_1__f_sclk/X (sg13g2_buf_16)
                                                         clknet_1_1__leaf_sclk (net)
                      0.018448    0.000455   10.118649 ^ _250_/CLK (sg13g2_dfrbpq_1)
                                  0.000000   10.118649   clock reconvergence pessimism
                                 -0.117967   10.000682   library setup time
                                             10.000682   data required time
---------------------------------------------------------------------------------------------
                                             10.000682   data required time
                                             -0.432565   data arrival time
---------------------------------------------------------------------------------------------
                                              9.568116   slack (MET)


Startpoint: _246_ (rising edge-triggered flip-flop clocked by sclk)
Endpoint: _247_ (rising edge-triggered flip-flop clocked by sclk)
Path Group: sclk
Path Type: max

Fanout         Cap        Slew       Delay        Time   Description
---------------------------------------------------------------------------------------------
                                  0.000000    0.000000   clock sclk (rise edge)
                                  0.000000    0.000000   clock source latency
     1    0.019298    0.000000    0.000000    0.000000 ^ sclk (in)
                                                         sclk (net)
                      0.002331    0.001166    0.001166 ^ clkbuf_0_sclk/A (sg13g2_buf_16)
     2    0.038180    0.022294    0.055223    0.056388 ^ clkbuf_0_sclk/X (sg13g2_buf_16)
                                                         clknet_0_sclk (net)
                      0.022305    0.000913    0.057301 ^ clkbuf_1_0__f_sclk/A (sg13g2_buf_16)
     5    0.018253    0.018688    0.061136    0.118437 ^ clkbuf_1_0__f_sclk/X (sg13g2_buf_16)
                                                         clknet_1_0__leaf_sclk (net)
                      0.018689    0.000239    0.118676 ^ _246_/CLK (sg13g2_dfrbpq_1)
     4    0.017296    0.061204    0.193490    0.312166 v _246_/Q (sg13g2_dfrbpq_1)
                                                         data_word[4] (net)
                      0.061221    0.000962    0.313128 v _120_/A1 (sg13g2_mux2_1)
     1    0.001897    0.032952    0.117311    0.430439 v _120_/X (sg13g2_mux2_1)
                                                         _041_ (net)
                      0.032952    0.000071    0.430509 v _247_/D (sg13g2_dfrbpq_1)
                                              0.430509   data arrival time

                                 10.000000   10.000000   clock sclk (rise edge)
                                  0.000000   10.000000   clock source latency
     1    0.019298    0.000000    0.000000   10.000000 ^ sclk (in)
                                                         sclk (net)
                      0.002331    0.001165   10.001165 ^ clkbuf_0_sclk/A (sg13g2_buf_16)
     2    0.038180    0.022294    0.055222   10.056388 ^ clkbuf_0_sclk/X (sg13g2_buf_16)
                                                         clknet_0_sclk (net)
                      0.022305    0.000890   10.057278 ^ clkbuf_1_1__f_sclk/A (sg13g2_buf_16)
     5    0.017222    0.018445    0.060916   10.118194 ^ clkbuf_1_1__f_sclk/X (sg13g2_buf_16)
                                                         clknet_1_1__leaf_sclk (net)
                      0.018448    0.000450   10.118644 ^ _247_/CLK (sg13g2_dfrbpq_1)
                                  0.000000   10.118644   clock reconvergence pessimism
                                 -0.117687   10.000957   library setup time
                                             10.000957   data required time
---------------------------------------------------------------------------------------------
                                             10.000957   data required time
                                             -0.430509   data arrival time
---------------------------------------------------------------------------------------------
                                              9.570448   slack (MET)



%OL_END_REPORT
%OL_CREATE_REPORT checks.rpt

===========================================================================
report_checks -unconstrained
===========================================================================
======================= nom_typ_1p20V_25C Corner ===================================

Startpoint: _267_ (rising edge-triggered flip-flop clocked by freq_in)
Endpoint: _267_ (rising edge-triggered flip-flop clocked by freq_in)
Path Group: freq_in
Path Type: max

Fanout         Cap        Slew       Delay        Time   Description
---------------------------------------------------------------------------------------------
                                  0.000000    0.000000   clock freq_in (rise edge)
                                  0.000000    0.000000   clock source latency
     1    0.005472    0.000000    0.000000    0.000000 ^ freq_in (in)
                                                         freq_in (net)
                      0.000446    0.000223    0.000223 ^ _267_/CLK (sg13g2_dfrbpq_1)
     2    0.007669    0.041201    0.166732    0.166955 ^ _267_/Q (sg13g2_dfrbpq_1)
                                                         uut.div4.dff1.q (net)
                      0.041206    0.000482    0.167437 ^ _214_/A (sg13g2_inv_1)
     1    0.002986    0.019830    0.030884    0.198321 v _214_/Y (sg13g2_inv_1)
                                                         uut.div4.dff1.d (net)
                      0.019830    0.000165    0.198487 v _267_/D (sg13g2_dfrbpq_1)
                                              0.198487   data arrival time

                                  0.333000    0.333000   clock freq_in (rise edge)
                                  0.000000    0.333000   clock source latency
     1    0.005472    0.000000    0.000000    0.333000 ^ freq_in (in)
                                                         freq_in (net)
                      0.000446    0.000223    0.333223 ^ _267_/CLK (sg13g2_dfrbpq_1)
                                  0.000000    0.333223   clock reconvergence pessimism
                                 -0.117561    0.215662   library setup time
                                              0.215662   data required time
---------------------------------------------------------------------------------------------
                                              0.215662   data required time
                                             -0.198487   data arrival time
---------------------------------------------------------------------------------------------
                                              0.017175   slack (MET)


Startpoint: _243_ (rising edge-triggered flip-flop clocked by sclk)
Endpoint: _243_ (rising edge-triggered flip-flop clocked by sclk)
Path Group: sclk
Path Type: max

Fanout         Cap        Slew       Delay        Time   Description
---------------------------------------------------------------------------------------------
                                  0.000000    0.000000   clock sclk (rise edge)
                                  0.000000    0.000000   clock source latency
     1    0.019298    0.000000    0.000000    0.000000 ^ sclk (in)
                                                         sclk (net)
                      0.002331    0.001166    0.001166 ^ clkbuf_0_sclk/A (sg13g2_buf_16)
     2    0.038180    0.022294    0.055223    0.056388 ^ clkbuf_0_sclk/X (sg13g2_buf_16)
                                                         clknet_0_sclk (net)
                      0.022305    0.000913    0.057301 ^ clkbuf_1_0__f_sclk/A (sg13g2_buf_16)
     5    0.018253    0.018688    0.061136    0.118437 ^ clkbuf_1_0__f_sclk/X (sg13g2_buf_16)
                                                         clknet_1_0__leaf_sclk (net)
                      0.018691    0.000493    0.118930 ^ _243_/CLK (sg13g2_dfrbpq_1)
     4    0.023551    0.101663    0.221340    0.340270 ^ _243_/Q (sg13g2_dfrbpq_1)
                                                         data_word[1] (net)
                      0.101667    0.000837    0.341107 ^ _124_/A0 (sg13g2_mux2_1)
     1    0.002352    0.031842    0.118465    0.459572 ^ _124_/X (sg13g2_mux2_1)
                                                         _037_ (net)
                      0.031843    0.000163    0.459735 ^ _243_/D (sg13g2_dfrbpq_1)
                                              0.459735   data arrival time

                                 10.000000   10.000000   clock sclk (rise edge)
                                  0.000000   10.000000   clock source latency
     1    0.019298    0.000000    0.000000   10.000000 ^ sclk (in)
                                                         sclk (net)
                      0.002331    0.001165   10.001165 ^ clkbuf_0_sclk/A (sg13g2_buf_16)
     2    0.038180    0.022294    0.055222   10.056388 ^ clkbuf_0_sclk/X (sg13g2_buf_16)
                                                         clknet_0_sclk (net)
                      0.022305    0.000913   10.057302 ^ clkbuf_1_0__f_sclk/A (sg13g2_buf_16)
     5    0.018253    0.018688    0.061136   10.118437 ^ clkbuf_1_0__f_sclk/X (sg13g2_buf_16)
                                                         clknet_1_0__leaf_sclk (net)
                      0.018691    0.000493   10.118930 ^ _243_/CLK (sg13g2_dfrbpq_1)
                                  0.000000   10.118930   clock reconvergence pessimism
                                 -0.116771   10.002159   library setup time
                                             10.002159   data required time
---------------------------------------------------------------------------------------------
                                             10.002159   data required time
                                             -0.459735   data arrival time
---------------------------------------------------------------------------------------------
                                              9.542424   slack (MET)




===========================================================================
report_checks --slack_max -0.01
============================================================================
======================= nom_typ_1p20V_25C Corner ===================================

No paths found.


===========================================================================
 report_check_types -max_slew -max_cap -max_fanout -violators
============================================================================
======================= nom_typ_1p20V_25C Corner ===================================

max fanout

Pin                                   Limit Fanout  Slack
---------------------------------------------------------
input1/X                                  8      9        (VIOLATED)



===========================================================================
report_parasitic_annotation -report_unannotated
============================================================================
Found 1 unannotated drivers.
 clkload0/Y
Found 0 partially unannotated drivers.

===========================================================================
max slew violation count 0
%OL_METRIC_I design__max_slew_violation__count__corner:nom_typ_1p20V_25C 0
max fanout violation count 1
%OL_METRIC_I design__max_fanout_violation__count__corner:nom_typ_1p20V_25C 1
max cap violation count 0
%OL_METRIC_I design__max_cap_violation__count__corner:nom_typ_1p20V_25C 0
============================================================================

===========================================================================
check_setup -verbose -unconstrained_endpoints -multiple_clock -no_clock -no_input_delay -loops -generated_clocks
===========================================================================
Warning: There are 3 input ports missing set_input_delay.
  en
  rst
  sdata
Warning: There are 17 unclocked register/latch pins.
  _251_/CLK
  _252_/CLK
  _253_/CLK
  _254_/CLK
  _255_/CLK
  _256_/CLK
  _257_/CLK
  _258_/CLK
  _259_/CLK
  _260_/CLK
  _261_/CLK
  _262_/CLK
  _263_/CLK
  _264_/CLK
  _265_/CLK
  _266_/CLK
  _268_/CLK
Warning: There are 18 unconstrained endpoints.
  freq_out
  _251_/D
  _252_/D
  _253_/D
  _254_/D
  _255_/D
  _256_/D
  _257_/D
  _258_/D
  _259_/D
  _260_/D
  _261_/D
  _262_/D
  _263_/D
  _264_/D
  _265_/D
  _266_/D
  _268_/D
%OL_END_REPORT
%OL_CREATE_REPORT power.rpt

===========================================================================
 report_power
============================================================================
======================= nom_typ_1p20V_25C Corner ===================================

Group                    Internal    Switching      Leakage        Total
                            Power        Power        Power        Power (Watts)
------------------------------------------------------------------------
Sequential           3.365460e-04 1.200345e-05 1.376759e-08 3.485632e-04  54.6%
Combinational        1.105998e-04 1.245739e-04 1.732404e-08 2.351910e-04  36.8%
Clock                4.382255e-05 1.060635e-05 2.087438e-07 5.463764e-05   8.6%
Macro                0.000000e+00 0.000000e+00 0.000000e+00 0.000000e+00   0.0%
Pad                  0.000000e+00 0.000000e+00 0.000000e+00 0.000000e+00   0.0%
------------------------------------------------------------------------
Total                4.909683e-04 1.471837e-04 2.398351e-07 6.383918e-04 100.0%
                            76.9%        23.1%         0.0%
%OL_METRIC_F power__internal__total 0.0004909682902507484
%OL_METRIC_F power__switching__total 0.0001471837458666414
%OL_METRIC_F power__leakage__total 2.398350886778644e-7
%OL_METRIC_F power__total 0.0006383918225765228

%OL_END_REPORT
%OL_CREATE_REPORT skew.min.rpt

===========================================================================
Clock Skew (Hold)
============================================================================
%OL_METRIC_F clock__skew__worst_hold__corner:nom_typ_1p20V_25C 0.00017666424378988407
======================= nom_typ_1p20V_25C Corner ===================================

Clock freq_in
0.000223 source latency _267_/CLK ^
-0.000223 target latency _267_/CLK ^
0.000000 CRPR
--------------
0.000000 hold skew

Clock sclk
0.118930 source latency _243_/CLK ^
-0.118753 target latency _244_/CLK ^
0.000000 CRPR
--------------
0.000177 hold skew

%OL_END_REPORT
%OL_CREATE_REPORT skew.max.rpt

===========================================================================
Clock Skew (Setup)
============================================================================
%OL_METRIC_F clock__skew__worst_setup__corner:nom_typ_1p20V_25C 0.00017666424378988407
======================= nom_typ_1p20V_25C Corner ===================================

Clock freq_in
0.000223 source latency _267_/CLK ^
-0.000223 target latency _267_/CLK ^
0.000000 CRPR
--------------
0.000000 setup skew

Clock sclk
0.118930 source latency _243_/CLK ^
-0.118753 target latency _244_/CLK ^
0.000000 CRPR
--------------
0.000177 setup skew

%OL_END_REPORT
%OL_CREATE_REPORT ws.min.rpt

===========================================================================
Worst Slack (Hold)
============================================================================
%OL_METRIC_F timing__hold__ws__corner:nom_typ_1p20V_25C 0.2366737706139278
nom_typ_1p20V_25C: 0.2366737706139278
%OL_END_REPORT
%OL_CREATE_REPORT ws.max.rpt

===========================================================================
Worst Slack (Setup)
============================================================================
%OL_METRIC_F timing__setup__ws__corner:nom_typ_1p20V_25C 0.017175150676697604
nom_typ_1p20V_25C: 0.017175150676697604
%OL_END_REPORT
%OL_CREATE_REPORT tns.min.rpt

===========================================================================
Total Negative Slack (Hold)
============================================================================
%OL_METRIC_F timing__hold__tns__corner:nom_typ_1p20V_25C 0.0
nom_typ_1p20V_25C: 0.0
%OL_END_REPORT
%OL_CREATE_REPORT tns.max.rpt

===========================================================================
Total Negative Slack (Setup)
============================================================================
%OL_METRIC_F timing__setup__tns__corner:nom_typ_1p20V_25C 0.0
nom_typ_1p20V_25C: 0.0
%OL_END_REPORT
%OL_CREATE_REPORT wns.min.rpt

===========================================================================
Worst Negative Slack (Hold)
============================================================================
%OL_METRIC_F timing__hold__wns__corner:nom_typ_1p20V_25C 0
nom_typ_1p20V_25C: 0
%OL_END_REPORT
%OL_CREATE_REPORT wns.max.rpt

===========================================================================
Worst Negative Slack (Setup)
============================================================================
%OL_METRIC_F timing__setup__wns__corner:nom_typ_1p20V_25C 0.0
nom_typ_1p20V_25C: 0.0
%OL_END_REPORT
%OL_CREATE_REPORT violator_list.rpt

===========================================================================
Violator List
============================================================================
%OL_METRIC_I timing__hold_vio__count__corner:nom_typ_1p20V_25C 0
%OL_METRIC_F timing__hold_r2r__ws__corner:nom_typ_1p20V_25C 0.236674
%OL_METRIC_I timing__hold_r2r_vio__count__corner:nom_typ_1p20V_25C 0
%OL_METRIC_I timing__setup_vio__count__corner:nom_typ_1p20V_25C 0
%OL_METRIC_F timing__setup_r2r__ws__corner:nom_typ_1p20V_25C 0.017175
%OL_METRIC_I timing__setup_r2r_vio__count__corner:nom_typ_1p20V_25C 0
%OL_END_REPORT
%OL_CREATE_REPORT unpropagated.rpt
%OL_END_REPORT
%OL_CREATE_REPORT clock.rpt
Clock: sclk
Sources: sclk 
Generated: no
Virtual: yes
Propagated: no
Period: 10.000000

===========================================================================
report_clock_properties
============================================================================
Clock                   Period          Waveform
----------------------------------------------------
sclk                 10.000000    0.000000  5.000000

===========================================================================
report_clock_latency
============================================================================
Clock sclk
rise -> rise
    min     max
0.000000 0.000000 source latency
0.118630         network latency _248_/CLK
        0.118930 network latency _243_/CLK
---------------
0.118630 0.118930 latency
        0.000300 skew

fall -> fall
    min     max
0.000000 0.000000 source latency
0.131210         network latency _245_/CLK
        0.131442 network latency _243_/CLK
---------------
0.131210 0.131442 latency
        0.000233 skew



===========================================================================
report_clock_min_period
============================================================================
sclk period_min = 0.46 fmax = 2185.43
Clock: freq_in
Sources: freq_in 
Generated: no
Virtual: yes
Propagated: no
Period: 0.333000

===========================================================================
report_clock_properties
============================================================================
Clock                   Period          Waveform
----------------------------------------------------
freq_in               0.333000    0.000000  0.166500

===========================================================================
report_clock_latency
============================================================================
Clock freq_in
rise -> rise
    min     max
0.000000 0.000000 source latency
0.000223         network latency _267_/CLK
        0.167390 network latency _268_/CLK
---------------
0.000223 0.167390 latency
        0.167167 skew

rise -> fall
    min     max
0.000000 0.000000 source latency
0.160938         network latency _268_/CLK
        0.160938 network latency _268_/CLK
---------------
0.160938 0.160938 latency
        0.000000 skew

fall -> fall
    min     max
0.000000 0.000000 source latency
0.000201         network latency _267_/CLK
        0.000201 network latency _267_/CLK
---------------
0.000201 0.000201 latency
        0.000000 skew



===========================================================================
report_clock_min_period
============================================================================
freq_in period_min = 0.32 fmax = 3166.31
%OL_END_REPORT
Writing SDF files for all corners…
Removing Clock latencies before writing libs…
Writing timing models for all corners…
Writing timing models for the nom_typ_1p20V_25C corner to /home/hansa/projects/frac-n-pll-vco-smacd_2026/schematic/blocks/dsm/src/runs/RUN_2026-03-04_15-08-00/55-openroad-stapostpnr/nom_typ_1p20V_25C/dsm_and_freq_divider__nom_typ_1p20V_25C.lib…
