
===========================================================================
report_checks -unconstrained
===========================================================================
======================= nom_typ_1p20V_25C Corner ===================================

Startpoint: _267_ (rising edge-triggered flip-flop clocked by freq_in)
Endpoint: _267_ (rising edge-triggered flip-flop clocked by freq_in)
Path Group: freq_in
Path Type: max

Fanout         Cap        Slew       Delay        Time   Description
---------------------------------------------------------------------------------------------
                                  0.000000    0.000000   clock freq_in (rise edge)
                                  0.000000    0.000000   clock source latency
     1    0.008110    0.000000    0.000000    0.000000 ^ freq_in (in)
                                                         freq_in (net)
                      0.000567    0.000284    0.000284 ^ _267_/CLK (sg13g2_dfrbpq_1)
     2    0.009402    0.047782    0.171921    0.172205 ^ _267_/Q (sg13g2_dfrbpq_1)
                                                         uut.div4.dff1.q (net)
                      0.047783    0.000285    0.172490 ^ _214_/A (sg13g2_inv_1)
     1    0.005066    0.026588    0.038475    0.210965 v _214_/Y (sg13g2_inv_1)
                                                         uut.div4.dff1.d (net)
                      0.026589    0.000178    0.211143 v _267_/D (sg13g2_dfrbpq_1)
                                              0.211143   data arrival time

                                  0.333000    0.333000   clock freq_in (rise edge)
                                  0.000000    0.333000   clock source latency
     1    0.008110    0.000000    0.000000    0.333000 ^ freq_in (in)
                                                         freq_in (net)
                      0.000567    0.000284    0.333284 ^ _267_/CLK (sg13g2_dfrbpq_1)
                                  0.000000    0.333284   clock reconvergence pessimism
                                 -0.119963    0.213321   library setup time
                                              0.213321   data required time
---------------------------------------------------------------------------------------------
                                              0.213321   data required time
                                             -0.211143   data arrival time
---------------------------------------------------------------------------------------------
                                              0.002177   slack (MET)


Startpoint: _243_ (rising edge-triggered flip-flop clocked by sclk)
Endpoint: _243_ (rising edge-triggered flip-flop clocked by sclk)
Path Group: sclk
Path Type: max

Fanout         Cap        Slew       Delay        Time   Description
---------------------------------------------------------------------------------------------
                                  0.000000    0.000000   clock sclk (rise edge)
                                  0.000000    0.000000   clock source latency
     1    0.021528    0.000000    0.000000    0.000000 ^ sclk (in)
                                                         sclk (net)
                      0.001097    0.000548    0.000548 ^ clkbuf_0_sclk/A (sg13g2_buf_16)
     2    0.043242    0.023346    0.055368    0.055916 ^ clkbuf_0_sclk/X (sg13g2_buf_16)
                                                         clknet_0_sclk (net)
                      0.023416    0.002003    0.057919 ^ clkbuf_1_0__f_sclk/A (sg13g2_buf_16)
     5    0.026923    0.020735    0.063181    0.121100 ^ clkbuf_1_0__f_sclk/X (sg13g2_buf_16)
                                                         clknet_1_0__leaf_sclk (net)
                      0.020760    0.001348    0.122448 ^ _243_/CLK (sg13g2_dfrbpq_1)
     4    0.030188    0.128054    0.240786    0.363234 ^ _243_/Q (sg13g2_dfrbpq_1)
                                                         data_word[1] (net)
                      0.128058    0.000896    0.364130 ^ _124_/A0 (sg13g2_mux2_1)
     1    0.005520    0.042820    0.136494    0.500624 ^ _124_/X (sg13g2_mux2_1)
                                                         _037_ (net)
                      0.042820    0.000209    0.500833 ^ _243_/D (sg13g2_dfrbpq_1)
                                              0.500833   data arrival time

                                 10.000000   10.000000   clock sclk (rise edge)
                                  0.000000   10.000000   clock source latency
     1    0.021528    0.000000    0.000000   10.000000 ^ sclk (in)
                                                         sclk (net)
                      0.001097    0.000548   10.000548 ^ clkbuf_0_sclk/A (sg13g2_buf_16)
     2    0.043242    0.023346    0.055368   10.055917 ^ clkbuf_0_sclk/X (sg13g2_buf_16)
                                                         clknet_0_sclk (net)
                      0.023416    0.002003   10.057920 ^ clkbuf_1_0__f_sclk/A (sg13g2_buf_16)
     5    0.026923    0.020735    0.063181   10.121099 ^ clkbuf_1_0__f_sclk/X (sg13g2_buf_16)
                                                         clknet_1_0__leaf_sclk (net)
                      0.020760    0.001348   10.122448 ^ _243_/CLK (sg13g2_dfrbpq_1)
                                  0.000000   10.122448   clock reconvergence pessimism
                                 -0.120036   10.002413   library setup time
                                             10.002413   data required time
---------------------------------------------------------------------------------------------
                                             10.002413   data required time
                                             -0.500833   data arrival time
---------------------------------------------------------------------------------------------
                                              9.501580   slack (MET)




===========================================================================
report_checks --slack_max -0.01
============================================================================
======================= nom_typ_1p20V_25C Corner ===================================

No paths found.


===========================================================================
 report_check_types -max_slew -max_cap -max_fanout -violators
============================================================================
======================= nom_typ_1p20V_25C Corner ===================================

max fanout

Pin                                   Limit Fanout  Slack
---------------------------------------------------------
input1/X                                  8      9        (VIOLATED)



===========================================================================
report_parasitic_annotation -report_unannotated
============================================================================
Found 1 unannotated drivers.
 clkload0/Y
Found 0 partially unannotated drivers.

===========================================================================
max slew violation count 0
Writing metric design__max_slew_violation__count__corner:nom_typ_1p20V_25C: 0
max fanout violation count 1
Writing metric design__max_fanout_violation__count__corner:nom_typ_1p20V_25C: 1
max cap violation count 0
Writing metric design__max_cap_violation__count__corner:nom_typ_1p20V_25C: 0
============================================================================

===========================================================================
check_setup -verbose -unconstrained_endpoints -multiple_clock -no_clock -no_input_delay -loops -generated_clocks
===========================================================================
Warning: There are 3 input ports missing set_input_delay.
  en
  rst
  sdata
Warning: There are 17 unclocked register/latch pins.
  _251_/CLK
  _252_/CLK
  _253_/CLK
  _254_/CLK
  _255_/CLK
  _256_/CLK
  _257_/CLK
  _258_/CLK
  _259_/CLK
  _260_/CLK
  _261_/CLK
  _262_/CLK
  _263_/CLK
  _264_/CLK
  _265_/CLK
  _266_/CLK
  _268_/CLK
Warning: There are 18 unconstrained endpoints.
  freq_out
  _251_/D
  _252_/D
  _253_/D
  _254_/D
  _255_/D
  _256_/D
  _257_/D
  _258_/D
  _259_/D
  _260_/D
  _261_/D
  _262_/D
  _263_/D
  _264_/D
  _265_/D
  _266_/D
  _268_/D
