Reading timing models for corner nom_typ_1p20V_25C…
Reading timing library for the 'nom_typ_1p20V_25C' corner at '/home/hansa/.ciel/ciel/ihp-sg13g2/versions/c4b8b4e5e7a05f375cca3815d51b3a37721fbf5c/ihp-sg13g2/libs.ref/sg13g2_stdcell/lib/sg13g2_stdcell_typ_1p20V_25C.lib'…
Reading timing library for the 'nom_typ_1p20V_25C' corner at '/home/hansa/.ciel/ciel/ihp-sg13g2/versions/c4b8b4e5e7a05f375cca3815d51b3a37721fbf5c/ihp-sg13g2/libs.ref/sg13g2_io/lib/sg13g2_io_typ_1p2V_3p3V_25C.lib'…
Reading OpenROAD database at '/home/hansa/projects/frac-n-pll-vco-smacd_2026/schematic/blocks/dsm/src/runs/RUN_2026-03-04_15-08-00/42-openroad-repairantennas/1-openroad-diodeinsertion/dsm_and_freq_divider.odb'…
Reading design constraints file at '/home/hansa/projects/frac-n-pll-vco-smacd_2026/schematic/blocks/dsm/src/my_constraints.sdc'…
[INFO] No information on clock propagation in input SDC file-- propagating all clocks.
%OL_CREATE_REPORT min.rpt

===========================================================================
report_checks -path_delay min (Hold)
============================================================================
======================= nom_typ_1p20V_25C Corner ===================================

Startpoint: _267_ (rising edge-triggered flip-flop clocked by freq_in)
Endpoint: _267_ (rising edge-triggered flip-flop clocked by freq_in)
Path Group: freq_in
Path Type: min

Fanout         Cap        Slew       Delay        Time   Description
---------------------------------------------------------------------------------------------
                                  0.000000    0.000000   clock freq_in (rise edge)
                                  0.000000    0.000000   clock source latency
     1    0.008110    0.000000    0.000000    0.000000 ^ freq_in (in)
                                                         freq_in (net)
                      0.000567    0.000284    0.000284 ^ _267_/CLK (sg13g2_dfrbpq_1)
     2    0.009402    0.047782    0.171921    0.172205 ^ _267_/Q (sg13g2_dfrbpq_1)
                                                         uut.div4.dff1.q (net)
                      0.047783    0.000285    0.172490 ^ _214_/A (sg13g2_inv_1)
     1    0.005066    0.026588    0.038475    0.210965 v _214_/Y (sg13g2_inv_1)
                                                         uut.div4.dff1.d (net)
                      0.026589    0.000178    0.211143 v _267_/D (sg13g2_dfrbpq_1)
                                              0.211143   data arrival time

                                  0.000000    0.000000   clock freq_in (rise edge)
                                  0.000000    0.000000   clock source latency
     1    0.008110    0.000000    0.000000    0.000000 ^ freq_in (in)
                                                         freq_in (net)
                      0.000567    0.000284    0.000284 ^ _267_/CLK (sg13g2_dfrbpq_1)
                                  0.000000    0.000284   clock reconvergence pessimism
                                 -0.040523   -0.040240   library hold time
                                             -0.040240   data required time
---------------------------------------------------------------------------------------------
                                             -0.040240   data required time
                                             -0.211143   data arrival time
---------------------------------------------------------------------------------------------
                                              0.251383   slack (MET)


Startpoint: _250_ (rising edge-triggered flip-flop clocked by sclk)
Endpoint: _250_ (rising edge-triggered flip-flop clocked by sclk)
Path Group: sclk
Path Type: min

Fanout         Cap        Slew       Delay        Time   Description
---------------------------------------------------------------------------------------------
                                  0.000000    0.000000   clock sclk (rise edge)
                                  0.000000    0.000000   clock source latency
     1    0.021528    0.000000    0.000000    0.000000 ^ sclk (in)
                                                         sclk (net)
                      0.001097    0.000548    0.000548 ^ clkbuf_0_sclk/A (sg13g2_buf_16)
     2    0.043242    0.023346    0.055368    0.055916 ^ clkbuf_0_sclk/X (sg13g2_buf_16)
                                                         clknet_0_sclk (net)
                      0.023376    0.001460    0.057376 ^ clkbuf_1_1__f_sclk/A (sg13g2_buf_16)
     5    0.024404    0.020156    0.062738    0.120114 ^ clkbuf_1_1__f_sclk/X (sg13g2_buf_16)
                                                         clknet_1_1__leaf_sclk (net)
                      0.020177    0.001237    0.121351 ^ _250_/CLK (sg13g2_dfrbpq_1)
     2    0.014330    0.052138    0.187456    0.308806 v _250_/Q (sg13g2_dfrbpq_1)
                                                         data_word[8] (net)
                      0.052141    0.000438    0.309244 v _117_/A0 (sg13g2_mux2_1)
     1    0.003316    0.030224    0.118504    0.427748 v _117_/X (sg13g2_mux2_1)
                                                         _044_ (net)
                      0.030224    0.000077    0.427825 v _250_/D (sg13g2_dfrbpq_1)
                                              0.427825   data arrival time

                                  0.000000    0.000000   clock sclk (rise edge)
                                  0.000000    0.000000   clock source latency
     1    0.021528    0.000000    0.000000    0.000000 ^ sclk (in)
                                                         sclk (net)
                      0.001097    0.000548    0.000548 ^ clkbuf_0_sclk/A (sg13g2_buf_16)
     2    0.043242    0.023346    0.055368    0.055916 ^ clkbuf_0_sclk/X (sg13g2_buf_16)
                                                         clknet_0_sclk (net)
                      0.023376    0.001460    0.057376 ^ clkbuf_1_1__f_sclk/A (sg13g2_buf_16)
     5    0.024404    0.020156    0.062738    0.120114 ^ clkbuf_1_1__f_sclk/X (sg13g2_buf_16)
                                                         clknet_1_1__leaf_sclk (net)
                      0.020177    0.001237    0.121351 ^ _250_/CLK (sg13g2_dfrbpq_1)
                                  0.000000    0.121351   clock reconvergence pessimism
                                 -0.037587    0.083764   library hold time
                                              0.083764   data required time
---------------------------------------------------------------------------------------------
                                              0.083764   data required time
                                             -0.427825   data arrival time
---------------------------------------------------------------------------------------------
                                              0.344061   slack (MET)


Startpoint: _247_ (rising edge-triggered flip-flop clocked by sclk)
Endpoint: _247_ (rising edge-triggered flip-flop clocked by sclk)
Path Group: sclk
Path Type: min

Fanout         Cap        Slew       Delay        Time   Description
---------------------------------------------------------------------------------------------
                                  0.000000    0.000000   clock sclk (rise edge)
                                  0.000000    0.000000   clock source latency
     1    0.021528    0.000000    0.000000    0.000000 ^ sclk (in)
                                                         sclk (net)
                      0.001097    0.000548    0.000548 ^ clkbuf_0_sclk/A (sg13g2_buf_16)
     2    0.043242    0.023346    0.055368    0.055916 ^ clkbuf_0_sclk/X (sg13g2_buf_16)
                                                         clknet_0_sclk (net)
                      0.023376    0.001460    0.057376 ^ clkbuf_1_1__f_sclk/A (sg13g2_buf_16)
     5    0.024404    0.020156    0.062738    0.120114 ^ clkbuf_1_1__f_sclk/X (sg13g2_buf_16)
                                                         clknet_1_1__leaf_sclk (net)
                      0.020170    0.000989    0.121103 ^ _247_/CLK (sg13g2_dfrbpq_1)
     4    0.020299    0.070019    0.201998    0.323101 v _247_/Q (sg13g2_dfrbpq_1)
                                                         data_word[5] (net)
                      0.070021    0.000498    0.323599 v _120_/A0 (sg13g2_mux2_1)
     1    0.002061    0.026954    0.121574    0.445173 v _120_/X (sg13g2_mux2_1)
                                                         _041_ (net)
                      0.026954    0.000023    0.445196 v _247_/D (sg13g2_dfrbpq_1)
                                              0.445196   data arrival time

                                  0.000000    0.000000   clock sclk (rise edge)
                                  0.000000    0.000000   clock source latency
     1    0.021528    0.000000    0.000000    0.000000 ^ sclk (in)
                                                         sclk (net)
                      0.001097    0.000548    0.000548 ^ clkbuf_0_sclk/A (sg13g2_buf_16)
     2    0.043242    0.023346    0.055368    0.055916 ^ clkbuf_0_sclk/X (sg13g2_buf_16)
                                                         clknet_0_sclk (net)
                      0.023376    0.001460    0.057376 ^ clkbuf_1_1__f_sclk/A (sg13g2_buf_16)
     5    0.024404    0.020156    0.062738    0.120114 ^ clkbuf_1_1__f_sclk/X (sg13g2_buf_16)
                                                         clknet_1_1__leaf_sclk (net)
                      0.020170    0.000989    0.121103 ^ _247_/CLK (sg13g2_dfrbpq_1)
                                  0.000000    0.121103   clock reconvergence pessimism
                                 -0.036552    0.084550   library hold time
                                              0.084550   data required time
---------------------------------------------------------------------------------------------
                                              0.084550   data required time
                                             -0.445196   data arrival time
---------------------------------------------------------------------------------------------
                                              0.360646   slack (MET)


Startpoint: _247_ (rising edge-triggered flip-flop clocked by sclk)
Endpoint: _248_ (rising edge-triggered flip-flop clocked by sclk)
Path Group: sclk
Path Type: min

Fanout         Cap        Slew       Delay        Time   Description
---------------------------------------------------------------------------------------------
                                  0.000000    0.000000   clock sclk (rise edge)
                                  0.000000    0.000000   clock source latency
     1    0.021528    0.000000    0.000000    0.000000 ^ sclk (in)
                                                         sclk (net)
                      0.001097    0.000548    0.000548 ^ clkbuf_0_sclk/A (sg13g2_buf_16)
     2    0.043242    0.023346    0.055368    0.055916 ^ clkbuf_0_sclk/X (sg13g2_buf_16)
                                                         clknet_0_sclk (net)
                      0.023376    0.001460    0.057376 ^ clkbuf_1_1__f_sclk/A (sg13g2_buf_16)
     5    0.024404    0.020156    0.062738    0.120114 ^ clkbuf_1_1__f_sclk/X (sg13g2_buf_16)
                                                         clknet_1_1__leaf_sclk (net)
                      0.020170    0.000989    0.121103 ^ _247_/CLK (sg13g2_dfrbpq_1)
     4    0.020299    0.070019    0.201998    0.323101 v _247_/Q (sg13g2_dfrbpq_1)
                                                         data_word[5] (net)
                      0.070022    0.000559    0.323660 v _119_/A1 (sg13g2_mux2_1)
     1    0.002173    0.027249    0.121826    0.445486 v _119_/X (sg13g2_mux2_1)
                                                         _042_ (net)
                      0.027249    0.000028    0.445514 v _248_/D (sg13g2_dfrbpq_1)
                                              0.445514   data arrival time

                                  0.000000    0.000000   clock sclk (rise edge)
                                  0.000000    0.000000   clock source latency
     1    0.021528    0.000000    0.000000    0.000000 ^ sclk (in)
                                                         sclk (net)
                      0.001097    0.000548    0.000548 ^ clkbuf_0_sclk/A (sg13g2_buf_16)
     2    0.043242    0.023346    0.055368    0.055916 ^ clkbuf_0_sclk/X (sg13g2_buf_16)
                                                         clknet_0_sclk (net)
                      0.023376    0.001460    0.057376 ^ clkbuf_1_1__f_sclk/A (sg13g2_buf_16)
     5    0.024404    0.020156    0.062738    0.120114 ^ clkbuf_1_1__f_sclk/X (sg13g2_buf_16)
                                                         clknet_1_1__leaf_sclk (net)
                      0.020168    0.000932    0.121046 ^ _248_/CLK (sg13g2_dfrbpq_1)
                                  0.000000    0.121046   clock reconvergence pessimism
                                 -0.036646    0.084400   library hold time
                                              0.084400   data required time
---------------------------------------------------------------------------------------------
                                              0.084400   data required time
                                             -0.445514   data arrival time
---------------------------------------------------------------------------------------------
                                              0.361113   slack (MET)


Startpoint: _246_ (rising edge-triggered flip-flop clocked by sclk)
Endpoint: _246_ (rising edge-triggered flip-flop clocked by sclk)
Path Group: sclk
Path Type: min

Fanout         Cap        Slew       Delay        Time   Description
---------------------------------------------------------------------------------------------
                                  0.000000    0.000000   clock sclk (rise edge)
                                  0.000000    0.000000   clock source latency
     1    0.021528    0.000000    0.000000    0.000000 ^ sclk (in)
                                                         sclk (net)
                      0.001097    0.000548    0.000548 ^ clkbuf_0_sclk/A (sg13g2_buf_16)
     2    0.043242    0.023346    0.055368    0.055916 ^ clkbuf_0_sclk/X (sg13g2_buf_16)
                                                         clknet_0_sclk (net)
                      0.023416    0.002003    0.057919 ^ clkbuf_1_0__f_sclk/A (sg13g2_buf_16)
     5    0.026923    0.020735    0.063181    0.121100 ^ clkbuf_1_0__f_sclk/X (sg13g2_buf_16)
                                                         clknet_1_0__leaf_sclk (net)
                      0.020778    0.001731    0.122831 ^ _246_/CLK (sg13g2_dfrbpq_1)
     4    0.021952    0.075025    0.206249    0.329080 v _246_/Q (sg13g2_dfrbpq_1)
                                                         data_word[4] (net)
                      0.075031    0.000711    0.329790 v _121_/A0 (sg13g2_mux2_1)
     1    0.003186    0.029888    0.127374    0.457165 v _121_/X (sg13g2_mux2_1)
                                                         _040_ (net)
                      0.029888    0.000070    0.457234 v _246_/D (sg13g2_dfrbpq_1)
                                              0.457234   data arrival time

                                  0.000000    0.000000   clock sclk (rise edge)
                                  0.000000    0.000000   clock source latency
     1    0.021528    0.000000    0.000000    0.000000 ^ sclk (in)
                                                         sclk (net)
                      0.001097    0.000548    0.000548 ^ clkbuf_0_sclk/A (sg13g2_buf_16)
     2    0.043242    0.023346    0.055368    0.055916 ^ clkbuf_0_sclk/X (sg13g2_buf_16)
                                                         clknet_0_sclk (net)
                      0.023416    0.002003    0.057919 ^ clkbuf_1_0__f_sclk/A (sg13g2_buf_16)
     5    0.026923    0.020735    0.063181    0.121100 ^ clkbuf_1_0__f_sclk/X (sg13g2_buf_16)
                                                         clknet_1_0__leaf_sclk (net)
                      0.020778    0.001731    0.122831 ^ _246_/CLK (sg13g2_dfrbpq_1)
                                  0.000000    0.122831   clock reconvergence pessimism
                                 -0.037355    0.085476   library hold time
                                              0.085476   data required time
---------------------------------------------------------------------------------------------
                                              0.085476   data required time
                                             -0.457234   data arrival time
---------------------------------------------------------------------------------------------
                                              0.371759   slack (MET)


Startpoint: _248_ (rising edge-triggered flip-flop clocked by sclk)
Endpoint: _249_ (rising edge-triggered flip-flop clocked by sclk)
Path Group: sclk
Path Type: min

Fanout         Cap        Slew       Delay        Time   Description
---------------------------------------------------------------------------------------------
                                  0.000000    0.000000   clock sclk (rise edge)
                                  0.000000    0.000000   clock source latency
     1    0.021528    0.000000    0.000000    0.000000 ^ sclk (in)
                                                         sclk (net)
                      0.001097    0.000548    0.000548 ^ clkbuf_0_sclk/A (sg13g2_buf_16)
     2    0.043242    0.023346    0.055368    0.055916 ^ clkbuf_0_sclk/X (sg13g2_buf_16)
                                                         clknet_0_sclk (net)
                      0.023376    0.001460    0.057376 ^ clkbuf_1_1__f_sclk/A (sg13g2_buf_16)
     5    0.024404    0.020156    0.062738    0.120114 ^ clkbuf_1_1__f_sclk/X (sg13g2_buf_16)
                                                         clknet_1_1__leaf_sclk (net)
                      0.020168    0.000932    0.121046 ^ _248_/CLK (sg13g2_dfrbpq_1)
     4    0.021994    0.075161    0.206042    0.327088 v _248_/Q (sg13g2_dfrbpq_1)
                                                         data_word[6] (net)
                      0.075167    0.000678    0.327766 v _118_/A1 (sg13g2_mux2_1)
     1    0.003313    0.030216    0.127751    0.455517 v _118_/X (sg13g2_mux2_1)
                                                         _043_ (net)
                      0.030216    0.000077    0.455593 v _249_/D (sg13g2_dfrbpq_1)
                                              0.455593   data arrival time

                                  0.000000    0.000000   clock sclk (rise edge)
                                  0.000000    0.000000   clock source latency
     1    0.021528    0.000000    0.000000    0.000000 ^ sclk (in)
                                                         sclk (net)
                      0.001097    0.000548    0.000548 ^ clkbuf_0_sclk/A (sg13g2_buf_16)
     2    0.043242    0.023346    0.055368    0.055916 ^ clkbuf_0_sclk/X (sg13g2_buf_16)
                                                         clknet_0_sclk (net)
                      0.023376    0.001460    0.057376 ^ clkbuf_1_1__f_sclk/A (sg13g2_buf_16)
     5    0.024404    0.020156    0.062738    0.120114 ^ clkbuf_1_1__f_sclk/X (sg13g2_buf_16)
                                                         clknet_1_1__leaf_sclk (net)
                      0.020178    0.001240    0.121354 ^ _249_/CLK (sg13g2_dfrbpq_1)
                                  0.000000    0.121354   clock reconvergence pessimism
                                 -0.037584    0.083770   library hold time
                                              0.083770   data required time
---------------------------------------------------------------------------------------------
                                              0.083770   data required time
                                             -0.455593   data arrival time
---------------------------------------------------------------------------------------------
                                              0.371823   slack (MET)


Startpoint: _242_ (rising edge-triggered flip-flop clocked by sclk)
Endpoint: _242_ (rising edge-triggered flip-flop clocked by sclk)
Path Group: sclk
Path Type: min

Fanout         Cap        Slew       Delay        Time   Description
---------------------------------------------------------------------------------------------
                                  0.000000    0.000000   clock sclk (rise edge)
                                  0.000000    0.000000   clock source latency
     1    0.021528    0.000000    0.000000    0.000000 ^ sclk (in)
                                                         sclk (net)
                      0.001097    0.000548    0.000548 ^ clkbuf_0_sclk/A (sg13g2_buf_16)
     2    0.043242    0.023346    0.055368    0.055916 ^ clkbuf_0_sclk/X (sg13g2_buf_16)
                                                         clknet_0_sclk (net)
                      0.023416    0.002003    0.057919 ^ clkbuf_1_0__f_sclk/A (sg13g2_buf_16)
     5    0.026923    0.020735    0.063181    0.121100 ^ clkbuf_1_0__f_sclk/X (sg13g2_buf_16)
                                                         clknet_1_0__leaf_sclk (net)
                      0.020750    0.001055    0.122154 ^ _242_/CLK (sg13g2_dfrbpq_1)
     4    0.022589    0.076628    0.207748    0.329902 v _242_/Q (sg13g2_dfrbpq_1)
                                                         data_word[0] (net)
                      0.076632    0.000542    0.330444 v _125_/A0 (sg13g2_mux2_1)
     1    0.003417    0.030484    0.128798    0.459242 v _125_/X (sg13g2_mux2_1)
                                                         _036_ (net)
                      0.030484    0.000081    0.459323 v _242_/D (sg13g2_dfrbpq_1)
                                              0.459323   data arrival time

                                  0.000000    0.000000   clock sclk (rise edge)
                                  0.000000    0.000000   clock source latency
     1    0.021528    0.000000    0.000000    0.000000 ^ sclk (in)
                                                         sclk (net)
                      0.001097    0.000548    0.000548 ^ clkbuf_0_sclk/A (sg13g2_buf_16)
     2    0.043242    0.023346    0.055368    0.055916 ^ clkbuf_0_sclk/X (sg13g2_buf_16)
                                                         clknet_0_sclk (net)
                      0.023416    0.002003    0.057919 ^ clkbuf_1_0__f_sclk/A (sg13g2_buf_16)
     5    0.026923    0.020735    0.063181    0.121100 ^ clkbuf_1_0__f_sclk/X (sg13g2_buf_16)
                                                         clknet_1_0__leaf_sclk (net)
                      0.020750    0.001055    0.122154 ^ _242_/CLK (sg13g2_dfrbpq_1)
                                  0.000000    0.122154   clock reconvergence pessimism
                                 -0.037550    0.084605   library hold time
                                              0.084605   data required time
---------------------------------------------------------------------------------------------
                                              0.084605   data required time
                                             -0.459323   data arrival time
---------------------------------------------------------------------------------------------
                                              0.374719   slack (MET)


Startpoint: _242_ (rising edge-triggered flip-flop clocked by sclk)
Endpoint: _243_ (rising edge-triggered flip-flop clocked by sclk)
Path Group: sclk
Path Type: min

Fanout         Cap        Slew       Delay        Time   Description
---------------------------------------------------------------------------------------------
                                  0.000000    0.000000   clock sclk (rise edge)
                                  0.000000    0.000000   clock source latency
     1    0.021528    0.000000    0.000000    0.000000 ^ sclk (in)
                                                         sclk (net)
                      0.001097    0.000548    0.000548 ^ clkbuf_0_sclk/A (sg13g2_buf_16)
     2    0.043242    0.023346    0.055368    0.055916 ^ clkbuf_0_sclk/X (sg13g2_buf_16)
                                                         clknet_0_sclk (net)
                      0.023416    0.002003    0.057919 ^ clkbuf_1_0__f_sclk/A (sg13g2_buf_16)
     5    0.026923    0.020735    0.063181    0.121100 ^ clkbuf_1_0__f_sclk/X (sg13g2_buf_16)
                                                         clknet_1_0__leaf_sclk (net)
                      0.020750    0.001055    0.122154 ^ _242_/CLK (sg13g2_dfrbpq_1)
     4    0.022589    0.076628    0.207748    0.329902 v _242_/Q (sg13g2_dfrbpq_1)
                                                         data_word[0] (net)
                      0.076631    0.000526    0.330428 v _124_/A1 (sg13g2_mux2_1)
     1    0.005540    0.035944    0.135812    0.466240 v _124_/X (sg13g2_mux2_1)
                                                         _037_ (net)
                      0.035944    0.000210    0.466450 v _243_/D (sg13g2_dfrbpq_1)
                                              0.466450   data arrival time

                                  0.000000    0.000000   clock sclk (rise edge)
                                  0.000000    0.000000   clock source latency
     1    0.021528    0.000000    0.000000    0.000000 ^ sclk (in)
                                                         sclk (net)
                      0.001097    0.000548    0.000548 ^ clkbuf_0_sclk/A (sg13g2_buf_16)
     2    0.043242    0.023346    0.055368    0.055916 ^ clkbuf_0_sclk/X (sg13g2_buf_16)
                                                         clknet_0_sclk (net)
                      0.023416    0.002003    0.057919 ^ clkbuf_1_0__f_sclk/A (sg13g2_buf_16)
     5    0.026923    0.020735    0.063181    0.121100 ^ clkbuf_1_0__f_sclk/X (sg13g2_buf_16)
                                                         clknet_1_0__leaf_sclk (net)
                      0.020760    0.001348    0.122448 ^ _243_/CLK (sg13g2_dfrbpq_1)
                                  0.000000    0.122448   clock reconvergence pessimism
                                 -0.039278    0.083170   library hold time
                                              0.083170   data required time
---------------------------------------------------------------------------------------------
                                              0.083170   data required time
                                             -0.466450   data arrival time
---------------------------------------------------------------------------------------------
                                              0.383280   slack (MET)


Startpoint: _245_ (rising edge-triggered flip-flop clocked by sclk)
Endpoint: _245_ (rising edge-triggered flip-flop clocked by sclk)
Path Group: sclk
Path Type: min

Fanout         Cap        Slew       Delay        Time   Description
---------------------------------------------------------------------------------------------
                                  0.000000    0.000000   clock sclk (rise edge)
                                  0.000000    0.000000   clock source latency
     1    0.021528    0.000000    0.000000    0.000000 ^ sclk (in)
                                                         sclk (net)
                      0.001097    0.000548    0.000548 ^ clkbuf_0_sclk/A (sg13g2_buf_16)
     2    0.043242    0.023346    0.055368    0.055916 ^ clkbuf_0_sclk/X (sg13g2_buf_16)
                                                         clknet_0_sclk (net)
                      0.023416    0.002003    0.057919 ^ clkbuf_1_0__f_sclk/A (sg13g2_buf_16)
     5    0.026923    0.020735    0.063181    0.121100 ^ clkbuf_1_0__f_sclk/X (sg13g2_buf_16)
                                                         clknet_1_0__leaf_sclk (net)
                      0.020780    0.001759    0.122859 ^ _245_/CLK (sg13g2_dfrbpq_1)
     4    0.026210    0.086166    0.215878    0.338737 v _245_/Q (sg13g2_dfrbpq_1)
                                                         data_word[3] (net)
                      0.086172    0.000767    0.339504 v _122_/A0 (sg13g2_mux2_1)
     1    0.003507    0.030717    0.132980    0.472484 v _122_/X (sg13g2_mux2_1)
                                                         _039_ (net)
                      0.030717    0.000087    0.472571 v _245_/D (sg13g2_dfrbpq_1)
                                              0.472571   data arrival time

                                  0.000000    0.000000   clock sclk (rise edge)
                                  0.000000    0.000000   clock source latency
     1    0.021528    0.000000    0.000000    0.000000 ^ sclk (in)
                                                         sclk (net)
                      0.001097    0.000548    0.000548 ^ clkbuf_0_sclk/A (sg13g2_buf_16)
     2    0.043242    0.023346    0.055368    0.055916 ^ clkbuf_0_sclk/X (sg13g2_buf_16)
                                                         clknet_0_sclk (net)
                      0.023416    0.002003    0.057919 ^ clkbuf_1_0__f_sclk/A (sg13g2_buf_16)
     5    0.026923    0.020735    0.063181    0.121100 ^ clkbuf_1_0__f_sclk/X (sg13g2_buf_16)
                                                         clknet_1_0__leaf_sclk (net)
                      0.020780    0.001759    0.122859 ^ _245_/CLK (sg13g2_dfrbpq_1)
                                  0.000000    0.122859   clock reconvergence pessimism
                                 -0.037617    0.085241   library hold time
                                              0.085241   data required time
---------------------------------------------------------------------------------------------
                                              0.085241   data required time
                                             -0.472571   data arrival time
---------------------------------------------------------------------------------------------
                                              0.387329   slack (MET)


Startpoint: _244_ (rising edge-triggered flip-flop clocked by sclk)
Endpoint: _244_ (rising edge-triggered flip-flop clocked by sclk)
Path Group: sclk
Path Type: min

Fanout         Cap        Slew       Delay        Time   Description
---------------------------------------------------------------------------------------------
                                  0.000000    0.000000   clock sclk (rise edge)
                                  0.000000    0.000000   clock source latency
     1    0.021528    0.000000    0.000000    0.000000 ^ sclk (in)
                                                         sclk (net)
                      0.001097    0.000548    0.000548 ^ clkbuf_0_sclk/A (sg13g2_buf_16)
     2    0.043242    0.023346    0.055368    0.055916 ^ clkbuf_0_sclk/X (sg13g2_buf_16)
                                                         clknet_0_sclk (net)
                      0.023416    0.002003    0.057919 ^ clkbuf_1_0__f_sclk/A (sg13g2_buf_16)
     5    0.026923    0.020735    0.063181    0.121100 ^ clkbuf_1_0__f_sclk/X (sg13g2_buf_16)
                                                         clknet_1_0__leaf_sclk (net)
                      0.020751    0.001077    0.122177 ^ _244_/CLK (sg13g2_dfrbpq_1)
     4    0.029316    0.095553    0.222532    0.344709 v _244_/Q (sg13g2_dfrbpq_1)
                                                         data_word[2] (net)
                      0.095562    0.000945    0.345654 v _123_/A0 (sg13g2_mux2_1)
     1    0.004462    0.033079    0.140000    0.485654 v _123_/X (sg13g2_mux2_1)
                                                         _038_ (net)
                      0.033079    0.000146    0.485799 v _244_/D (sg13g2_dfrbpq_1)
                                              0.485799   data arrival time

                                  0.000000    0.000000   clock sclk (rise edge)
                                  0.000000    0.000000   clock source latency
     1    0.021528    0.000000    0.000000    0.000000 ^ sclk (in)
                                                         sclk (net)
                      0.001097    0.000548    0.000548 ^ clkbuf_0_sclk/A (sg13g2_buf_16)
     2    0.043242    0.023346    0.055368    0.055916 ^ clkbuf_0_sclk/X (sg13g2_buf_16)
                                                         clknet_0_sclk (net)
                      0.023416    0.002003    0.057919 ^ clkbuf_1_0__f_sclk/A (sg13g2_buf_16)
     5    0.026923    0.020735    0.063181    0.121100 ^ clkbuf_1_0__f_sclk/X (sg13g2_buf_16)
                                                         clknet_1_0__leaf_sclk (net)
                      0.020751    0.001077    0.122177 ^ _244_/CLK (sg13g2_dfrbpq_1)
                                  0.000000    0.122177   clock reconvergence pessimism
                                 -0.038372    0.083805   library hold time
                                              0.083805   data required time
---------------------------------------------------------------------------------------------
                                              0.083805   data required time
                                             -0.485799   data arrival time
---------------------------------------------------------------------------------------------
                                              0.401994   slack (MET)



%OL_END_REPORT
%OL_CREATE_REPORT max.rpt

===========================================================================
report_checks -path_delay max (Setup)
============================================================================
======================= nom_typ_1p20V_25C Corner ===================================

Startpoint: _267_ (rising edge-triggered flip-flop clocked by freq_in)
Endpoint: _267_ (rising edge-triggered flip-flop clocked by freq_in)
Path Group: freq_in
Path Type: max

Fanout         Cap        Slew       Delay        Time   Description
---------------------------------------------------------------------------------------------
                                  0.000000    0.000000   clock freq_in (rise edge)
                                  0.000000    0.000000   clock source latency
     1    0.008110    0.000000    0.000000    0.000000 ^ freq_in (in)
                                                         freq_in (net)
                      0.000567    0.000284    0.000284 ^ _267_/CLK (sg13g2_dfrbpq_1)
     2    0.009402    0.047782    0.171921    0.172205 ^ _267_/Q (sg13g2_dfrbpq_1)
                                                         uut.div4.dff1.q (net)
                      0.047783    0.000285    0.172490 ^ _214_/A (sg13g2_inv_1)
     1    0.005066    0.026588    0.038475    0.210965 v _214_/Y (sg13g2_inv_1)
                                                         uut.div4.dff1.d (net)
                      0.026589    0.000178    0.211143 v _267_/D (sg13g2_dfrbpq_1)
                                              0.211143   data arrival time

                                  0.333000    0.333000   clock freq_in (rise edge)
                                  0.000000    0.333000   clock source latency
     1    0.008110    0.000000    0.000000    0.333000 ^ freq_in (in)
                                                         freq_in (net)
                      0.000567    0.000284    0.333284 ^ _267_/CLK (sg13g2_dfrbpq_1)
                                  0.000000    0.333284   clock reconvergence pessimism
                                 -0.119963    0.213321   library setup time
                                              0.213321   data required time
---------------------------------------------------------------------------------------------
                                              0.213321   data required time
                                             -0.211143   data arrival time
---------------------------------------------------------------------------------------------
                                              0.002177   slack (MET)


Startpoint: _243_ (rising edge-triggered flip-flop clocked by sclk)
Endpoint: _243_ (rising edge-triggered flip-flop clocked by sclk)
Path Group: sclk
Path Type: max

Fanout         Cap        Slew       Delay        Time   Description
---------------------------------------------------------------------------------------------
                                  0.000000    0.000000   clock sclk (rise edge)
                                  0.000000    0.000000   clock source latency
     1    0.021528    0.000000    0.000000    0.000000 ^ sclk (in)
                                                         sclk (net)
                      0.001097    0.000548    0.000548 ^ clkbuf_0_sclk/A (sg13g2_buf_16)
     2    0.043242    0.023346    0.055368    0.055916 ^ clkbuf_0_sclk/X (sg13g2_buf_16)
                                                         clknet_0_sclk (net)
                      0.023416    0.002003    0.057919 ^ clkbuf_1_0__f_sclk/A (sg13g2_buf_16)
     5    0.026923    0.020735    0.063181    0.121100 ^ clkbuf_1_0__f_sclk/X (sg13g2_buf_16)
                                                         clknet_1_0__leaf_sclk (net)
                      0.020760    0.001348    0.122448 ^ _243_/CLK (sg13g2_dfrbpq_1)
     4    0.030188    0.128054    0.240786    0.363234 ^ _243_/Q (sg13g2_dfrbpq_1)
                                                         data_word[1] (net)
                      0.128058    0.000896    0.364130 ^ _124_/A0 (sg13g2_mux2_1)
     1    0.005520    0.042820    0.136494    0.500624 ^ _124_/X (sg13g2_mux2_1)
                                                         _037_ (net)
                      0.042820    0.000209    0.500833 ^ _243_/D (sg13g2_dfrbpq_1)
                                              0.500833   data arrival time

                                 10.000000   10.000000   clock sclk (rise edge)
                                  0.000000   10.000000   clock source latency
     1    0.021528    0.000000    0.000000   10.000000 ^ sclk (in)
                                                         sclk (net)
                      0.001097    0.000548   10.000548 ^ clkbuf_0_sclk/A (sg13g2_buf_16)
     2    0.043242    0.023346    0.055368   10.055917 ^ clkbuf_0_sclk/X (sg13g2_buf_16)
                                                         clknet_0_sclk (net)
                      0.023416    0.002003   10.057920 ^ clkbuf_1_0__f_sclk/A (sg13g2_buf_16)
     5    0.026923    0.020735    0.063181   10.121099 ^ clkbuf_1_0__f_sclk/X (sg13g2_buf_16)
                                                         clknet_1_0__leaf_sclk (net)
                      0.020760    0.001348   10.122448 ^ _243_/CLK (sg13g2_dfrbpq_1)
                                  0.000000   10.122448   clock reconvergence pessimism
                                 -0.120036   10.002413   library setup time
                                             10.002413   data required time
---------------------------------------------------------------------------------------------
                                             10.002413   data required time
                                             -0.500833   data arrival time
---------------------------------------------------------------------------------------------
                                              9.501580   slack (MET)


Startpoint: _244_ (rising edge-triggered flip-flop clocked by sclk)
Endpoint: _244_ (rising edge-triggered flip-flop clocked by sclk)
Path Group: sclk
Path Type: max

Fanout         Cap        Slew       Delay        Time   Description
---------------------------------------------------------------------------------------------
                                  0.000000    0.000000   clock sclk (rise edge)
                                  0.000000    0.000000   clock source latency
     1    0.021528    0.000000    0.000000    0.000000 ^ sclk (in)
                                                         sclk (net)
                      0.001097    0.000548    0.000548 ^ clkbuf_0_sclk/A (sg13g2_buf_16)
     2    0.043242    0.023346    0.055368    0.055916 ^ clkbuf_0_sclk/X (sg13g2_buf_16)
                                                         clknet_0_sclk (net)
                      0.023416    0.002003    0.057919 ^ clkbuf_1_0__f_sclk/A (sg13g2_buf_16)
     5    0.026923    0.020735    0.063181    0.121100 ^ clkbuf_1_0__f_sclk/X (sg13g2_buf_16)
                                                         clknet_1_0__leaf_sclk (net)
                      0.020751    0.001077    0.122177 ^ _244_/CLK (sg13g2_dfrbpq_1)
     4    0.029626    0.125823    0.239185    0.361362 ^ _244_/Q (sg13g2_dfrbpq_1)
                                                         data_word[2] (net)
                      0.125828    0.000959    0.362320 ^ _123_/A0 (sg13g2_mux2_1)
     1    0.004442    0.040719    0.132448    0.494768 ^ _123_/X (sg13g2_mux2_1)
                                                         _038_ (net)
                      0.040719    0.000145    0.494913 ^ _244_/D (sg13g2_dfrbpq_1)
                                              0.494913   data arrival time

                                 10.000000   10.000000   clock sclk (rise edge)
                                  0.000000   10.000000   clock source latency
     1    0.021528    0.000000    0.000000   10.000000 ^ sclk (in)
                                                         sclk (net)
                      0.001097    0.000548   10.000548 ^ clkbuf_0_sclk/A (sg13g2_buf_16)
     2    0.043242    0.023346    0.055368   10.055917 ^ clkbuf_0_sclk/X (sg13g2_buf_16)
                                                         clknet_0_sclk (net)
                      0.023416    0.002003   10.057920 ^ clkbuf_1_0__f_sclk/A (sg13g2_buf_16)
     5    0.026923    0.020735    0.063181   10.121099 ^ clkbuf_1_0__f_sclk/X (sg13g2_buf_16)
                                                         clknet_1_0__leaf_sclk (net)
                      0.020751    0.001077   10.122177 ^ _244_/CLK (sg13g2_dfrbpq_1)
                                  0.000000   10.122177   clock reconvergence pessimism
                                 -0.119354   10.002823   library setup time
                                             10.002823   data required time
---------------------------------------------------------------------------------------------
                                             10.002823   data required time
                                             -0.494913   data arrival time
---------------------------------------------------------------------------------------------
                                              9.507910   slack (MET)


Startpoint: _244_ (rising edge-triggered flip-flop clocked by sclk)
Endpoint: _245_ (rising edge-triggered flip-flop clocked by sclk)
Path Group: sclk
Path Type: max

Fanout         Cap        Slew       Delay        Time   Description
---------------------------------------------------------------------------------------------
                                  0.000000    0.000000   clock sclk (rise edge)
                                  0.000000    0.000000   clock source latency
     1    0.021528    0.000000    0.000000    0.000000 ^ sclk (in)
                                                         sclk (net)
                      0.001097    0.000548    0.000548 ^ clkbuf_0_sclk/A (sg13g2_buf_16)
     2    0.043242    0.023346    0.055368    0.055916 ^ clkbuf_0_sclk/X (sg13g2_buf_16)
                                                         clknet_0_sclk (net)
                      0.023416    0.002003    0.057919 ^ clkbuf_1_0__f_sclk/A (sg13g2_buf_16)
     5    0.026923    0.020735    0.063181    0.121100 ^ clkbuf_1_0__f_sclk/X (sg13g2_buf_16)
                                                         clknet_1_0__leaf_sclk (net)
                      0.020751    0.001077    0.122177 ^ _244_/CLK (sg13g2_dfrbpq_1)
     4    0.029626    0.125823    0.239185    0.361362 ^ _244_/Q (sg13g2_dfrbpq_1)
                                                         data_word[2] (net)
                      0.125829    0.001036    0.362397 ^ _122_/A1 (sg13g2_mux2_1)
     1    0.003487    0.037567    0.123611    0.486008 ^ _122_/X (sg13g2_mux2_1)
                                                         _039_ (net)
                      0.037567    0.000086    0.486095 ^ _245_/D (sg13g2_dfrbpq_1)
                                              0.486095   data arrival time

                                 10.000000   10.000000   clock sclk (rise edge)
                                  0.000000   10.000000   clock source latency
     1    0.021528    0.000000    0.000000   10.000000 ^ sclk (in)
                                                         sclk (net)
                      0.001097    0.000548   10.000548 ^ clkbuf_0_sclk/A (sg13g2_buf_16)
     2    0.043242    0.023346    0.055368   10.055917 ^ clkbuf_0_sclk/X (sg13g2_buf_16)
                                                         clknet_0_sclk (net)
                      0.023416    0.002003   10.057920 ^ clkbuf_1_0__f_sclk/A (sg13g2_buf_16)
     5    0.026923    0.020735    0.063181   10.121099 ^ clkbuf_1_0__f_sclk/X (sg13g2_buf_16)
                                                         clknet_1_0__leaf_sclk (net)
                      0.020780    0.001759   10.122859 ^ _245_/CLK (sg13g2_dfrbpq_1)
                                  0.000000   10.122859   clock reconvergence pessimism
                                 -0.118326   10.004534   library setup time
                                             10.004534   data required time
---------------------------------------------------------------------------------------------
                                             10.004534   data required time
                                             -0.486095   data arrival time
---------------------------------------------------------------------------------------------
                                              9.518438   slack (MET)


Startpoint: _245_ (rising edge-triggered flip-flop clocked by sclk)
Endpoint: _246_ (rising edge-triggered flip-flop clocked by sclk)
Path Group: sclk
Path Type: max

Fanout         Cap        Slew       Delay        Time   Description
---------------------------------------------------------------------------------------------
                                  0.000000    0.000000   clock sclk (rise edge)
                                  0.000000    0.000000   clock source latency
     1    0.021528    0.000000    0.000000    0.000000 ^ sclk (in)
                                                         sclk (net)
                      0.001097    0.000548    0.000548 ^ clkbuf_0_sclk/A (sg13g2_buf_16)
     2    0.043242    0.023346    0.055368    0.055916 ^ clkbuf_0_sclk/X (sg13g2_buf_16)
                                                         clknet_0_sclk (net)
                      0.023416    0.002003    0.057919 ^ clkbuf_1_0__f_sclk/A (sg13g2_buf_16)
     5    0.026923    0.020735    0.063181    0.121100 ^ clkbuf_1_0__f_sclk/X (sg13g2_buf_16)
                                                         clknet_1_0__leaf_sclk (net)
                      0.020780    0.001759    0.122859 ^ _245_/CLK (sg13g2_dfrbpq_1)
     4    0.026599    0.113746    0.231003    0.353861 ^ _245_/Q (sg13g2_dfrbpq_1)
                                                         data_word[3] (net)
                      0.113750    0.000820    0.354681 ^ _121_/A1 (sg13g2_mux2_1)
     1    0.003166    0.035914    0.119047    0.473728 ^ _121_/X (sg13g2_mux2_1)
                                                         _040_ (net)
                      0.035914    0.000069    0.473797 ^ _246_/D (sg13g2_dfrbpq_1)
                                              0.473797   data arrival time

                                 10.000000   10.000000   clock sclk (rise edge)
                                  0.000000   10.000000   clock source latency
     1    0.021528    0.000000    0.000000   10.000000 ^ sclk (in)
                                                         sclk (net)
                      0.001097    0.000548   10.000548 ^ clkbuf_0_sclk/A (sg13g2_buf_16)
     2    0.043242    0.023346    0.055368   10.055917 ^ clkbuf_0_sclk/X (sg13g2_buf_16)
                                                         clknet_0_sclk (net)
                      0.023416    0.002003   10.057920 ^ clkbuf_1_0__f_sclk/A (sg13g2_buf_16)
     5    0.026923    0.020735    0.063181   10.121099 ^ clkbuf_1_0__f_sclk/X (sg13g2_buf_16)
                                                         clknet_1_0__leaf_sclk (net)
                      0.020778    0.001731   10.122830 ^ _246_/CLK (sg13g2_dfrbpq_1)
                                  0.000000   10.122830   clock reconvergence pessimism
                                 -0.117789   10.005042   library setup time
                                             10.005042   data required time
---------------------------------------------------------------------------------------------
                                             10.005042   data required time
                                             -0.473797   data arrival time
---------------------------------------------------------------------------------------------
                                              9.531245   slack (MET)


Startpoint: _249_ (rising edge-triggered flip-flop clocked by sclk)
Endpoint: _249_ (rising edge-triggered flip-flop clocked by sclk)
Path Group: sclk
Path Type: max

Fanout         Cap        Slew       Delay        Time   Description
---------------------------------------------------------------------------------------------
                                  0.000000    0.000000   clock sclk (rise edge)
                                  0.000000    0.000000   clock source latency
     1    0.021528    0.000000    0.000000    0.000000 ^ sclk (in)
                                                         sclk (net)
                      0.001097    0.000548    0.000548 ^ clkbuf_0_sclk/A (sg13g2_buf_16)
     2    0.043242    0.023346    0.055368    0.055916 ^ clkbuf_0_sclk/X (sg13g2_buf_16)
                                                         clknet_0_sclk (net)
                      0.023376    0.001460    0.057376 ^ clkbuf_1_1__f_sclk/A (sg13g2_buf_16)
     5    0.024404    0.020156    0.062738    0.120114 ^ clkbuf_1_1__f_sclk/X (sg13g2_buf_16)
                                                         clknet_1_1__leaf_sclk (net)
                      0.020178    0.001240    0.121354 ^ _249_/CLK (sg13g2_dfrbpq_1)
     4    0.023078    0.100058    0.220846    0.342201 ^ _249_/Q (sg13g2_dfrbpq_1)
                                                         data_word[7] (net)
                      0.100070    0.001129    0.343329 ^ _118_/A0 (sg13g2_mux2_1)
     1    0.003293    0.035505    0.120921    0.464250 ^ _118_/X (sg13g2_mux2_1)
                                                         _043_ (net)
                      0.035505    0.000076    0.464327 ^ _249_/D (sg13g2_dfrbpq_1)
                                              0.464327   data arrival time

                                 10.000000   10.000000   clock sclk (rise edge)
                                  0.000000   10.000000   clock source latency
     1    0.021528    0.000000    0.000000   10.000000 ^ sclk (in)
                                                         sclk (net)
                      0.001097    0.000548   10.000548 ^ clkbuf_0_sclk/A (sg13g2_buf_16)
     2    0.043242    0.023346    0.055368   10.055917 ^ clkbuf_0_sclk/X (sg13g2_buf_16)
                                                         clknet_0_sclk (net)
                      0.023376    0.001460   10.057377 ^ clkbuf_1_1__f_sclk/A (sg13g2_buf_16)
     5    0.024404    0.020156    0.062737   10.120114 ^ clkbuf_1_1__f_sclk/X (sg13g2_buf_16)
                                                         clknet_1_1__leaf_sclk (net)
                      0.020178    0.001241   10.121355 ^ _249_/CLK (sg13g2_dfrbpq_1)
                                  0.000000   10.121355   clock reconvergence pessimism
                                 -0.117744   10.003611   library setup time
                                             10.003611   data required time
---------------------------------------------------------------------------------------------
                                             10.003611   data required time
                                             -0.464327   data arrival time
---------------------------------------------------------------------------------------------
                                              9.539285   slack (MET)


Startpoint: _242_ (rising edge-triggered flip-flop clocked by sclk)
Endpoint: _242_ (rising edge-triggered flip-flop clocked by sclk)
Path Group: sclk
Path Type: max

Fanout         Cap        Slew       Delay        Time   Description
---------------------------------------------------------------------------------------------
                                  0.000000    0.000000   clock sclk (rise edge)
                                  0.000000    0.000000   clock source latency
     1    0.021528    0.000000    0.000000    0.000000 ^ sclk (in)
                                                         sclk (net)
                      0.001097    0.000548    0.000548 ^ clkbuf_0_sclk/A (sg13g2_buf_16)
     2    0.043242    0.023346    0.055368    0.055916 ^ clkbuf_0_sclk/X (sg13g2_buf_16)
                                                         clknet_0_sclk (net)
                      0.023416    0.002003    0.057919 ^ clkbuf_1_0__f_sclk/A (sg13g2_buf_16)
     5    0.026923    0.020735    0.063181    0.121100 ^ clkbuf_1_0__f_sclk/X (sg13g2_buf_16)
                                                         clknet_1_0__leaf_sclk (net)
                      0.020750    0.001055    0.122154 ^ _242_/CLK (sg13g2_dfrbpq_1)
     4    0.023062    0.099966    0.221244    0.343399 ^ _242_/Q (sg13g2_dfrbpq_1)
                                                         data_word[0] (net)
                      0.099968    0.000554    0.343953 ^ _125_/A0 (sg13g2_mux2_1)
     1    0.003397    0.033943    0.121213    0.465166 ^ _125_/X (sg13g2_mux2_1)
                                                         _036_ (net)
                      0.033943    0.000081    0.465247 ^ _242_/D (sg13g2_dfrbpq_1)
                                              0.465247   data arrival time

                                 10.000000   10.000000   clock sclk (rise edge)
                                  0.000000   10.000000   clock source latency
     1    0.021528    0.000000    0.000000   10.000000 ^ sclk (in)
                                                         sclk (net)
                      0.001097    0.000548   10.000548 ^ clkbuf_0_sclk/A (sg13g2_buf_16)
     2    0.043242    0.023346    0.055368   10.055917 ^ clkbuf_0_sclk/X (sg13g2_buf_16)
                                                         clknet_0_sclk (net)
                      0.023416    0.002003   10.057920 ^ clkbuf_1_0__f_sclk/A (sg13g2_buf_16)
     5    0.026923    0.020735    0.063181   10.121099 ^ clkbuf_1_0__f_sclk/X (sg13g2_buf_16)
                                                         clknet_1_0__leaf_sclk (net)
                      0.020750    0.001055   10.122155 ^ _242_/CLK (sg13g2_dfrbpq_1)
                                  0.000000   10.122155   clock reconvergence pessimism
                                 -0.117152   10.005002   library setup time
                                             10.005002   data required time
---------------------------------------------------------------------------------------------
                                             10.005002   data required time
                                             -0.465247   data arrival time
---------------------------------------------------------------------------------------------
                                              9.539756   slack (MET)


Startpoint: _249_ (rising edge-triggered flip-flop clocked by sclk)
Endpoint: _250_ (rising edge-triggered flip-flop clocked by sclk)
Path Group: sclk
Path Type: max

Fanout         Cap        Slew       Delay        Time   Description
---------------------------------------------------------------------------------------------
                                  0.000000    0.000000   clock sclk (rise edge)
                                  0.000000    0.000000   clock source latency
     1    0.021528    0.000000    0.000000    0.000000 ^ sclk (in)
                                                         sclk (net)
                      0.001097    0.000548    0.000548 ^ clkbuf_0_sclk/A (sg13g2_buf_16)
     2    0.043242    0.023346    0.055368    0.055916 ^ clkbuf_0_sclk/X (sg13g2_buf_16)
                                                         clknet_0_sclk (net)
                      0.023376    0.001460    0.057376 ^ clkbuf_1_1__f_sclk/A (sg13g2_buf_16)
     5    0.024404    0.020156    0.062738    0.120114 ^ clkbuf_1_1__f_sclk/X (sg13g2_buf_16)
                                                         clknet_1_1__leaf_sclk (net)
                      0.020178    0.001240    0.121354 ^ _249_/CLK (sg13g2_dfrbpq_1)
     4    0.022782    0.076945    0.207756    0.329110 v _249_/Q (sg13g2_dfrbpq_1)
                                                         data_word[7] (net)
                      0.076957    0.000952    0.330063 v _117_/A1 (sg13g2_mux2_1)
     1    0.003316    0.036844    0.128491    0.458554 v _117_/X (sg13g2_mux2_1)
                                                         _044_ (net)
                      0.036844    0.000077    0.458631 v _250_/D (sg13g2_dfrbpq_1)
                                              0.458631   data arrival time

                                 10.000000   10.000000   clock sclk (rise edge)
                                  0.000000   10.000000   clock source latency
     1    0.021528    0.000000    0.000000   10.000000 ^ sclk (in)
                                                         sclk (net)
                      0.001097    0.000548   10.000548 ^ clkbuf_0_sclk/A (sg13g2_buf_16)
     2    0.043242    0.023346    0.055368   10.055917 ^ clkbuf_0_sclk/X (sg13g2_buf_16)
                                                         clknet_0_sclk (net)
                      0.023376    0.001460   10.057377 ^ clkbuf_1_1__f_sclk/A (sg13g2_buf_16)
     5    0.024404    0.020156    0.062737   10.120114 ^ clkbuf_1_1__f_sclk/X (sg13g2_buf_16)
                                                         clknet_1_1__leaf_sclk (net)
                      0.020177    0.001237   10.121351 ^ _250_/CLK (sg13g2_dfrbpq_1)
                                  0.000000   10.121351   clock reconvergence pessimism
                                 -0.118647   10.002704   library setup time
                                             10.002704   data required time
---------------------------------------------------------------------------------------------
                                             10.002704   data required time
                                             -0.458631   data arrival time
---------------------------------------------------------------------------------------------
                                              9.544073   slack (MET)


Startpoint: _248_ (rising edge-triggered flip-flop clocked by sclk)
Endpoint: _248_ (rising edge-triggered flip-flop clocked by sclk)
Path Group: sclk
Path Type: max

Fanout         Cap        Slew       Delay        Time   Description
---------------------------------------------------------------------------------------------
                                  0.000000    0.000000   clock sclk (rise edge)
                                  0.000000    0.000000   clock source latency
     1    0.021528    0.000000    0.000000    0.000000 ^ sclk (in)
                                                         sclk (net)
                      0.001097    0.000548    0.000548 ^ clkbuf_0_sclk/A (sg13g2_buf_16)
     2    0.043242    0.023346    0.055368    0.055916 ^ clkbuf_0_sclk/X (sg13g2_buf_16)
                                                         clknet_0_sclk (net)
                      0.023376    0.001460    0.057376 ^ clkbuf_1_1__f_sclk/A (sg13g2_buf_16)
     5    0.024404    0.020156    0.062738    0.120114 ^ clkbuf_1_1__f_sclk/X (sg13g2_buf_16)
                                                         clknet_1_1__leaf_sclk (net)
                      0.020168    0.000932    0.121046 ^ _248_/CLK (sg13g2_dfrbpq_1)
     4    0.022384    0.097856    0.219013    0.340059 ^ _248_/Q (sg13g2_dfrbpq_1)
                                                         data_word[6] (net)
                      0.097858    0.000610    0.340669 ^ _119_/A0 (sg13g2_mux2_1)
     1    0.002153    0.031483    0.116695    0.457364 ^ _119_/X (sg13g2_mux2_1)
                                                         _042_ (net)
                      0.031483    0.000027    0.457392 ^ _248_/D (sg13g2_dfrbpq_1)
                                              0.457392   data arrival time

                                 10.000000   10.000000   clock sclk (rise edge)
                                  0.000000   10.000000   clock source latency
     1    0.021528    0.000000    0.000000   10.000000 ^ sclk (in)
                                                         sclk (net)
                      0.001097    0.000548   10.000548 ^ clkbuf_0_sclk/A (sg13g2_buf_16)
     2    0.043242    0.023346    0.055368   10.055917 ^ clkbuf_0_sclk/X (sg13g2_buf_16)
                                                         clknet_0_sclk (net)
                      0.023376    0.001460   10.057377 ^ clkbuf_1_1__f_sclk/A (sg13g2_buf_16)
     5    0.024404    0.020156    0.062737   10.120114 ^ clkbuf_1_1__f_sclk/X (sg13g2_buf_16)
                                                         clknet_1_1__leaf_sclk (net)
                      0.020168    0.000933   10.121046 ^ _248_/CLK (sg13g2_dfrbpq_1)
                                  0.000000   10.121046   clock reconvergence pessimism
                                 -0.116438   10.004609   library setup time
                                             10.004609   data required time
---------------------------------------------------------------------------------------------
                                             10.004609   data required time
                                             -0.457392   data arrival time
---------------------------------------------------------------------------------------------
                                              9.547216   slack (MET)


Startpoint: _246_ (rising edge-triggered flip-flop clocked by sclk)
Endpoint: _247_ (rising edge-triggered flip-flop clocked by sclk)
Path Group: sclk
Path Type: max

Fanout         Cap        Slew       Delay        Time   Description
---------------------------------------------------------------------------------------------
                                  0.000000    0.000000   clock sclk (rise edge)
                                  0.000000    0.000000   clock source latency
     1    0.021528    0.000000    0.000000    0.000000 ^ sclk (in)
                                                         sclk (net)
                      0.001097    0.000548    0.000548 ^ clkbuf_0_sclk/A (sg13g2_buf_16)
     2    0.043242    0.023346    0.055368    0.055916 ^ clkbuf_0_sclk/X (sg13g2_buf_16)
                                                         clknet_0_sclk (net)
                      0.023416    0.002003    0.057919 ^ clkbuf_1_0__f_sclk/A (sg13g2_buf_16)
     5    0.026923    0.020735    0.063181    0.121100 ^ clkbuf_1_0__f_sclk/X (sg13g2_buf_16)
                                                         clknet_1_0__leaf_sclk (net)
                      0.020778    0.001731    0.122831 ^ _246_/CLK (sg13g2_dfrbpq_1)
     4    0.021952    0.075025    0.206249    0.329080 v _246_/Q (sg13g2_dfrbpq_1)
                                                         data_word[4] (net)
                      0.075033    0.000790    0.329870 v _120_/A1 (sg13g2_mux2_1)
     1    0.002061    0.033692    0.123489    0.453359 v _120_/X (sg13g2_mux2_1)
                                                         _041_ (net)
                      0.033692    0.000023    0.453382 v _247_/D (sg13g2_dfrbpq_1)
                                              0.453382   data arrival time

                                 10.000000   10.000000   clock sclk (rise edge)
                                  0.000000   10.000000   clock source latency
     1    0.021528    0.000000    0.000000   10.000000 ^ sclk (in)
                                                         sclk (net)
                      0.001097    0.000548   10.000548 ^ clkbuf_0_sclk/A (sg13g2_buf_16)
     2    0.043242    0.023346    0.055368   10.055917 ^ clkbuf_0_sclk/X (sg13g2_buf_16)
                                                         clknet_0_sclk (net)
                      0.023376    0.001460   10.057377 ^ clkbuf_1_1__f_sclk/A (sg13g2_buf_16)
     5    0.024404    0.020156    0.062737   10.120114 ^ clkbuf_1_1__f_sclk/X (sg13g2_buf_16)
                                                         clknet_1_1__leaf_sclk (net)
                      0.020170    0.000989   10.121102 ^ _247_/CLK (sg13g2_dfrbpq_1)
                                  0.000000   10.121102   clock reconvergence pessimism
                                 -0.117514   10.003589   library setup time
                                             10.003589   data required time
---------------------------------------------------------------------------------------------
                                             10.003589   data required time
                                             -0.453382   data arrival time
---------------------------------------------------------------------------------------------
                                              9.550206   slack (MET)



%OL_END_REPORT
%OL_CREATE_REPORT checks.rpt

===========================================================================
report_checks -unconstrained
===========================================================================
======================= nom_typ_1p20V_25C Corner ===================================

Startpoint: _267_ (rising edge-triggered flip-flop clocked by freq_in)
Endpoint: _267_ (rising edge-triggered flip-flop clocked by freq_in)
Path Group: freq_in
Path Type: max

Fanout         Cap        Slew       Delay        Time   Description
---------------------------------------------------------------------------------------------
                                  0.000000    0.000000   clock freq_in (rise edge)
                                  0.000000    0.000000   clock source latency
     1    0.008110    0.000000    0.000000    0.000000 ^ freq_in (in)
                                                         freq_in (net)
                      0.000567    0.000284    0.000284 ^ _267_/CLK (sg13g2_dfrbpq_1)
     2    0.009402    0.047782    0.171921    0.172205 ^ _267_/Q (sg13g2_dfrbpq_1)
                                                         uut.div4.dff1.q (net)
                      0.047783    0.000285    0.172490 ^ _214_/A (sg13g2_inv_1)
     1    0.005066    0.026588    0.038475    0.210965 v _214_/Y (sg13g2_inv_1)
                                                         uut.div4.dff1.d (net)
                      0.026589    0.000178    0.211143 v _267_/D (sg13g2_dfrbpq_1)
                                              0.211143   data arrival time

                                  0.333000    0.333000   clock freq_in (rise edge)
                                  0.000000    0.333000   clock source latency
     1    0.008110    0.000000    0.000000    0.333000 ^ freq_in (in)
                                                         freq_in (net)
                      0.000567    0.000284    0.333284 ^ _267_/CLK (sg13g2_dfrbpq_1)
                                  0.000000    0.333284   clock reconvergence pessimism
                                 -0.119963    0.213321   library setup time
                                              0.213321   data required time
---------------------------------------------------------------------------------------------
                                              0.213321   data required time
                                             -0.211143   data arrival time
---------------------------------------------------------------------------------------------
                                              0.002177   slack (MET)


Startpoint: _243_ (rising edge-triggered flip-flop clocked by sclk)
Endpoint: _243_ (rising edge-triggered flip-flop clocked by sclk)
Path Group: sclk
Path Type: max

Fanout         Cap        Slew       Delay        Time   Description
---------------------------------------------------------------------------------------------
                                  0.000000    0.000000   clock sclk (rise edge)
                                  0.000000    0.000000   clock source latency
     1    0.021528    0.000000    0.000000    0.000000 ^ sclk (in)
                                                         sclk (net)
                      0.001097    0.000548    0.000548 ^ clkbuf_0_sclk/A (sg13g2_buf_16)
     2    0.043242    0.023346    0.055368    0.055916 ^ clkbuf_0_sclk/X (sg13g2_buf_16)
                                                         clknet_0_sclk (net)
                      0.023416    0.002003    0.057919 ^ clkbuf_1_0__f_sclk/A (sg13g2_buf_16)
     5    0.026923    0.020735    0.063181    0.121100 ^ clkbuf_1_0__f_sclk/X (sg13g2_buf_16)
                                                         clknet_1_0__leaf_sclk (net)
                      0.020760    0.001348    0.122448 ^ _243_/CLK (sg13g2_dfrbpq_1)
     4    0.030188    0.128054    0.240786    0.363234 ^ _243_/Q (sg13g2_dfrbpq_1)
                                                         data_word[1] (net)
                      0.128058    0.000896    0.364130 ^ _124_/A0 (sg13g2_mux2_1)
     1    0.005520    0.042820    0.136494    0.500624 ^ _124_/X (sg13g2_mux2_1)
                                                         _037_ (net)
                      0.042820    0.000209    0.500833 ^ _243_/D (sg13g2_dfrbpq_1)
                                              0.500833   data arrival time

                                 10.000000   10.000000   clock sclk (rise edge)
                                  0.000000   10.000000   clock source latency
     1    0.021528    0.000000    0.000000   10.000000 ^ sclk (in)
                                                         sclk (net)
                      0.001097    0.000548   10.000548 ^ clkbuf_0_sclk/A (sg13g2_buf_16)
     2    0.043242    0.023346    0.055368   10.055917 ^ clkbuf_0_sclk/X (sg13g2_buf_16)
                                                         clknet_0_sclk (net)
                      0.023416    0.002003   10.057920 ^ clkbuf_1_0__f_sclk/A (sg13g2_buf_16)
     5    0.026923    0.020735    0.063181   10.121099 ^ clkbuf_1_0__f_sclk/X (sg13g2_buf_16)
                                                         clknet_1_0__leaf_sclk (net)
                      0.020760    0.001348   10.122448 ^ _243_/CLK (sg13g2_dfrbpq_1)
                                  0.000000   10.122448   clock reconvergence pessimism
                                 -0.120036   10.002413   library setup time
                                             10.002413   data required time
---------------------------------------------------------------------------------------------
                                             10.002413   data required time
                                             -0.500833   data arrival time
---------------------------------------------------------------------------------------------
                                              9.501580   slack (MET)




===========================================================================
report_checks --slack_max -0.01
============================================================================
======================= nom_typ_1p20V_25C Corner ===================================

No paths found.


===========================================================================
 report_check_types -max_slew -max_cap -max_fanout -violators
============================================================================
======================= nom_typ_1p20V_25C Corner ===================================

max fanout

Pin                                   Limit Fanout  Slack
---------------------------------------------------------
input1/X                                  8      9        (VIOLATED)



===========================================================================
report_parasitic_annotation -report_unannotated
============================================================================
Found 1 unannotated drivers.
 clkload0/Y
Found 0 partially unannotated drivers.

===========================================================================
max slew violation count 0
Writing metric design__max_slew_violation__count__corner:nom_typ_1p20V_25C: 0
max fanout violation count 1
Writing metric design__max_fanout_violation__count__corner:nom_typ_1p20V_25C: 1
max cap violation count 0
Writing metric design__max_cap_violation__count__corner:nom_typ_1p20V_25C: 0
============================================================================

===========================================================================
check_setup -verbose -unconstrained_endpoints -multiple_clock -no_clock -no_input_delay -loops -generated_clocks
===========================================================================
Warning: There are 3 input ports missing set_input_delay.
  en
  rst
  sdata
Warning: There are 17 unclocked register/latch pins.
  _251_/CLK
  _252_/CLK
  _253_/CLK
  _254_/CLK
  _255_/CLK
  _256_/CLK
  _257_/CLK
  _258_/CLK
  _259_/CLK
  _260_/CLK
  _261_/CLK
  _262_/CLK
  _263_/CLK
  _264_/CLK
  _265_/CLK
  _266_/CLK
  _268_/CLK
Warning: There are 18 unconstrained endpoints.
  freq_out
  _251_/D
  _252_/D
  _253_/D
  _254_/D
  _255_/D
  _256_/D
  _257_/D
  _258_/D
  _259_/D
  _260_/D
  _261_/D
  _262_/D
  _263_/D
  _264_/D
  _265_/D
  _266_/D
  _268_/D
%OL_END_REPORT
%OL_CREATE_REPORT power.rpt

===========================================================================
 report_power
============================================================================
======================= nom_typ_1p20V_25C Corner ===================================

Group                    Internal    Switching      Leakage        Total
                            Power        Power        Power        Power (Watts)
------------------------------------------------------------------------
Sequential           3.361061e-04 1.530138e-05 1.376759e-08 3.514212e-04  51.7%
Combinational        1.113051e-04 1.594300e-04 1.732404e-08 2.707524e-04  39.8%
Clock                4.391677e-05 1.361784e-05 4.219166e-09 5.753884e-05   8.5%
Macro                0.000000e+00 0.000000e+00 0.000000e+00 0.000000e+00   0.0%
Pad                  0.000000e+00 0.000000e+00 0.000000e+00 0.000000e+00   0.0%
------------------------------------------------------------------------
Total                4.913280e-04 1.883493e-04 3.531081e-08 6.797126e-04 100.0%
                            72.3%        27.7%         0.0%
Writing metric power__internal__total: 0.0004913279553875327
Writing metric power__switching__total: 0.00018834928050637245
Writing metric power__leakage__total: 3.531080849938917e-8
Writing metric power__total: 0.0006797125679440796

%OL_END_REPORT
%OL_CREATE_REPORT skew.min.rpt

===========================================================================
Clock Skew (Hold)
============================================================================
Writing metric clock__skew__worst_hold__corner:nom_typ_1p20V_25C: 0.0017281038200665933
======================= nom_typ_1p20V_25C Corner ===================================

Clock freq_in
0.000284 source latency _267_/CLK ^
-0.000284 target latency _267_/CLK ^
0.000000 CRPR
--------------
0.000000 hold skew

Clock sclk
0.122831 source latency _246_/CLK ^
-0.121103 target latency _247_/CLK ^
0.000000 CRPR
--------------
0.001728 hold skew

%OL_END_REPORT
%OL_CREATE_REPORT skew.max.rpt

===========================================================================
Clock Skew (Setup)
============================================================================
Writing metric clock__skew__worst_setup__corner:nom_typ_1p20V_25C: 0.0017281038200665933
======================= nom_typ_1p20V_25C Corner ===================================

Clock freq_in
0.000284 source latency _267_/CLK ^
-0.000284 target latency _267_/CLK ^
0.000000 CRPR
--------------
0.000000 setup skew

Clock sclk
0.122831 source latency _246_/CLK ^
-0.121103 target latency _247_/CLK ^
0.000000 CRPR
--------------
0.001728 setup skew

%OL_END_REPORT
%OL_CREATE_REPORT ws.min.rpt

===========================================================================
Worst Slack (Hold)
============================================================================
Writing metric timing__hold__ws__corner:nom_typ_1p20V_25C: 0.2513827273051256
nom_typ_1p20V_25C: 0.2513827273051256
%OL_END_REPORT
%OL_CREATE_REPORT ws.max.rpt

===========================================================================
Worst Slack (Setup)
============================================================================
Writing metric timing__setup__ws__corner:nom_typ_1p20V_25C: 0.002177452724204273
nom_typ_1p20V_25C: 0.002177452724204273
%OL_END_REPORT
%OL_CREATE_REPORT tns.min.rpt

===========================================================================
Total Negative Slack (Hold)
============================================================================
Writing metric timing__hold__tns__corner:nom_typ_1p20V_25C: 0.0
nom_typ_1p20V_25C: 0.0
%OL_END_REPORT
%OL_CREATE_REPORT tns.max.rpt

===========================================================================
Total Negative Slack (Setup)
============================================================================
Writing metric timing__setup__tns__corner:nom_typ_1p20V_25C: 0.0
nom_typ_1p20V_25C: 0.0
%OL_END_REPORT
%OL_CREATE_REPORT wns.min.rpt

===========================================================================
Worst Negative Slack (Hold)
============================================================================
Writing metric timing__hold__wns__corner:nom_typ_1p20V_25C: 0
nom_typ_1p20V_25C: 0
%OL_END_REPORT
%OL_CREATE_REPORT wns.max.rpt

===========================================================================
Worst Negative Slack (Setup)
============================================================================
Writing metric timing__setup__wns__corner:nom_typ_1p20V_25C: 0.0
nom_typ_1p20V_25C: 0.0
%OL_END_REPORT
%OL_CREATE_REPORT violator_list.rpt

===========================================================================
Violator List
============================================================================
Writing metric timing__hold_vio__count__corner:nom_typ_1p20V_25C: 0
Writing metric timing__hold_r2r__ws__corner:nom_typ_1p20V_25C: 0.251383
Writing metric timing__hold_r2r_vio__count__corner:nom_typ_1p20V_25C: 0
Writing metric timing__setup_vio__count__corner:nom_typ_1p20V_25C: 0
Writing metric timing__setup_r2r__ws__corner:nom_typ_1p20V_25C: 0.002177
Writing metric timing__setup_r2r_vio__count__corner:nom_typ_1p20V_25C: 0
%OL_END_REPORT
%OL_CREATE_REPORT unpropagated.rpt
%OL_END_REPORT
%OL_CREATE_REPORT clock.rpt
Clock: sclk
Sources: sclk 
Generated: no
Virtual: yes
Propagated: no
Period: 10.000000

===========================================================================
report_clock_properties
============================================================================
Clock                   Period          Waveform
----------------------------------------------------
sclk                 10.000000    0.000000  5.000000

===========================================================================
report_clock_latency
============================================================================
Clock sclk
rise -> rise
    min     max
0.000000 0.000000 source latency
0.121046         network latency _248_/CLK
        0.122859 network latency _245_/CLK
---------------
0.121046 0.122859 latency
        0.001812 skew

fall -> fall
    min     max
0.000000 0.000000 source latency
0.133373         network latency _248_/CLK
        0.135001 network latency _245_/CLK
---------------
0.133373 0.135001 latency
        0.001628 skew



===========================================================================
report_clock_min_period
============================================================================
sclk period_min = 0.50 fmax = 2006.34
Clock: freq_in
Sources: freq_in 
Generated: no
Virtual: yes
Propagated: no
Period: 0.333000

===========================================================================
report_clock_properties
============================================================================
Clock                   Period          Waveform
----------------------------------------------------
freq_in               0.333000    0.000000  0.166500

===========================================================================
report_clock_latency
============================================================================
Clock freq_in
rise -> rise
    min     max
0.000000 0.000000 source latency
0.000284         network latency _267_/CLK
        0.172428 network latency _268_/CLK
---------------
0.000284 0.172428 latency
        0.172144 skew

rise -> fall
    min     max
0.000000 0.000000 source latency
0.165197         network latency _268_/CLK
        0.165197 network latency _268_/CLK
---------------
0.165197 0.165197 latency
        0.000000 skew

fall -> fall
    min     max
0.000000 0.000000 source latency
0.000261         network latency _267_/CLK
        0.000261 network latency _267_/CLK
---------------
0.000261 0.000261 latency
        0.000000 skew



===========================================================================
report_clock_min_period
============================================================================
freq_in period_min = 0.33 fmax = 3022.77
%OL_END_REPORT
