
===========================================================================
report_checks -path_delay max (Setup)
============================================================================
======================= nom_slow_1p08V_125C Corner ===================================

Startpoint: _267_ (rising edge-triggered flip-flop clocked by freq_in)
Endpoint: _267_ (rising edge-triggered flip-flop clocked by freq_in)
Path Group: freq_in
Path Type: max

Fanout         Cap        Slew       Delay        Time   Description
---------------------------------------------------------------------------------------------
                      0.000000    0.000000    0.000000   clock freq_in (rise edge)
                                  0.000000    0.000000   clock network delay (ideal)
                      0.000000    0.000000    0.000000 ^ _267_/CLK (sg13g2_dfrbpq_1)
     2    0.005001    0.042333    0.246286    0.246286 v _267_/Q (sg13g2_dfrbpq_1)
                                                         uut.div4.dff1.q (net)
                      0.042333    0.000000    0.246286 v _214_/A (sg13g2_inv_1)
     1    0.001335    0.025134    0.038096    0.284382 ^ _214_/Y (sg13g2_inv_1)
                                                         uut.div4.dff1.d (net)
                      0.025134    0.000000    0.284382 ^ _267_/D (sg13g2_dfrbpq_1)
                                              0.284382   data arrival time

                      0.000000    0.333000    0.333000   clock freq_in (rise edge)
                                  0.000000    0.333000   clock network delay (ideal)
                                  0.000000    0.333000   clock reconvergence pessimism
                                              0.333000 ^ _267_/CLK (sg13g2_dfrbpq_1)
                                 -0.197193    0.135807   library setup time
                                              0.135807   data required time
---------------------------------------------------------------------------------------------
                                              0.135807   data required time
                                             -0.284382   data arrival time
---------------------------------------------------------------------------------------------
                                             -0.148575   slack (VIOLATED)


Startpoint: _245_ (rising edge-triggered flip-flop clocked by sclk)
Endpoint: _245_ (rising edge-triggered flip-flop clocked by sclk)
Path Group: sclk
Path Type: max

Fanout         Cap        Slew       Delay        Time   Description
---------------------------------------------------------------------------------------------
                      0.000000    0.000000    0.000000   clock sclk (rise edge)
                                  0.000000    0.000000   clock network delay (ideal)
                      0.000000    0.000000    0.000000 ^ _245_/CLK (sg13g2_dfrbpq_1)
     4    0.013124    0.080899    0.278948    0.278948 v _245_/Q (sg13g2_dfrbpq_1)
                                                         data_word[3] (net)
                      0.080899    0.000000    0.278948 v _122_/A0 (sg13g2_mux2_1)
     1    0.001355    0.049603    0.178181    0.457129 v _122_/X (sg13g2_mux2_1)
                                                         _039_ (net)
                      0.049603    0.000000    0.457129 v _245_/D (sg13g2_dfrbpq_1)
                                              0.457129   data arrival time

                      0.000000   10.000000   10.000000   clock sclk (rise edge)
                                  0.000000   10.000000   clock network delay (ideal)
                                  0.000000   10.000000   clock reconvergence pessimism
                                             10.000000 ^ _245_/CLK (sg13g2_dfrbpq_1)
                                 -0.198928    9.801072   library setup time
                                              9.801072   data required time
---------------------------------------------------------------------------------------------
                                              9.801072   data required time
                                             -0.457129   data arrival time
---------------------------------------------------------------------------------------------
                                              9.343944   slack (MET)


Startpoint: _246_ (rising edge-triggered flip-flop clocked by sclk)
Endpoint: _246_ (rising edge-triggered flip-flop clocked by sclk)
Path Group: sclk
Path Type: max

Fanout         Cap        Slew       Delay        Time   Description
---------------------------------------------------------------------------------------------
                      0.000000    0.000000    0.000000   clock sclk (rise edge)
                                  0.000000    0.000000   clock network delay (ideal)
                      0.000000    0.000000    0.000000 ^ _246_/CLK (sg13g2_dfrbpq_1)
     4    0.013124    0.080899    0.278948    0.278948 v _246_/Q (sg13g2_dfrbpq_1)
                                                         data_word[4] (net)
                      0.080899    0.000000    0.278948 v _121_/A0 (sg13g2_mux2_1)
     1    0.001355    0.049616    0.178181    0.457129 v _121_/X (sg13g2_mux2_1)
                                                         _040_ (net)
                      0.049616    0.000000    0.457129 v _246_/D (sg13g2_dfrbpq_1)
                                              0.457129   data arrival time

                      0.000000   10.000000   10.000000   clock sclk (rise edge)
                                  0.000000   10.000000   clock network delay (ideal)
                                  0.000000   10.000000   clock reconvergence pessimism
                                             10.000000 ^ _246_/CLK (sg13g2_dfrbpq_1)
                                 -0.198934    9.801067   library setup time
                                              9.801067   data required time
---------------------------------------------------------------------------------------------
                                              9.801067   data required time
                                             -0.457129   data arrival time
---------------------------------------------------------------------------------------------
                                              9.343938   slack (MET)


Startpoint: _247_ (rising edge-triggered flip-flop clocked by sclk)
Endpoint: _247_ (rising edge-triggered flip-flop clocked by sclk)
Path Group: sclk
Path Type: max

Fanout         Cap        Slew       Delay        Time   Description
---------------------------------------------------------------------------------------------
                      0.000000    0.000000    0.000000   clock sclk (rise edge)
                                  0.000000    0.000000   clock network delay (ideal)
                      0.000000    0.000000    0.000000 ^ _247_/CLK (sg13g2_dfrbpq_1)
     4    0.013124    0.080899    0.278948    0.278948 v _247_/Q (sg13g2_dfrbpq_1)
                                                         data_word[5] (net)
                      0.080899    0.000000    0.278948 v _120_/A0 (sg13g2_mux2_1)
     1    0.001355    0.049616    0.178181    0.457129 v _120_/X (sg13g2_mux2_1)
                                                         _041_ (net)
                      0.049616    0.000000    0.457129 v _247_/D (sg13g2_dfrbpq_1)
                                              0.457129   data arrival time

                      0.000000   10.000000   10.000000   clock sclk (rise edge)
                                  0.000000   10.000000   clock network delay (ideal)
                                  0.000000   10.000000   clock reconvergence pessimism
                                             10.000000 ^ _247_/CLK (sg13g2_dfrbpq_1)
                                 -0.198934    9.801067   library setup time
                                              9.801067   data required time
---------------------------------------------------------------------------------------------
                                              9.801067   data required time
                                             -0.457129   data arrival time
---------------------------------------------------------------------------------------------
                                              9.343938   slack (MET)


Startpoint: _248_ (rising edge-triggered flip-flop clocked by sclk)
Endpoint: _248_ (rising edge-triggered flip-flop clocked by sclk)
Path Group: sclk
Path Type: max

Fanout         Cap        Slew       Delay        Time   Description
---------------------------------------------------------------------------------------------
                      0.000000    0.000000    0.000000   clock sclk (rise edge)
                                  0.000000    0.000000   clock network delay (ideal)
                      0.000000    0.000000    0.000000 ^ _248_/CLK (sg13g2_dfrbpq_1)
     4    0.013124    0.080899    0.278948    0.278948 v _248_/Q (sg13g2_dfrbpq_1)
                                                         data_word[6] (net)
                      0.080899    0.000000    0.278948 v _119_/A0 (sg13g2_mux2_1)
     1    0.001355    0.049616    0.178181    0.457129 v _119_/X (sg13g2_mux2_1)
                                                         _042_ (net)
                      0.049616    0.000000    0.457129 v _248_/D (sg13g2_dfrbpq_1)
                                              0.457129   data arrival time

                      0.000000   10.000000   10.000000   clock sclk (rise edge)
                                  0.000000   10.000000   clock network delay (ideal)
                                  0.000000   10.000000   clock reconvergence pessimism
                                             10.000000 ^ _248_/CLK (sg13g2_dfrbpq_1)
                                 -0.198934    9.801067   library setup time
                                              9.801067   data required time
---------------------------------------------------------------------------------------------
                                              9.801067   data required time
                                             -0.457129   data arrival time
---------------------------------------------------------------------------------------------
                                              9.343938   slack (MET)


Startpoint: _242_ (rising edge-triggered flip-flop clocked by sclk)
Endpoint: _242_ (rising edge-triggered flip-flop clocked by sclk)
Path Group: sclk
Path Type: max

Fanout         Cap        Slew       Delay        Time   Description
---------------------------------------------------------------------------------------------
                      0.000000    0.000000    0.000000   clock sclk (rise edge)
                                  0.000000    0.000000   clock network delay (ideal)
                      0.000000    0.000000    0.000000 ^ _242_/CLK (sg13g2_dfrbpq_1)
     4    0.013121    0.080887    0.278938    0.278938 v _242_/Q (sg13g2_dfrbpq_1)
                                                         data_word[0] (net)
                      0.080887    0.000000    0.278938 v _125_/A0 (sg13g2_mux2_1)
     1    0.001355    0.049357    0.178176    0.457114 v _125_/X (sg13g2_mux2_1)
                                                         _036_ (net)
                      0.049357    0.000000    0.457114 v _242_/D (sg13g2_dfrbpq_1)
                                              0.457114   data arrival time

                      0.000000   10.000000   10.000000   clock sclk (rise edge)
                                  0.000000   10.000000   clock network delay (ideal)
                                  0.000000   10.000000   clock reconvergence pessimism
                                             10.000000 ^ _242_/CLK (sg13g2_dfrbpq_1)
                                 -0.198817    9.801184   library setup time
                                              9.801184   data required time
---------------------------------------------------------------------------------------------
                                              9.801184   data required time
                                             -0.457114   data arrival time
---------------------------------------------------------------------------------------------
                                              9.344069   slack (MET)


Startpoint: _248_ (rising edge-triggered flip-flop clocked by sclk)
Endpoint: _249_ (rising edge-triggered flip-flop clocked by sclk)
Path Group: sclk
Path Type: max

Fanout         Cap        Slew       Delay        Time   Description
---------------------------------------------------------------------------------------------
                      0.000000    0.000000    0.000000   clock sclk (rise edge)
                                  0.000000    0.000000   clock network delay (ideal)
                      0.000000    0.000000    0.000000 ^ _248_/CLK (sg13g2_dfrbpq_1)
     4    0.013124    0.080899    0.278948    0.278948 v _248_/Q (sg13g2_dfrbpq_1)
                                                         data_word[6] (net)
                      0.080899    0.000000    0.278948 v _118_/A1 (sg13g2_mux2_1)
     1    0.001355    0.049616    0.178047    0.456995 v _118_/X (sg13g2_mux2_1)
                                                         _043_ (net)
                      0.049616    0.000000    0.456995 v _249_/D (sg13g2_dfrbpq_1)
                                              0.456995   data arrival time

                      0.000000   10.000000   10.000000   clock sclk (rise edge)
                                  0.000000   10.000000   clock network delay (ideal)
                                  0.000000   10.000000   clock reconvergence pessimism
                                             10.000000 ^ _249_/CLK (sg13g2_dfrbpq_1)
                                 -0.198934    9.801067   library setup time
                                              9.801067   data required time
---------------------------------------------------------------------------------------------
                                              9.801067   data required time
                                             -0.456995   data arrival time
---------------------------------------------------------------------------------------------
                                              9.344071   slack (MET)


Startpoint: _242_ (rising edge-triggered flip-flop clocked by sclk)
Endpoint: _243_ (rising edge-triggered flip-flop clocked by sclk)
Path Group: sclk
Path Type: max

Fanout         Cap        Slew       Delay        Time   Description
---------------------------------------------------------------------------------------------
                      0.000000    0.000000    0.000000   clock sclk (rise edge)
                                  0.000000    0.000000   clock network delay (ideal)
                      0.000000    0.000000    0.000000 ^ _242_/CLK (sg13g2_dfrbpq_1)
     4    0.013121    0.080887    0.278938    0.278938 v _242_/Q (sg13g2_dfrbpq_1)
                                                         data_word[0] (net)
                      0.080887    0.000000    0.278938 v _124_/A1 (sg13g2_mux2_1)
     1    0.001355    0.049616    0.178042    0.456980 v _124_/X (sg13g2_mux2_1)
                                                         _037_ (net)
                      0.049616    0.000000    0.456980 v _243_/D (sg13g2_dfrbpq_1)
                                              0.456980   data arrival time

                      0.000000   10.000000   10.000000   clock sclk (rise edge)
                                  0.000000   10.000000   clock network delay (ideal)
                                  0.000000   10.000000   clock reconvergence pessimism
                                             10.000000 ^ _243_/CLK (sg13g2_dfrbpq_1)
                                 -0.198934    9.801067   library setup time
                                              9.801067   data required time
---------------------------------------------------------------------------------------------
                                              9.801067   data required time
                                             -0.456980   data arrival time
---------------------------------------------------------------------------------------------
                                              9.344087   slack (MET)


Startpoint: _244_ (rising edge-triggered flip-flop clocked by sclk)
Endpoint: _244_ (rising edge-triggered flip-flop clocked by sclk)
Path Group: sclk
Path Type: max

Fanout         Cap        Slew       Delay        Time   Description
---------------------------------------------------------------------------------------------
                      0.000000    0.000000    0.000000   clock sclk (rise edge)
                                  0.000000    0.000000   clock network delay (ideal)
                      0.000000    0.000000    0.000000 ^ _244_/CLK (sg13g2_dfrbpq_1)
     4    0.012824    0.079475    0.277742    0.277742 v _244_/Q (sg13g2_dfrbpq_1)
                                                         data_word[2] (net)
                      0.079475    0.000000    0.277742 v _123_/A0 (sg13g2_mux2_1)
     1    0.001355    0.049603    0.177590    0.455332 v _123_/X (sg13g2_mux2_1)
                                                         _038_ (net)
                      0.049603    0.000000    0.455332 v _244_/D (sg13g2_dfrbpq_1)
                                              0.455332   data arrival time

                      0.000000   10.000000   10.000000   clock sclk (rise edge)
                                  0.000000   10.000000   clock network delay (ideal)
                                  0.000000   10.000000   clock reconvergence pessimism
                                             10.000000 ^ _244_/CLK (sg13g2_dfrbpq_1)
                                 -0.198928    9.801072   library setup time
                                              9.801072   data required time
---------------------------------------------------------------------------------------------
                                              9.801072   data required time
                                             -0.455332   data arrival time
---------------------------------------------------------------------------------------------
                                              9.345740   slack (MET)


Startpoint: _249_ (rising edge-triggered flip-flop clocked by sclk)
Endpoint: _250_ (rising edge-triggered flip-flop clocked by sclk)
Path Group: sclk
Path Type: max

Fanout         Cap        Slew       Delay        Time   Description
---------------------------------------------------------------------------------------------
                      0.000000    0.000000    0.000000   clock sclk (rise edge)
                                  0.000000    0.000000   clock network delay (ideal)
                      0.000000    0.000000    0.000000 ^ _249_/CLK (sg13g2_dfrbpq_1)
     4    0.012464    0.077769    0.276298    0.276298 v _249_/Q (sg13g2_dfrbpq_1)
                                                         data_word[7] (net)
                      0.077769    0.000000    0.276298 v _117_/A1 (sg13g2_mux2_1)
     1    0.001355    0.049587    0.176750    0.453048 v _117_/X (sg13g2_mux2_1)
                                                         _044_ (net)
                      0.049587    0.000000    0.453048 v _250_/D (sg13g2_dfrbpq_1)
                                              0.453048   data arrival time

                      0.000000   10.000000   10.000000   clock sclk (rise edge)
                                  0.000000   10.000000   clock network delay (ideal)
                                  0.000000   10.000000   clock reconvergence pessimism
                                             10.000000 ^ _250_/CLK (sg13g2_dfrbpq_1)
                                 -0.198921    9.801080   library setup time
                                              9.801080   data required time
---------------------------------------------------------------------------------------------
                                              9.801080   data required time
                                             -0.453048   data arrival time
---------------------------------------------------------------------------------------------
                                              9.348031   slack (MET)



