# Logfile created on 2026-03-23 07:24:26 +0100 by logger.rb/v1.5.3
2026-03-23 07:24:26 +0100: Memory Usage (434960K) : Starting running IHP-SG13G2 KLayout DRC runset on /foss/designs/IHP-AnalogAcademy/modules/module_1_bandgap_reference/part_3_layout/BGR_layout/final_bandgapreference/full_bandgap_layout.gds
2026-03-23 07:24:26 +0100: Memory Usage (434960K) : Ruby Version for klayout: 3.2.3
2026-03-23 07:24:26 +0100: Memory Usage (436112K) : Loading database to memory is complete.
2026-03-23 07:24:26 +0100: Memory Usage (436112K) : IHP-SG13G2 KLayout DRC runset output at: /foss/designs/IHP-AnalogAcademy/modules/module_1_bandgap_reference/part_3_layout/BGR_layout/final_bandgapreference/drc_run_complete_schematic_pads/full_bandgap_layout_complete_schematic_pads_main.lyrdb
2026-03-23 07:24:26 +0100: Memory Usage (436240K) : Evaluate switches.
2026-03-23 07:24:26 +0100: Memory Usage (436240K) : tables selected: main
2026-03-23 07:24:26 +0100: Memory Usage (436240K) : KLayout will use 1 thread(s) in tiling mode.
2026-03-23 07:24:26 +0100: Memory Usage (436240K) : deep mode is enabled.
2026-03-23 07:24:26 +0100: Memory Usage (436240K) : FEOL enabled: true
2026-03-23 07:24:26 +0100: Memory Usage (436240K) : BEOL enabled: true
2026-03-23 07:24:26 +0100: Memory Usage (436240K) : OFFGRID enabled: true
2026-03-23 07:24:26 +0100: Memory Usage (436240K) : PIN enabled: true
2026-03-23 07:24:26 +0100: Memory Usage (436240K) : FORBIDDEN enabled: true
2026-03-23 07:24:26 +0100: Memory Usage (436240K) : RECOMMENDED enabled: true
2026-03-23 07:24:26 +0100: Memory Usage (436240K) : PreCheck DRC enabled: false
2026-03-23 07:24:26 +0100: Memory Usage (436240K) : CONNECTIVITY_RULES enabled: true.
2026-03-23 07:24:26 +0100: Memory Usage (436240K) : Read in polygons from layers.
2026-03-23 07:24:26 +0100: Memory Usage (437392K) : activ_drw has 60 polygons
2026-03-23 07:24:26 +0100: Memory Usage (437392K) : activ_pin has 0 polygons
2026-03-23 07:24:26 +0100: Memory Usage (437392K) : activ_mask has 0 polygons
2026-03-23 07:24:26 +0100: Memory Usage (437392K) : activ_filler has 0 polygons
2026-03-23 07:24:26 +0100: Memory Usage (437392K) : activ_nofill has 0 polygons
2026-03-23 07:24:26 +0100: Memory Usage (437392K) : activ_opc has 0 polygons
2026-03-23 07:24:26 +0100: Memory Usage (437392K) : activ_iopc has 0 polygons
2026-03-23 07:24:26 +0100: Memory Usage (437392K) : activ_noqrc has 0 polygons
2026-03-23 07:24:26 +0100: Memory Usage (437392K) : biwind_drw has 0 polygons
2026-03-23 07:24:26 +0100: Memory Usage (437392K) : biwind_opc has 0 polygons
2026-03-23 07:24:26 +0100: Memory Usage (437392K) : pemwind_drw has 0 polygons
2026-03-23 07:24:26 +0100: Memory Usage (437392K) : gatpoly_drw has 86 polygons
2026-03-23 07:24:26 +0100: Memory Usage (437392K) : gatpoly_pin has 48 polygons
2026-03-23 07:24:26 +0100: Memory Usage (437392K) : gatpoly_filler has 0 polygons
2026-03-23 07:24:26 +0100: Memory Usage (437392K) : gatpoly_nofill has 0 polygons
2026-03-23 07:24:26 +0100: Memory Usage (437392K) : gatpoly_opc has 0 polygons
2026-03-23 07:24:26 +0100: Memory Usage (437392K) : gatpoly_iopc has 0 polygons
2026-03-23 07:24:26 +0100: Memory Usage (437392K) : gatpoly_noqrc has 0 polygons
2026-03-23 07:24:26 +0100: Memory Usage (437520K) : cont_drw has 5074 polygons
2026-03-23 07:24:26 +0100: Memory Usage (437648K) : cont_opc has 0 polygons
2026-03-23 07:24:26 +0100: Memory Usage (437776K) : nsd_drw has 0 polygons
2026-03-23 07:24:26 +0100: Memory Usage (437776K) : nsd_block has 0 polygons
2026-03-23 07:24:26 +0100: Memory Usage (438032K) : metal1_drw has 249 polygons
2026-03-23 07:24:26 +0100: Memory Usage (438160K) : metal1_pin has 97 polygons
2026-03-23 07:24:26 +0100: Memory Usage (438160K) : metal1_mask has 0 polygons
2026-03-23 07:24:26 +0100: Memory Usage (438288K) : metal1_filler has 0 polygons
2026-03-23 07:24:26 +0100: Memory Usage (438288K) : metal1_nofill has 0 polygons
2026-03-23 07:24:26 +0100: Memory Usage (438416K) : metal1_slit has 0 polygons
2026-03-23 07:24:26 +0100: Memory Usage (438672K) : metal1_text has 1 polygons
2026-03-23 07:24:26 +0100: Memory Usage (438800K) : metal1_opc has 0 polygons
2026-03-23 07:24:26 +0100: Memory Usage (438800K) : metal1_noqrc has 0 polygons
2026-03-23 07:24:26 +0100: Memory Usage (438800K) : metal1_res has 0 polygons
2026-03-23 07:24:26 +0100: Memory Usage (438928K) : metal1_iprobe has 0 polygons
2026-03-23 07:24:26 +0100: Memory Usage (438928K) : metal1_diffprb has 0 polygons
2026-03-23 07:24:26 +0100: Memory Usage (439056K) : passiv_drw has 0 polygons
2026-03-23 07:24:26 +0100: Memory Usage (439056K) : passiv_pin has 0 polygons
2026-03-23 07:24:26 +0100: Memory Usage (439184K) : passiv_sbump has 0 polygons
2026-03-23 07:24:26 +0100: Memory Usage (439184K) : passiv_pillar has 0 polygons
2026-03-23 07:24:26 +0100: Memory Usage (439184K) : passiv_pdl has 0 polygons
2026-03-23 07:24:26 +0100: Memory Usage (439312K) : metal2_drw has 114 polygons
2026-03-23 07:24:26 +0100: Memory Usage (439312K) : metal2_pin has 0 polygons
2026-03-23 07:24:26 +0100: Memory Usage (439440K) : metal2_mask has 0 polygons
2026-03-23 07:24:26 +0100: Memory Usage (439440K) : metal2_filler has 0 polygons
2026-03-23 07:24:26 +0100: Memory Usage (439568K) : metal2_nofill has 0 polygons
2026-03-23 07:24:26 +0100: Memory Usage (439568K) : metal2_slit has 0 polygons
2026-03-23 07:24:26 +0100: Memory Usage (439696K) : metal2_text has 0 polygons
2026-03-23 07:24:26 +0100: Memory Usage (439696K) : metal2_opc has 0 polygons
2026-03-23 07:24:26 +0100: Memory Usage (439696K) : metal2_noqrc has 0 polygons
2026-03-23 07:24:26 +0100: Memory Usage (439824K) : metal2_res has 0 polygons
2026-03-23 07:24:26 +0100: Memory Usage (439952K) : metal2_iprobe has 0 polygons
2026-03-23 07:24:26 +0100: Memory Usage (439952K) : metal2_diffprb has 0 polygons
2026-03-23 07:24:26 +0100: Memory Usage (439952K) : baspoly_drw has 0 polygons
2026-03-23 07:24:26 +0100: Memory Usage (440080K) : baspoly_pin has 0 polygons
2026-03-23 07:24:26 +0100: Memory Usage (440080K) : psd_drw has 44 polygons
2026-03-23 07:24:26 +0100: Memory Usage (440208K) : nldb_drw has 0 polygons
2026-03-23 07:24:26 +0100: Memory Usage (440208K) : digibnd_drw has 0 polygons
2026-03-23 07:24:26 +0100: Memory Usage (440336K) : via1_drw has 2902 polygons
2026-03-23 07:24:26 +0100: Memory Usage (440464K) : backmetal1_drw has 0 polygons
2026-03-23 07:24:26 +0100: Memory Usage (440464K) : backmetal1_pin has 0 polygons
2026-03-23 07:24:26 +0100: Memory Usage (440464K) : backmetal1_mask has 0 polygons
2026-03-23 07:24:26 +0100: Memory Usage (440592K) : backmetal1_filler has 0 polygons
2026-03-23 07:24:26 +0100: Memory Usage (440592K) : backmetal1_nofill has 0 polygons
2026-03-23 07:24:26 +0100: Memory Usage (440720K) : backmetal1_slit has 0 polygons
2026-03-23 07:24:26 +0100: Memory Usage (440720K) : backmetal1_text has 0 polygons
2026-03-23 07:24:26 +0100: Memory Usage (440848K) : backmetal1_opc has 0 polygons
2026-03-23 07:24:26 +0100: Memory Usage (440848K) : backmetal1_noqrc has 0 polygons
2026-03-23 07:24:26 +0100: Memory Usage (440848K) : backmetal1_res has 0 polygons
2026-03-23 07:24:26 +0100: Memory Usage (440976K) : backmetal1_iprobe has 0 polygons
2026-03-23 07:24:26 +0100: Memory Usage (440976K) : backmetal1_diffprb has 0 polygons
2026-03-23 07:24:26 +0100: Memory Usage (441104K) : backpassiv_drw has 0 polygons
2026-03-23 07:24:26 +0100: Memory Usage (441104K) : res_drw has 0 polygons
2026-03-23 07:24:26 +0100: Memory Usage (441232K) : sram_drw has 0 polygons
2026-03-23 07:24:26 +0100: Memory Usage (441232K) : trans_drw has 0 polygons
2026-03-23 07:24:26 +0100: Memory Usage (441232K) : ind_drw has 0 polygons
2026-03-23 07:24:26 +0100: Memory Usage (441360K) : ind_pin has 0 polygons
2026-03-23 07:24:26 +0100: Memory Usage (441488K) : ind_text has 0 polygons
2026-03-23 07:24:26 +0100: Memory Usage (441488K) : salblock_drw has 17 polygons
2026-03-23 07:24:26 +0100: Memory Usage (441616K) : via2_drw has 1825 polygons
2026-03-23 07:24:26 +0100: Memory Usage (441616K) : metal3_drw has 113 polygons
2026-03-23 07:24:26 +0100: Memory Usage (441744K) : metal3_pin has 0 polygons
2026-03-23 07:24:26 +0100: Memory Usage (441872K) : metal3_mask has 0 polygons
2026-03-23 07:24:26 +0100: Memory Usage (441872K) : metal3_filler has 0 polygons
2026-03-23 07:24:26 +0100: Memory Usage (442000K) : metal3_nofill has 0 polygons
2026-03-23 07:24:26 +0100: Memory Usage (442000K) : metal3_slit has 0 polygons
2026-03-23 07:24:26 +0100: Memory Usage (442000K) : metal3_text has 0 polygons
2026-03-23 07:24:26 +0100: Memory Usage (442128K) : metal3_opc has 0 polygons
2026-03-23 07:24:26 +0100: Memory Usage (442128K) : metal3_noqrc has 0 polygons
2026-03-23 07:24:26 +0100: Memory Usage (442256K) : metal3_res has 0 polygons
2026-03-23 07:24:26 +0100: Memory Usage (442256K) : metal3_iprobe has 0 polygons
2026-03-23 07:24:26 +0100: Memory Usage (442384K) : metal3_diffprb has 0 polygons
2026-03-23 07:24:26 +0100: Memory Usage (442384K) : nwell_drw has 6 polygons
2026-03-23 07:24:26 +0100: Memory Usage (442512K) : nwell_pin has 0 polygons
2026-03-23 07:24:26 +0100: Memory Usage (442512K) : nbulay_drw has 16 polygons
2026-03-23 07:24:26 +0100: Memory Usage (442640K) : nbulay_pin has 0 polygons
2026-03-23 07:24:26 +0100: Memory Usage (442640K) : nbulay_block has 0 polygons
2026-03-23 07:24:26 +0100: Memory Usage (442768K) : emwind_drw has 0 polygons
2026-03-23 07:24:26 +0100: Memory Usage (442896K) : emwind_opc has 0 polygons
2026-03-23 07:24:26 +0100: Memory Usage (442896K) : deepco_drw has 0 polygons
2026-03-23 07:24:26 +0100: Memory Usage (442896K) : deepco_drw has 0 polygons
2026-03-23 07:24:26 +0100: Memory Usage (443024K) : mim_drw has 17 polygons
2026-03-23 07:24:26 +0100: Memory Usage (443152K) : edgeseal_drw has 0 polygons
2026-03-23 07:24:26 +0100: Memory Usage (443152K) : edgeseal_bound has 0 polygons
2026-03-23 07:24:26 +0100: Memory Usage (443280K) : substrate_drw has 49 polygons
2026-03-23 07:24:26 +0100: Memory Usage (443280K) : substrate_text has 0 polygons
2026-03-23 07:24:26 +0100: Memory Usage (443408K) : dfpad_drw has 0 polygons
2026-03-23 07:24:26 +0100: Memory Usage (443408K) : dfpad_pillar has 0 polygons
2026-03-23 07:24:26 +0100: Memory Usage (443408K) : dfpad_sbump has 0 polygons
2026-03-23 07:24:26 +0100: Memory Usage (443536K) : thickgateox_drw has 0 polygons
2026-03-23 07:24:26 +0100: Memory Usage (443536K) : pldb_drw has 0 polygons
2026-03-23 07:24:26 +0100: Memory Usage (443664K) : pwell_drw has 0 polygons
2026-03-23 07:24:26 +0100: Memory Usage (443664K) : pwell_pin has 0 polygons
2026-03-23 07:24:26 +0100: Memory Usage (443792K) : pwell_block has 0 polygons
2026-03-23 07:24:26 +0100: Memory Usage (443792K) : ic_drw has 0 polygons
2026-03-23 07:24:26 +0100: Memory Usage (443792K) : via3_drw has 2250 polygons
2026-03-23 07:24:26 +0100: Memory Usage (444048K) : metal4_drw has 55 polygons
2026-03-23 07:24:26 +0100: Memory Usage (444048K) : metal4_pin has 0 polygons
2026-03-23 07:24:26 +0100: Memory Usage (444176K) : metal4_mask has 0 polygons
2026-03-23 07:24:26 +0100: Memory Usage (444176K) : metal4_filler has 0 polygons
2026-03-23 07:24:26 +0100: Memory Usage (444304K) : metal4_nofill has 0 polygons
2026-03-23 07:24:26 +0100: Memory Usage (444304K) : metal4_slit has 0 polygons
2026-03-23 07:24:26 +0100: Memory Usage (444304K) : metal4_text has 0 polygons
2026-03-23 07:24:26 +0100: Memory Usage (444432K) : metal4_opc has 0 polygons
2026-03-23 07:24:26 +0100: Memory Usage (444432K) : metal4_noqrc has 0 polygons
2026-03-23 07:24:26 +0100: Memory Usage (444560K) : metal4_res has 0 polygons
2026-03-23 07:24:26 +0100: Memory Usage (444560K) : metal4_iprobe has 0 polygons
2026-03-23 07:24:26 +0100: Memory Usage (444688K) : metal4_diffprb has 0 polygons
2026-03-23 07:24:26 +0100: Memory Usage (444688K) : heattrans_drw has 83 polygons
2026-03-23 07:24:26 +0100: Memory Usage (444816K) : heatres_drw has 17 polygons
2026-03-23 07:24:26 +0100: Memory Usage (444816K) : pempoly_drw has 0 polygons
2026-03-23 07:24:26 +0100: Memory Usage (444944K) : fbe_drw has 0 polygons
2026-03-23 07:24:26 +0100: Memory Usage (444944K) : empoly_drw has 0 polygons
2026-03-23 07:24:26 +0100: Memory Usage (445072K) : ldmos_drw has 0 polygons
2026-03-23 07:24:26 +0100: Memory Usage (445200K) : pbiwind_drw has 0 polygons
2026-03-23 07:24:26 +0100: Memory Usage (445200K) : digisub_drw has 0 polygons
2026-03-23 07:24:26 +0100: Memory Usage (445328K) : nodrc_drw has 0 polygons
2026-03-23 07:24:26 +0100: Memory Usage (445328K) : text_drw has 114 polygons
2026-03-23 07:24:26 +0100: Memory Usage (445328K) : via4_drw has 1519 polygons
2026-03-23 07:24:26 +0100: Memory Usage (445456K) : metal5_drw has 56 polygons
2026-03-23 07:24:26 +0100: Memory Usage (445584K) : metal5_pin has 17 polygons
2026-03-23 07:24:26 +0100: Memory Usage (445584K) : metal5_mask has 0 polygons
2026-03-23 07:24:26 +0100: Memory Usage (445584K) : metal5_filler has 0 polygons
2026-03-23 07:24:26 +0100: Memory Usage (445712K) : metal5_nofill has 0 polygons
2026-03-23 07:24:26 +0100: Memory Usage (445712K) : metal5_slit has 0 polygons
2026-03-23 07:24:26 +0100: Memory Usage (445840K) : metal5_text has 0 polygons
2026-03-23 07:24:26 +0100: Memory Usage (445840K) : metal5_opc has 0 polygons
2026-03-23 07:24:26 +0100: Memory Usage (445968K) : metal5_noqrc has 0 polygons
2026-03-23 07:24:26 +0100: Memory Usage (445968K) : metal5_res has 0 polygons
2026-03-23 07:24:26 +0100: Memory Usage (445968K) : metal5_iprobe has 0 polygons
2026-03-23 07:24:26 +0100: Memory Usage (446096K) : metal5_diffprb has 0 polygons
2026-03-23 07:24:26 +0100: Memory Usage (446096K) : radhard_drw has 0 polygons
2026-03-23 07:24:26 +0100: Memory Usage (446224K) : memcap_drw has 0 polygons
2026-03-23 07:24:26 +0100: Memory Usage (446224K) : varicap_drw has 0 polygons
2026-03-23 07:24:26 +0100: Memory Usage (446352K) : flash_drw has 0 polygons
2026-03-23 07:24:26 +0100: Memory Usage (446352K) : intbondvia_drw has 0 polygons
2026-03-23 07:24:26 +0100: Memory Usage (446480K) : intbondmet_drw has 0 polygons
2026-03-23 07:24:26 +0100: Memory Usage (446480K) : devbondvia_drw has 0 polygons
2026-03-23 07:24:26 +0100: Memory Usage (446608K) : devbondmet_drw has 0 polygons
2026-03-23 07:24:26 +0100: Memory Usage (446608K) : devtrench_drw has 0 polygons
2026-03-23 07:24:26 +0100: Memory Usage (446608K) : redist_drw has 0 polygons
2026-03-23 07:24:26 +0100: Memory Usage (446736K) : graphbot_drw has 0 polygons
2026-03-23 07:24:26 +0100: Memory Usage (446736K) : graphtop_drw has 0 polygons
2026-03-23 07:24:26 +0100: Memory Usage (446864K) : antvia1_drw has 0 polygons
2026-03-23 07:24:26 +0100: Memory Usage (446864K) : antmetal2_drw has 0 polygons
2026-03-23 07:24:26 +0100: Memory Usage (446992K) : graphcont_drw has 0 polygons
2026-03-23 07:24:26 +0100: Memory Usage (446992K) : siwg_drw has 0 polygons
2026-03-23 07:24:26 +0100: Memory Usage (446992K) : siwg_filler has 0 polygons
2026-03-23 07:24:26 +0100: Memory Usage (447120K) : siwg_nofill has 0 polygons
2026-03-23 07:24:26 +0100: Memory Usage (447120K) : sigrating_drw has 0 polygons
2026-03-23 07:24:27 +0100: Memory Usage (447248K) : singrating_drw has 0 polygons
2026-03-23 07:24:27 +0100: Memory Usage (447376K) : graphpas_drw has 0 polygons
2026-03-23 07:24:27 +0100: Memory Usage (447376K) : emwind3_drw has 0 polygons
2026-03-23 07:24:27 +0100: Memory Usage (447376K) : emwihv3_drw has 0 polygons
2026-03-23 07:24:27 +0100: Memory Usage (447504K) : redbulay_drw has 0 polygons
2026-03-23 07:24:27 +0100: Memory Usage (447504K) : smos_drw has 0 polygons
2026-03-23 07:24:27 +0100: Memory Usage (447632K) : graphpad_drw has 0 polygons
2026-03-23 07:24:27 +0100: Memory Usage (447632K) : polimide_drw has 0 polygons
2026-03-23 07:24:27 +0100: Memory Usage (447760K) : polimide_pin has 0 polygons
2026-03-23 07:24:27 +0100: Memory Usage (447888K) : recog_drw has 0 polygons
2026-03-23 07:24:27 +0100: Memory Usage (447888K) : recog_pin has 0 polygons
2026-03-23 07:24:27 +0100: Memory Usage (447888K) : recog_esd has 0 polygons
2026-03-23 07:24:27 +0100: Memory Usage (448016K) : recog_diode has 0 polygons
2026-03-23 07:24:27 +0100: Memory Usage (448016K) : recog_tsv has 0 polygons
2026-03-23 07:24:27 +0100: Memory Usage (448144K) : recog_iprobe has 0 polygons
2026-03-23 07:24:27 +0100: Memory Usage (448144K) : recog_diffprb has 0 polygons
2026-03-23 07:24:27 +0100: Memory Usage (448272K) : recog_pillar has 0 polygons
2026-03-23 07:24:27 +0100: Memory Usage (448272K) : recog_sbump has 0 polygons
2026-03-23 07:24:27 +0100: Memory Usage (448400K) : recog_otp has 0 polygons
2026-03-23 07:24:27 +0100: Memory Usage (448400K) : recog_pdiode has 0 polygons
2026-03-23 07:24:27 +0100: Memory Usage (448400K) : recog_mom has 0 polygons
2026-03-23 07:24:27 +0100: Memory Usage (448528K) : recog_pcm has 0 polygons
2026-03-23 07:24:27 +0100: Memory Usage (448528K) : colopen_drw has 0 polygons
2026-03-23 07:24:27 +0100: Memory Usage (448528K) : graphmetal1_drw has 0 polygons
2026-03-23 07:24:27 +0100: Memory Usage (448528K) : graphmetal1_filler has 0 polygons
2026-03-23 07:24:27 +0100: Memory Usage (448656K) : graphmetal1_nofill has 0 polygons
2026-03-23 07:24:27 +0100: Memory Usage (448656K) : graphmetal1_slit has 0 polygons
2026-03-23 07:24:27 +0100: Memory Usage (448656K) : graphmetal1_opc has 0 polygons
2026-03-23 07:24:27 +0100: Memory Usage (448784K) : graphmet1l_drw has 0 polygons
2026-03-23 07:24:27 +0100: Memory Usage (448784K) : graphmet1l_filler has 0 polygons
2026-03-23 07:24:27 +0100: Memory Usage (448784K) : graphmet1l_nofill has 0 polygons
2026-03-23 07:24:27 +0100: Memory Usage (448912K) : graphmet1l_slit has 0 polygons
2026-03-23 07:24:27 +0100: Memory Usage (448912K) : graphmet1l_opc has 0 polygons
2026-03-23 07:24:27 +0100: Memory Usage (448912K) : extblock_drw has 17 polygons
2026-03-23 07:24:27 +0100: Memory Usage (448912K) : nldd_drw has 0 polygons
2026-03-23 07:24:27 +0100: Memory Usage (449040K) : pldd_drw has 0 polygons
2026-03-23 07:24:27 +0100: Memory Usage (449040K) : next_drw has 0 polygons
2026-03-23 07:24:27 +0100: Memory Usage (449168K) : pext_drw has 0 polygons
2026-03-23 07:24:27 +0100: Memory Usage (449168K) : nexthv_drw has 0 polygons
2026-03-23 07:24:27 +0100: Memory Usage (449168K) : pexthv_drw has 0 polygons
2026-03-23 07:24:27 +0100: Memory Usage (449296K) : graphgate_drw has 0 polygons
2026-03-23 07:24:27 +0100: Memory Usage (449296K) : sinwg_drw has 0 polygons
2026-03-23 07:24:27 +0100: Memory Usage (449424K) : sinwg_filler has 0 polygons
2026-03-23 07:24:27 +0100: Memory Usage (449424K) : sinwg_nofill has 0 polygons
2026-03-23 07:24:27 +0100: Memory Usage (449424K) : mempad_drw has 0 polygons
2026-03-23 07:24:27 +0100: Memory Usage (449552K) : topvia1_drw has 814 polygons
2026-03-23 07:24:27 +0100: Memory Usage (449552K) : topmetal1_drw has 2 polygons
2026-03-23 07:24:27 +0100: Memory Usage (449680K) : topmetal1_pin has 17 polygons
2026-03-23 07:24:27 +0100: Memory Usage (449680K) : topmetal1_mask has 0 polygons
2026-03-23 07:24:27 +0100: Memory Usage (449808K) : topmetal1_filler has 0 polygons
2026-03-23 07:24:27 +0100: Memory Usage (449808K) : topmetal1_nofill has 0 polygons
2026-03-23 07:24:27 +0100: Memory Usage (449936K) : topmetal1_slit has 0 polygons
2026-03-23 07:24:27 +0100: Memory Usage (449936K) : topmetal1_text has 0 polygons
2026-03-23 07:24:27 +0100: Memory Usage (449936K) : topmetal1_noqrc has 0 polygons
2026-03-23 07:24:27 +0100: Memory Usage (449936K) : topmetal1_res has 0 polygons
2026-03-23 07:24:27 +0100: Memory Usage (450064K) : topmetal1_iprobe has 0 polygons
2026-03-23 07:24:27 +0100: Memory Usage (450064K) : topmetal1_diffprb has 0 polygons
2026-03-23 07:24:27 +0100: Memory Usage (450064K) : inldpwl_drw has 0 polygons
2026-03-23 07:24:27 +0100: Memory Usage (450064K) : polyres_drw has 17 polygons
2026-03-23 07:24:27 +0100: Memory Usage (450192K) : polyres_pin has 0 polygons
2026-03-23 07:24:27 +0100: Memory Usage (450192K) : vmim_drw has 725 polygons
2026-03-23 07:24:27 +0100: Memory Usage (450320K) : nbulaycut_drw has 0 polygons
2026-03-23 07:24:27 +0100: Memory Usage (450320K) : antmetal1_drw has 0 polygons
2026-03-23 07:24:27 +0100: Memory Usage (450448K) : topvia2_drw has 0 polygons
2026-03-23 07:24:27 +0100: Memory Usage (450448K) : topmetal2_drw has 0 polygons
2026-03-23 07:24:27 +0100: Memory Usage (450448K) : topmetal2_pin has 0 polygons
2026-03-23 07:24:27 +0100: Memory Usage (450576K) : topmetal2_mask has 0 polygons
2026-03-23 07:24:27 +0100: Memory Usage (450576K) : topmetal2_filler has 0 polygons
2026-03-23 07:24:27 +0100: Memory Usage (450704K) : topmetal2_nofill has 0 polygons
2026-03-23 07:24:27 +0100: Memory Usage (450704K) : topmetal2_slit has 0 polygons
2026-03-23 07:24:27 +0100: Memory Usage (450704K) : topmetal2_text has 0 polygons
2026-03-23 07:24:27 +0100: Memory Usage (450832K) : topmetal2_noqrc has 0 polygons
2026-03-23 07:24:27 +0100: Memory Usage (450832K) : topmetal2_res has 0 polygons
2026-03-23 07:24:27 +0100: Memory Usage (450960K) : topmetal2_iprobe has 0 polygons
2026-03-23 07:24:27 +0100: Memory Usage (450960K) : topmetal2_diffprb has 0 polygons
2026-03-23 07:24:27 +0100: Memory Usage (450960K) : snsring_drw has 0 polygons
2026-03-23 07:24:27 +0100: Memory Usage (451088K) : sensor_drw has 0 polygons
2026-03-23 07:24:27 +0100: Memory Usage (451088K) : snsarms_drw has 0 polygons
2026-03-23 07:24:27 +0100: Memory Usage (451216K) : snscmosvia_drw has 0 polygons
2026-03-23 07:24:27 +0100: Memory Usage (451216K) : colwind_drw has 0 polygons
2026-03-23 07:24:27 +0100: Memory Usage (451344K) : flm_drw has 0 polygons
2026-03-23 07:24:27 +0100: Memory Usage (451344K) : hafniumox_drw has 0 polygons
2026-03-23 07:24:27 +0100: Memory Usage (451344K) : memvia_drw has 0 polygons
2026-03-23 07:24:27 +0100: Memory Usage (451472K) : thinfilmres_drw has 0 polygons
2026-03-23 07:24:27 +0100: Memory Usage (451472K) : rfmem_drw has 0 polygons
2026-03-23 07:24:27 +0100: Memory Usage (451600K) : norcx_drw has 0 polygons
2026-03-23 07:24:27 +0100: Memory Usage (451600K) : norcx_m2m3 has 0 polygons
2026-03-23 07:24:27 +0100: Memory Usage (451728K) : norcx_m2m4 has 0 polygons
2026-03-23 07:24:27 +0100: Memory Usage (451728K) : norcx_m2m5 has 0 polygons
2026-03-23 07:24:27 +0100: Memory Usage (451728K) : norcx_m2tm1 has 0 polygons
2026-03-23 07:24:27 +0100: Memory Usage (451856K) : norcx_m2tm2 has 0 polygons
2026-03-23 07:24:27 +0100: Memory Usage (451856K) : norcx_m3m4 has 0 polygons
2026-03-23 07:24:27 +0100: Memory Usage (451984K) : norcx_m3m5 has 0 polygons
2026-03-23 07:24:27 +0100: Memory Usage (451984K) : norcx_m3tm1 has 0 polygons
2026-03-23 07:24:27 +0100: Memory Usage (452112K) : norcx_m3tm2 has 0 polygons
2026-03-23 07:24:27 +0100: Memory Usage (452112K) : norcx_m4m5 has 0 polygons
2026-03-23 07:24:27 +0100: Memory Usage (452112K) : norcx_m4tm1 has 0 polygons
2026-03-23 07:24:27 +0100: Memory Usage (452240K) : norcx_m4tm2 has 0 polygons
2026-03-23 07:24:27 +0100: Memory Usage (452240K) : norcx_m5tm1 has 0 polygons
2026-03-23 07:24:27 +0100: Memory Usage (452240K) : norcx_m5tm2 has 0 polygons
2026-03-23 07:24:27 +0100: Memory Usage (452368K) : norcx_tm1tm2 has 0 polygons
2026-03-23 07:24:27 +0100: Memory Usage (452368K) : norcx_m1sub has 0 polygons
2026-03-23 07:24:27 +0100: Memory Usage (452368K) : norcx_m2sub has 0 polygons
2026-03-23 07:24:27 +0100: Memory Usage (452496K) : norcx_m3sub has 0 polygons
2026-03-23 07:24:27 +0100: Memory Usage (452496K) : norcx_m4sub has 0 polygons
2026-03-23 07:24:27 +0100: Memory Usage (452496K) : norcx_m5sub has 0 polygons
2026-03-23 07:24:27 +0100: Memory Usage (452624K) : norcx_tm1sub has 0 polygons
2026-03-23 07:24:27 +0100: Memory Usage (452624K) : norcx_tm2sub has 0 polygons
2026-03-23 07:24:27 +0100: Memory Usage (452624K) : snsbotvia_drw has 0 polygons
2026-03-23 07:24:27 +0100: Memory Usage (452624K) : snstopvia_drw has 0 polygons
2026-03-23 07:24:27 +0100: Memory Usage (452752K) : deepvia_drw has 0 polygons
2026-03-23 07:24:27 +0100: Memory Usage (452752K) : fgetch_drw has 0 polygons
2026-03-23 07:24:27 +0100: Memory Usage (452752K) : ctrgat_drw has 0 polygons
2026-03-23 07:24:27 +0100: Memory Usage (452880K) : fgimp_drw has 0 polygons
2026-03-23 07:24:27 +0100: Memory Usage (452880K) : emwihv_drw has 0 polygons
2026-03-23 07:24:27 +0100: Memory Usage (452880K) : lbe_drw has 0 polygons
2026-03-23 07:24:27 +0100: Memory Usage (452880K) : alcustop_drw has 0 polygons
2026-03-23 07:24:27 +0100: Memory Usage (453008K) : nometfiller_drw has 0 polygons
2026-03-23 07:24:27 +0100: Memory Usage (453008K) : prboundary_drw has 0 polygons
2026-03-23 07:24:27 +0100: Memory Usage (453008K) : exchange0_drw has 0 polygons
2026-03-23 07:24:27 +0100: Memory Usage (453136K) : exchange0_pin has 0 polygons
2026-03-23 07:24:27 +0100: Memory Usage (453136K) : exchange0_text has 0 polygons
2026-03-23 07:24:27 +0100: Memory Usage (453136K) : exchange1_drw has 0 polygons
2026-03-23 07:24:27 +0100: Memory Usage (453264K) : exchange1_pin has 0 polygons
2026-03-23 07:24:27 +0100: Memory Usage (453264K) : exchange1_text has 0 polygons
2026-03-23 07:24:27 +0100: Memory Usage (453264K) : exchange2_drw has 0 polygons
2026-03-23 07:24:27 +0100: Memory Usage (453264K) : exchange2_pin has 0 polygons
2026-03-23 07:24:27 +0100: Memory Usage (453392K) : exchange2_text has 0 polygons
2026-03-23 07:24:27 +0100: Memory Usage (453392K) : exchange3_drw has 0 polygons
2026-03-23 07:24:27 +0100: Memory Usage (453392K) : exchange3_pin has 0 polygons
2026-03-23 07:24:27 +0100: Memory Usage (453520K) : exchange3_text has 0 polygons
2026-03-23 07:24:27 +0100: Memory Usage (453520K) : exchange4_drw has 0 polygons
2026-03-23 07:24:27 +0100: Memory Usage (453520K) : exchange4_pin has 0 polygons
2026-03-23 07:24:27 +0100: Memory Usage (453520K) : exchange4_text has 0 polygons
2026-03-23 07:24:27 +0100: Memory Usage (453648K) : isonwell_drw has 0 polygons
2026-03-23 07:24:27 +0100: Memory Usage (453648K) : Total no. of polygons in the design is 16421
2026-03-23 07:24:27 +0100: Memory Usage (453648K) : Loaded TECH DRC rules values from /foss/pdks/ihp-sg13g2/libs.tech/klayout/python/sg13g2_pycell_lib/sg13g2_tech_mod.json
2026-03-23 07:24:27 +0100: Memory Usage (453648K) : Loaded default DRC rules values from /foss/pdks/ihp-sg13g2/libs.tech/klayout/tech/drc/rule_decks/sg13g2_tech_default.json
2026-03-23 07:24:27 +0100: Memory Usage (453648K) : The following rules values were missing in tech json and default values were used:
2026-03-23 07:24:27 +0100: Memory Usage (453648K) :   - Cnt_c_digibnd
2026-03-23 07:24:27 +0100: Memory Usage (454672K) : Total area of the design is 7896.46815 um^2.
2026-03-23 07:24:27 +0100: Memory Usage (454672K) : The design dimensions are 99.81 µm * 79.115 µm.
2026-03-23 07:24:27 +0100: Memory Usage (454672K) : Starting general IHP-SG13G2 derivations.
2026-03-23 07:24:27 +0100: Memory Usage (454672K) : Starting Pwell derivations
2026-03-23 07:24:27 +0100: Memory Usage (456720K) : Starting n-Activ derivations
2026-03-23 07:24:27 +0100: Memory Usage (456848K) : Starting p-Activ derivations
2026-03-23 07:24:27 +0100: Memory Usage (456848K) : Starting ptap derivations
2026-03-23 07:24:27 +0100: Memory Usage (456848K) : Starting ntap derivations
2026-03-23 07:24:27 +0100: Memory Usage (456848K) : Starting pact FET derivations
2026-03-23 07:24:27 +0100: Memory Usage (456848K) : Starting nact FET derivations
2026-03-23 07:24:27 +0100: Memory Usage (456848K) : Starting Gate derivations
2026-03-23 07:24:27 +0100: Memory Usage (456848K) : Starting cont/contbar general derivations
2026-03-23 07:24:27 +0100: Memory Usage (458256K) : Starting pad general derivations
2026-03-23 07:24:27 +0100: Memory Usage (458256K) : Starting IHP-SG13G2 DRC connectivity related derivations.
2026-03-23 07:24:27 +0100: Memory Usage (458256K) : Starting IHP-SG13G2 DRC connectivity setup
2026-03-23 07:24:27 +0100: Memory Usage (458512K) : Starting IHP-SG13G2 DRC rules.
2026-03-23 07:24:27 +0100: Memory Usage (458512K) : Running all FEOL rules
2026-03-23 07:24:27 +0100: Memory Usage (458512K) : Running all BEOL rules
2026-03-23 07:24:27 +0100: Memory Usage (458512K) : Running all PIN rules
2026-03-23 07:24:27 +0100: Memory Usage (458512K) : Running all FORBIDDEN rules
2026-03-23 07:24:27 +0100: Memory Usage (458512K) : Starting 5.1 NWell table
2026-03-23 07:24:27 +0100: Memory Usage (458512K) : Executing rule NW.b
2026-03-23 07:24:27 +0100: Memory Usage (459024K) : Executing rule NW.b1
2026-03-23 07:24:27 +0100: Memory Usage (459024K) : Starting 5.2 PWell:block
2026-03-23 07:24:27 +0100: Memory Usage (459024K) : Executing rule PWB.e
2026-03-23 07:24:27 +0100: Memory Usage (459024K) : Executing rule PWB.e1
2026-03-23 07:24:27 +0100: Memory Usage (459024K) : Executing rule PWB.f
2026-03-23 07:24:27 +0100: Memory Usage (459024K) : Executing rule PWB.f1
2026-03-23 07:24:27 +0100: Memory Usage (459024K) : Starting 5.3 nBuLay table
2026-03-23 07:24:27 +0100: Memory Usage (459024K) : Executing rule NBL.b
2026-03-23 07:24:27 +0100: Memory Usage (459152K) : Executing rule NBL.c
2026-03-23 07:24:27 +0100: Memory Usage (459152K) : Executing rule NBL.d
2026-03-23 07:24:27 +0100: Memory Usage (459152K) : Executing rule NBL.e
2026-03-23 07:24:27 +0100: Memory Usage (459152K) : Executing rule NBL.f
2026-03-23 07:24:27 +0100: Memory Usage (459152K) : Starting 5.5. Activ table
2026-03-23 07:24:27 +0100: Memory Usage (459152K) : Executing rule Act.a
2026-03-23 07:24:27 +0100: Memory Usage (459152K) : Executing rule Act.b
2026-03-23 07:24:27 +0100: Memory Usage (459280K) : Starting 5.6 Activ:filler table
2026-03-23 07:24:27 +0100: Memory Usage (459280K) : Executing rule AFil.c1
2026-03-23 07:24:27 +0100: Memory Usage (459280K) : Executing rule AFil.c
2026-03-23 07:24:27 +0100: Memory Usage (459280K) : Executing rule AFil.d
2026-03-23 07:24:27 +0100: Memory Usage (459280K) : Executing rule AFil.e
2026-03-23 07:24:27 +0100: Memory Usage (459280K) : Executing rule AFil.j
2026-03-23 07:24:27 +0100: Memory Usage (459280K) : Starting 5.7. ThickGateOx table
2026-03-23 07:24:27 +0100: Memory Usage (459280K) : Executing rule TGO.f
2026-03-23 07:24:27 +0100: Memory Usage (459280K) : Starting 5.8. GatPoly table
2026-03-23 07:24:27 +0100: Memory Usage (459280K) : Executing rule Gat.a
2026-03-23 07:24:27 +0100: Memory Usage (459280K) : Executing rule Gat.b
2026-03-23 07:24:27 +0100: Memory Usage (459280K) : Executing rule Gat.d
2026-03-23 07:24:27 +0100: Memory Usage (459280K) : Executing rule Gat.a1
2026-03-23 07:24:27 +0100: Memory Usage (459920K) : Executing rule Gat.a2
2026-03-23 07:24:27 +0100: Memory Usage (460048K) : Executing rule Gat.g
2026-03-23 07:24:27 +0100: Memory Usage (460048K) : Starting 5.9 GatPoly:filler
2026-03-23 07:24:27 +0100: Memory Usage (460048K) : Executing rule GFil.d
2026-03-23 07:24:27 +0100: Memory Usage (460048K) : Executing rule GFil.e
2026-03-23 07:24:27 +0100: Memory Usage (460048K) : Executing rule GFil.i
2026-03-23 07:24:27 +0100: Memory Usage (460048K) : Starting 5.10 pSD table
2026-03-23 07:24:27 +0100: Memory Usage (460048K) : Executing rule pSD.c1
2026-03-23 07:24:27 +0100: Memory Usage (460048K) : Starting 5.14. Cont table
2026-03-23 07:24:27 +0100: Memory Usage (460048K) : Executing rule Cnt.a
2026-03-23 07:24:27 +0100: Memory Usage (460048K) : Executing rule Cnt.b
2026-03-23 07:24:27 +0100: Memory Usage (460176K) : Executing rule Cnt.c
2026-03-23 07:24:27 +0100: Memory Usage (460176K) : Executing rule Cnt.c
2026-03-23 07:24:27 +0100: Memory Usage (460176K) : Executing rule Cnt.d
2026-03-23 07:24:27 +0100: Memory Usage (460176K) : Executing rule Cnt.e
2026-03-23 07:24:27 +0100: Memory Usage (460176K) : Executing rule Cnt.g1
2026-03-23 07:24:27 +0100: Memory Usage (460304K) : Executing rule Cnt.g2
2026-03-23 07:24:27 +0100: Memory Usage (460432K) : Starting 5.15. ContBar table
2026-03-23 07:24:27 +0100: Memory Usage (460432K) : Executing rule CntB.b1
2026-03-23 07:24:27 +0100: Memory Usage (460432K) : Executing rule CntB.h1
2026-03-23 07:24:27 +0100: Memory Usage (460432K) : Starting 6.1.3 NPN Substrate-Tie table
2026-03-23 07:24:27 +0100: Memory Usage (460432K) : Executing rule npn13G2.bR 
2026-03-23 07:24:27 +0100: Memory Usage (460432K) : Executing rule npn13G2L.cR 
2026-03-23 07:24:27 +0100: Memory Usage (460432K) : Executing rule npn13G2V.cR 
2026-03-23 07:24:27 +0100: Memory Usage (460432K) : Starting 6.7 Schottky diode table
2026-03-23 07:24:27 +0100: Memory Usage (460432K) : Executing rule Sdiod.d
2026-03-23 07:24:27 +0100: Memory Usage (460432K) : Executing rule Sdiod.e
2026-03-23 07:24:27 +0100: Memory Usage (460432K) : Starting 7.2 Latch-up table
2026-03-23 07:24:27 +0100: Memory Usage (460432K) : Executing rule LU.b
2026-03-23 07:24:27 +0100: Memory Usage (460432K) : Starting 5.16. Metal1 table
2026-03-23 07:24:27 +0100: Memory Usage (460432K) : Executing rule M1.a
2026-03-23 07:24:27 +0100: Memory Usage (460432K) : Executing rule M1.b
2026-03-23 07:24:27 +0100: Memory Usage (460432K) : Executing rule M1.e
2026-03-23 07:24:27 +0100: Memory Usage (460432K) : Executing rule M1.f
2026-03-23 07:24:27 +0100: Memory Usage (460432K) : Executing rule M1.g
2026-03-23 07:24:27 +0100: Memory Usage (460432K) : Executing rule M1.i
2026-03-23 07:24:27 +0100: Memory Usage (460432K) : Starting 5.17 Metaln table
2026-03-23 07:24:27 +0100: Memory Usage (460432K) : Executing rule M2.a
2026-03-23 07:24:27 +0100: Memory Usage (460432K) : Executing rule M2.b
2026-03-23 07:24:27 +0100: Memory Usage (460432K) : Executing rule M2.e
2026-03-23 07:24:27 +0100: Memory Usage (460432K) : Executing rule M2.f
2026-03-23 07:24:27 +0100: Memory Usage (460432K) : Executing rule M2.g
2026-03-23 07:24:27 +0100: Memory Usage (460432K) : Executing rule M2.i
2026-03-23 07:24:27 +0100: Memory Usage (460432K) : Executing rule M3.a
2026-03-23 07:24:27 +0100: Memory Usage (460432K) : Executing rule M3.b
2026-03-23 07:24:27 +0100: Memory Usage (460432K) : Executing rule M3.e
2026-03-23 07:24:27 +0100: Memory Usage (460432K) : Executing rule M3.f
2026-03-23 07:24:27 +0100: Memory Usage (460432K) : Executing rule M3.g
2026-03-23 07:24:27 +0100: Memory Usage (460432K) : Executing rule M3.i
2026-03-23 07:24:27 +0100: Memory Usage (460432K) : Executing rule M4.a
2026-03-23 07:24:27 +0100: Memory Usage (460432K) : Executing rule M4.b
2026-03-23 07:24:27 +0100: Memory Usage (460432K) : Executing rule M4.e
2026-03-23 07:24:27 +0100: Memory Usage (460432K) : Executing rule M4.f
2026-03-23 07:24:27 +0100: Memory Usage (460432K) : Executing rule M4.g
2026-03-23 07:24:27 +0100: Memory Usage (460432K) : Executing rule M4.i
2026-03-23 07:24:27 +0100: Memory Usage (460432K) : Executing rule M5.a
2026-03-23 07:24:27 +0100: Memory Usage (460432K) : Executing rule M5.b
2026-03-23 07:24:27 +0100: Memory Usage (460432K) : Executing rule M5.e
2026-03-23 07:24:27 +0100: Memory Usage (460432K) : Executing rule M5.f
2026-03-23 07:24:27 +0100: Memory Usage (460432K) : Executing rule M5.g
2026-03-23 07:24:27 +0100: Memory Usage (460432K) : Executing rule M5.i
2026-03-23 07:24:27 +0100: Memory Usage (460432K) : Starting 5.18 Metaln:filler table
2026-03-23 07:24:27 +0100: Memory Usage (460432K) : Executing rule M1Fil.c
2026-03-23 07:24:28 +0100: Memory Usage (460432K) : Executing rule M1Fil.a2
2026-03-23 07:24:28 +0100: Memory Usage (460432K) : Executing rule M2Fil.c
2026-03-23 07:24:28 +0100: Memory Usage (460432K) : Executing rule M2Fil.a2
2026-03-23 07:24:28 +0100: Memory Usage (460432K) : Executing rule M3Fil.c
2026-03-23 07:24:28 +0100: Memory Usage (460432K) : Executing rule M3Fil.a2
2026-03-23 07:24:28 +0100: Memory Usage (460432K) : Executing rule M4Fil.c
2026-03-23 07:24:28 +0100: Memory Usage (460432K) : Executing rule M4Fil.a2
2026-03-23 07:24:28 +0100: Memory Usage (460432K) : Executing rule M5Fil.c
2026-03-23 07:24:28 +0100: Memory Usage (460432K) : Executing rule M5Fil.a2
2026-03-23 07:24:28 +0100: Memory Usage (460432K) : Starting 5.19. Via1 table
2026-03-23 07:24:28 +0100: Memory Usage (460432K) : Starting 5.19. Via1 table derivations
2026-03-23 07:24:28 +0100: Memory Usage (460432K) : Executing rule V1.a
2026-03-23 07:24:28 +0100: Memory Usage (460432K) : Executing rule V1.b
2026-03-23 07:24:28 +0100: Memory Usage (460432K) : Executing rule V1.c
2026-03-23 07:24:28 +0100: Memory Usage (460432K) : Starting 5.20. Vian table
2026-03-23 07:24:28 +0100: Memory Usage (460432K) : Executing rule V2.a
2026-03-23 07:24:28 +0100: Memory Usage (460432K) : Executing rule V2.b
2026-03-23 07:24:28 +0100: Memory Usage (460432K) : Executing rule V2.c
2026-03-23 07:24:28 +0100: Memory Usage (460432K) : Executing rule V3.a
2026-03-23 07:24:28 +0100: Memory Usage (460432K) : Executing rule V3.b
2026-03-23 07:24:28 +0100: Memory Usage (460432K) : Executing rule V3.c
2026-03-23 07:24:28 +0100: Memory Usage (460432K) : Executing rule V4.a
2026-03-23 07:24:28 +0100: Memory Usage (460432K) : Executing rule V4.b
2026-03-23 07:24:28 +0100: Memory Usage (460432K) : Executing rule V4.c
2026-03-23 07:24:28 +0100: Memory Usage (460432K) : Starting 5.21. TopVia1 table
2026-03-23 07:24:28 +0100: Memory Usage (460432K) : Executing rule TV1.a
2026-03-23 07:24:28 +0100: Memory Usage (460432K) : Executing rule TV1.b
2026-03-23 07:24:28 +0100: Memory Usage (460432K) : Executing rule TV1.c
2026-03-23 07:24:28 +0100: Memory Usage (460432K) : Executing rule TV1.d
2026-03-23 07:24:28 +0100: Memory Usage (460432K) : Starting 5.22. TopMetal1 table
2026-03-23 07:24:28 +0100: Memory Usage (460432K) : Executing rule TM1.a
2026-03-23 07:24:28 +0100: Memory Usage (460432K) : Executing rule TM1.b
2026-03-23 07:24:28 +0100: Memory Usage (460432K) : Starting 5.23 TopMetal1:filler table
2026-03-23 07:24:28 +0100: Memory Usage (460432K) : Executing rule TM1Fil.c
2026-03-23 07:24:28 +0100: Memory Usage (460432K) : Executing rule TM1Fil.a1
2026-03-23 07:24:28 +0100: Memory Usage (460432K) : Starting 5.24. TopVia2 table
2026-03-23 07:24:28 +0100: Memory Usage (460432K) : Executing rule TV2.a
2026-03-23 07:24:28 +0100: Memory Usage (460432K) : Executing rule TV2.b
2026-03-23 07:24:28 +0100: Memory Usage (460432K) : Executing rule TV2.c
2026-03-23 07:24:28 +0100: Memory Usage (460432K) : Executing rule TV2.d
2026-03-23 07:24:28 +0100: Memory Usage (460432K) : Starting 5.25. TopMetal2 table
2026-03-23 07:24:28 +0100: Memory Usage (460432K) : Executing rule TM2.a
2026-03-23 07:24:28 +0100: Memory Usage (460432K) : Executing rule TM2.b
2026-03-23 07:24:28 +0100: Memory Usage (460432K) : Executing rule TM2.bR
2026-03-23 07:24:28 +0100: Memory Usage (460432K) : Starting 5.26 TopMetal2:filler table
2026-03-23 07:24:28 +0100: Memory Usage (460432K) : Executing rule TM2Fil.c
2026-03-23 07:24:28 +0100: Memory Usage (460432K) : Executing rule TM2Fil.a1
2026-03-23 07:24:28 +0100: Memory Usage (460432K) : Starting 5.27. Passiv table
2026-03-23 07:24:28 +0100: Memory Usage (460432K) : Executing rule Pas.a
2026-03-23 07:24:28 +0100: Memory Usage (460432K) : Executing rule Pas.b
2026-03-23 07:24:28 +0100: Memory Usage (460432K) : Executing rule Pas.c
2026-03-23 07:24:28 +0100: Memory Usage (460432K) : Starting 6.9.2 Copper Pillar table
2026-03-23 07:24:28 +0100: Memory Usage (460432K) : Executing rule Padc.a
2026-03-23 07:24:28 +0100: Memory Usage (460432K) : Executing rule Padc.b
2026-03-23 07:24:28 +0100: Memory Usage (460432K) : Executing rule Padc.c
2026-03-23 07:24:28 +0100: Memory Usage (460560K) : Executing rule Padb.f
2026-03-23 07:24:28 +0100: Memory Usage (460688K) : Starting 6.9 Pad table
2026-03-23 07:24:28 +0100: Memory Usage (460688K) : Executing rule Pad.m
2026-03-23 07:24:28 +0100: Memory Usage (460688K) : Executing rule Pad.fR_M1
2026-03-23 07:24:28 +0100: Memory Usage (460688K) : Executing rule Pad.fR_M2
2026-03-23 07:24:28 +0100: Memory Usage (460688K) : Executing rule Pad.fR_M3
2026-03-23 07:24:28 +0100: Memory Usage (460688K) : Executing rule Pad.fR_M4
2026-03-23 07:24:28 +0100: Memory Usage (460688K) : Executing rule Pad.fR_M5
2026-03-23 07:24:28 +0100: Memory Usage (460688K) : Executing rule Pad.fR_TM1
2026-03-23 07:24:28 +0100: Memory Usage (460688K) : Executing rule Pad.fR_TM2
2026-03-23 07:24:28 +0100: Memory Usage (460688K) : Executing rule Pad.i
2026-03-23 07:24:28 +0100: Memory Usage (460688K) : Starting 6.9.1 Solder Bump
2026-03-23 07:24:28 +0100: Memory Usage (460688K) : Executing rule Padb.a
2026-03-23 07:24:28 +0100: Memory Usage (460688K) : Executing rule Padb.b
2026-03-23 07:24:28 +0100: Memory Usage (460688K) : Executing rule Padb.c
2026-03-23 07:24:28 +0100: Memory Usage (460688K) : Executing rule Padb.f
2026-03-23 07:24:28 +0100: Memory Usage (460688K) : Executing rule Padb.d
2026-03-23 07:24:28 +0100: Memory Usage (460688K) : Starting 6.10 Sealring table
2026-03-23 07:24:28 +0100: Memory Usage (460688K) : Executing rule Seal.l
2026-03-23 07:24:28 +0100: Memory Usage (460688K) : Executing rule Seal.n
2026-03-23 07:24:28 +0100: Memory Usage (460688K) : Executing rule seal.b_metal1
2026-03-23 07:24:28 +0100: Memory Usage (460688K) : Executing rule seal.b_metal2
2026-03-23 07:24:28 +0100: Memory Usage (460688K) : Executing rule seal.b_metal3
2026-03-23 07:24:28 +0100: Memory Usage (460688K) : Executing rule seal.b_metal4
2026-03-23 07:24:28 +0100: Memory Usage (460688K) : Executing rule seal.b_metal5
2026-03-23 07:24:28 +0100: Memory Usage (460688K) : Executing rule seal.b_topmetal1
2026-03-23 07:24:28 +0100: Memory Usage (460688K) : Executing rule seal.b_topmetal2
2026-03-23 07:24:28 +0100: Memory Usage (460688K) : Executing rule seal.b_activ
2026-03-23 07:24:28 +0100: Memory Usage (460688K) : Executing rule seal.b_psd
2026-03-23 07:24:28 +0100: Memory Usage (460688K) : Executing rule Seal.k
2026-03-23 07:24:28 +0100: Memory Usage (460688K) : Executing rule Seal.m
2026-03-23 07:24:28 +0100: Memory Usage (460688K) : Starting 6.11 MIM table
2026-03-23 07:24:28 +0100: Memory Usage (460688K) : Executing rule MIM.c
2026-03-23 07:24:28 +0100: Memory Usage (460688K) : Executing rule MIM.d
2026-03-23 07:24:28 +0100: Memory Usage (460688K) : Executing rule MIM.gR
2026-03-23 07:24:28 +0100: Memory Usage (460688K) : Starting 7.3 Metal Slits table
2026-03-23 07:24:28 +0100: Memory Usage (460688K) : Executing rule Slt.e1_M1
2026-03-23 07:24:28 +0100: Memory Usage (460688K) : Executing rule Slt.e1_M2
2026-03-23 07:24:28 +0100: Memory Usage (460688K) : Executing rule Slt.e1_M3
2026-03-23 07:24:28 +0100: Memory Usage (460688K) : Executing rule Slt.e1_M4
2026-03-23 07:24:28 +0100: Memory Usage (460688K) : Executing rule Slt.e1_M5
2026-03-23 07:24:28 +0100: Memory Usage (460688K) : Executing rule Slt.e1_TM1
2026-03-23 07:24:28 +0100: Memory Usage (460688K) : Executing rule Slt.e1_TM2
2026-03-23 07:24:28 +0100: Memory Usage (460688K) : Starting 9.1. LBE table
2026-03-23 07:24:28 +0100: Memory Usage (460688K) : Executing rule LBE.a
2026-03-23 07:24:28 +0100: Memory Usage (460688K) : Executing rule LBE.b
2026-03-23 07:24:28 +0100: Memory Usage (460688K) : Executing rule LBE.b1
2026-03-23 07:24:28 +0100: Memory Usage (460688K) : Executing rule LBE.c
2026-03-23 07:24:28 +0100: Memory Usage (460688K) : Executing rule LBE.d
2026-03-23 07:24:28 +0100: Memory Usage (460688K) : Executing rule LBE.h
2026-03-23 07:24:28 +0100: Memory Usage (460688K) : Starting 7.4. PIN table
2026-03-23 07:24:28 +0100: Memory Usage (460688K) : Executing rule Pin.a
2026-03-23 07:24:28 +0100: Memory Usage (460688K) : Executing rule Pin.b
2026-03-23 07:24:28 +0100: Memory Usage (460688K) : Executing rule Pin.e
2026-03-23 07:24:28 +0100: Memory Usage (460688K) : Executing rule Pin.f_M2
2026-03-23 07:24:28 +0100: Memory Usage (460688K) : Executing rule Pin.f_M3
2026-03-23 07:24:28 +0100: Memory Usage (460688K) : Executing rule Pin.f_M4
2026-03-23 07:24:28 +0100: Memory Usage (460688K) : Executing rule Pin.f_M5
2026-03-23 07:24:28 +0100: Memory Usage (460688K) : Executing rule Pin.g
2026-03-23 07:24:28 +0100: Memory Usage (460688K) : Executing rule Pin.h
2026-03-23 07:24:28 +0100: Memory Usage (460688K) : Starting 3.2. FORBIDDEN table
2026-03-23 07:24:28 +0100: Memory Usage (460688K) : Executing rule forbidden.biwind
2026-03-23 07:24:28 +0100: Memory Usage (460688K) : Executing rule forbidden.pemwind
2026-03-23 07:24:28 +0100: Memory Usage (460688K) : Executing rule forbidden.baspoly
2026-03-23 07:24:28 +0100: Memory Usage (460688K) : Executing rule forbidden.deepco
2026-03-23 07:24:28 +0100: Memory Usage (460688K) : Executing rule forbidden.pempoly
2026-03-23 07:24:28 +0100: Memory Usage (460688K) : Executing rule forbidden.empoly
2026-03-23 07:24:28 +0100: Memory Usage (460688K) : Executing rule forbidden.ldmos
2026-03-23 07:24:28 +0100: Memory Usage (460688K) : Executing rule forbidden.pbiwind
2026-03-23 07:24:28 +0100: Memory Usage (460688K) : Executing rule forbidden.nodrc
2026-03-23 07:24:28 +0100: Memory Usage (460688K) : Executing rule forbidden.flash
2026-03-23 07:24:28 +0100: Memory Usage (460688K) : Executing rule forbidden.colwind
2026-03-23 07:24:28 +0100: Memory Usage (460688K) : KLayout DRC run for tables 'main' completed in 1.73 seconds
