# Logfile created on 2026-04-05 08:55:30 +0200 by logger.rb/v1.5.3
2026-04-05 08:55:30 +0200: Memory Usage (435556K) : Starting running IHP-SG13G2 KLayout DRC runset on /foss/designs/frac-n-pll-vco-unic_cass/layout/LC_VCO.gds
2026-04-05 08:55:30 +0200: Memory Usage (435556K) : Ruby Version for klayout: 3.2.3
2026-04-05 08:55:30 +0200: Memory Usage (436708K) : Loading database to memory is complete.
2026-04-05 08:55:30 +0200: Memory Usage (436708K) : IHP-SG13G2 KLayout DRC runset output at: /foss/designs/frac-n-pll-vco-unic_cass/drc_run_LC_VCO/LC_VCO_LC_VCO_main.lyrdb
2026-04-05 08:55:30 +0200: Memory Usage (436836K) : Evaluate switches.
2026-04-05 08:55:30 +0200: Memory Usage (436836K) : tables selected: main
2026-04-05 08:55:30 +0200: Memory Usage (436836K) : KLayout will use 1 thread(s) in tiling mode.
2026-04-05 08:55:30 +0200: Memory Usage (436836K) : deep mode is enabled.
2026-04-05 08:55:30 +0200: Memory Usage (436836K) : FEOL enabled: true
2026-04-05 08:55:30 +0200: Memory Usage (436836K) : BEOL enabled: true
2026-04-05 08:55:30 +0200: Memory Usage (436836K) : OFFGRID enabled: true
2026-04-05 08:55:30 +0200: Memory Usage (436836K) : PIN enabled: true
2026-04-05 08:55:30 +0200: Memory Usage (436836K) : FORBIDDEN enabled: true
2026-04-05 08:55:30 +0200: Memory Usage (436836K) : RECOMMENDED enabled: true
2026-04-05 08:55:30 +0200: Memory Usage (436836K) : PreCheck DRC enabled: false
2026-04-05 08:55:30 +0200: Memory Usage (436836K) : CONNECTIVITY_RULES enabled: true.
2026-04-05 08:55:30 +0200: Memory Usage (436836K) : Read in polygons from layers.
2026-04-05 08:55:30 +0200: Memory Usage (437988K) : activ_drw has 185 polygons
2026-04-05 08:55:30 +0200: Memory Usage (437988K) : activ_pin has 0 polygons
2026-04-05 08:55:30 +0200: Memory Usage (437988K) : activ_mask has 0 polygons
2026-04-05 08:55:30 +0200: Memory Usage (437988K) : activ_filler has 0 polygons
2026-04-05 08:55:30 +0200: Memory Usage (437988K) : activ_nofill has 1 polygons
2026-04-05 08:55:30 +0200: Memory Usage (437988K) : activ_opc has 0 polygons
2026-04-05 08:55:30 +0200: Memory Usage (437988K) : activ_iopc has 0 polygons
2026-04-05 08:55:30 +0200: Memory Usage (437988K) : activ_noqrc has 1 polygons
2026-04-05 08:55:30 +0200: Memory Usage (437988K) : biwind_drw has 0 polygons
2026-04-05 08:55:30 +0200: Memory Usage (437988K) : biwind_opc has 0 polygons
2026-04-05 08:55:30 +0200: Memory Usage (437988K) : pemwind_drw has 0 polygons
2026-04-05 08:55:30 +0200: Memory Usage (437988K) : gatpoly_drw has 129 polygons
2026-04-05 08:55:30 +0200: Memory Usage (437988K) : gatpoly_pin has 6 polygons
2026-04-05 08:55:30 +0200: Memory Usage (437988K) : gatpoly_filler has 0 polygons
2026-04-05 08:55:30 +0200: Memory Usage (437988K) : gatpoly_nofill has 1 polygons
2026-04-05 08:55:30 +0200: Memory Usage (437988K) : gatpoly_opc has 0 polygons
2026-04-05 08:55:30 +0200: Memory Usage (437988K) : gatpoly_iopc has 0 polygons
2026-04-05 08:55:30 +0200: Memory Usage (437988K) : gatpoly_noqrc has 0 polygons
2026-04-05 08:55:30 +0200: Memory Usage (438116K) : cont_drw has 4107 polygons
2026-04-05 08:55:30 +0200: Memory Usage (438116K) : cont_opc has 0 polygons
2026-04-05 08:55:30 +0200: Memory Usage (438372K) : nsd_drw has 0 polygons
2026-04-05 08:55:30 +0200: Memory Usage (438372K) : nsd_block has 0 polygons
2026-04-05 08:55:30 +0200: Memory Usage (438372K) : metal1_drw has 407 polygons
2026-04-05 08:55:30 +0200: Memory Usage (438372K) : metal1_pin has 26 polygons
2026-04-05 08:55:30 +0200: Memory Usage (438372K) : metal1_mask has 0 polygons
2026-04-05 08:55:30 +0200: Memory Usage (438372K) : metal1_filler has 0 polygons
2026-04-05 08:55:30 +0200: Memory Usage (438500K) : metal1_nofill has 1 polygons
2026-04-05 08:55:30 +0200: Memory Usage (438500K) : metal1_slit has 0 polygons
2026-04-05 08:55:30 +0200: Memory Usage (438884K) : metal1_text has 4 polygons
2026-04-05 08:55:30 +0200: Memory Usage (438884K) : metal1_opc has 0 polygons
2026-04-05 08:55:30 +0200: Memory Usage (439012K) : metal1_noqrc has 1 polygons
2026-04-05 08:55:30 +0200: Memory Usage (439012K) : metal1_res has 0 polygons
2026-04-05 08:55:30 +0200: Memory Usage (439012K) : metal1_iprobe has 0 polygons
2026-04-05 08:55:30 +0200: Memory Usage (439140K) : metal1_diffprb has 0 polygons
2026-04-05 08:55:30 +0200: Memory Usage (439140K) : passiv_drw has 0 polygons
2026-04-05 08:55:30 +0200: Memory Usage (439268K) : passiv_pin has 0 polygons
2026-04-05 08:55:30 +0200: Memory Usage (439268K) : passiv_sbump has 0 polygons
2026-04-05 08:55:30 +0200: Memory Usage (439396K) : passiv_pillar has 0 polygons
2026-04-05 08:55:30 +0200: Memory Usage (439396K) : passiv_pdl has 0 polygons
2026-04-05 08:55:30 +0200: Memory Usage (439396K) : metal2_drw has 79 polygons
2026-04-05 08:55:30 +0200: Memory Usage (439524K) : metal2_pin has 5 polygons
2026-04-05 08:55:30 +0200: Memory Usage (439524K) : metal2_mask has 0 polygons
2026-04-05 08:55:30 +0200: Memory Usage (439652K) : metal2_filler has 0 polygons
2026-04-05 08:55:30 +0200: Memory Usage (439652K) : metal2_nofill has 1 polygons
2026-04-05 08:55:30 +0200: Memory Usage (439780K) : metal2_slit has 0 polygons
2026-04-05 08:55:30 +0200: Memory Usage (439908K) : metal2_text has 5 polygons
2026-04-05 08:55:30 +0200: Memory Usage (439908K) : metal2_opc has 0 polygons
2026-04-05 08:55:30 +0200: Memory Usage (439908K) : metal2_noqrc has 1 polygons
2026-04-05 08:55:30 +0200: Memory Usage (440036K) : metal2_res has 0 polygons
2026-04-05 08:55:30 +0200: Memory Usage (440036K) : metal2_iprobe has 0 polygons
2026-04-05 08:55:30 +0200: Memory Usage (440164K) : metal2_diffprb has 0 polygons
2026-04-05 08:55:30 +0200: Memory Usage (440164K) : baspoly_drw has 0 polygons
2026-04-05 08:55:30 +0200: Memory Usage (440292K) : baspoly_pin has 0 polygons
2026-04-05 08:55:30 +0200: Memory Usage (440292K) : psd_drw has 33 polygons
2026-04-05 08:55:30 +0200: Memory Usage (440292K) : nldb_drw has 0 polygons
2026-04-05 08:55:30 +0200: Memory Usage (440420K) : digibnd_drw has 0 polygons
2026-04-05 08:55:30 +0200: Memory Usage (440420K) : via1_drw has 43 polygons
2026-04-05 08:55:30 +0200: Memory Usage (440548K) : backmetal1_drw has 0 polygons
2026-04-05 08:55:30 +0200: Memory Usage (440548K) : backmetal1_pin has 0 polygons
2026-04-05 08:55:30 +0200: Memory Usage (440676K) : backmetal1_mask has 0 polygons
2026-04-05 08:55:30 +0200: Memory Usage (440676K) : backmetal1_filler has 0 polygons
2026-04-05 08:55:30 +0200: Memory Usage (440676K) : backmetal1_nofill has 0 polygons
2026-04-05 08:55:30 +0200: Memory Usage (440804K) : backmetal1_slit has 0 polygons
2026-04-05 08:55:30 +0200: Memory Usage (440804K) : backmetal1_text has 0 polygons
2026-04-05 08:55:30 +0200: Memory Usage (440932K) : backmetal1_opc has 0 polygons
2026-04-05 08:55:30 +0200: Memory Usage (440932K) : backmetal1_noqrc has 0 polygons
2026-04-05 08:55:30 +0200: Memory Usage (441060K) : backmetal1_res has 0 polygons
2026-04-05 08:55:30 +0200: Memory Usage (441060K) : backmetal1_iprobe has 0 polygons
2026-04-05 08:55:30 +0200: Memory Usage (441060K) : backmetal1_diffprb has 0 polygons
2026-04-05 08:55:30 +0200: Memory Usage (441188K) : backpassiv_drw has 0 polygons
2026-04-05 08:55:30 +0200: Memory Usage (441316K) : res_drw has 0 polygons
2026-04-05 08:55:30 +0200: Memory Usage (441316K) : sram_drw has 0 polygons
2026-04-05 08:55:30 +0200: Memory Usage (441444K) : trans_drw has 0 polygons
2026-04-05 08:55:30 +0200: Memory Usage (441444K) : ind_drw has 2 polygons
2026-04-05 08:55:30 +0200: Memory Usage (441572K) : ind_pin has 2 polygons
2026-04-05 08:55:30 +0200: Memory Usage (441700K) : ind_text has 0 polygons
2026-04-05 08:55:30 +0200: Memory Usage (441700K) : salblock_drw has 0 polygons
2026-04-05 08:55:30 +0200: Memory Usage (441828K) : via2_drw has 134 polygons
2026-04-05 08:55:30 +0200: Memory Usage (441828K) : metal3_drw has 12 polygons
2026-04-05 08:55:30 +0200: Memory Usage (441956K) : metal3_pin has 0 polygons
2026-04-05 08:55:30 +0200: Memory Usage (441956K) : metal3_mask has 0 polygons
2026-04-05 08:55:30 +0200: Memory Usage (442084K) : metal3_filler has 0 polygons
2026-04-05 08:55:30 +0200: Memory Usage (442084K) : metal3_nofill has 1 polygons
2026-04-05 08:55:30 +0200: Memory Usage (442212K) : metal3_slit has 0 polygons
2026-04-05 08:55:30 +0200: Memory Usage (442212K) : metal3_text has 0 polygons
2026-04-05 08:55:30 +0200: Memory Usage (442212K) : metal3_opc has 0 polygons
2026-04-05 08:55:30 +0200: Memory Usage (442340K) : metal3_noqrc has 1 polygons
2026-04-05 08:55:30 +0200: Memory Usage (442340K) : metal3_res has 0 polygons
2026-04-05 08:55:30 +0200: Memory Usage (442468K) : metal3_iprobe has 0 polygons
2026-04-05 08:55:30 +0200: Memory Usage (442468K) : metal3_diffprb has 0 polygons
2026-04-05 08:55:30 +0200: Memory Usage (442468K) : nwell_drw has 14 polygons
2026-04-05 08:55:30 +0200: Memory Usage (442596K) : nwell_pin has 0 polygons
2026-04-05 08:55:30 +0200: Memory Usage (442596K) : nbulay_drw has 2 polygons
2026-04-05 08:55:30 +0200: Memory Usage (442724K) : nbulay_pin has 0 polygons
2026-04-05 08:55:30 +0200: Memory Usage (442852K) : nbulay_block has 0 polygons
2026-04-05 08:55:30 +0200: Memory Usage (442980K) : emwind_drw has 0 polygons
2026-04-05 08:55:30 +0200: Memory Usage (442980K) : emwind_opc has 0 polygons
2026-04-05 08:55:30 +0200: Memory Usage (443108K) : deepco_drw has 0 polygons
2026-04-05 08:55:30 +0200: Memory Usage (443108K) : deepco_drw has 0 polygons
2026-04-05 08:55:30 +0200: Memory Usage (443236K) : mim_drw has 1 polygons
2026-04-05 08:55:30 +0200: Memory Usage (443236K) : edgeseal_drw has 0 polygons
2026-04-05 08:55:30 +0200: Memory Usage (443236K) : edgeseal_bound has 0 polygons
2026-04-05 08:55:30 +0200: Memory Usage (443364K) : substrate_drw has 7 polygons
2026-04-05 08:55:30 +0200: Memory Usage (443364K) : substrate_text has 0 polygons
2026-04-05 08:55:30 +0200: Memory Usage (443492K) : dfpad_drw has 0 polygons
2026-04-05 08:55:30 +0200: Memory Usage (443492K) : dfpad_pillar has 0 polygons
2026-04-05 08:55:30 +0200: Memory Usage (443492K) : dfpad_sbump has 0 polygons
2026-04-05 08:55:30 +0200: Memory Usage (443620K) : thickgateox_drw has 0 polygons
2026-04-05 08:55:30 +0200: Memory Usage (443620K) : pldb_drw has 0 polygons
2026-04-05 08:55:30 +0200: Memory Usage (443748K) : pwell_drw has 0 polygons
2026-04-05 08:55:30 +0200: Memory Usage (443748K) : pwell_pin has 0 polygons
2026-04-05 08:55:30 +0200: Memory Usage (443876K) : pwell_block has 1 polygons
2026-04-05 08:55:30 +0200: Memory Usage (444004K) : ic_drw has 0 polygons
2026-04-05 08:55:30 +0200: Memory Usage (444004K) : via3_drw has 134 polygons
2026-04-05 08:55:30 +0200: Memory Usage (444004K) : metal4_drw has 12 polygons
2026-04-05 08:55:30 +0200: Memory Usage (444132K) : metal4_pin has 0 polygons
2026-04-05 08:55:30 +0200: Memory Usage (444132K) : metal4_mask has 0 polygons
2026-04-05 08:55:30 +0200: Memory Usage (444260K) : metal4_filler has 0 polygons
2026-04-05 08:55:30 +0200: Memory Usage (444260K) : metal4_nofill has 1 polygons
2026-04-05 08:55:30 +0200: Memory Usage (444388K) : metal4_slit has 0 polygons
2026-04-05 08:55:30 +0200: Memory Usage (444388K) : metal4_text has 0 polygons
2026-04-05 08:55:30 +0200: Memory Usage (444516K) : metal4_opc has 0 polygons
2026-04-05 08:55:30 +0200: Memory Usage (444516K) : metal4_noqrc has 1 polygons
2026-04-05 08:55:30 +0200: Memory Usage (444644K) : metal4_res has 0 polygons
2026-04-05 08:55:30 +0200: Memory Usage (444644K) : metal4_iprobe has 0 polygons
2026-04-05 08:55:30 +0200: Memory Usage (444772K) : metal4_diffprb has 0 polygons
2026-04-05 08:55:30 +0200: Memory Usage (444772K) : heattrans_drw has 99 polygons
2026-04-05 08:55:30 +0200: Memory Usage (444900K) : heatres_drw has 0 polygons
2026-04-05 08:55:30 +0200: Memory Usage (444900K) : pempoly_drw has 0 polygons
2026-04-05 08:55:30 +0200: Memory Usage (445028K) : fbe_drw has 0 polygons
2026-04-05 08:55:30 +0200: Memory Usage (445028K) : empoly_drw has 0 polygons
2026-04-05 08:55:30 +0200: Memory Usage (445156K) : ldmos_drw has 0 polygons
2026-04-05 08:55:30 +0200: Memory Usage (445156K) : pbiwind_drw has 0 polygons
2026-04-05 08:55:30 +0200: Memory Usage (445284K) : digisub_drw has 0 polygons
2026-04-05 08:55:30 +0200: Memory Usage (445284K) : nodrc_drw has 0 polygons
2026-04-05 08:55:30 +0200: Memory Usage (445284K) : text_drw has 18 polygons
2026-04-05 08:55:30 +0200: Memory Usage (445412K) : via4_drw has 134 polygons
2026-04-05 08:55:30 +0200: Memory Usage (445412K) : metal5_drw has 16 polygons
2026-04-05 08:55:30 +0200: Memory Usage (445540K) : metal5_pin has 2 polygons
2026-04-05 08:55:30 +0200: Memory Usage (445540K) : metal5_mask has 0 polygons
2026-04-05 08:55:30 +0200: Memory Usage (445668K) : metal5_filler has 0 polygons
2026-04-05 08:55:30 +0200: Memory Usage (445668K) : metal5_nofill has 1 polygons
2026-04-05 08:55:30 +0200: Memory Usage (445796K) : metal5_slit has 0 polygons
2026-04-05 08:55:30 +0200: Memory Usage (445796K) : metal5_text has 0 polygons
2026-04-05 08:55:30 +0200: Memory Usage (445796K) : metal5_opc has 0 polygons
2026-04-05 08:55:30 +0200: Memory Usage (445924K) : metal5_noqrc has 1 polygons
2026-04-05 08:55:30 +0200: Memory Usage (445924K) : metal5_res has 0 polygons
2026-04-05 08:55:30 +0200: Memory Usage (446180K) : metal5_iprobe has 0 polygons
2026-04-05 08:55:30 +0200: Memory Usage (446180K) : metal5_diffprb has 0 polygons
2026-04-05 08:55:30 +0200: Memory Usage (446308K) : radhard_drw has 0 polygons
2026-04-05 08:55:30 +0200: Memory Usage (446308K) : memcap_drw has 0 polygons
2026-04-05 08:55:30 +0200: Memory Usage (446308K) : varicap_drw has 0 polygons
2026-04-05 08:55:30 +0200: Memory Usage (446436K) : flash_drw has 0 polygons
2026-04-05 08:55:30 +0200: Memory Usage (446436K) : intbondvia_drw has 0 polygons
2026-04-05 08:55:30 +0200: Memory Usage (446564K) : intbondmet_drw has 0 polygons
2026-04-05 08:55:30 +0200: Memory Usage (446564K) : devbondvia_drw has 0 polygons
2026-04-05 08:55:30 +0200: Memory Usage (446692K) : devbondmet_drw has 0 polygons
2026-04-05 08:55:30 +0200: Memory Usage (446692K) : devtrench_drw has 0 polygons
2026-04-05 08:55:30 +0200: Memory Usage (446692K) : redist_drw has 0 polygons
2026-04-05 08:55:30 +0200: Memory Usage (446820K) : graphbot_drw has 0 polygons
2026-04-05 08:55:30 +0200: Memory Usage (446820K) : graphtop_drw has 0 polygons
2026-04-05 08:55:30 +0200: Memory Usage (446948K) : antvia1_drw has 0 polygons
2026-04-05 08:55:30 +0200: Memory Usage (446948K) : antmetal2_drw has 0 polygons
2026-04-05 08:55:30 +0200: Memory Usage (446948K) : graphcont_drw has 0 polygons
2026-04-05 08:55:30 +0200: Memory Usage (447076K) : siwg_drw has 0 polygons
2026-04-05 08:55:30 +0200: Memory Usage (447204K) : siwg_filler has 0 polygons
2026-04-05 08:55:30 +0200: Memory Usage (447204K) : siwg_nofill has 0 polygons
2026-04-05 08:55:30 +0200: Memory Usage (447332K) : sigrating_drw has 0 polygons
2026-04-05 08:55:30 +0200: Memory Usage (447332K) : singrating_drw has 0 polygons
2026-04-05 08:55:30 +0200: Memory Usage (447460K) : graphpas_drw has 0 polygons
2026-04-05 08:55:30 +0200: Memory Usage (447460K) : emwind3_drw has 0 polygons
2026-04-05 08:55:30 +0200: Memory Usage (447460K) : emwihv3_drw has 0 polygons
2026-04-05 08:55:30 +0200: Memory Usage (447460K) : redbulay_drw has 0 polygons
2026-04-05 08:55:30 +0200: Memory Usage (447588K) : smos_drw has 0 polygons
2026-04-05 08:55:30 +0200: Memory Usage (447588K) : graphpad_drw has 0 polygons
2026-04-05 08:55:30 +0200: Memory Usage (447588K) : polimide_drw has 0 polygons
2026-04-05 08:55:30 +0200: Memory Usage (447716K) : polimide_pin has 0 polygons
2026-04-05 08:55:30 +0200: Memory Usage (447716K) : recog_drw has 0 polygons
2026-04-05 08:55:30 +0200: Memory Usage (447716K) : recog_pin has 0 polygons
2026-04-05 08:55:30 +0200: Memory Usage (447716K) : recog_esd has 0 polygons
2026-04-05 08:55:30 +0200: Memory Usage (447844K) : recog_diode has 0 polygons
2026-04-05 08:55:30 +0200: Memory Usage (447844K) : recog_tsv has 0 polygons
2026-04-05 08:55:30 +0200: Memory Usage (447844K) : recog_iprobe has 0 polygons
2026-04-05 08:55:30 +0200: Memory Usage (447972K) : recog_diffprb has 0 polygons
2026-04-05 08:55:30 +0200: Memory Usage (447972K) : recog_pillar has 0 polygons
2026-04-05 08:55:30 +0200: Memory Usage (447972K) : recog_sbump has 0 polygons
2026-04-05 08:55:30 +0200: Memory Usage (447972K) : recog_otp has 0 polygons
2026-04-05 08:55:30 +0200: Memory Usage (448100K) : recog_pdiode has 0 polygons
2026-04-05 08:55:30 +0200: Memory Usage (448100K) : recog_mom has 0 polygons
2026-04-05 08:55:30 +0200: Memory Usage (448228K) : recog_pcm has 0 polygons
2026-04-05 08:55:30 +0200: Memory Usage (448228K) : colopen_drw has 0 polygons
2026-04-05 08:55:30 +0200: Memory Usage (448356K) : graphmetal1_drw has 0 polygons
2026-04-05 08:55:30 +0200: Memory Usage (448356K) : graphmetal1_filler has 0 polygons
2026-04-05 08:55:30 +0200: Memory Usage (448356K) : graphmetal1_nofill has 0 polygons
2026-04-05 08:55:30 +0200: Memory Usage (448484K) : graphmetal1_slit has 0 polygons
2026-04-05 08:55:30 +0200: Memory Usage (448484K) : graphmetal1_opc has 0 polygons
2026-04-05 08:55:30 +0200: Memory Usage (448612K) : graphmet1l_drw has 0 polygons
2026-04-05 08:55:31 +0200: Memory Usage (448612K) : graphmet1l_filler has 0 polygons
2026-04-05 08:55:31 +0200: Memory Usage (448740K) : graphmet1l_nofill has 0 polygons
2026-04-05 08:55:31 +0200: Memory Usage (448740K) : graphmet1l_slit has 0 polygons
2026-04-05 08:55:31 +0200: Memory Usage (448740K) : graphmet1l_opc has 0 polygons
2026-04-05 08:55:31 +0200: Memory Usage (448868K) : extblock_drw has 0 polygons
2026-04-05 08:55:31 +0200: Memory Usage (448868K) : nldd_drw has 0 polygons
2026-04-05 08:55:31 +0200: Memory Usage (448996K) : pldd_drw has 0 polygons
2026-04-05 08:55:31 +0200: Memory Usage (448996K) : next_drw has 0 polygons
2026-04-05 08:55:31 +0200: Memory Usage (448996K) : pext_drw has 0 polygons
2026-04-05 08:55:31 +0200: Memory Usage (448996K) : nexthv_drw has 0 polygons
2026-04-05 08:55:31 +0200: Memory Usage (449124K) : pexthv_drw has 0 polygons
2026-04-05 08:55:31 +0200: Memory Usage (449124K) : graphgate_drw has 0 polygons
2026-04-05 08:55:31 +0200: Memory Usage (449124K) : sinwg_drw has 0 polygons
2026-04-05 08:55:31 +0200: Memory Usage (449252K) : sinwg_filler has 0 polygons
2026-04-05 08:55:31 +0200: Memory Usage (449252K) : sinwg_nofill has 0 polygons
2026-04-05 08:55:31 +0200: Memory Usage (449252K) : mempad_drw has 0 polygons
2026-04-05 08:55:31 +0200: Memory Usage (449380K) : topvia1_drw has 129 polygons
2026-04-05 08:55:31 +0200: Memory Usage (449380K) : topmetal1_drw has 15 polygons
2026-04-05 08:55:31 +0200: Memory Usage (449508K) : topmetal1_pin has 2 polygons
2026-04-05 08:55:31 +0200: Memory Usage (449508K) : topmetal1_mask has 0 polygons
2026-04-05 08:55:31 +0200: Memory Usage (449508K) : topmetal1_filler has 0 polygons
2026-04-05 08:55:31 +0200: Memory Usage (449636K) : topmetal1_nofill has 1 polygons
2026-04-05 08:55:31 +0200: Memory Usage (449636K) : topmetal1_slit has 0 polygons
2026-04-05 08:55:31 +0200: Memory Usage (449764K) : topmetal1_text has 0 polygons
2026-04-05 08:55:31 +0200: Memory Usage (449764K) : topmetal1_noqrc has 1 polygons
2026-04-05 08:55:31 +0200: Memory Usage (449764K) : topmetal1_res has 0 polygons
2026-04-05 08:55:31 +0200: Memory Usage (449892K) : topmetal1_iprobe has 0 polygons
2026-04-05 08:55:31 +0200: Memory Usage (449892K) : topmetal1_diffprb has 0 polygons
2026-04-05 08:55:31 +0200: Memory Usage (450020K) : inldpwl_drw has 0 polygons
2026-04-05 08:55:31 +0200: Memory Usage (450020K) : polyres_drw has 0 polygons
2026-04-05 08:55:31 +0200: Memory Usage (450148K) : polyres_pin has 0 polygons
2026-04-05 08:55:31 +0200: Memory Usage (450148K) : vmim_drw has 576 polygons
2026-04-05 08:55:31 +0200: Memory Usage (450276K) : nbulaycut_drw has 0 polygons
2026-04-05 08:55:31 +0200: Memory Usage (450276K) : antmetal1_drw has 0 polygons
2026-04-05 08:55:31 +0200: Memory Usage (450276K) : topvia2_drw has 488 polygons
2026-04-05 08:55:31 +0200: Memory Usage (450404K) : topmetal2_drw has 11 polygons
2026-04-05 08:55:31 +0200: Memory Usage (450404K) : topmetal2_pin has 0 polygons
2026-04-05 08:55:31 +0200: Memory Usage (450532K) : topmetal2_mask has 0 polygons
2026-04-05 08:55:31 +0200: Memory Usage (450532K) : topmetal2_filler has 0 polygons
2026-04-05 08:55:31 +0200: Memory Usage (450660K) : topmetal2_nofill has 1 polygons
2026-04-05 08:55:31 +0200: Memory Usage (450660K) : topmetal2_slit has 0 polygons
2026-04-05 08:55:31 +0200: Memory Usage (450660K) : topmetal2_text has 0 polygons
2026-04-05 08:55:31 +0200: Memory Usage (450788K) : topmetal2_noqrc has 0 polygons
2026-04-05 08:55:31 +0200: Memory Usage (450788K) : topmetal2_res has 0 polygons
2026-04-05 08:55:31 +0200: Memory Usage (450916K) : topmetal2_iprobe has 0 polygons
2026-04-05 08:55:31 +0200: Memory Usage (450916K) : topmetal2_diffprb has 0 polygons
2026-04-05 08:55:31 +0200: Memory Usage (451044K) : snsring_drw has 0 polygons
2026-04-05 08:55:31 +0200: Memory Usage (451044K) : sensor_drw has 0 polygons
2026-04-05 08:55:31 +0200: Memory Usage (451044K) : snsarms_drw has 0 polygons
2026-04-05 08:55:31 +0200: Memory Usage (451172K) : snscmosvia_drw has 0 polygons
2026-04-05 08:55:31 +0200: Memory Usage (451172K) : colwind_drw has 0 polygons
2026-04-05 08:55:31 +0200: Memory Usage (451172K) : flm_drw has 0 polygons
2026-04-05 08:55:31 +0200: Memory Usage (451172K) : hafniumox_drw has 0 polygons
2026-04-05 08:55:31 +0200: Memory Usage (451300K) : memvia_drw has 0 polygons
2026-04-05 08:55:31 +0200: Memory Usage (451300K) : thinfilmres_drw has 0 polygons
2026-04-05 08:55:31 +0200: Memory Usage (451300K) : rfmem_drw has 0 polygons
2026-04-05 08:55:31 +0200: Memory Usage (451428K) : norcx_drw has 0 polygons
2026-04-05 08:55:31 +0200: Memory Usage (451428K) : norcx_m2m3 has 0 polygons
2026-04-05 08:55:31 +0200: Memory Usage (451428K) : norcx_m2m4 has 0 polygons
2026-04-05 08:55:31 +0200: Memory Usage (451428K) : norcx_m2m5 has 0 polygons
2026-04-05 08:55:31 +0200: Memory Usage (451556K) : norcx_m2tm1 has 0 polygons
2026-04-05 08:55:31 +0200: Memory Usage (451556K) : norcx_m2tm2 has 0 polygons
2026-04-05 08:55:31 +0200: Memory Usage (451684K) : norcx_m3m4 has 0 polygons
2026-04-05 08:55:31 +0200: Memory Usage (451684K) : norcx_m3m5 has 0 polygons
2026-04-05 08:55:31 +0200: Memory Usage (451684K) : norcx_m3tm1 has 0 polygons
2026-04-05 08:55:31 +0200: Memory Usage (451684K) : norcx_m3tm2 has 0 polygons
2026-04-05 08:55:31 +0200: Memory Usage (451812K) : norcx_m4m5 has 0 polygons
2026-04-05 08:55:31 +0200: Memory Usage (451812K) : norcx_m4tm1 has 0 polygons
2026-04-05 08:55:31 +0200: Memory Usage (451812K) : norcx_m4tm2 has 0 polygons
2026-04-05 08:55:31 +0200: Memory Usage (451940K) : norcx_m5tm1 has 0 polygons
2026-04-05 08:55:31 +0200: Memory Usage (451940K) : norcx_m5tm2 has 0 polygons
2026-04-05 08:55:31 +0200: Memory Usage (451940K) : norcx_tm1tm2 has 0 polygons
2026-04-05 08:55:31 +0200: Memory Usage (452068K) : norcx_m1sub has 0 polygons
2026-04-05 08:55:31 +0200: Memory Usage (452068K) : norcx_m2sub has 0 polygons
2026-04-05 08:55:31 +0200: Memory Usage (452068K) : norcx_m3sub has 0 polygons
2026-04-05 08:55:31 +0200: Memory Usage (452068K) : norcx_m4sub has 0 polygons
2026-04-05 08:55:31 +0200: Memory Usage (452196K) : norcx_m5sub has 0 polygons
2026-04-05 08:55:31 +0200: Memory Usage (452196K) : norcx_tm1sub has 0 polygons
2026-04-05 08:55:31 +0200: Memory Usage (452196K) : norcx_tm2sub has 0 polygons
2026-04-05 08:55:31 +0200: Memory Usage (452324K) : snsbotvia_drw has 0 polygons
2026-04-05 08:55:31 +0200: Memory Usage (452324K) : snstopvia_drw has 0 polygons
2026-04-05 08:55:31 +0200: Memory Usage (452452K) : deepvia_drw has 0 polygons
2026-04-05 08:55:31 +0200: Memory Usage (452452K) : fgetch_drw has 0 polygons
2026-04-05 08:55:31 +0200: Memory Usage (452452K) : ctrgat_drw has 0 polygons
2026-04-05 08:55:31 +0200: Memory Usage (452580K) : fgimp_drw has 0 polygons
2026-04-05 08:55:31 +0200: Memory Usage (452580K) : emwihv_drw has 0 polygons
2026-04-05 08:55:31 +0200: Memory Usage (452708K) : lbe_drw has 0 polygons
2026-04-05 08:55:31 +0200: Memory Usage (452708K) : alcustop_drw has 0 polygons
2026-04-05 08:55:31 +0200: Memory Usage (452836K) : nometfiller_drw has 0 polygons
2026-04-05 08:55:31 +0200: Memory Usage (452836K) : prboundary_drw has 0 polygons
2026-04-05 08:55:31 +0200: Memory Usage (452836K) : exchange0_drw has 0 polygons
2026-04-05 08:55:31 +0200: Memory Usage (452836K) : exchange0_pin has 0 polygons
2026-04-05 08:55:31 +0200: Memory Usage (452836K) : exchange0_text has 0 polygons
2026-04-05 08:55:31 +0200: Memory Usage (452836K) : exchange1_drw has 0 polygons
2026-04-05 08:55:31 +0200: Memory Usage (452836K) : exchange1_pin has 0 polygons
2026-04-05 08:55:31 +0200: Memory Usage (452836K) : exchange1_text has 0 polygons
2026-04-05 08:55:31 +0200: Memory Usage (452836K) : exchange2_drw has 0 polygons
2026-04-05 08:55:31 +0200: Memory Usage (452836K) : exchange2_pin has 0 polygons
2026-04-05 08:55:31 +0200: Memory Usage (452836K) : exchange2_text has 0 polygons
2026-04-05 08:55:31 +0200: Memory Usage (452836K) : exchange3_drw has 0 polygons
2026-04-05 08:55:31 +0200: Memory Usage (452836K) : exchange3_pin has 0 polygons
2026-04-05 08:55:31 +0200: Memory Usage (452836K) : exchange3_text has 0 polygons
2026-04-05 08:55:31 +0200: Memory Usage (452836K) : exchange4_drw has 0 polygons
2026-04-05 08:55:31 +0200: Memory Usage (452836K) : exchange4_pin has 0 polygons
2026-04-05 08:55:31 +0200: Memory Usage (452836K) : exchange4_text has 0 polygons
2026-04-05 08:55:31 +0200: Memory Usage (452836K) : isonwell_drw has 0 polygons
2026-04-05 08:55:31 +0200: Memory Usage (452836K) : Total no. of polygons in the design is 6856
2026-04-05 08:55:31 +0200: Memory Usage (452836K) : Loaded TECH DRC rules values from /foss/pdks/ihp-sg13g2/libs.tech/klayout/python/sg13g2_pycell_lib/sg13g2_tech_mod.json
2026-04-05 08:55:31 +0200: Memory Usage (452836K) : Loaded default DRC rules values from /foss/pdks/ihp-sg13g2/libs.tech/klayout/tech/drc/rule_decks/sg13g2_tech_default.json
2026-04-05 08:55:31 +0200: Memory Usage (452836K) : The following rules values were missing in tech json and default values were used:
2026-04-05 08:55:31 +0200: Memory Usage (452836K) :   - Cnt_c_digibnd
2026-04-05 08:55:31 +0200: Memory Usage (453988K) : Total area of the design is 332384.66 um^2.
2026-04-05 08:55:31 +0200: Memory Usage (453988K) : The design dimensions are 631.9100000000001 µm * 526.0 µm.
2026-04-05 08:55:31 +0200: Memory Usage (453988K) : Starting general IHP-SG13G2 derivations.
2026-04-05 08:55:31 +0200: Memory Usage (453988K) : Starting Pwell derivations
2026-04-05 08:55:31 +0200: Memory Usage (455780K) : Starting n-Activ derivations
2026-04-05 08:55:31 +0200: Memory Usage (455908K) : Starting p-Activ derivations
2026-04-05 08:55:31 +0200: Memory Usage (455908K) : Starting ptap derivations
2026-04-05 08:55:31 +0200: Memory Usage (456036K) : Starting ntap derivations
2026-04-05 08:55:31 +0200: Memory Usage (456036K) : Starting pact FET derivations
2026-04-05 08:55:31 +0200: Memory Usage (456036K) : Starting nact FET derivations
2026-04-05 08:55:31 +0200: Memory Usage (456036K) : Starting Gate derivations
2026-04-05 08:55:31 +0200: Memory Usage (456036K) : Starting cont/contbar general derivations
2026-04-05 08:55:31 +0200: Memory Usage (456036K) : Starting pad general derivations
2026-04-05 08:55:31 +0200: Memory Usage (456036K) : Starting IHP-SG13G2 DRC connectivity related derivations.
2026-04-05 08:55:31 +0200: Memory Usage (456420K) : Starting IHP-SG13G2 DRC connectivity setup
2026-04-05 08:55:31 +0200: Memory Usage (456548K) : Starting IHP-SG13G2 DRC rules.
2026-04-05 08:55:31 +0200: Memory Usage (456548K) : Running all FEOL rules
2026-04-05 08:55:31 +0200: Memory Usage (456548K) : Running all BEOL rules
2026-04-05 08:55:31 +0200: Memory Usage (456548K) : Running all PIN rules
2026-04-05 08:55:31 +0200: Memory Usage (456548K) : Running all FORBIDDEN rules
2026-04-05 08:55:31 +0200: Memory Usage (456548K) : Starting 5.1 NWell table
2026-04-05 08:55:31 +0200: Memory Usage (456548K) : Executing rule NW.b
2026-04-05 08:55:31 +0200: Memory Usage (457060K) : Executing rule NW.b1
2026-04-05 08:55:31 +0200: Memory Usage (457060K) : Starting 5.2 PWell:block
2026-04-05 08:55:31 +0200: Memory Usage (457060K) : Executing rule PWB.e
2026-04-05 08:55:31 +0200: Memory Usage (457188K) : Executing rule PWB.e1
2026-04-05 08:55:31 +0200: Memory Usage (457188K) : Executing rule PWB.f
2026-04-05 08:55:31 +0200: Memory Usage (457188K) : Executing rule PWB.f1
2026-04-05 08:55:31 +0200: Memory Usage (457188K) : Starting 5.3 nBuLay table
2026-04-05 08:55:31 +0200: Memory Usage (457188K) : Executing rule NBL.b
2026-04-05 08:55:31 +0200: Memory Usage (457188K) : Executing rule NBL.c
2026-04-05 08:55:31 +0200: Memory Usage (457188K) : Executing rule NBL.d
2026-04-05 08:55:31 +0200: Memory Usage (457188K) : Executing rule NBL.e
2026-04-05 08:55:31 +0200: Memory Usage (457188K) : Executing rule NBL.f
2026-04-05 08:55:31 +0200: Memory Usage (457188K) : Starting 5.5. Activ table
2026-04-05 08:55:31 +0200: Memory Usage (457188K) : Executing rule Act.a
2026-04-05 08:55:31 +0200: Memory Usage (457188K) : Executing rule Act.b
2026-04-05 08:55:31 +0200: Memory Usage (457188K) : Starting 5.6 Activ:filler table
2026-04-05 08:55:31 +0200: Memory Usage (457188K) : Executing rule AFil.c1
2026-04-05 08:55:31 +0200: Memory Usage (457188K) : Executing rule AFil.c
2026-04-05 08:55:31 +0200: Memory Usage (457188K) : Executing rule AFil.d
2026-04-05 08:55:31 +0200: Memory Usage (457188K) : Executing rule AFil.e
2026-04-05 08:55:31 +0200: Memory Usage (457188K) : Executing rule AFil.j
2026-04-05 08:55:31 +0200: Memory Usage (457188K) : Starting 5.7. ThickGateOx table
2026-04-05 08:55:31 +0200: Memory Usage (457188K) : Executing rule TGO.f
2026-04-05 08:55:31 +0200: Memory Usage (457188K) : Starting 5.8. GatPoly table
2026-04-05 08:55:31 +0200: Memory Usage (457188K) : Executing rule Gat.a
2026-04-05 08:55:31 +0200: Memory Usage (457188K) : Executing rule Gat.b
2026-04-05 08:55:31 +0200: Memory Usage (457188K) : Executing rule Gat.d
2026-04-05 08:55:31 +0200: Memory Usage (457188K) : Executing rule Gat.a1
2026-04-05 08:55:31 +0200: Memory Usage (457700K) : Executing rule Gat.a2
2026-04-05 08:55:31 +0200: Memory Usage (457700K) : Executing rule Gat.g
2026-04-05 08:55:31 +0200: Memory Usage (457700K) : Starting 5.9 GatPoly:filler
2026-04-05 08:55:31 +0200: Memory Usage (457700K) : Executing rule GFil.d
2026-04-05 08:55:31 +0200: Memory Usage (457700K) : Executing rule GFil.e
2026-04-05 08:55:31 +0200: Memory Usage (457700K) : Executing rule GFil.i
2026-04-05 08:55:31 +0200: Memory Usage (457700K) : Starting 5.10 pSD table
2026-04-05 08:55:31 +0200: Memory Usage (457700K) : Executing rule pSD.c1
2026-04-05 08:55:31 +0200: Memory Usage (457700K) : Starting 5.14. Cont table
2026-04-05 08:55:31 +0200: Memory Usage (457700K) : Executing rule Cnt.a
2026-04-05 08:55:31 +0200: Memory Usage (457700K) : Executing rule Cnt.b
2026-04-05 08:55:31 +0200: Memory Usage (457700K) : Executing rule Cnt.c
2026-04-05 08:55:31 +0200: Memory Usage (457828K) : Executing rule Cnt.c
2026-04-05 08:55:31 +0200: Memory Usage (457828K) : Executing rule Cnt.d
2026-04-05 08:55:31 +0200: Memory Usage (457828K) : Executing rule Cnt.e
2026-04-05 08:55:31 +0200: Memory Usage (457828K) : Executing rule Cnt.g1
2026-04-05 08:55:31 +0200: Memory Usage (458212K) : Executing rule Cnt.g2
2026-04-05 08:55:31 +0200: Memory Usage (458212K) : Starting 5.15. ContBar table
2026-04-05 08:55:31 +0200: Memory Usage (458212K) : Executing rule CntB.b1
2026-04-05 08:55:31 +0200: Memory Usage (458212K) : Executing rule CntB.h1
2026-04-05 08:55:31 +0200: Memory Usage (458212K) : Starting 6.1.3 NPN Substrate-Tie table
2026-04-05 08:55:31 +0200: Memory Usage (458212K) : Executing rule npn13G2.bR 
2026-04-05 08:55:31 +0200: Memory Usage (458212K) : Executing rule npn13G2L.cR 
2026-04-05 08:55:31 +0200: Memory Usage (458212K) : Executing rule npn13G2V.cR 
2026-04-05 08:55:31 +0200: Memory Usage (458212K) : Starting 6.7 Schottky diode table
2026-04-05 08:55:31 +0200: Memory Usage (458212K) : Executing rule Sdiod.d
2026-04-05 08:55:31 +0200: Memory Usage (458212K) : Executing rule Sdiod.e
2026-04-05 08:55:31 +0200: Memory Usage (458212K) : Starting 7.2 Latch-up table
2026-04-05 08:55:31 +0200: Memory Usage (458212K) : Executing rule LU.b
2026-04-05 08:55:31 +0200: Memory Usage (458212K) : Starting 5.16. Metal1 table
2026-04-05 08:55:31 +0200: Memory Usage (458212K) : Executing rule M1.a
2026-04-05 08:55:31 +0200: Memory Usage (458212K) : Executing rule M1.b
2026-04-05 08:55:31 +0200: Memory Usage (458340K) : Executing rule M1.e
2026-04-05 08:55:31 +0200: Memory Usage (458340K) : Executing rule M1.f
2026-04-05 08:55:31 +0200: Memory Usage (458340K) : Executing rule M1.g
2026-04-05 08:55:31 +0200: Memory Usage (458340K) : Executing rule M1.i
2026-04-05 08:55:31 +0200: Memory Usage (458340K) : Starting 5.17 Metaln table
2026-04-05 08:55:31 +0200: Memory Usage (458340K) : Executing rule M2.a
2026-04-05 08:55:31 +0200: Memory Usage (458340K) : Executing rule M2.b
2026-04-05 08:55:31 +0200: Memory Usage (458340K) : Executing rule M2.e
2026-04-05 08:55:31 +0200: Memory Usage (458340K) : Executing rule M2.f
2026-04-05 08:55:31 +0200: Memory Usage (458340K) : Executing rule M2.g
2026-04-05 08:55:31 +0200: Memory Usage (458340K) : Executing rule M2.i
2026-04-05 08:55:31 +0200: Memory Usage (458340K) : Executing rule M3.a
2026-04-05 08:55:31 +0200: Memory Usage (458340K) : Executing rule M3.b
2026-04-05 08:55:31 +0200: Memory Usage (458340K) : Executing rule M3.e
2026-04-05 08:55:31 +0200: Memory Usage (458340K) : Executing rule M3.f
2026-04-05 08:55:31 +0200: Memory Usage (458340K) : Executing rule M3.g
2026-04-05 08:55:31 +0200: Memory Usage (458340K) : Executing rule M3.i
2026-04-05 08:55:31 +0200: Memory Usage (458340K) : Executing rule M4.a
2026-04-05 08:55:31 +0200: Memory Usage (458340K) : Executing rule M4.b
2026-04-05 08:55:31 +0200: Memory Usage (458340K) : Executing rule M4.e
2026-04-05 08:55:31 +0200: Memory Usage (458340K) : Executing rule M4.f
2026-04-05 08:55:31 +0200: Memory Usage (458340K) : Executing rule M4.g
2026-04-05 08:55:32 +0200: Memory Usage (458340K) : Executing rule M4.i
2026-04-05 08:55:32 +0200: Memory Usage (458340K) : Executing rule M5.a
2026-04-05 08:55:32 +0200: Memory Usage (458340K) : Executing rule M5.b
2026-04-05 08:55:32 +0200: Memory Usage (458340K) : Executing rule M5.e
2026-04-05 08:55:32 +0200: Memory Usage (458340K) : Executing rule M5.f
2026-04-05 08:55:32 +0200: Memory Usage (458340K) : Executing rule M5.g
2026-04-05 08:55:32 +0200: Memory Usage (458340K) : Executing rule M5.i
2026-04-05 08:55:32 +0200: Memory Usage (458340K) : Starting 5.18 Metaln:filler table
2026-04-05 08:55:32 +0200: Memory Usage (458340K) : Executing rule M1Fil.c
2026-04-05 08:55:32 +0200: Memory Usage (458340K) : Executing rule M1Fil.a2
2026-04-05 08:55:32 +0200: Memory Usage (458340K) : Executing rule M2Fil.c
2026-04-05 08:55:32 +0200: Memory Usage (458340K) : Executing rule M2Fil.a2
2026-04-05 08:55:32 +0200: Memory Usage (458340K) : Executing rule M3Fil.c
2026-04-05 08:55:32 +0200: Memory Usage (458340K) : Executing rule M3Fil.a2
2026-04-05 08:55:32 +0200: Memory Usage (458340K) : Executing rule M4Fil.c
2026-04-05 08:55:32 +0200: Memory Usage (458340K) : Executing rule M4Fil.a2
2026-04-05 08:55:32 +0200: Memory Usage (458340K) : Executing rule M5Fil.c
2026-04-05 08:55:32 +0200: Memory Usage (458340K) : Executing rule M5Fil.a2
2026-04-05 08:55:32 +0200: Memory Usage (458340K) : Starting 5.19. Via1 table
2026-04-05 08:55:32 +0200: Memory Usage (458340K) : Starting 5.19. Via1 table derivations
2026-04-05 08:55:32 +0200: Memory Usage (458340K) : Executing rule V1.a
2026-04-05 08:55:32 +0200: Memory Usage (458340K) : Executing rule V1.b
2026-04-05 08:55:32 +0200: Memory Usage (458340K) : Executing rule V1.c
2026-04-05 08:55:32 +0200: Memory Usage (458340K) : Starting 5.20. Vian table
2026-04-05 08:55:32 +0200: Memory Usage (458340K) : Executing rule V2.a
2026-04-05 08:55:32 +0200: Memory Usage (458340K) : Executing rule V2.b
2026-04-05 08:55:32 +0200: Memory Usage (458340K) : Executing rule V2.c
2026-04-05 08:55:32 +0200: Memory Usage (458340K) : Executing rule V3.a
2026-04-05 08:55:32 +0200: Memory Usage (458340K) : Executing rule V3.b
2026-04-05 08:55:32 +0200: Memory Usage (458340K) : Executing rule V3.c
2026-04-05 08:55:32 +0200: Memory Usage (458340K) : Executing rule V4.a
2026-04-05 08:55:32 +0200: Memory Usage (458340K) : Executing rule V4.b
2026-04-05 08:55:32 +0200: Memory Usage (458340K) : Executing rule V4.c
2026-04-05 08:55:32 +0200: Memory Usage (458340K) : Starting 5.21. TopVia1 table
2026-04-05 08:55:32 +0200: Memory Usage (458340K) : Executing rule TV1.a
2026-04-05 08:55:32 +0200: Memory Usage (458468K) : Executing rule TV1.b
2026-04-05 08:55:32 +0200: Memory Usage (458596K) : Executing rule TV1.c
2026-04-05 08:55:32 +0200: Memory Usage (458724K) : Executing rule TV1.d
2026-04-05 08:55:32 +0200: Memory Usage (458724K) : Starting 5.22. TopMetal1 table
2026-04-05 08:55:32 +0200: Memory Usage (458724K) : Executing rule TM1.a
2026-04-05 08:55:32 +0200: Memory Usage (458852K) : Executing rule TM1.b
2026-04-05 08:55:32 +0200: Memory Usage (458980K) : Starting 5.23 TopMetal1:filler table
2026-04-05 08:55:32 +0200: Memory Usage (458980K) : Executing rule TM1Fil.c
2026-04-05 08:55:32 +0200: Memory Usage (458980K) : Executing rule TM1Fil.a1
2026-04-05 08:55:32 +0200: Memory Usage (458980K) : Starting 5.24. TopVia2 table
2026-04-05 08:55:32 +0200: Memory Usage (458980K) : Executing rule TV2.a
2026-04-05 08:55:32 +0200: Memory Usage (458980K) : Executing rule TV2.b
2026-04-05 08:55:32 +0200: Memory Usage (459108K) : Executing rule TV2.c
2026-04-05 08:55:32 +0200: Memory Usage (459236K) : Executing rule TV2.d
2026-04-05 08:55:32 +0200: Memory Usage (459236K) : Starting 5.25. TopMetal2 table
2026-04-05 08:55:32 +0200: Memory Usage (459236K) : Executing rule TM2.a
2026-04-05 08:55:32 +0200: Memory Usage (459236K) : Executing rule TM2.b
2026-04-05 08:55:32 +0200: Memory Usage (459236K) : Executing rule TM2.bR
2026-04-05 08:55:32 +0200: Memory Usage (459236K) : Starting 5.26 TopMetal2:filler table
2026-04-05 08:55:32 +0200: Memory Usage (459236K) : Executing rule TM2Fil.c
2026-04-05 08:55:32 +0200: Memory Usage (459236K) : Executing rule TM2Fil.a1
2026-04-05 08:55:32 +0200: Memory Usage (459236K) : Starting 5.27. Passiv table
2026-04-05 08:55:32 +0200: Memory Usage (459236K) : Executing rule Pas.a
2026-04-05 08:55:32 +0200: Memory Usage (459236K) : Executing rule Pas.b
2026-04-05 08:55:32 +0200: Memory Usage (459236K) : Executing rule Pas.c
2026-04-05 08:55:32 +0200: Memory Usage (459236K) : Starting 6.9.2 Copper Pillar table
2026-04-05 08:55:32 +0200: Memory Usage (459236K) : Executing rule Padc.a
2026-04-05 08:55:32 +0200: Memory Usage (459236K) : Executing rule Padc.b
2026-04-05 08:55:32 +0200: Memory Usage (459236K) : Executing rule Padc.c
2026-04-05 08:55:32 +0200: Memory Usage (459236K) : Executing rule Padb.f
2026-04-05 08:55:32 +0200: Memory Usage (459236K) : Starting 6.9 Pad table
2026-04-05 08:55:32 +0200: Memory Usage (459236K) : Executing rule Pad.m
2026-04-05 08:55:32 +0200: Memory Usage (459236K) : Executing rule Pad.fR_M1
2026-04-05 08:55:32 +0200: Memory Usage (459236K) : Executing rule Pad.fR_M2
2026-04-05 08:55:32 +0200: Memory Usage (459236K) : Executing rule Pad.fR_M3
2026-04-05 08:55:32 +0200: Memory Usage (459236K) : Executing rule Pad.fR_M4
2026-04-05 08:55:32 +0200: Memory Usage (459236K) : Executing rule Pad.fR_M5
2026-04-05 08:55:32 +0200: Memory Usage (459236K) : Executing rule Pad.fR_TM1
2026-04-05 08:55:32 +0200: Memory Usage (459236K) : Executing rule Pad.fR_TM2
2026-04-05 08:55:32 +0200: Memory Usage (459236K) : Executing rule Pad.i
2026-04-05 08:55:32 +0200: Memory Usage (459236K) : Starting 6.9.1 Solder Bump
2026-04-05 08:55:32 +0200: Memory Usage (459236K) : Executing rule Padb.a
2026-04-05 08:55:32 +0200: Memory Usage (459236K) : Executing rule Padb.b
2026-04-05 08:55:32 +0200: Memory Usage (459236K) : Executing rule Padb.c
2026-04-05 08:55:32 +0200: Memory Usage (459236K) : Executing rule Padb.f
2026-04-05 08:55:32 +0200: Memory Usage (459236K) : Executing rule Padb.d
2026-04-05 08:55:32 +0200: Memory Usage (459236K) : Starting 6.10 Sealring table
2026-04-05 08:55:32 +0200: Memory Usage (459236K) : Executing rule Seal.l
2026-04-05 08:55:32 +0200: Memory Usage (459236K) : Executing rule Seal.n
2026-04-05 08:55:32 +0200: Memory Usage (459236K) : Executing rule seal.b_metal1
2026-04-05 08:55:32 +0200: Memory Usage (459236K) : Executing rule seal.b_metal2
2026-04-05 08:55:32 +0200: Memory Usage (459236K) : Executing rule seal.b_metal3
2026-04-05 08:55:32 +0200: Memory Usage (459236K) : Executing rule seal.b_metal4
2026-04-05 08:55:32 +0200: Memory Usage (459236K) : Executing rule seal.b_metal5
2026-04-05 08:55:32 +0200: Memory Usage (459236K) : Executing rule seal.b_topmetal1
2026-04-05 08:55:32 +0200: Memory Usage (459236K) : Executing rule seal.b_topmetal2
2026-04-05 08:55:32 +0200: Memory Usage (459236K) : Executing rule seal.b_activ
2026-04-05 08:55:32 +0200: Memory Usage (459236K) : Executing rule seal.b_psd
2026-04-05 08:55:32 +0200: Memory Usage (459236K) : Executing rule Seal.k
2026-04-05 08:55:32 +0200: Memory Usage (459236K) : Executing rule Seal.m
2026-04-05 08:55:32 +0200: Memory Usage (459236K) : Starting 6.11 MIM table
2026-04-05 08:55:32 +0200: Memory Usage (459236K) : Executing rule MIM.c
2026-04-05 08:55:32 +0200: Memory Usage (459236K) : Executing rule MIM.d
2026-04-05 08:55:32 +0200: Memory Usage (459236K) : Executing rule MIM.gR
2026-04-05 08:55:32 +0200: Memory Usage (459236K) : Starting 7.3 Metal Slits table
2026-04-05 08:55:32 +0200: Memory Usage (459236K) : Executing rule Slt.e1_M1
2026-04-05 08:55:32 +0200: Memory Usage (459236K) : Executing rule Slt.e1_M2
2026-04-05 08:55:32 +0200: Memory Usage (459236K) : Executing rule Slt.e1_M3
2026-04-05 08:55:32 +0200: Memory Usage (459236K) : Executing rule Slt.e1_M4
2026-04-05 08:55:32 +0200: Memory Usage (459236K) : Executing rule Slt.e1_M5
2026-04-05 08:55:32 +0200: Memory Usage (459236K) : Executing rule Slt.e1_TM1
2026-04-05 08:55:32 +0200: Memory Usage (459236K) : Executing rule Slt.e1_TM2
2026-04-05 08:55:32 +0200: Memory Usage (459236K) : Starting 9.1. LBE table
2026-04-05 08:55:32 +0200: Memory Usage (459236K) : Executing rule LBE.a
2026-04-05 08:55:32 +0200: Memory Usage (459236K) : Executing rule LBE.b
2026-04-05 08:55:32 +0200: Memory Usage (459236K) : Executing rule LBE.b1
2026-04-05 08:55:32 +0200: Memory Usage (459236K) : Executing rule LBE.c
2026-04-05 08:55:32 +0200: Memory Usage (459236K) : Executing rule LBE.d
2026-04-05 08:55:32 +0200: Memory Usage (459236K) : Executing rule LBE.h
2026-04-05 08:55:32 +0200: Memory Usage (459236K) : Starting 7.4. PIN table
2026-04-05 08:55:32 +0200: Memory Usage (459236K) : Executing rule Pin.a
2026-04-05 08:55:32 +0200: Memory Usage (459236K) : Executing rule Pin.b
2026-04-05 08:55:32 +0200: Memory Usage (459236K) : Executing rule Pin.e
2026-04-05 08:55:32 +0200: Memory Usage (459236K) : Executing rule Pin.f_M2
2026-04-05 08:55:32 +0200: Memory Usage (459236K) : Executing rule Pin.f_M3
2026-04-05 08:55:32 +0200: Memory Usage (459236K) : Executing rule Pin.f_M4
2026-04-05 08:55:32 +0200: Memory Usage (459236K) : Executing rule Pin.f_M5
2026-04-05 08:55:32 +0200: Memory Usage (459236K) : Executing rule Pin.g
2026-04-05 08:55:32 +0200: Memory Usage (459236K) : Executing rule Pin.h
2026-04-05 08:55:32 +0200: Memory Usage (459236K) : Starting 3.2. FORBIDDEN table
2026-04-05 08:55:32 +0200: Memory Usage (459236K) : Executing rule forbidden.biwind
2026-04-05 08:55:32 +0200: Memory Usage (459236K) : Executing rule forbidden.pemwind
2026-04-05 08:55:32 +0200: Memory Usage (459236K) : Executing rule forbidden.baspoly
2026-04-05 08:55:32 +0200: Memory Usage (459236K) : Executing rule forbidden.deepco
2026-04-05 08:55:32 +0200: Memory Usage (459236K) : Executing rule forbidden.pempoly
2026-04-05 08:55:32 +0200: Memory Usage (459236K) : Executing rule forbidden.empoly
2026-04-05 08:55:32 +0200: Memory Usage (459236K) : Executing rule forbidden.ldmos
2026-04-05 08:55:32 +0200: Memory Usage (459364K) : Executing rule forbidden.pbiwind
2026-04-05 08:55:32 +0200: Memory Usage (459364K) : Executing rule forbidden.nodrc
2026-04-05 08:55:32 +0200: Memory Usage (459364K) : Executing rule forbidden.flash
2026-04-05 08:55:32 +0200: Memory Usage (459364K) : Executing rule forbidden.colwind
2026-04-05 08:55:32 +0200: Memory Usage (459364K) : KLayout DRC run for tables 'main' completed in 1.78 seconds
