Reading timing models for corner nom_typ_1p20V_25C…
Reading timing library for the 'nom_typ_1p20V_25C' corner at '/home/hansa/.ciel/ciel/ihp-sg13g2/versions/c4b8b4e5e7a05f375cca3815d51b3a37721fbf5c/ihp-sg13g2/libs.ref/sg13g2_stdcell/lib/sg13g2_stdcell_typ_1p20V_25C.lib'…
Reading timing library for the 'nom_typ_1p20V_25C' corner at '/home/hansa/.ciel/ciel/ihp-sg13g2/versions/c4b8b4e5e7a05f375cca3815d51b3a37721fbf5c/ihp-sg13g2/libs.ref/sg13g2_io/lib/sg13g2_io_typ_1p2V_3p3V_25C.lib'…
Reading OpenROAD database at '/home/hansa/projects/frac-n-pll-vco-smacd_2026/schematic/blocks/dsm/src/runs/RUN_2026-03-04_15-08-00/32-openroad-repairdesignpostgpl/dsm_and_freq_divider.odb'…
Reading design constraints file at '/home/hansa/projects/frac-n-pll-vco-smacd_2026/schematic/blocks/dsm/src/my_constraints.sdc'…
[INFO] No information on clock propagation in input SDC file-- propagating all clocks.
+ detailed_placement -max_displacement  500 100 
Placement Analysis
---------------------------------
total displacement          0.0 u
average displacement        0.0 u
max displacement            0.0 u
original HPWL            2665.3 u
legalized HPWL           2742.8 u
delta HPWL                    3 %

[INFO DPL-0020] Mirrored 42 instances
[INFO DPL-0021] HPWL before            2742.8 u
[INFO DPL-0022] HPWL after             2665.3 u
[INFO DPL-0023] HPWL delta               -2.8 %
Setting global connections for newly added cells…
[INFO] Setting global connections...
[INFO ODB-0403] 0 connections made, 0 conflicts skipped.
Updating metrics…
Cell type report:                       Count       Area
  Timing Repair Buffer                     11      79.83
  Inverter                                 32     174.18
  Sequential cell                          27    1322.70
  Multi-Input combinational cell           93    1075.94
  Total                                   163    2652.65
Writing OpenROAD database to '/home/hansa/projects/frac-n-pll-vco-smacd_2026/schematic/blocks/dsm/src/runs/RUN_2026-03-04_15-08-00/34-openroad-detailedplacement/dsm_and_freq_divider.odb'…
Writing netlist to '/home/hansa/projects/frac-n-pll-vco-smacd_2026/schematic/blocks/dsm/src/runs/RUN_2026-03-04_15-08-00/34-openroad-detailedplacement/dsm_and_freq_divider.nl.v'…
Writing powered netlist to '/home/hansa/projects/frac-n-pll-vco-smacd_2026/schematic/blocks/dsm/src/runs/RUN_2026-03-04_15-08-00/34-openroad-detailedplacement/dsm_and_freq_divider.pnl.v'…
Writing layout to '/home/hansa/projects/frac-n-pll-vco-smacd_2026/schematic/blocks/dsm/src/runs/RUN_2026-03-04_15-08-00/34-openroad-detailedplacement/dsm_and_freq_divider.def'…
Writing timing constraints to '/home/hansa/projects/frac-n-pll-vco-smacd_2026/schematic/blocks/dsm/src/runs/RUN_2026-03-04_15-08-00/34-openroad-detailedplacement/dsm_and_freq_divider.sdc'…
