132. Printing statistics.

=== dsm_and_freq_divider ===

        +----------Local Count, excluding submodules.
        |        +-Local Area, excluding submodules.
        |        | 
      153        - wires
      185        - wire bits
       24        - public wires
       40        - public wire bits
        6        - ports
        6        - port bits
      171 1.32E+03 cells
       29        -   $_ANDNOT_
        2        -   $_AND_
       11        -   $_MUX_
        6        -   $_NAND_
       14        -   $_NOR_
       33        -   $_NOT_
        6        -   $_ORNOT_
        9        -   $_OR_
       14        -   $_XNOR_
       20        -   $_XOR_
       27 1.32E+03   sg13g2_dfrbpq_1

   Area for cell type $_ANDNOT_ is unknown!
   Area for cell type $_AND_ is unknown!
   Area for cell type $_MUX_ is unknown!
   Area for cell type $_NAND_ is unknown!
   Area for cell type $_NOR_ is unknown!
   Area for cell type $_NOT_ is unknown!
   Area for cell type $_ORNOT_ is unknown!
   Area for cell type $_OR_ is unknown!
   Area for cell type $_XNOR_ is unknown!
   Area for cell type $_XOR_ is unknown!

   Chip area for module '\dsm_and_freq_divider': 1322.697600
     of which used for sequential elements: 1322.697600 (100.00%)

