140. Printing statistics.

=== dsm_and_freq_divider ===

        +----------Local Count, excluding submodules.
        |        +-Local Area, excluding submodules.
        |        | 
      157        - wires
      157        - wire bits
       40        - public wires
       40        - public wire bits
        6        - ports
        6        - port bits
      152 2.57E+03 cells
        1   12.701   sg13g2_a21o_1
        2    29.03   sg13g2_a21o_2
       15   136.08   sg13g2_a21oi_1
        1   14.515   sg13g2_a21oi_2
        1   14.515   sg13g2_a221oi_1
        5    45.36   sg13g2_and2_1
        1   12.701   sg13g2_and3_1
       27 1.32E+03   sg13g2_dfrbpq_1
       32  174.182   sg13g2_inv_1
        9  163.296   sg13g2_mux2_1
       11   79.834   sg13g2_nand2_1
        1    9.072   sg13g2_nand2b_1
        4   36.288   sg13g2_nand3_1
        6   43.546   sg13g2_nor2_1
        4   36.288   sg13g2_nor2b_1
        1    9.072   sg13g2_nor3_1
        3   27.216   sg13g2_o21ai_1
       15  217.728   sg13g2_xnor2_1
       13  188.698   sg13g2_xor2_1

   Chip area for module '\dsm_and_freq_divider': 2572.819200
     of which used for sequential elements: 1322.697600 (51.41%)

