# Logfile created on 2026-03-26 17:50:45 +0100 by logger.rb/v1.5.3
2026-03-26 17:50:45 +0100: Memory Usage (435960K) : Starting running IHP-SG13G2 KLayout DRC runset on /foss/designs/frac-n-pll-vco-unic_cass/layout/LC_VCO.gds
2026-03-26 17:50:45 +0100: Memory Usage (435960K) : Ruby Version for klayout: 3.2.3
2026-03-26 17:50:45 +0100: Memory Usage (436984K) : Loading database to memory is complete.
2026-03-26 17:50:45 +0100: Memory Usage (436984K) : IHP-SG13G2 KLayout DRC runset output at: /foss/designs/frac-n-pll-vco-unic_cass/layout/drc_run_LC_VCO/LC_VCO_LC_VCO_main.lyrdb
2026-03-26 17:50:45 +0100: Memory Usage (436984K) : Evaluate switches.
2026-03-26 17:50:45 +0100: Memory Usage (436984K) : tables selected: main
2026-03-26 17:50:45 +0100: Memory Usage (436984K) : KLayout will use 1 thread(s) in tiling mode.
2026-03-26 17:50:45 +0100: Memory Usage (436984K) : deep mode is enabled.
2026-03-26 17:50:45 +0100: Memory Usage (436984K) : FEOL enabled: true
2026-03-26 17:50:45 +0100: Memory Usage (437112K) : BEOL enabled: true
2026-03-26 17:50:45 +0100: Memory Usage (437112K) : OFFGRID enabled: true
2026-03-26 17:50:45 +0100: Memory Usage (437112K) : PIN enabled: true
2026-03-26 17:50:45 +0100: Memory Usage (437112K) : FORBIDDEN enabled: true
2026-03-26 17:50:45 +0100: Memory Usage (437112K) : RECOMMENDED enabled: true
2026-03-26 17:50:45 +0100: Memory Usage (437112K) : PreCheck DRC enabled: false
2026-03-26 17:50:45 +0100: Memory Usage (437112K) : CONNECTIVITY_RULES enabled: true.
2026-03-26 17:50:45 +0100: Memory Usage (437112K) : Read in polygons from layers.
2026-03-26 17:50:45 +0100: Memory Usage (438264K) : activ_drw has 250 polygons
2026-03-26 17:50:45 +0100: Memory Usage (438264K) : activ_pin has 0 polygons
2026-03-26 17:50:45 +0100: Memory Usage (438264K) : activ_mask has 0 polygons
2026-03-26 17:50:45 +0100: Memory Usage (438264K) : activ_filler has 0 polygons
2026-03-26 17:50:45 +0100: Memory Usage (438392K) : activ_nofill has 1 polygons
2026-03-26 17:50:45 +0100: Memory Usage (438392K) : activ_opc has 0 polygons
2026-03-26 17:50:45 +0100: Memory Usage (438392K) : activ_iopc has 0 polygons
2026-03-26 17:50:45 +0100: Memory Usage (438392K) : activ_noqrc has 0 polygons
2026-03-26 17:50:45 +0100: Memory Usage (438392K) : biwind_drw has 0 polygons
2026-03-26 17:50:45 +0100: Memory Usage (438392K) : biwind_opc has 0 polygons
2026-03-26 17:50:45 +0100: Memory Usage (438392K) : pemwind_drw has 0 polygons
2026-03-26 17:50:45 +0100: Memory Usage (438392K) : gatpoly_drw has 278 polygons
2026-03-26 17:50:45 +0100: Memory Usage (438392K) : gatpoly_pin has 4 polygons
2026-03-26 17:50:45 +0100: Memory Usage (438392K) : gatpoly_filler has 0 polygons
2026-03-26 17:50:45 +0100: Memory Usage (438392K) : gatpoly_nofill has 1 polygons
2026-03-26 17:50:45 +0100: Memory Usage (438392K) : gatpoly_opc has 0 polygons
2026-03-26 17:50:45 +0100: Memory Usage (438392K) : gatpoly_iopc has 0 polygons
2026-03-26 17:50:45 +0100: Memory Usage (438392K) : gatpoly_noqrc has 0 polygons
2026-03-26 17:50:45 +0100: Memory Usage (438520K) : cont_drw has 2850 polygons
2026-03-26 17:50:45 +0100: Memory Usage (438520K) : cont_opc has 0 polygons
2026-03-26 17:50:45 +0100: Memory Usage (438520K) : nsd_drw has 4 polygons
2026-03-26 17:50:45 +0100: Memory Usage (438520K) : nsd_block has 0 polygons
2026-03-26 17:50:45 +0100: Memory Usage (438520K) : metal1_drw has 481 polygons
2026-03-26 17:50:45 +0100: Memory Usage (438648K) : metal1_pin has 13 polygons
2026-03-26 17:50:45 +0100: Memory Usage (438904K) : metal1_mask has 0 polygons
2026-03-26 17:50:45 +0100: Memory Usage (438904K) : metal1_filler has 0 polygons
2026-03-26 17:50:45 +0100: Memory Usage (438904K) : metal1_nofill has 1 polygons
2026-03-26 17:50:45 +0100: Memory Usage (438904K) : metal1_slit has 0 polygons
2026-03-26 17:50:45 +0100: Memory Usage (439288K) : metal1_text has 1 polygons
2026-03-26 17:50:45 +0100: Memory Usage (439288K) : metal1_opc has 0 polygons
2026-03-26 17:50:45 +0100: Memory Usage (439288K) : metal1_noqrc has 0 polygons
2026-03-26 17:50:45 +0100: Memory Usage (439416K) : metal1_res has 0 polygons
2026-03-26 17:50:45 +0100: Memory Usage (439416K) : metal1_iprobe has 0 polygons
2026-03-26 17:50:45 +0100: Memory Usage (439544K) : metal1_diffprb has 0 polygons
2026-03-26 17:50:45 +0100: Memory Usage (439544K) : passiv_drw has 0 polygons
2026-03-26 17:50:45 +0100: Memory Usage (439544K) : passiv_pin has 0 polygons
2026-03-26 17:50:45 +0100: Memory Usage (439672K) : passiv_sbump has 0 polygons
2026-03-26 17:50:45 +0100: Memory Usage (439672K) : passiv_pillar has 0 polygons
2026-03-26 17:50:45 +0100: Memory Usage (439800K) : passiv_pdl has 0 polygons
2026-03-26 17:50:45 +0100: Memory Usage (439800K) : metal2_drw has 26 polygons
2026-03-26 17:50:45 +0100: Memory Usage (439928K) : metal2_pin has 5 polygons
2026-03-26 17:50:45 +0100: Memory Usage (439928K) : metal2_mask has 0 polygons
2026-03-26 17:50:45 +0100: Memory Usage (439928K) : metal2_filler has 0 polygons
2026-03-26 17:50:45 +0100: Memory Usage (440056K) : metal2_nofill has 1 polygons
2026-03-26 17:50:45 +0100: Memory Usage (440056K) : metal2_slit has 0 polygons
2026-03-26 17:50:45 +0100: Memory Usage (440184K) : metal2_text has 5 polygons
2026-03-26 17:50:45 +0100: Memory Usage (440184K) : metal2_opc has 0 polygons
2026-03-26 17:50:45 +0100: Memory Usage (440312K) : metal2_noqrc has 0 polygons
2026-03-26 17:50:45 +0100: Memory Usage (440440K) : metal2_res has 0 polygons
2026-03-26 17:50:45 +0100: Memory Usage (440440K) : metal2_iprobe has 0 polygons
2026-03-26 17:50:45 +0100: Memory Usage (440440K) : metal2_diffprb has 0 polygons
2026-03-26 17:50:45 +0100: Memory Usage (440568K) : baspoly_drw has 0 polygons
2026-03-26 17:50:45 +0100: Memory Usage (440568K) : baspoly_pin has 0 polygons
2026-03-26 17:50:45 +0100: Memory Usage (440696K) : psd_drw has 24 polygons
2026-03-26 17:50:45 +0100: Memory Usage (440696K) : nldb_drw has 0 polygons
2026-03-26 17:50:45 +0100: Memory Usage (440824K) : digibnd_drw has 0 polygons
2026-03-26 17:50:45 +0100: Memory Usage (440824K) : via1_drw has 22 polygons
2026-03-26 17:50:45 +0100: Memory Usage (440824K) : backmetal1_drw has 0 polygons
2026-03-26 17:50:45 +0100: Memory Usage (440952K) : backmetal1_pin has 0 polygons
2026-03-26 17:50:45 +0100: Memory Usage (440952K) : backmetal1_mask has 0 polygons
2026-03-26 17:50:45 +0100: Memory Usage (441080K) : backmetal1_filler has 0 polygons
2026-03-26 17:50:45 +0100: Memory Usage (441080K) : backmetal1_nofill has 0 polygons
2026-03-26 17:50:45 +0100: Memory Usage (441208K) : backmetal1_slit has 0 polygons
2026-03-26 17:50:45 +0100: Memory Usage (441208K) : backmetal1_text has 0 polygons
2026-03-26 17:50:45 +0100: Memory Usage (441208K) : backmetal1_opc has 0 polygons
2026-03-26 17:50:45 +0100: Memory Usage (441336K) : backmetal1_noqrc has 0 polygons
2026-03-26 17:50:45 +0100: Memory Usage (441336K) : backmetal1_res has 0 polygons
2026-03-26 17:50:45 +0100: Memory Usage (441464K) : backmetal1_iprobe has 0 polygons
2026-03-26 17:50:45 +0100: Memory Usage (441464K) : backmetal1_diffprb has 0 polygons
2026-03-26 17:50:45 +0100: Memory Usage (441464K) : backpassiv_drw has 0 polygons
2026-03-26 17:50:45 +0100: Memory Usage (441592K) : res_drw has 0 polygons
2026-03-26 17:50:45 +0100: Memory Usage (441592K) : sram_drw has 0 polygons
2026-03-26 17:50:45 +0100: Memory Usage (441720K) : trans_drw has 0 polygons
2026-03-26 17:50:45 +0100: Memory Usage (441720K) : ind_drw has 2 polygons
2026-03-26 17:50:45 +0100: Memory Usage (441848K) : ind_pin has 2 polygons
2026-03-26 17:50:45 +0100: Memory Usage (441976K) : ind_text has 0 polygons
2026-03-26 17:50:45 +0100: Memory Usage (441976K) : salblock_drw has 1 polygons
2026-03-26 17:50:45 +0100: Memory Usage (441976K) : via2_drw has 130 polygons
2026-03-26 17:50:45 +0100: Memory Usage (442232K) : metal3_drw has 12 polygons
2026-03-26 17:50:45 +0100: Memory Usage (442232K) : metal3_pin has 0 polygons
2026-03-26 17:50:45 +0100: Memory Usage (442360K) : metal3_mask has 0 polygons
2026-03-26 17:50:45 +0100: Memory Usage (442360K) : metal3_filler has 0 polygons
2026-03-26 17:50:45 +0100: Memory Usage (442360K) : metal3_nofill has 1 polygons
2026-03-26 17:50:45 +0100: Memory Usage (442488K) : metal3_slit has 0 polygons
2026-03-26 17:50:45 +0100: Memory Usage (442488K) : metal3_text has 0 polygons
2026-03-26 17:50:45 +0100: Memory Usage (442616K) : metal3_opc has 0 polygons
2026-03-26 17:50:45 +0100: Memory Usage (442616K) : metal3_noqrc has 0 polygons
2026-03-26 17:50:45 +0100: Memory Usage (442744K) : metal3_res has 0 polygons
2026-03-26 17:50:45 +0100: Memory Usage (442744K) : metal3_iprobe has 0 polygons
2026-03-26 17:50:45 +0100: Memory Usage (442744K) : metal3_diffprb has 0 polygons
2026-03-26 17:50:45 +0100: Memory Usage (442872K) : nwell_drw has 16 polygons
2026-03-26 17:50:45 +0100: Memory Usage (443000K) : nwell_pin has 0 polygons
2026-03-26 17:50:45 +0100: Memory Usage (443000K) : nbulay_drw has 0 polygons
2026-03-26 17:50:45 +0100: Memory Usage (443128K) : nbulay_pin has 0 polygons
2026-03-26 17:50:45 +0100: Memory Usage (443128K) : nbulay_block has 0 polygons
2026-03-26 17:50:45 +0100: Memory Usage (443128K) : emwind_drw has 0 polygons
2026-03-26 17:50:45 +0100: Memory Usage (443256K) : emwind_opc has 0 polygons
2026-03-26 17:50:45 +0100: Memory Usage (443384K) : deepco_drw has 0 polygons
2026-03-26 17:50:45 +0100: Memory Usage (443384K) : deepco_drw has 0 polygons
2026-03-26 17:50:45 +0100: Memory Usage (443512K) : mim_drw has 12 polygons
2026-03-26 17:50:45 +0100: Memory Usage (443640K) : edgeseal_drw has 0 polygons
2026-03-26 17:50:45 +0100: Memory Usage (443640K) : edgeseal_bound has 0 polygons
2026-03-26 17:50:45 +0100: Memory Usage (443768K) : substrate_drw has 8 polygons
2026-03-26 17:50:45 +0100: Memory Usage (443768K) : substrate_text has 0 polygons
2026-03-26 17:50:45 +0100: Memory Usage (443768K) : dfpad_drw has 0 polygons
2026-03-26 17:50:45 +0100: Memory Usage (443896K) : dfpad_pillar has 0 polygons
2026-03-26 17:50:45 +0100: Memory Usage (443896K) : dfpad_sbump has 0 polygons
2026-03-26 17:50:45 +0100: Memory Usage (444024K) : thickgateox_drw has 0 polygons
2026-03-26 17:50:45 +0100: Memory Usage (444024K) : pldb_drw has 0 polygons
2026-03-26 17:50:45 +0100: Memory Usage (444024K) : pwell_drw has 0 polygons
2026-03-26 17:50:45 +0100: Memory Usage (444152K) : pwell_pin has 0 polygons
2026-03-26 17:50:45 +0100: Memory Usage (444152K) : pwell_block has 0 polygons
2026-03-26 17:50:45 +0100: Memory Usage (444280K) : ic_drw has 0 polygons
2026-03-26 17:50:45 +0100: Memory Usage (444280K) : via3_drw has 130 polygons
2026-03-26 17:50:45 +0100: Memory Usage (444408K) : metal4_drw has 12 polygons
2026-03-26 17:50:45 +0100: Memory Usage (444536K) : metal4_pin has 0 polygons
2026-03-26 17:50:45 +0100: Memory Usage (444536K) : metal4_mask has 0 polygons
2026-03-26 17:50:45 +0100: Memory Usage (444536K) : metal4_filler has 0 polygons
2026-03-26 17:50:45 +0100: Memory Usage (444664K) : metal4_nofill has 1 polygons
2026-03-26 17:50:45 +0100: Memory Usage (444664K) : metal4_slit has 0 polygons
2026-03-26 17:50:45 +0100: Memory Usage (444792K) : metal4_text has 0 polygons
2026-03-26 17:50:45 +0100: Memory Usage (444792K) : metal4_opc has 0 polygons
2026-03-26 17:50:45 +0100: Memory Usage (444920K) : metal4_noqrc has 0 polygons
2026-03-26 17:50:45 +0100: Memory Usage (444920K) : metal4_res has 0 polygons
2026-03-26 17:50:45 +0100: Memory Usage (444920K) : metal4_iprobe has 0 polygons
2026-03-26 17:50:45 +0100: Memory Usage (445048K) : metal4_diffprb has 0 polygons
2026-03-26 17:50:45 +0100: Memory Usage (445176K) : heattrans_drw has 181 polygons
2026-03-26 17:50:45 +0100: Memory Usage (445176K) : heatres_drw has 1 polygons
2026-03-26 17:50:45 +0100: Memory Usage (445304K) : pempoly_drw has 0 polygons
2026-03-26 17:50:45 +0100: Memory Usage (445304K) : fbe_drw has 0 polygons
2026-03-26 17:50:45 +0100: Memory Usage (445432K) : empoly_drw has 0 polygons
2026-03-26 17:50:45 +0100: Memory Usage (445432K) : ldmos_drw has 0 polygons
2026-03-26 17:50:45 +0100: Memory Usage (445560K) : pbiwind_drw has 0 polygons
2026-03-26 17:50:45 +0100: Memory Usage (445560K) : digisub_drw has 0 polygons
2026-03-26 17:50:45 +0100: Memory Usage (445688K) : nodrc_drw has 0 polygons
2026-03-26 17:50:45 +0100: Memory Usage (445688K) : text_drw has 13 polygons
2026-03-26 17:50:45 +0100: Memory Usage (445816K) : via4_drw has 130 polygons
2026-03-26 17:50:45 +0100: Memory Usage (445816K) : metal5_drw has 27 polygons
2026-03-26 17:50:45 +0100: Memory Usage (445816K) : metal5_pin has 0 polygons
2026-03-26 17:50:45 +0100: Memory Usage (445944K) : metal5_mask has 0 polygons
2026-03-26 17:50:45 +0100: Memory Usage (445944K) : metal5_filler has 0 polygons
2026-03-26 17:50:45 +0100: Memory Usage (446072K) : metal5_nofill has 1 polygons
2026-03-26 17:50:45 +0100: Memory Usage (446072K) : metal5_slit has 0 polygons
2026-03-26 17:50:45 +0100: Memory Usage (446200K) : metal5_text has 0 polygons
2026-03-26 17:50:45 +0100: Memory Usage (446200K) : metal5_opc has 0 polygons
2026-03-26 17:50:45 +0100: Memory Usage (446200K) : metal5_noqrc has 0 polygons
2026-03-26 17:50:45 +0100: Memory Usage (446328K) : metal5_res has 0 polygons
2026-03-26 17:50:45 +0100: Memory Usage (446328K) : metal5_iprobe has 0 polygons
2026-03-26 17:50:45 +0100: Memory Usage (446456K) : metal5_diffprb has 0 polygons
2026-03-26 17:50:45 +0100: Memory Usage (446456K) : radhard_drw has 0 polygons
2026-03-26 17:50:45 +0100: Memory Usage (446584K) : memcap_drw has 0 polygons
2026-03-26 17:50:45 +0100: Memory Usage (446712K) : varicap_drw has 0 polygons
2026-03-26 17:50:45 +0100: Memory Usage (446712K) : flash_drw has 0 polygons
2026-03-26 17:50:45 +0100: Memory Usage (446840K) : intbondvia_drw has 0 polygons
2026-03-26 17:50:45 +0100: Memory Usage (446840K) : intbondmet_drw has 0 polygons
2026-03-26 17:50:45 +0100: Memory Usage (446968K) : devbondvia_drw has 0 polygons
2026-03-26 17:50:45 +0100: Memory Usage (446968K) : devbondmet_drw has 0 polygons
2026-03-26 17:50:45 +0100: Memory Usage (447096K) : devtrench_drw has 0 polygons
2026-03-26 17:50:45 +0100: Memory Usage (447096K) : redist_drw has 0 polygons
2026-03-26 17:50:45 +0100: Memory Usage (447096K) : graphbot_drw has 0 polygons
2026-03-26 17:50:45 +0100: Memory Usage (447224K) : graphtop_drw has 0 polygons
2026-03-26 17:50:45 +0100: Memory Usage (447224K) : antvia1_drw has 0 polygons
2026-03-26 17:50:45 +0100: Memory Usage (447352K) : antmetal2_drw has 0 polygons
2026-03-26 17:50:45 +0100: Memory Usage (447352K) : graphcont_drw has 0 polygons
2026-03-26 17:50:45 +0100: Memory Usage (447480K) : siwg_drw has 0 polygons
2026-03-26 17:50:45 +0100: Memory Usage (447480K) : siwg_filler has 0 polygons
2026-03-26 17:50:45 +0100: Memory Usage (447480K) : siwg_nofill has 0 polygons
2026-03-26 17:50:45 +0100: Memory Usage (447608K) : sigrating_drw has 0 polygons
2026-03-26 17:50:45 +0100: Memory Usage (447736K) : singrating_drw has 0 polygons
2026-03-26 17:50:45 +0100: Memory Usage (447736K) : graphpas_drw has 0 polygons
2026-03-26 17:50:45 +0100: Memory Usage (447864K) : emwind3_drw has 0 polygons
2026-03-26 17:50:45 +0100: Memory Usage (447864K) : emwihv3_drw has 0 polygons
2026-03-26 17:50:45 +0100: Memory Usage (447992K) : redbulay_drw has 0 polygons
2026-03-26 17:50:45 +0100: Memory Usage (447992K) : smos_drw has 0 polygons
2026-03-26 17:50:45 +0100: Memory Usage (447992K) : graphpad_drw has 0 polygons
2026-03-26 17:50:45 +0100: Memory Usage (448120K) : polimide_drw has 0 polygons
2026-03-26 17:50:45 +0100: Memory Usage (448120K) : polimide_pin has 0 polygons
2026-03-26 17:50:45 +0100: Memory Usage (448248K) : recog_drw has 0 polygons
2026-03-26 17:50:45 +0100: Memory Usage (448248K) : recog_pin has 0 polygons
2026-03-26 17:50:45 +0100: Memory Usage (448376K) : recog_esd has 0 polygons
2026-03-26 17:50:45 +0100: Memory Usage (448376K) : recog_diode has 0 polygons
2026-03-26 17:50:45 +0100: Memory Usage (448504K) : recog_tsv has 0 polygons
2026-03-26 17:50:45 +0100: Memory Usage (448504K) : recog_iprobe has 0 polygons
2026-03-26 17:50:45 +0100: Memory Usage (448632K) : recog_diffprb has 0 polygons
2026-03-26 17:50:45 +0100: Memory Usage (448632K) : recog_pillar has 0 polygons
2026-03-26 17:50:45 +0100: Memory Usage (448760K) : recog_sbump has 0 polygons
2026-03-26 17:50:45 +0100: Memory Usage (448760K) : recog_otp has 0 polygons
2026-03-26 17:50:45 +0100: Memory Usage (448888K) : recog_pdiode has 0 polygons
2026-03-26 17:50:45 +0100: Memory Usage (448888K) : recog_mom has 0 polygons
2026-03-26 17:50:45 +0100: Memory Usage (448888K) : recog_pcm has 0 polygons
2026-03-26 17:50:45 +0100: Memory Usage (448888K) : colopen_drw has 0 polygons
2026-03-26 17:50:45 +0100: Memory Usage (449016K) : graphmetal1_drw has 0 polygons
2026-03-26 17:50:45 +0100: Memory Usage (449016K) : graphmetal1_filler has 0 polygons
2026-03-26 17:50:45 +0100: Memory Usage (449016K) : graphmetal1_nofill has 0 polygons
2026-03-26 17:50:45 +0100: Memory Usage (449144K) : graphmetal1_slit has 0 polygons
2026-03-26 17:50:45 +0100: Memory Usage (449144K) : graphmetal1_opc has 0 polygons
2026-03-26 17:50:45 +0100: Memory Usage (449144K) : graphmet1l_drw has 0 polygons
2026-03-26 17:50:45 +0100: Memory Usage (449144K) : graphmet1l_filler has 0 polygons
2026-03-26 17:50:45 +0100: Memory Usage (449272K) : graphmet1l_nofill has 0 polygons
2026-03-26 17:50:45 +0100: Memory Usage (449272K) : graphmet1l_slit has 0 polygons
2026-03-26 17:50:45 +0100: Memory Usage (449272K) : graphmet1l_opc has 0 polygons
2026-03-26 17:50:45 +0100: Memory Usage (449400K) : extblock_drw has 3 polygons
2026-03-26 17:50:45 +0100: Memory Usage (449400K) : nldd_drw has 0 polygons
2026-03-26 17:50:45 +0100: Memory Usage (449400K) : pldd_drw has 0 polygons
2026-03-26 17:50:45 +0100: Memory Usage (449528K) : next_drw has 0 polygons
2026-03-26 17:50:45 +0100: Memory Usage (449528K) : pext_drw has 0 polygons
2026-03-26 17:50:45 +0100: Memory Usage (449528K) : nexthv_drw has 0 polygons
2026-03-26 17:50:45 +0100: Memory Usage (449656K) : pexthv_drw has 0 polygons
2026-03-26 17:50:45 +0100: Memory Usage (449656K) : graphgate_drw has 0 polygons
2026-03-26 17:50:45 +0100: Memory Usage (449784K) : sinwg_drw has 0 polygons
2026-03-26 17:50:45 +0100: Memory Usage (449784K) : sinwg_filler has 0 polygons
2026-03-26 17:50:45 +0100: Memory Usage (449912K) : sinwg_nofill has 0 polygons
2026-03-26 17:50:45 +0100: Memory Usage (449912K) : mempad_drw has 0 polygons
2026-03-26 17:50:45 +0100: Memory Usage (449912K) : topvia1_drw has 129 polygons
2026-03-26 17:50:45 +0100: Memory Usage (450040K) : topmetal1_drw has 27 polygons
2026-03-26 17:50:45 +0100: Memory Usage (450040K) : topmetal1_pin has 0 polygons
2026-03-26 17:50:45 +0100: Memory Usage (450168K) : topmetal1_mask has 0 polygons
2026-03-26 17:50:45 +0100: Memory Usage (450168K) : topmetal1_filler has 0 polygons
2026-03-26 17:50:45 +0100: Memory Usage (450296K) : topmetal1_nofill has 1 polygons
2026-03-26 17:50:45 +0100: Memory Usage (450296K) : topmetal1_slit has 0 polygons
2026-03-26 17:50:45 +0100: Memory Usage (450296K) : topmetal1_text has 0 polygons
2026-03-26 17:50:45 +0100: Memory Usage (450296K) : topmetal1_noqrc has 0 polygons
2026-03-26 17:50:45 +0100: Memory Usage (450424K) : topmetal1_res has 0 polygons
2026-03-26 17:50:45 +0100: Memory Usage (450424K) : topmetal1_iprobe has 0 polygons
2026-03-26 17:50:45 +0100: Memory Usage (450424K) : topmetal1_diffprb has 0 polygons
2026-03-26 17:50:45 +0100: Memory Usage (450552K) : inldpwl_drw has 0 polygons
2026-03-26 17:50:45 +0100: Memory Usage (450552K) : polyres_drw has 1 polygons
2026-03-26 17:50:45 +0100: Memory Usage (450552K) : polyres_pin has 0 polygons
2026-03-26 17:50:45 +0100: Memory Usage (450680K) : vmim_drw has 108 polygons
2026-03-26 17:50:45 +0100: Memory Usage (450680K) : nbulaycut_drw has 0 polygons
2026-03-26 17:50:45 +0100: Memory Usage (450680K) : antmetal1_drw has 0 polygons
2026-03-26 17:50:45 +0100: Memory Usage (450808K) : topvia2_drw has 488 polygons
2026-03-26 17:50:45 +0100: Memory Usage (450808K) : topmetal2_drw has 11 polygons
2026-03-26 17:50:45 +0100: Memory Usage (450936K) : topmetal2_pin has 0 polygons
2026-03-26 17:50:45 +0100: Memory Usage (450936K) : topmetal2_mask has 0 polygons
2026-03-26 17:50:45 +0100: Memory Usage (450936K) : topmetal2_filler has 0 polygons
2026-03-26 17:50:45 +0100: Memory Usage (451064K) : topmetal2_nofill has 1 polygons
2026-03-26 17:50:45 +0100: Memory Usage (451064K) : topmetal2_slit has 0 polygons
2026-03-26 17:50:45 +0100: Memory Usage (451192K) : topmetal2_text has 0 polygons
2026-03-26 17:50:45 +0100: Memory Usage (451192K) : topmetal2_noqrc has 0 polygons
2026-03-26 17:50:45 +0100: Memory Usage (451320K) : topmetal2_res has 0 polygons
2026-03-26 17:50:45 +0100: Memory Usage (451320K) : topmetal2_iprobe has 0 polygons
2026-03-26 17:50:45 +0100: Memory Usage (451320K) : topmetal2_diffprb has 0 polygons
2026-03-26 17:50:45 +0100: Memory Usage (451448K) : snsring_drw has 0 polygons
2026-03-26 17:50:45 +0100: Memory Usage (451448K) : sensor_drw has 0 polygons
2026-03-26 17:50:45 +0100: Memory Usage (451576K) : snsarms_drw has 0 polygons
2026-03-26 17:50:45 +0100: Memory Usage (451576K) : snscmosvia_drw has 0 polygons
2026-03-26 17:50:45 +0100: Memory Usage (451576K) : colwind_drw has 0 polygons
2026-03-26 17:50:45 +0100: Memory Usage (451704K) : flm_drw has 0 polygons
2026-03-26 17:50:45 +0100: Memory Usage (451704K) : hafniumox_drw has 0 polygons
2026-03-26 17:50:45 +0100: Memory Usage (451832K) : memvia_drw has 0 polygons
2026-03-26 17:50:45 +0100: Memory Usage (451832K) : thinfilmres_drw has 0 polygons
2026-03-26 17:50:45 +0100: Memory Usage (451960K) : rfmem_drw has 0 polygons
2026-03-26 17:50:45 +0100: Memory Usage (451960K) : norcx_drw has 0 polygons
2026-03-26 17:50:45 +0100: Memory Usage (451960K) : norcx_m2m3 has 0 polygons
2026-03-26 17:50:45 +0100: Memory Usage (452088K) : norcx_m2m4 has 0 polygons
2026-03-26 17:50:45 +0100: Memory Usage (452088K) : norcx_m2m5 has 0 polygons
2026-03-26 17:50:45 +0100: Memory Usage (452216K) : norcx_m2tm1 has 0 polygons
2026-03-26 17:50:45 +0100: Memory Usage (452216K) : norcx_m2tm2 has 0 polygons
2026-03-26 17:50:45 +0100: Memory Usage (452344K) : norcx_m3m4 has 0 polygons
2026-03-26 17:50:45 +0100: Memory Usage (452344K) : norcx_m3m5 has 0 polygons
2026-03-26 17:50:45 +0100: Memory Usage (452472K) : norcx_m3tm1 has 0 polygons
2026-03-26 17:50:45 +0100: Memory Usage (452472K) : norcx_m3tm2 has 0 polygons
2026-03-26 17:50:45 +0100: Memory Usage (452472K) : norcx_m4m5 has 0 polygons
2026-03-26 17:50:45 +0100: Memory Usage (452600K) : norcx_m4tm1 has 0 polygons
2026-03-26 17:50:45 +0100: Memory Usage (452600K) : norcx_m4tm2 has 0 polygons
2026-03-26 17:50:45 +0100: Memory Usage (452600K) : norcx_m5tm1 has 0 polygons
2026-03-26 17:50:45 +0100: Memory Usage (452600K) : norcx_m5tm2 has 0 polygons
2026-03-26 17:50:45 +0100: Memory Usage (452600K) : norcx_tm1tm2 has 0 polygons
2026-03-26 17:50:45 +0100: Memory Usage (452728K) : norcx_m1sub has 0 polygons
2026-03-26 17:50:45 +0100: Memory Usage (452728K) : norcx_m2sub has 0 polygons
2026-03-26 17:50:45 +0100: Memory Usage (452728K) : norcx_m3sub has 0 polygons
2026-03-26 17:50:45 +0100: Memory Usage (452856K) : norcx_m4sub has 0 polygons
2026-03-26 17:50:45 +0100: Memory Usage (452856K) : norcx_m5sub has 0 polygons
2026-03-26 17:50:45 +0100: Memory Usage (452856K) : norcx_tm1sub has 0 polygons
2026-03-26 17:50:45 +0100: Memory Usage (452984K) : norcx_tm2sub has 0 polygons
2026-03-26 17:50:45 +0100: Memory Usage (452984K) : snsbotvia_drw has 0 polygons
2026-03-26 17:50:45 +0100: Memory Usage (452984K) : snstopvia_drw has 0 polygons
2026-03-26 17:50:45 +0100: Memory Usage (452984K) : deepvia_drw has 0 polygons
2026-03-26 17:50:45 +0100: Memory Usage (453112K) : fgetch_drw has 0 polygons
2026-03-26 17:50:45 +0100: Memory Usage (453112K) : ctrgat_drw has 0 polygons
2026-03-26 17:50:45 +0100: Memory Usage (453112K) : fgimp_drw has 0 polygons
2026-03-26 17:50:45 +0100: Memory Usage (453240K) : emwihv_drw has 0 polygons
2026-03-26 17:50:45 +0100: Memory Usage (453240K) : lbe_drw has 0 polygons
2026-03-26 17:50:45 +0100: Memory Usage (453240K) : alcustop_drw has 0 polygons
2026-03-26 17:50:45 +0100: Memory Usage (453368K) : nometfiller_drw has 0 polygons
2026-03-26 17:50:45 +0100: Memory Usage (453368K) : prboundary_drw has 0 polygons
2026-03-26 17:50:45 +0100: Memory Usage (453368K) : exchange0_drw has 0 polygons
2026-03-26 17:50:45 +0100: Memory Usage (453368K) : exchange0_pin has 0 polygons
2026-03-26 17:50:45 +0100: Memory Usage (453496K) : exchange0_text has 0 polygons
2026-03-26 17:50:45 +0100: Memory Usage (453496K) : exchange1_drw has 0 polygons
2026-03-26 17:50:45 +0100: Memory Usage (453496K) : exchange1_pin has 0 polygons
2026-03-26 17:50:45 +0100: Memory Usage (453624K) : exchange1_text has 0 polygons
2026-03-26 17:50:45 +0100: Memory Usage (453624K) : exchange2_drw has 0 polygons
2026-03-26 17:50:45 +0100: Memory Usage (453624K) : exchange2_pin has 0 polygons
2026-03-26 17:50:45 +0100: Memory Usage (453624K) : exchange2_text has 0 polygons
2026-03-26 17:50:45 +0100: Memory Usage (453752K) : exchange3_drw has 0 polygons
2026-03-26 17:50:45 +0100: Memory Usage (453752K) : exchange3_pin has 0 polygons
2026-03-26 17:50:45 +0100: Memory Usage (453752K) : exchange3_text has 0 polygons
2026-03-26 17:50:45 +0100: Memory Usage (453880K) : exchange4_drw has 0 polygons
2026-03-26 17:50:45 +0100: Memory Usage (453880K) : exchange4_pin has 0 polygons
2026-03-26 17:50:45 +0100: Memory Usage (454008K) : exchange4_text has 0 polygons
2026-03-26 17:50:45 +0100: Memory Usage (454008K) : isonwell_drw has 0 polygons
2026-03-26 17:50:45 +0100: Memory Usage (454008K) : Total no. of polygons in the design is 5416
2026-03-26 17:50:45 +0100: Memory Usage (454008K) : Loaded TECH DRC rules values from /foss/pdks/ihp-sg13g2/libs.tech/klayout/python/sg13g2_pycell_lib/sg13g2_tech_mod.json
2026-03-26 17:50:45 +0100: Memory Usage (454008K) : Loaded default DRC rules values from /foss/pdks/ihp-sg13g2/libs.tech/klayout/tech/drc/rule_decks/sg13g2_tech_default.json
2026-03-26 17:50:45 +0100: Memory Usage (454008K) : The following rules values were missing in tech json and default values were used:
2026-03-26 17:50:45 +0100: Memory Usage (454008K) :   - Cnt_c_digibnd
2026-03-26 17:50:45 +0100: Memory Usage (455416K) : Total area of the design is 315636.82 um^2.
2026-03-26 17:50:45 +0100: Memory Usage (455416K) : The design dimensions are 600.07 µm * 526.0 µm.
2026-03-26 17:50:45 +0100: Memory Usage (455416K) : Starting general IHP-SG13G2 derivations.
2026-03-26 17:50:45 +0100: Memory Usage (455416K) : Starting Pwell derivations
2026-03-26 17:50:45 +0100: Memory Usage (457720K) : Starting n-Activ derivations
2026-03-26 17:50:45 +0100: Memory Usage (457976K) : Starting p-Activ derivations
2026-03-26 17:50:45 +0100: Memory Usage (458104K) : Starting ptap derivations
2026-03-26 17:50:45 +0100: Memory Usage (458232K) : Starting ntap derivations
2026-03-26 17:50:45 +0100: Memory Usage (458360K) : Starting pact FET derivations
2026-03-26 17:50:45 +0100: Memory Usage (458360K) : Starting nact FET derivations
2026-03-26 17:50:45 +0100: Memory Usage (458360K) : Starting Gate derivations
2026-03-26 17:50:45 +0100: Memory Usage (458488K) : Starting cont/contbar general derivations
2026-03-26 17:50:45 +0100: Memory Usage (459128K) : Starting pad general derivations
2026-03-26 17:50:45 +0100: Memory Usage (459128K) : Starting IHP-SG13G2 DRC connectivity related derivations.
2026-03-26 17:50:45 +0100: Memory Usage (460280K) : Starting IHP-SG13G2 DRC connectivity setup
2026-03-26 17:50:45 +0100: Memory Usage (461944K) : Starting IHP-SG13G2 DRC rules.
2026-03-26 17:50:45 +0100: Memory Usage (461944K) : Running all FEOL rules
2026-03-26 17:50:45 +0100: Memory Usage (461944K) : Running all BEOL rules
2026-03-26 17:50:45 +0100: Memory Usage (461944K) : Running all PIN rules
2026-03-26 17:50:45 +0100: Memory Usage (461944K) : Running all FORBIDDEN rules
2026-03-26 17:50:45 +0100: Memory Usage (461944K) : Starting 5.1 NWell table
2026-03-26 17:50:45 +0100: Memory Usage (461944K) : Executing rule NW.b
2026-03-26 17:50:45 +0100: Memory Usage (462328K) : Executing rule NW.b1
2026-03-26 17:50:45 +0100: Memory Usage (462328K) : Starting 5.2 PWell:block
2026-03-26 17:50:45 +0100: Memory Usage (462328K) : Executing rule PWB.e
2026-03-26 17:50:45 +0100: Memory Usage (462328K) : Executing rule PWB.e1
2026-03-26 17:50:45 +0100: Memory Usage (462328K) : Executing rule PWB.f
2026-03-26 17:50:45 +0100: Memory Usage (462328K) : Executing rule PWB.f1
2026-03-26 17:50:45 +0100: Memory Usage (462328K) : Starting 5.3 nBuLay table
2026-03-26 17:50:45 +0100: Memory Usage (462328K) : Executing rule NBL.b
2026-03-26 17:50:45 +0100: Memory Usage (462328K) : Executing rule NBL.c
2026-03-26 17:50:45 +0100: Memory Usage (462328K) : Executing rule NBL.d
2026-03-26 17:50:45 +0100: Memory Usage (462328K) : Executing rule NBL.e
2026-03-26 17:50:45 +0100: Memory Usage (462328K) : Executing rule NBL.f
2026-03-26 17:50:45 +0100: Memory Usage (462328K) : Starting 5.5. Activ table
2026-03-26 17:50:45 +0100: Memory Usage (462328K) : Executing rule Act.a
2026-03-26 17:50:45 +0100: Memory Usage (462328K) : Executing rule Act.b
2026-03-26 17:50:45 +0100: Memory Usage (462456K) : Starting 5.6 Activ:filler table
2026-03-26 17:50:45 +0100: Memory Usage (462456K) : Executing rule AFil.c1
2026-03-26 17:50:45 +0100: Memory Usage (462456K) : Executing rule AFil.c
2026-03-26 17:50:45 +0100: Memory Usage (462456K) : Executing rule AFil.d
2026-03-26 17:50:45 +0100: Memory Usage (462456K) : Executing rule AFil.e
2026-03-26 17:50:45 +0100: Memory Usage (462456K) : Executing rule AFil.j
2026-03-26 17:50:45 +0100: Memory Usage (462456K) : Starting 5.7. ThickGateOx table
2026-03-26 17:50:45 +0100: Memory Usage (462456K) : Executing rule TGO.f
2026-03-26 17:50:45 +0100: Memory Usage (462456K) : Starting 5.8. GatPoly table
2026-03-26 17:50:45 +0100: Memory Usage (462456K) : Executing rule Gat.a
2026-03-26 17:50:45 +0100: Memory Usage (462456K) : Executing rule Gat.b
2026-03-26 17:50:45 +0100: Memory Usage (462456K) : Executing rule Gat.d
2026-03-26 17:50:45 +0100: Memory Usage (462456K) : Executing rule Gat.a1
2026-03-26 17:50:45 +0100: Memory Usage (463096K) : Executing rule Gat.a2
2026-03-26 17:50:45 +0100: Memory Usage (463096K) : Executing rule Gat.g
2026-03-26 17:50:45 +0100: Memory Usage (463096K) : Starting 5.9 GatPoly:filler
2026-03-26 17:50:45 +0100: Memory Usage (463096K) : Executing rule GFil.d
2026-03-26 17:50:45 +0100: Memory Usage (463096K) : Executing rule GFil.e
2026-03-26 17:50:45 +0100: Memory Usage (463096K) : Executing rule GFil.i
2026-03-26 17:50:45 +0100: Memory Usage (463096K) : Starting 5.10 pSD table
2026-03-26 17:50:45 +0100: Memory Usage (463096K) : Executing rule pSD.c1
2026-03-26 17:50:45 +0100: Memory Usage (463096K) : Starting 5.14. Cont table
2026-03-26 17:50:45 +0100: Memory Usage (463096K) : Executing rule Cnt.a
2026-03-26 17:50:45 +0100: Memory Usage (463096K) : Executing rule Cnt.b
2026-03-26 17:50:45 +0100: Memory Usage (463096K) : Executing rule Cnt.c
2026-03-26 17:50:45 +0100: Memory Usage (463096K) : Executing rule Cnt.c
2026-03-26 17:50:45 +0100: Memory Usage (463096K) : Executing rule Cnt.d
2026-03-26 17:50:45 +0100: Memory Usage (463096K) : Executing rule Cnt.e
2026-03-26 17:50:45 +0100: Memory Usage (463096K) : Executing rule Cnt.g1
2026-03-26 17:50:45 +0100: Memory Usage (463096K) : Executing rule Cnt.g2
2026-03-26 17:50:45 +0100: Memory Usage (463096K) : Starting 5.15. ContBar table
2026-03-26 17:50:45 +0100: Memory Usage (463096K) : Executing rule CntB.b1
2026-03-26 17:50:45 +0100: Memory Usage (463096K) : Executing rule CntB.h1
2026-03-26 17:50:45 +0100: Memory Usage (463096K) : Starting 6.1.3 NPN Substrate-Tie table
2026-03-26 17:50:45 +0100: Memory Usage (463096K) : Executing rule npn13G2.bR 
2026-03-26 17:50:45 +0100: Memory Usage (463096K) : Executing rule npn13G2L.cR 
2026-03-26 17:50:45 +0100: Memory Usage (463096K) : Executing rule npn13G2V.cR 
2026-03-26 17:50:45 +0100: Memory Usage (463096K) : Starting 6.7 Schottky diode table
2026-03-26 17:50:45 +0100: Memory Usage (463096K) : Executing rule Sdiod.d
2026-03-26 17:50:45 +0100: Memory Usage (463096K) : Executing rule Sdiod.e
2026-03-26 17:50:45 +0100: Memory Usage (463096K) : Starting 7.2 Latch-up table
2026-03-26 17:50:45 +0100: Memory Usage (463096K) : Executing rule LU.b
2026-03-26 17:50:46 +0100: Memory Usage (463096K) : Starting 5.16. Metal1 table
2026-03-26 17:50:46 +0100: Memory Usage (463096K) : Executing rule M1.a
2026-03-26 17:50:46 +0100: Memory Usage (463096K) : Executing rule M1.b
2026-03-26 17:50:46 +0100: Memory Usage (463096K) : Executing rule M1.e
2026-03-26 17:50:46 +0100: Memory Usage (463096K) : Executing rule M1.f
2026-03-26 17:50:46 +0100: Memory Usage (463096K) : Executing rule M1.g
2026-03-26 17:50:46 +0100: Memory Usage (463096K) : Executing rule M1.i
2026-03-26 17:50:46 +0100: Memory Usage (463096K) : Starting 5.17 Metaln table
2026-03-26 17:50:46 +0100: Memory Usage (463096K) : Executing rule M2.a
2026-03-26 17:50:46 +0100: Memory Usage (463096K) : Executing rule M2.b
2026-03-26 17:50:46 +0100: Memory Usage (463096K) : Executing rule M2.e
2026-03-26 17:50:46 +0100: Memory Usage (463096K) : Executing rule M2.f
2026-03-26 17:50:46 +0100: Memory Usage (463096K) : Executing rule M2.g
2026-03-26 17:50:46 +0100: Memory Usage (463096K) : Executing rule M2.i
2026-03-26 17:50:46 +0100: Memory Usage (463096K) : Executing rule M3.a
2026-03-26 17:50:46 +0100: Memory Usage (463096K) : Executing rule M3.b
2026-03-26 17:50:46 +0100: Memory Usage (463096K) : Executing rule M3.e
2026-03-26 17:50:46 +0100: Memory Usage (463096K) : Executing rule M3.f
2026-03-26 17:50:46 +0100: Memory Usage (463096K) : Executing rule M3.g
2026-03-26 17:50:46 +0100: Memory Usage (463096K) : Executing rule M3.i
2026-03-26 17:50:46 +0100: Memory Usage (463096K) : Executing rule M4.a
2026-03-26 17:50:46 +0100: Memory Usage (463096K) : Executing rule M4.b
2026-03-26 17:50:46 +0100: Memory Usage (463096K) : Executing rule M4.e
2026-03-26 17:50:46 +0100: Memory Usage (463096K) : Executing rule M4.f
2026-03-26 17:50:46 +0100: Memory Usage (463096K) : Executing rule M4.g
2026-03-26 17:50:46 +0100: Memory Usage (463096K) : Executing rule M4.i
2026-03-26 17:50:46 +0100: Memory Usage (463096K) : Executing rule M5.a
2026-03-26 17:50:46 +0100: Memory Usage (463096K) : Executing rule M5.b
2026-03-26 17:50:46 +0100: Memory Usage (463096K) : Executing rule M5.e
2026-03-26 17:50:46 +0100: Memory Usage (463096K) : Executing rule M5.f
2026-03-26 17:50:46 +0100: Memory Usage (463096K) : Executing rule M5.g
2026-03-26 17:50:46 +0100: Memory Usage (463096K) : Executing rule M5.i
2026-03-26 17:50:46 +0100: Memory Usage (463096K) : Starting 5.18 Metaln:filler table
2026-03-26 17:50:46 +0100: Memory Usage (463096K) : Executing rule M1Fil.c
2026-03-26 17:50:46 +0100: Memory Usage (463096K) : Executing rule M1Fil.a2
2026-03-26 17:50:46 +0100: Memory Usage (463096K) : Executing rule M2Fil.c
2026-03-26 17:50:46 +0100: Memory Usage (463096K) : Executing rule M2Fil.a2
2026-03-26 17:50:46 +0100: Memory Usage (463096K) : Executing rule M3Fil.c
2026-03-26 17:50:46 +0100: Memory Usage (463096K) : Executing rule M3Fil.a2
2026-03-26 17:50:46 +0100: Memory Usage (463096K) : Executing rule M4Fil.c
2026-03-26 17:50:46 +0100: Memory Usage (463096K) : Executing rule M4Fil.a2
2026-03-26 17:50:46 +0100: Memory Usage (463096K) : Executing rule M5Fil.c
2026-03-26 17:50:46 +0100: Memory Usage (463096K) : Executing rule M5Fil.a2
2026-03-26 17:50:46 +0100: Memory Usage (463096K) : Starting 5.19. Via1 table
2026-03-26 17:50:46 +0100: Memory Usage (463096K) : Starting 5.19. Via1 table derivations
2026-03-26 17:50:46 +0100: Memory Usage (463096K) : Executing rule V1.a
2026-03-26 17:50:46 +0100: Memory Usage (463096K) : Executing rule V1.b
2026-03-26 17:50:46 +0100: Memory Usage (463096K) : Executing rule V1.c
2026-03-26 17:50:46 +0100: Memory Usage (463096K) : Starting 5.20. Vian table
2026-03-26 17:50:46 +0100: Memory Usage (463096K) : Executing rule V2.a
2026-03-26 17:50:46 +0100: Memory Usage (463096K) : Executing rule V2.b
2026-03-26 17:50:46 +0100: Memory Usage (463096K) : Executing rule V2.c
2026-03-26 17:50:46 +0100: Memory Usage (463096K) : Executing rule V3.a
2026-03-26 17:50:46 +0100: Memory Usage (463096K) : Executing rule V3.b
2026-03-26 17:50:46 +0100: Memory Usage (463096K) : Executing rule V3.c
2026-03-26 17:50:46 +0100: Memory Usage (463096K) : Executing rule V4.a
2026-03-26 17:50:46 +0100: Memory Usage (463096K) : Executing rule V4.b
2026-03-26 17:50:46 +0100: Memory Usage (463096K) : Executing rule V4.c
2026-03-26 17:50:46 +0100: Memory Usage (463096K) : Starting 5.21. TopVia1 table
2026-03-26 17:50:46 +0100: Memory Usage (463096K) : Executing rule TV1.a
2026-03-26 17:50:46 +0100: Memory Usage (463096K) : Executing rule TV1.b
2026-03-26 17:50:46 +0100: Memory Usage (463096K) : Executing rule TV1.c
2026-03-26 17:50:46 +0100: Memory Usage (463096K) : Executing rule TV1.d
2026-03-26 17:50:46 +0100: Memory Usage (463096K) : Starting 5.22. TopMetal1 table
2026-03-26 17:50:46 +0100: Memory Usage (463096K) : Executing rule TM1.a
2026-03-26 17:50:46 +0100: Memory Usage (463096K) : Executing rule TM1.b
2026-03-26 17:50:46 +0100: Memory Usage (463096K) : Starting 5.23 TopMetal1:filler table
2026-03-26 17:50:46 +0100: Memory Usage (463096K) : Executing rule TM1Fil.c
2026-03-26 17:50:46 +0100: Memory Usage (463096K) : Executing rule TM1Fil.a1
2026-03-26 17:50:46 +0100: Memory Usage (463096K) : Starting 5.24. TopVia2 table
2026-03-26 17:50:46 +0100: Memory Usage (463096K) : Executing rule TV2.a
2026-03-26 17:50:46 +0100: Memory Usage (463096K) : Executing rule TV2.b
2026-03-26 17:50:46 +0100: Memory Usage (463096K) : Executing rule TV2.c
2026-03-26 17:50:46 +0100: Memory Usage (463224K) : Executing rule TV2.d
2026-03-26 17:50:46 +0100: Memory Usage (463224K) : Starting 5.25. TopMetal2 table
2026-03-26 17:50:46 +0100: Memory Usage (463224K) : Executing rule TM2.a
2026-03-26 17:50:46 +0100: Memory Usage (463224K) : Executing rule TM2.b
2026-03-26 17:50:46 +0100: Memory Usage (463224K) : Executing rule TM2.bR
2026-03-26 17:50:46 +0100: Memory Usage (463224K) : Starting 5.26 TopMetal2:filler table
2026-03-26 17:50:46 +0100: Memory Usage (463224K) : Executing rule TM2Fil.c
2026-03-26 17:50:46 +0100: Memory Usage (463224K) : Executing rule TM2Fil.a1
2026-03-26 17:50:46 +0100: Memory Usage (463224K) : Starting 5.27. Passiv table
2026-03-26 17:50:46 +0100: Memory Usage (463224K) : Executing rule Pas.a
2026-03-26 17:50:46 +0100: Memory Usage (463224K) : Executing rule Pas.b
2026-03-26 17:50:46 +0100: Memory Usage (463224K) : Executing rule Pas.c
2026-03-26 17:50:46 +0100: Memory Usage (463224K) : Starting 6.9.2 Copper Pillar table
2026-03-26 17:50:46 +0100: Memory Usage (463224K) : Executing rule Padc.a
2026-03-26 17:50:46 +0100: Memory Usage (463224K) : Executing rule Padc.b
2026-03-26 17:50:46 +0100: Memory Usage (463224K) : Executing rule Padc.c
2026-03-26 17:50:46 +0100: Memory Usage (463224K) : Executing rule Padb.f
2026-03-26 17:50:46 +0100: Memory Usage (463224K) : Starting 6.9 Pad table
2026-03-26 17:50:46 +0100: Memory Usage (463224K) : Executing rule Pad.m
2026-03-26 17:50:46 +0100: Memory Usage (463224K) : Executing rule Pad.fR_M1
2026-03-26 17:50:46 +0100: Memory Usage (463224K) : Executing rule Pad.fR_M2
2026-03-26 17:50:46 +0100: Memory Usage (463224K) : Executing rule Pad.fR_M3
2026-03-26 17:50:46 +0100: Memory Usage (463224K) : Executing rule Pad.fR_M4
2026-03-26 17:50:46 +0100: Memory Usage (463224K) : Executing rule Pad.fR_M5
2026-03-26 17:50:46 +0100: Memory Usage (463224K) : Executing rule Pad.fR_TM1
2026-03-26 17:50:46 +0100: Memory Usage (463224K) : Executing rule Pad.fR_TM2
2026-03-26 17:50:46 +0100: Memory Usage (463224K) : Executing rule Pad.i
2026-03-26 17:50:46 +0100: Memory Usage (463224K) : Starting 6.9.1 Solder Bump
2026-03-26 17:50:46 +0100: Memory Usage (463224K) : Executing rule Padb.a
2026-03-26 17:50:46 +0100: Memory Usage (463224K) : Executing rule Padb.b
2026-03-26 17:50:46 +0100: Memory Usage (463224K) : Executing rule Padb.c
2026-03-26 17:50:46 +0100: Memory Usage (463224K) : Executing rule Padb.f
2026-03-26 17:50:46 +0100: Memory Usage (463224K) : Executing rule Padb.d
2026-03-26 17:50:46 +0100: Memory Usage (463224K) : Starting 6.10 Sealring table
2026-03-26 17:50:46 +0100: Memory Usage (463224K) : Executing rule Seal.l
2026-03-26 17:50:46 +0100: Memory Usage (463224K) : Executing rule Seal.n
2026-03-26 17:50:46 +0100: Memory Usage (463224K) : Executing rule seal.b_metal1
2026-03-26 17:50:46 +0100: Memory Usage (463224K) : Executing rule seal.b_metal2
2026-03-26 17:50:46 +0100: Memory Usage (463224K) : Executing rule seal.b_metal3
2026-03-26 17:50:46 +0100: Memory Usage (463224K) : Executing rule seal.b_metal4
2026-03-26 17:50:46 +0100: Memory Usage (463224K) : Executing rule seal.b_metal5
2026-03-26 17:50:46 +0100: Memory Usage (463224K) : Executing rule seal.b_topmetal1
2026-03-26 17:50:46 +0100: Memory Usage (463224K) : Executing rule seal.b_topmetal2
2026-03-26 17:50:46 +0100: Memory Usage (463224K) : Executing rule seal.b_activ
2026-03-26 17:50:46 +0100: Memory Usage (463224K) : Executing rule seal.b_psd
2026-03-26 17:50:46 +0100: Memory Usage (463224K) : Executing rule Seal.k
2026-03-26 17:50:46 +0100: Memory Usage (463224K) : Executing rule Seal.m
2026-03-26 17:50:46 +0100: Memory Usage (463224K) : Starting 6.11 MIM table
2026-03-26 17:50:46 +0100: Memory Usage (463224K) : Executing rule MIM.c
2026-03-26 17:50:46 +0100: Memory Usage (463224K) : Executing rule MIM.d
2026-03-26 17:50:46 +0100: Memory Usage (463224K) : Executing rule MIM.gR
2026-03-26 17:50:46 +0100: Memory Usage (463224K) : Starting 7.3 Metal Slits table
2026-03-26 17:50:46 +0100: Memory Usage (463224K) : Executing rule Slt.e1_M1
2026-03-26 17:50:46 +0100: Memory Usage (463224K) : Executing rule Slt.e1_M2
2026-03-26 17:50:46 +0100: Memory Usage (463224K) : Executing rule Slt.e1_M3
2026-03-26 17:50:46 +0100: Memory Usage (463224K) : Executing rule Slt.e1_M4
2026-03-26 17:50:46 +0100: Memory Usage (463224K) : Executing rule Slt.e1_M5
2026-03-26 17:50:46 +0100: Memory Usage (463224K) : Executing rule Slt.e1_TM1
2026-03-26 17:50:46 +0100: Memory Usage (463224K) : Executing rule Slt.e1_TM2
2026-03-26 17:50:46 +0100: Memory Usage (463224K) : Starting 9.1. LBE table
2026-03-26 17:50:46 +0100: Memory Usage (463224K) : Executing rule LBE.a
2026-03-26 17:50:46 +0100: Memory Usage (463224K) : Executing rule LBE.b
2026-03-26 17:50:46 +0100: Memory Usage (463224K) : Executing rule LBE.b1
2026-03-26 17:50:46 +0100: Memory Usage (463224K) : Executing rule LBE.c
2026-03-26 17:50:46 +0100: Memory Usage (463224K) : Executing rule LBE.d
2026-03-26 17:50:46 +0100: Memory Usage (463224K) : Executing rule LBE.h
2026-03-26 17:50:46 +0100: Memory Usage (463224K) : Starting 7.4. PIN table
2026-03-26 17:50:46 +0100: Memory Usage (463224K) : Executing rule Pin.a
2026-03-26 17:50:46 +0100: Memory Usage (463224K) : Executing rule Pin.b
2026-03-26 17:50:46 +0100: Memory Usage (463224K) : Executing rule Pin.e
2026-03-26 17:50:46 +0100: Memory Usage (463224K) : Executing rule Pin.f_M2
2026-03-26 17:50:46 +0100: Memory Usage (463224K) : Executing rule Pin.f_M3
2026-03-26 17:50:46 +0100: Memory Usage (463224K) : Executing rule Pin.f_M4
2026-03-26 17:50:46 +0100: Memory Usage (463224K) : Executing rule Pin.f_M5
2026-03-26 17:50:46 +0100: Memory Usage (463224K) : Executing rule Pin.g
2026-03-26 17:50:46 +0100: Memory Usage (463224K) : Executing rule Pin.h
2026-03-26 17:50:46 +0100: Memory Usage (463224K) : Starting 3.2. FORBIDDEN table
2026-03-26 17:50:46 +0100: Memory Usage (463224K) : Executing rule forbidden.biwind
2026-03-26 17:50:46 +0100: Memory Usage (463224K) : Executing rule forbidden.pemwind
2026-03-26 17:50:46 +0100: Memory Usage (463224K) : Executing rule forbidden.baspoly
2026-03-26 17:50:46 +0100: Memory Usage (463224K) : Executing rule forbidden.deepco
2026-03-26 17:50:46 +0100: Memory Usage (463224K) : Executing rule forbidden.pempoly
2026-03-26 17:50:46 +0100: Memory Usage (463224K) : Executing rule forbidden.empoly
2026-03-26 17:50:46 +0100: Memory Usage (463224K) : Executing rule forbidden.ldmos
2026-03-26 17:50:46 +0100: Memory Usage (463224K) : Executing rule forbidden.pbiwind
2026-03-26 17:50:46 +0100: Memory Usage (463224K) : Executing rule forbidden.nodrc
2026-03-26 17:50:46 +0100: Memory Usage (463224K) : Executing rule forbidden.flash
2026-03-26 17:50:46 +0100: Memory Usage (463224K) : Executing rule forbidden.colwind
2026-03-26 17:50:46 +0100: Memory Usage (463224K) : KLayout DRC run for tables 'main' completed in 1.54 seconds
