
===========================================================================
report_checks -path_delay max (Setup)
============================================================================
======================= nom_typ_1p20V_25C Corner ===================================

Startpoint: _267_ (rising edge-triggered flip-flop clocked by freq_in)
Endpoint: _267_ (rising edge-triggered flip-flop clocked by freq_in)
Path Group: freq_in
Path Type: max

Fanout         Cap        Slew       Delay        Time   Description
---------------------------------------------------------------------------------------------
                                  0.000000    0.000000   clock freq_in (rise edge)
                                  0.000000    0.000000   clock source latency
     1    0.006028    0.000000    0.000000    0.000000 ^ freq_in (in)
                                                         freq_in (net)
                      0.000183    0.000092    0.000092 ^ _267_/CLK (sg13g2_dfrbpq_1)
     2    0.007322    0.039958    0.165787    0.165878 ^ _267_/Q (sg13g2_dfrbpq_1)
                                                         uut.div4.dff1.q (net)
                      0.039958    0.000078    0.165956 ^ _214_/A (sg13g2_inv_1)
     1    0.002841    0.019219    0.030175    0.196131 v _214_/Y (sg13g2_inv_1)
                                                         uut.div4.dff1.d (net)
                      0.019219    0.000036    0.196167 v _267_/D (sg13g2_dfrbpq_1)
                                              0.196167   data arrival time

                                  0.333000    0.333000   clock freq_in (rise edge)
                                  0.000000    0.333000   clock source latency
     1    0.006028    0.000000    0.000000    0.333000 ^ freq_in (in)
                                                         freq_in (net)
                      0.000183    0.000092    0.333092 ^ _267_/CLK (sg13g2_dfrbpq_1)
                                  0.000000    0.333092   clock reconvergence pessimism
                                 -0.117408    0.215683   library setup time
                                              0.215683   data required time
---------------------------------------------------------------------------------------------
                                              0.215683   data required time
                                             -0.196167   data arrival time
---------------------------------------------------------------------------------------------
                                              0.019517   slack (MET)


Startpoint: _244_ (rising edge-triggered flip-flop clocked by sclk)
Endpoint: _244_ (rising edge-triggered flip-flop clocked by sclk)
Path Group: sclk
Path Type: max

Fanout         Cap        Slew       Delay        Time   Description
---------------------------------------------------------------------------------------------
                                  0.000000    0.000000   clock sclk (rise edge)
                                  0.000000    0.000000   clock source latency
     1    0.019425    0.000000    0.000000    0.000000 ^ sclk (in)
                                                         sclk (net)
                      0.000499    0.000250    0.000250 ^ clkbuf_0_sclk/A (sg13g2_buf_16)
     2    0.038801    0.022348    0.054562    0.054812 ^ clkbuf_0_sclk/X (sg13g2_buf_16)
                                                         clknet_0_sclk (net)
                      0.022352    0.000552    0.055364 ^ clkbuf_1_0__f_sclk/A (sg13g2_buf_16)
     5    0.018662    0.018787    0.061258    0.116622 ^ clkbuf_1_0__f_sclk/X (sg13g2_buf_16)
                                                         clknet_1_0__leaf_sclk (net)
                      0.018788    0.000158    0.116780 ^ _244_/CLK (sg13g2_dfrbpq_1)
     4    0.020258    0.089546    0.212333    0.329112 ^ _244_/Q (sg13g2_dfrbpq_1)
                                                         data_word[2] (net)
                      0.089546    0.000153    0.329266 ^ _123_/A0 (sg13g2_mux2_1)
     1    0.001804    0.030155    0.112061    0.441326 ^ _123_/X (sg13g2_mux2_1)
                                                         _038_ (net)
                      0.030155    0.000012    0.441339 ^ _244_/D (sg13g2_dfrbpq_1)
                                              0.441339   data arrival time

                                 10.000000   10.000000   clock sclk (rise edge)
                                  0.000000   10.000000   clock source latency
     1    0.019425    0.000000    0.000000   10.000000 ^ sclk (in)
                                                         sclk (net)
                      0.000499    0.000250   10.000250 ^ clkbuf_0_sclk/A (sg13g2_buf_16)
     2    0.038801    0.022348    0.054563   10.054812 ^ clkbuf_0_sclk/X (sg13g2_buf_16)
                                                         clknet_0_sclk (net)
                      0.022352    0.000552   10.055364 ^ clkbuf_1_0__f_sclk/A (sg13g2_buf_16)
     5    0.018662    0.018787    0.061259   10.116623 ^ clkbuf_1_0__f_sclk/X (sg13g2_buf_16)
                                                         clknet_1_0__leaf_sclk (net)
                      0.018788    0.000157   10.116779 ^ _244_/CLK (sg13g2_dfrbpq_1)
                                  0.000000   10.116779   clock reconvergence pessimism
                                 -0.116208   10.000572   library setup time
                                             10.000572   data required time
---------------------------------------------------------------------------------------------
                                             10.000572   data required time
                                             -0.441339   data arrival time
---------------------------------------------------------------------------------------------
                                              9.559234   slack (MET)


Startpoint: _244_ (rising edge-triggered flip-flop clocked by sclk)
Endpoint: _245_ (rising edge-triggered flip-flop clocked by sclk)
Path Group: sclk
Path Type: max

Fanout         Cap        Slew       Delay        Time   Description
---------------------------------------------------------------------------------------------
                                  0.000000    0.000000   clock sclk (rise edge)
                                  0.000000    0.000000   clock source latency
     1    0.019425    0.000000    0.000000    0.000000 ^ sclk (in)
                                                         sclk (net)
                      0.000499    0.000250    0.000250 ^ clkbuf_0_sclk/A (sg13g2_buf_16)
     2    0.038801    0.022348    0.054562    0.054812 ^ clkbuf_0_sclk/X (sg13g2_buf_16)
                                                         clknet_0_sclk (net)
                      0.022352    0.000552    0.055364 ^ clkbuf_1_0__f_sclk/A (sg13g2_buf_16)
     5    0.018662    0.018787    0.061258    0.116622 ^ clkbuf_1_0__f_sclk/X (sg13g2_buf_16)
                                                         clknet_1_0__leaf_sclk (net)
                      0.018788    0.000158    0.116780 ^ _244_/CLK (sg13g2_dfrbpq_1)
     4    0.019948    0.068912    0.200575    0.317355 v _244_/Q (sg13g2_dfrbpq_1)
                                                         data_word[2] (net)
                      0.068912    0.000176    0.317530 v _122_/A1 (sg13g2_mux2_1)
     1    0.001957    0.033285    0.120650    0.438181 v _122_/X (sg13g2_mux2_1)
                                                         _039_ (net)
                      0.033285    0.000015    0.438196 v _245_/D (sg13g2_dfrbpq_1)
                                              0.438196   data arrival time

                                 10.000000   10.000000   clock sclk (rise edge)
                                  0.000000   10.000000   clock source latency
     1    0.019425    0.000000    0.000000   10.000000 ^ sclk (in)
                                                         sclk (net)
                      0.000499    0.000250   10.000250 ^ clkbuf_0_sclk/A (sg13g2_buf_16)
     2    0.038801    0.022348    0.054563   10.054812 ^ clkbuf_0_sclk/X (sg13g2_buf_16)
                                                         clknet_0_sclk (net)
                      0.022352    0.000552   10.055364 ^ clkbuf_1_0__f_sclk/A (sg13g2_buf_16)
     5    0.018662    0.018787    0.061259   10.116623 ^ clkbuf_1_0__f_sclk/X (sg13g2_buf_16)
                                                         clknet_1_0__leaf_sclk (net)
                      0.018788    0.000155   10.116777 ^ _245_/CLK (sg13g2_dfrbpq_1)
                                  0.000000   10.116777   clock reconvergence pessimism
                                 -0.117720    9.999057   library setup time
                                              9.999057   data required time
---------------------------------------------------------------------------------------------
                                              9.999057   data required time
                                             -0.438196   data arrival time
---------------------------------------------------------------------------------------------
                                              9.560862   slack (MET)


Startpoint: _243_ (rising edge-triggered flip-flop clocked by sclk)
Endpoint: _243_ (rising edge-triggered flip-flop clocked by sclk)
Path Group: sclk
Path Type: max

Fanout         Cap        Slew       Delay        Time   Description
---------------------------------------------------------------------------------------------
                                  0.000000    0.000000   clock sclk (rise edge)
                                  0.000000    0.000000   clock source latency
     1    0.019425    0.000000    0.000000    0.000000 ^ sclk (in)
                                                         sclk (net)
                      0.000499    0.000250    0.000250 ^ clkbuf_0_sclk/A (sg13g2_buf_16)
     2    0.038801    0.022348    0.054562    0.054812 ^ clkbuf_0_sclk/X (sg13g2_buf_16)
                                                         clknet_0_sclk (net)
                      0.022352    0.000552    0.055364 ^ clkbuf_1_0__f_sclk/A (sg13g2_buf_16)
     5    0.018662    0.018787    0.061258    0.116622 ^ clkbuf_1_0__f_sclk/X (sg13g2_buf_16)
                                                         clknet_1_0__leaf_sclk (net)
                      0.018788    0.000208    0.116830 ^ _243_/CLK (sg13g2_dfrbpq_1)
     4    0.019704    0.087393    0.210740    0.327570 ^ _243_/Q (sg13g2_dfrbpq_1)
                                                         data_word[1] (net)
                      0.087393    0.000135    0.327705 ^ _124_/A0 (sg13g2_mux2_1)
     1    0.002006    0.030541    0.111725    0.439429 ^ _124_/X (sg13g2_mux2_1)
                                                         _037_ (net)
                      0.030541    0.000016    0.439445 ^ _243_/D (sg13g2_dfrbpq_1)
                                              0.439445   data arrival time

                                 10.000000   10.000000   clock sclk (rise edge)
                                  0.000000   10.000000   clock source latency
     1    0.019425    0.000000    0.000000   10.000000 ^ sclk (in)
                                                         sclk (net)
                      0.000499    0.000250   10.000250 ^ clkbuf_0_sclk/A (sg13g2_buf_16)
     2    0.038801    0.022348    0.054563   10.054812 ^ clkbuf_0_sclk/X (sg13g2_buf_16)
                                                         clknet_0_sclk (net)
                      0.022352    0.000552   10.055364 ^ clkbuf_1_0__f_sclk/A (sg13g2_buf_16)
     5    0.018662    0.018787    0.061259   10.116623 ^ clkbuf_1_0__f_sclk/X (sg13g2_buf_16)
                                                         clknet_1_0__leaf_sclk (net)
                      0.018788    0.000208   10.116830 ^ _243_/CLK (sg13g2_dfrbpq_1)
                                  0.000000   10.116830   clock reconvergence pessimism
                                 -0.116333   10.000497   library setup time
                                             10.000497   data required time
---------------------------------------------------------------------------------------------
                                             10.000497   data required time
                                             -0.439445   data arrival time
---------------------------------------------------------------------------------------------
                                              9.561051   slack (MET)


Startpoint: _245_ (rising edge-triggered flip-flop clocked by sclk)
Endpoint: _246_ (rising edge-triggered flip-flop clocked by sclk)
Path Group: sclk
Path Type: max

Fanout         Cap        Slew       Delay        Time   Description
---------------------------------------------------------------------------------------------
                                  0.000000    0.000000   clock sclk (rise edge)
                                  0.000000    0.000000   clock source latency
     1    0.019425    0.000000    0.000000    0.000000 ^ sclk (in)
                                                         sclk (net)
                      0.000499    0.000250    0.000250 ^ clkbuf_0_sclk/A (sg13g2_buf_16)
     2    0.038801    0.022348    0.054562    0.054812 ^ clkbuf_0_sclk/X (sg13g2_buf_16)
                                                         clknet_0_sclk (net)
                      0.022352    0.000552    0.055364 ^ clkbuf_1_0__f_sclk/A (sg13g2_buf_16)
     5    0.018662    0.018787    0.061258    0.116622 ^ clkbuf_1_0__f_sclk/X (sg13g2_buf_16)
                                                         clknet_1_0__leaf_sclk (net)
                      0.018788    0.000155    0.116777 ^ _245_/CLK (sg13g2_dfrbpq_1)
     4    0.018322    0.064000    0.196670    0.313447 v _245_/Q (sg13g2_dfrbpq_1)
                                                         data_word[3] (net)
                      0.064000    0.000127    0.313574 v _121_/A1 (sg13g2_mux2_1)
     1    0.001957    0.033171    0.118652    0.432226 v _121_/X (sg13g2_mux2_1)
                                                         _040_ (net)
                      0.033171    0.000015    0.432241 v _246_/D (sg13g2_dfrbpq_1)
                                              0.432241   data arrival time

                                 10.000000   10.000000   clock sclk (rise edge)
                                  0.000000   10.000000   clock source latency
     1    0.019425    0.000000    0.000000   10.000000 ^ sclk (in)
                                                         sclk (net)
                      0.000499    0.000250   10.000250 ^ clkbuf_0_sclk/A (sg13g2_buf_16)
     2    0.038801    0.022348    0.054563   10.054812 ^ clkbuf_0_sclk/X (sg13g2_buf_16)
                                                         clknet_0_sclk (net)
                      0.022352    0.000552   10.055364 ^ clkbuf_1_0__f_sclk/A (sg13g2_buf_16)
     5    0.018662    0.018787    0.061259   10.116623 ^ clkbuf_1_0__f_sclk/X (sg13g2_buf_16)
                                                         clknet_1_0__leaf_sclk (net)
                      0.018788    0.000166   10.116789 ^ _246_/CLK (sg13g2_dfrbpq_1)
                                  0.000000   10.116789   clock reconvergence pessimism
                                 -0.117679    9.999109   library setup time
                                              9.999109   data required time
---------------------------------------------------------------------------------------------
                                              9.999109   data required time
                                             -0.432241   data arrival time
---------------------------------------------------------------------------------------------
                                              9.566869   slack (MET)


Startpoint: _248_ (rising edge-triggered flip-flop clocked by sclk)
Endpoint: _249_ (rising edge-triggered flip-flop clocked by sclk)
Path Group: sclk
Path Type: max

Fanout         Cap        Slew       Delay        Time   Description
---------------------------------------------------------------------------------------------
                                  0.000000    0.000000   clock sclk (rise edge)
                                  0.000000    0.000000   clock source latency
     1    0.019425    0.000000    0.000000    0.000000 ^ sclk (in)
                                                         sclk (net)
                      0.000499    0.000250    0.000250 ^ clkbuf_0_sclk/A (sg13g2_buf_16)
     2    0.038801    0.022348    0.054562    0.054812 ^ clkbuf_0_sclk/X (sg13g2_buf_16)
                                                         clknet_0_sclk (net)
                      0.022348    0.000435    0.055247 ^ clkbuf_1_1__f_sclk/A (sg13g2_buf_16)
     5    0.017849    0.018599    0.061098    0.116344 ^ clkbuf_1_1__f_sclk/X (sg13g2_buf_16)
                                                         clknet_1_1__leaf_sclk (net)
                      0.018599    0.000136    0.116480 ^ _248_/CLK (sg13g2_dfrbpq_1)
     4    0.017638    0.061935    0.194940    0.311420 v _248_/Q (sg13g2_dfrbpq_1)
                                                         data_word[6] (net)
                      0.061935    0.000139    0.311559 v _118_/A1 (sg13g2_mux2_1)
     1    0.002320    0.034042    0.119031    0.430590 v _118_/X (sg13g2_mux2_1)
                                                         _043_ (net)
                      0.034042    0.000023    0.430613 v _249_/D (sg13g2_dfrbpq_1)
                                              0.430613   data arrival time

                                 10.000000   10.000000   clock sclk (rise edge)
                                  0.000000   10.000000   clock source latency
     1    0.019425    0.000000    0.000000   10.000000 ^ sclk (in)
                                                         sclk (net)
                      0.000499    0.000250   10.000250 ^ clkbuf_0_sclk/A (sg13g2_buf_16)
     2    0.038801    0.022348    0.054563   10.054812 ^ clkbuf_0_sclk/X (sg13g2_buf_16)
                                                         clknet_0_sclk (net)
                      0.022348    0.000434   10.055246 ^ clkbuf_1_1__f_sclk/A (sg13g2_buf_16)
     5    0.017849    0.018599    0.061098   10.116344 ^ clkbuf_1_1__f_sclk/X (sg13g2_buf_16)
                                                         clknet_1_1__leaf_sclk (net)
                      0.018600    0.000207   10.116551 ^ _249_/CLK (sg13g2_dfrbpq_1)
                                  0.000000   10.116551   clock reconvergence pessimism
                                 -0.118041    9.998510   library setup time
                                              9.998510   data required time
---------------------------------------------------------------------------------------------
                                              9.998510   data required time
                                             -0.430613   data arrival time
---------------------------------------------------------------------------------------------
                                              9.567898   slack (MET)


Startpoint: _248_ (rising edge-triggered flip-flop clocked by sclk)
Endpoint: _248_ (rising edge-triggered flip-flop clocked by sclk)
Path Group: sclk
Path Type: max

Fanout         Cap        Slew       Delay        Time   Description
---------------------------------------------------------------------------------------------
                                  0.000000    0.000000   clock sclk (rise edge)
                                  0.000000    0.000000   clock source latency
     1    0.019425    0.000000    0.000000    0.000000 ^ sclk (in)
                                                         sclk (net)
                      0.000499    0.000250    0.000250 ^ clkbuf_0_sclk/A (sg13g2_buf_16)
     2    0.038801    0.022348    0.054562    0.054812 ^ clkbuf_0_sclk/X (sg13g2_buf_16)
                                                         clknet_0_sclk (net)
                      0.022348    0.000435    0.055247 ^ clkbuf_1_1__f_sclk/A (sg13g2_buf_16)
     5    0.017849    0.018599    0.061098    0.116344 ^ clkbuf_1_1__f_sclk/X (sg13g2_buf_16)
                                                         clknet_1_1__leaf_sclk (net)
                      0.018599    0.000136    0.116480 ^ _248_/CLK (sg13g2_dfrbpq_1)
     4    0.018028    0.080880    0.205842    0.322323 ^ _248_/Q (sg13g2_dfrbpq_1)
                                                         data_word[6] (net)
                      0.080880    0.000117    0.322440 ^ _119_/A0 (sg13g2_mux2_1)
     1    0.001856    0.029873    0.108339    0.430778 ^ _119_/X (sg13g2_mux2_1)
                                                         _042_ (net)
                      0.029873    0.000013    0.430792 ^ _248_/D (sg13g2_dfrbpq_1)
                                              0.430792   data arrival time

                                 10.000000   10.000000   clock sclk (rise edge)
                                  0.000000   10.000000   clock source latency
     1    0.019425    0.000000    0.000000   10.000000 ^ sclk (in)
                                                         sclk (net)
                      0.000499    0.000250   10.000250 ^ clkbuf_0_sclk/A (sg13g2_buf_16)
     2    0.038801    0.022348    0.054563   10.054812 ^ clkbuf_0_sclk/X (sg13g2_buf_16)
                                                         clknet_0_sclk (net)
                      0.022348    0.000434   10.055246 ^ clkbuf_1_1__f_sclk/A (sg13g2_buf_16)
     5    0.017849    0.018599    0.061098   10.116344 ^ clkbuf_1_1__f_sclk/X (sg13g2_buf_16)
                                                         clknet_1_1__leaf_sclk (net)
                      0.018599    0.000136   10.116481 ^ _248_/CLK (sg13g2_dfrbpq_1)
                                  0.000000   10.116481   clock reconvergence pessimism
                                 -0.116144   10.000337   library setup time
                                             10.000337   data required time
---------------------------------------------------------------------------------------------
                                             10.000337   data required time
                                             -0.430792   data arrival time
---------------------------------------------------------------------------------------------
                                              9.569546   slack (MET)


Startpoint: _242_ (rising edge-triggered flip-flop clocked by sclk)
Endpoint: _242_ (rising edge-triggered flip-flop clocked by sclk)
Path Group: sclk
Path Type: max

Fanout         Cap        Slew       Delay        Time   Description
---------------------------------------------------------------------------------------------
                                  0.000000    0.000000   clock sclk (rise edge)
                                  0.000000    0.000000   clock source latency
     1    0.019425    0.000000    0.000000    0.000000 ^ sclk (in)
                                                         sclk (net)
                      0.000499    0.000250    0.000250 ^ clkbuf_0_sclk/A (sg13g2_buf_16)
     2    0.038801    0.022348    0.054562    0.054812 ^ clkbuf_0_sclk/X (sg13g2_buf_16)
                                                         clknet_0_sclk (net)
                      0.022352    0.000552    0.055364 ^ clkbuf_1_0__f_sclk/A (sg13g2_buf_16)
     5    0.018662    0.018787    0.061258    0.116622 ^ clkbuf_1_0__f_sclk/X (sg13g2_buf_16)
                                                         clknet_1_0__leaf_sclk (net)
                      0.018788    0.000188    0.116810 ^ _242_/CLK (sg13g2_dfrbpq_1)
     4    0.017430    0.061314    0.194516    0.311326 v _242_/Q (sg13g2_dfrbpq_1)
                                                         data_word[0] (net)
                      0.061314    0.000129    0.311455 v _125_/A0 (sg13g2_mux2_1)
     1    0.001979    0.033015    0.117767    0.429222 v _125_/X (sg13g2_mux2_1)
                                                         _036_ (net)
                      0.033015    0.000016    0.429238 v _242_/D (sg13g2_dfrbpq_1)
                                              0.429238   data arrival time

                                 10.000000   10.000000   clock sclk (rise edge)
                                  0.000000   10.000000   clock source latency
     1    0.019425    0.000000    0.000000   10.000000 ^ sclk (in)
                                                         sclk (net)
                      0.000499    0.000250   10.000250 ^ clkbuf_0_sclk/A (sg13g2_buf_16)
     2    0.038801    0.022348    0.054563   10.054812 ^ clkbuf_0_sclk/X (sg13g2_buf_16)
                                                         clknet_0_sclk (net)
                      0.022352    0.000552   10.055364 ^ clkbuf_1_0__f_sclk/A (sg13g2_buf_16)
     5    0.018662    0.018787    0.061259   10.116623 ^ clkbuf_1_0__f_sclk/X (sg13g2_buf_16)
                                                         clknet_1_0__leaf_sclk (net)
                      0.018788    0.000188   10.116811 ^ _242_/CLK (sg13g2_dfrbpq_1)
                                  0.000000   10.116811   clock reconvergence pessimism
                                 -0.117623    9.999187   library setup time
                                              9.999187   data required time
---------------------------------------------------------------------------------------------
                                              9.999187   data required time
                                             -0.429238   data arrival time
---------------------------------------------------------------------------------------------
                                              9.569949   slack (MET)


Startpoint: _249_ (rising edge-triggered flip-flop clocked by sclk)
Endpoint: _250_ (rising edge-triggered flip-flop clocked by sclk)
Path Group: sclk
Path Type: max

Fanout         Cap        Slew       Delay        Time   Description
---------------------------------------------------------------------------------------------
                                  0.000000    0.000000   clock sclk (rise edge)
                                  0.000000    0.000000   clock source latency
     1    0.019425    0.000000    0.000000    0.000000 ^ sclk (in)
                                                         sclk (net)
                      0.000499    0.000250    0.000250 ^ clkbuf_0_sclk/A (sg13g2_buf_16)
     2    0.038801    0.022348    0.054562    0.054812 ^ clkbuf_0_sclk/X (sg13g2_buf_16)
                                                         clknet_0_sclk (net)
                      0.022348    0.000435    0.055247 ^ clkbuf_1_1__f_sclk/A (sg13g2_buf_16)
     5    0.017849    0.018599    0.061098    0.116344 ^ clkbuf_1_1__f_sclk/X (sg13g2_buf_16)
                                                         clknet_1_1__leaf_sclk (net)
                      0.018600    0.000207    0.116551 ^ _249_/CLK (sg13g2_dfrbpq_1)
     4    0.016617    0.058880    0.192447    0.308999 v _249_/Q (sg13g2_dfrbpq_1)
                                                         data_word[7] (net)
                      0.058880    0.000103    0.309102 v _117_/A1 (sg13g2_mux2_1)
     1    0.002320    0.033971    0.117787    0.426889 v _117_/X (sg13g2_mux2_1)
                                                         _044_ (net)
                      0.033971    0.000023    0.426912 v _250_/D (sg13g2_dfrbpq_1)
                                              0.426912   data arrival time

                                 10.000000   10.000000   clock sclk (rise edge)
                                  0.000000   10.000000   clock source latency
     1    0.019425    0.000000    0.000000   10.000000 ^ sclk (in)
                                                         sclk (net)
                      0.000499    0.000250   10.000250 ^ clkbuf_0_sclk/A (sg13g2_buf_16)
     2    0.038801    0.022348    0.054563   10.054812 ^ clkbuf_0_sclk/X (sg13g2_buf_16)
                                                         clknet_0_sclk (net)
                      0.022348    0.000434   10.055246 ^ clkbuf_1_1__f_sclk/A (sg13g2_buf_16)
     5    0.017849    0.018599    0.061098   10.116344 ^ clkbuf_1_1__f_sclk/X (sg13g2_buf_16)
                                                         clknet_1_1__leaf_sclk (net)
                      0.018600    0.000196   10.116541 ^ _250_/CLK (sg13g2_dfrbpq_1)
                                  0.000000   10.116541   clock reconvergence pessimism
                                 -0.118015    9.998525   library setup time
                                              9.998525   data required time
---------------------------------------------------------------------------------------------
                                              9.998525   data required time
                                             -0.426912   data arrival time
---------------------------------------------------------------------------------------------
                                              9.571613   slack (MET)


Startpoint: _246_ (rising edge-triggered flip-flop clocked by sclk)
Endpoint: _247_ (rising edge-triggered flip-flop clocked by sclk)
Path Group: sclk
Path Type: max

Fanout         Cap        Slew       Delay        Time   Description
---------------------------------------------------------------------------------------------
                                  0.000000    0.000000   clock sclk (rise edge)
                                  0.000000    0.000000   clock source latency
     1    0.019425    0.000000    0.000000    0.000000 ^ sclk (in)
                                                         sclk (net)
                      0.000499    0.000250    0.000250 ^ clkbuf_0_sclk/A (sg13g2_buf_16)
     2    0.038801    0.022348    0.054562    0.054812 ^ clkbuf_0_sclk/X (sg13g2_buf_16)
                                                         clknet_0_sclk (net)
                      0.022352    0.000552    0.055364 ^ clkbuf_1_0__f_sclk/A (sg13g2_buf_16)
     5    0.018662    0.018787    0.061258    0.116622 ^ clkbuf_1_0__f_sclk/X (sg13g2_buf_16)
                                                         clknet_1_0__leaf_sclk (net)
                      0.018788    0.000166    0.116788 ^ _246_/CLK (sg13g2_dfrbpq_1)
     4    0.017023    0.060094    0.193526    0.310314 v _246_/Q (sg13g2_dfrbpq_1)
                                                         data_word[4] (net)
                      0.060094    0.000153    0.310468 v _120_/A1 (sg13g2_mux2_1)
     1    0.001834    0.032763    0.116648    0.427116 v _120_/X (sg13g2_mux2_1)
                                                         _041_ (net)
                      0.032763    0.000013    0.427128 v _247_/D (sg13g2_dfrbpq_1)
                                              0.427128   data arrival time

                                 10.000000   10.000000   clock sclk (rise edge)
                                  0.000000   10.000000   clock source latency
     1    0.019425    0.000000    0.000000   10.000000 ^ sclk (in)
                                                         sclk (net)
                      0.000499    0.000250   10.000250 ^ clkbuf_0_sclk/A (sg13g2_buf_16)
     2    0.038801    0.022348    0.054563   10.054812 ^ clkbuf_0_sclk/X (sg13g2_buf_16)
                                                         clknet_0_sclk (net)
                      0.022348    0.000434   10.055246 ^ clkbuf_1_1__f_sclk/A (sg13g2_buf_16)
     5    0.017849    0.018599    0.061098   10.116344 ^ clkbuf_1_1__f_sclk/X (sg13g2_buf_16)
                                                         clknet_1_1__leaf_sclk (net)
                      0.018600    0.000151   10.116495 ^ _247_/CLK (sg13g2_dfrbpq_1)
                                  0.000000   10.116495   clock reconvergence pessimism
                                 -0.117581    9.998915   library setup time
                                              9.998915   data required time
---------------------------------------------------------------------------------------------
                                              9.998915   data required time
                                             -0.427128   data arrival time
---------------------------------------------------------------------------------------------
                                              9.571786   slack (MET)



